ARM GAS  C:\Users\tijsv\AppData\Local\Temp\cc8gsXF5.s 			page 1


   1              		.cpu cortex-m4
   2              		.eabi_attribute 27, 1
   3              		.eabi_attribute 28, 1
   4              		.eabi_attribute 20, 1
   5              		.eabi_attribute 21, 1
   6              		.eabi_attribute 23, 3
   7              		.eabi_attribute 24, 1
   8              		.eabi_attribute 25, 1
   9              		.eabi_attribute 26, 1
  10              		.eabi_attribute 30, 1
  11              		.eabi_attribute 34, 1
  12              		.eabi_attribute 18, 4
  13              		.file	"stm32l4xx_hal_spi_ex.c"
  14              		.text
  15              	.Ltext0:
  16              		.cfi_sections	.debug_frame
  17              		.section	.text.HAL_SPIEx_FlushRxFifo,"ax",%progbits
  18              		.align	1
  19              		.global	HAL_SPIEx_FlushRxFifo
  20              		.arch armv7e-m
  21              		.syntax unified
  22              		.thumb
  23              		.thumb_func
  24              		.fpu fpv4-sp-d16
  26              	HAL_SPIEx_FlushRxFifo:
  27              	.LVL0:
  28              	.LFB123:
  29              		.file 1 "../../../core/ST/STM32L4xx_HAL_Driver/Src/stm32l4xx_hal_spi_ex.c"
   1:../../../core/ST/STM32L4xx_HAL_Driver/Src/stm32l4xx_hal_spi_ex.c **** /**
   2:../../../core/ST/STM32L4xx_HAL_Driver/Src/stm32l4xx_hal_spi_ex.c ****   ******************************************************************************
   3:../../../core/ST/STM32L4xx_HAL_Driver/Src/stm32l4xx_hal_spi_ex.c ****   * @file    stm32l4xx_hal_spi_ex.c
   4:../../../core/ST/STM32L4xx_HAL_Driver/Src/stm32l4xx_hal_spi_ex.c ****   * @author  MCD Application Team
   5:../../../core/ST/STM32L4xx_HAL_Driver/Src/stm32l4xx_hal_spi_ex.c ****   * @brief   Extended SPI HAL module driver.
   6:../../../core/ST/STM32L4xx_HAL_Driver/Src/stm32l4xx_hal_spi_ex.c ****   *          This file provides firmware functions to manage the following
   7:../../../core/ST/STM32L4xx_HAL_Driver/Src/stm32l4xx_hal_spi_ex.c ****   *          SPI peripheral extended functionalities :
   8:../../../core/ST/STM32L4xx_HAL_Driver/Src/stm32l4xx_hal_spi_ex.c ****   *           + IO operation functions
   9:../../../core/ST/STM32L4xx_HAL_Driver/Src/stm32l4xx_hal_spi_ex.c ****   *
  10:../../../core/ST/STM32L4xx_HAL_Driver/Src/stm32l4xx_hal_spi_ex.c ****   ******************************************************************************
  11:../../../core/ST/STM32L4xx_HAL_Driver/Src/stm32l4xx_hal_spi_ex.c ****   * @attention
  12:../../../core/ST/STM32L4xx_HAL_Driver/Src/stm32l4xx_hal_spi_ex.c ****   *
  13:../../../core/ST/STM32L4xx_HAL_Driver/Src/stm32l4xx_hal_spi_ex.c ****   * <h2><center>&copy; COPYRIGHT(c) 2017 STMicroelectronics</center></h2>
  14:../../../core/ST/STM32L4xx_HAL_Driver/Src/stm32l4xx_hal_spi_ex.c ****   *
  15:../../../core/ST/STM32L4xx_HAL_Driver/Src/stm32l4xx_hal_spi_ex.c ****   * Redistribution and use in source and binary forms, with or without modification,
  16:../../../core/ST/STM32L4xx_HAL_Driver/Src/stm32l4xx_hal_spi_ex.c ****   * are permitted provided that the following conditions are met:
  17:../../../core/ST/STM32L4xx_HAL_Driver/Src/stm32l4xx_hal_spi_ex.c ****   *   1. Redistributions of source code must retain the above copyright notice,
  18:../../../core/ST/STM32L4xx_HAL_Driver/Src/stm32l4xx_hal_spi_ex.c ****   *      this list of conditions and the following disclaimer.
  19:../../../core/ST/STM32L4xx_HAL_Driver/Src/stm32l4xx_hal_spi_ex.c ****   *   2. Redistributions in binary form must reproduce the above copyright notice,
  20:../../../core/ST/STM32L4xx_HAL_Driver/Src/stm32l4xx_hal_spi_ex.c ****   *      this list of conditions and the following disclaimer in the documentation
  21:../../../core/ST/STM32L4xx_HAL_Driver/Src/stm32l4xx_hal_spi_ex.c ****   *      and/or other materials provided with the distribution.
  22:../../../core/ST/STM32L4xx_HAL_Driver/Src/stm32l4xx_hal_spi_ex.c ****   *   3. Neither the name of STMicroelectronics nor the names of its contributors
  23:../../../core/ST/STM32L4xx_HAL_Driver/Src/stm32l4xx_hal_spi_ex.c ****   *      may be used to endorse or promote products derived from this software
  24:../../../core/ST/STM32L4xx_HAL_Driver/Src/stm32l4xx_hal_spi_ex.c ****   *      without specific prior written permission.
  25:../../../core/ST/STM32L4xx_HAL_Driver/Src/stm32l4xx_hal_spi_ex.c ****   *
  26:../../../core/ST/STM32L4xx_HAL_Driver/Src/stm32l4xx_hal_spi_ex.c ****   * THIS SOFTWARE IS PROVIDED BY THE COPYRIGHT HOLDERS AND CONTRIBUTORS "AS IS"
  27:../../../core/ST/STM32L4xx_HAL_Driver/Src/stm32l4xx_hal_spi_ex.c ****   * AND ANY EXPRESS OR IMPLIED WARRANTIES, INCLUDING, BUT NOT LIMITED TO, THE
  28:../../../core/ST/STM32L4xx_HAL_Driver/Src/stm32l4xx_hal_spi_ex.c ****   * IMPLIED WARRANTIES OF MERCHANTABILITY AND FITNESS FOR A PARTICULAR PURPOSE ARE
  29:../../../core/ST/STM32L4xx_HAL_Driver/Src/stm32l4xx_hal_spi_ex.c ****   * DISCLAIMED. IN NO EVENT SHALL THE COPYRIGHT HOLDER OR CONTRIBUTORS BE LIABLE
ARM GAS  C:\Users\tijsv\AppData\Local\Temp\cc8gsXF5.s 			page 2


  30:../../../core/ST/STM32L4xx_HAL_Driver/Src/stm32l4xx_hal_spi_ex.c ****   * FOR ANY DIRECT, INDIRECT, INCIDENTAL, SPECIAL, EXEMPLARY, OR CONSEQUENTIAL
  31:../../../core/ST/STM32L4xx_HAL_Driver/Src/stm32l4xx_hal_spi_ex.c ****   * DAMAGES (INCLUDING, BUT NOT LIMITED TO, PROCUREMENT OF SUBSTITUTE GOODS OR
  32:../../../core/ST/STM32L4xx_HAL_Driver/Src/stm32l4xx_hal_spi_ex.c ****   * SERVICES; LOSS OF USE, DATA, OR PROFITS; OR BUSINESS INTERRUPTION) HOWEVER
  33:../../../core/ST/STM32L4xx_HAL_Driver/Src/stm32l4xx_hal_spi_ex.c ****   * CAUSED AND ON ANY THEORY OF LIABILITY, WHETHER IN CONTRACT, STRICT LIABILITY,
  34:../../../core/ST/STM32L4xx_HAL_Driver/Src/stm32l4xx_hal_spi_ex.c ****   * OR TORT (INCLUDING NEGLIGENCE OR OTHERWISE) ARISING IN ANY WAY OUT OF THE USE
  35:../../../core/ST/STM32L4xx_HAL_Driver/Src/stm32l4xx_hal_spi_ex.c ****   * OF THIS SOFTWARE, EVEN IF ADVISED OF THE POSSIBILITY OF SUCH DAMAGE.
  36:../../../core/ST/STM32L4xx_HAL_Driver/Src/stm32l4xx_hal_spi_ex.c ****   *
  37:../../../core/ST/STM32L4xx_HAL_Driver/Src/stm32l4xx_hal_spi_ex.c ****   ******************************************************************************
  38:../../../core/ST/STM32L4xx_HAL_Driver/Src/stm32l4xx_hal_spi_ex.c ****   */
  39:../../../core/ST/STM32L4xx_HAL_Driver/Src/stm32l4xx_hal_spi_ex.c **** 
  40:../../../core/ST/STM32L4xx_HAL_Driver/Src/stm32l4xx_hal_spi_ex.c **** /* Includes ------------------------------------------------------------------*/
  41:../../../core/ST/STM32L4xx_HAL_Driver/Src/stm32l4xx_hal_spi_ex.c **** #include "stm32l4xx_hal.h"
  42:../../../core/ST/STM32L4xx_HAL_Driver/Src/stm32l4xx_hal_spi_ex.c **** 
  43:../../../core/ST/STM32L4xx_HAL_Driver/Src/stm32l4xx_hal_spi_ex.c **** /** @addtogroup STM32L4xx_HAL_Driver
  44:../../../core/ST/STM32L4xx_HAL_Driver/Src/stm32l4xx_hal_spi_ex.c ****   * @{
  45:../../../core/ST/STM32L4xx_HAL_Driver/Src/stm32l4xx_hal_spi_ex.c ****   */
  46:../../../core/ST/STM32L4xx_HAL_Driver/Src/stm32l4xx_hal_spi_ex.c **** 
  47:../../../core/ST/STM32L4xx_HAL_Driver/Src/stm32l4xx_hal_spi_ex.c **** /** @defgroup SPIEx SPIEx
  48:../../../core/ST/STM32L4xx_HAL_Driver/Src/stm32l4xx_hal_spi_ex.c ****   * @brief SPI Extended HAL module driver
  49:../../../core/ST/STM32L4xx_HAL_Driver/Src/stm32l4xx_hal_spi_ex.c ****   * @{
  50:../../../core/ST/STM32L4xx_HAL_Driver/Src/stm32l4xx_hal_spi_ex.c ****   */
  51:../../../core/ST/STM32L4xx_HAL_Driver/Src/stm32l4xx_hal_spi_ex.c **** #ifdef HAL_SPI_MODULE_ENABLED
  52:../../../core/ST/STM32L4xx_HAL_Driver/Src/stm32l4xx_hal_spi_ex.c **** 
  53:../../../core/ST/STM32L4xx_HAL_Driver/Src/stm32l4xx_hal_spi_ex.c **** /* Private typedef -----------------------------------------------------------*/
  54:../../../core/ST/STM32L4xx_HAL_Driver/Src/stm32l4xx_hal_spi_ex.c **** /* Private defines -----------------------------------------------------------*/
  55:../../../core/ST/STM32L4xx_HAL_Driver/Src/stm32l4xx_hal_spi_ex.c **** /** @defgroup SPIEx_Private_Constants SPIEx Private Constants
  56:../../../core/ST/STM32L4xx_HAL_Driver/Src/stm32l4xx_hal_spi_ex.c ****   * @{
  57:../../../core/ST/STM32L4xx_HAL_Driver/Src/stm32l4xx_hal_spi_ex.c ****   */
  58:../../../core/ST/STM32L4xx_HAL_Driver/Src/stm32l4xx_hal_spi_ex.c **** #define SPI_FIFO_SIZE       4UL
  59:../../../core/ST/STM32L4xx_HAL_Driver/Src/stm32l4xx_hal_spi_ex.c **** /**
  60:../../../core/ST/STM32L4xx_HAL_Driver/Src/stm32l4xx_hal_spi_ex.c ****   * @}
  61:../../../core/ST/STM32L4xx_HAL_Driver/Src/stm32l4xx_hal_spi_ex.c ****   */
  62:../../../core/ST/STM32L4xx_HAL_Driver/Src/stm32l4xx_hal_spi_ex.c **** 
  63:../../../core/ST/STM32L4xx_HAL_Driver/Src/stm32l4xx_hal_spi_ex.c **** /* Private macros ------------------------------------------------------------*/
  64:../../../core/ST/STM32L4xx_HAL_Driver/Src/stm32l4xx_hal_spi_ex.c **** /* Private variables ---------------------------------------------------------*/
  65:../../../core/ST/STM32L4xx_HAL_Driver/Src/stm32l4xx_hal_spi_ex.c **** /* Private function prototypes -----------------------------------------------*/
  66:../../../core/ST/STM32L4xx_HAL_Driver/Src/stm32l4xx_hal_spi_ex.c **** /* Exported functions --------------------------------------------------------*/
  67:../../../core/ST/STM32L4xx_HAL_Driver/Src/stm32l4xx_hal_spi_ex.c **** 
  68:../../../core/ST/STM32L4xx_HAL_Driver/Src/stm32l4xx_hal_spi_ex.c **** /** @defgroup SPIEx_Exported_Functions SPIEx Exported Functions
  69:../../../core/ST/STM32L4xx_HAL_Driver/Src/stm32l4xx_hal_spi_ex.c ****   * @{
  70:../../../core/ST/STM32L4xx_HAL_Driver/Src/stm32l4xx_hal_spi_ex.c ****   */
  71:../../../core/ST/STM32L4xx_HAL_Driver/Src/stm32l4xx_hal_spi_ex.c **** 
  72:../../../core/ST/STM32L4xx_HAL_Driver/Src/stm32l4xx_hal_spi_ex.c **** /** @defgroup SPIEx_Exported_Functions_Group1 IO operation functions
  73:../../../core/ST/STM32L4xx_HAL_Driver/Src/stm32l4xx_hal_spi_ex.c ****   *  @brief   Data transfers functions
  74:../../../core/ST/STM32L4xx_HAL_Driver/Src/stm32l4xx_hal_spi_ex.c ****   *
  75:../../../core/ST/STM32L4xx_HAL_Driver/Src/stm32l4xx_hal_spi_ex.c **** @verbatim
  76:../../../core/ST/STM32L4xx_HAL_Driver/Src/stm32l4xx_hal_spi_ex.c ****   ==============================================================================
  77:../../../core/ST/STM32L4xx_HAL_Driver/Src/stm32l4xx_hal_spi_ex.c ****                       ##### IO operation functions #####
  78:../../../core/ST/STM32L4xx_HAL_Driver/Src/stm32l4xx_hal_spi_ex.c ****  ===============================================================================
  79:../../../core/ST/STM32L4xx_HAL_Driver/Src/stm32l4xx_hal_spi_ex.c ****  [..]
  80:../../../core/ST/STM32L4xx_HAL_Driver/Src/stm32l4xx_hal_spi_ex.c ****     This subsection provides a set of extended functions to manage the SPI
  81:../../../core/ST/STM32L4xx_HAL_Driver/Src/stm32l4xx_hal_spi_ex.c ****     data transfers.
  82:../../../core/ST/STM32L4xx_HAL_Driver/Src/stm32l4xx_hal_spi_ex.c **** 
  83:../../../core/ST/STM32L4xx_HAL_Driver/Src/stm32l4xx_hal_spi_ex.c ****     (#) Rx data flush function:
  84:../../../core/ST/STM32L4xx_HAL_Driver/Src/stm32l4xx_hal_spi_ex.c ****         (++) HAL_SPIEx_FlushRxFifo()
  85:../../../core/ST/STM32L4xx_HAL_Driver/Src/stm32l4xx_hal_spi_ex.c **** 
  86:../../../core/ST/STM32L4xx_HAL_Driver/Src/stm32l4xx_hal_spi_ex.c **** @endverbatim
ARM GAS  C:\Users\tijsv\AppData\Local\Temp\cc8gsXF5.s 			page 3


  87:../../../core/ST/STM32L4xx_HAL_Driver/Src/stm32l4xx_hal_spi_ex.c ****   * @{
  88:../../../core/ST/STM32L4xx_HAL_Driver/Src/stm32l4xx_hal_spi_ex.c ****   */
  89:../../../core/ST/STM32L4xx_HAL_Driver/Src/stm32l4xx_hal_spi_ex.c **** 
  90:../../../core/ST/STM32L4xx_HAL_Driver/Src/stm32l4xx_hal_spi_ex.c **** /**
  91:../../../core/ST/STM32L4xx_HAL_Driver/Src/stm32l4xx_hal_spi_ex.c ****   * @brief  Flush the RX fifo.
  92:../../../core/ST/STM32L4xx_HAL_Driver/Src/stm32l4xx_hal_spi_ex.c ****   * @param  hspi pointer to a SPI_HandleTypeDef structure that contains
  93:../../../core/ST/STM32L4xx_HAL_Driver/Src/stm32l4xx_hal_spi_ex.c ****   *               the configuration information for the specified SPI module.
  94:../../../core/ST/STM32L4xx_HAL_Driver/Src/stm32l4xx_hal_spi_ex.c ****   * @retval HAL status
  95:../../../core/ST/STM32L4xx_HAL_Driver/Src/stm32l4xx_hal_spi_ex.c ****   */
  96:../../../core/ST/STM32L4xx_HAL_Driver/Src/stm32l4xx_hal_spi_ex.c **** HAL_StatusTypeDef HAL_SPIEx_FlushRxFifo(SPI_HandleTypeDef *hspi)
  97:../../../core/ST/STM32L4xx_HAL_Driver/Src/stm32l4xx_hal_spi_ex.c **** {
  30              		.loc 1 97 1 view -0
  31              		.cfi_startproc
  32              		@ args = 0, pretend = 0, frame = 8
  33              		@ frame_needed = 0, uses_anonymous_args = 0
  34              		@ link register save eliminated.
  98:../../../core/ST/STM32L4xx_HAL_Driver/Src/stm32l4xx_hal_spi_ex.c ****   __IO uint32_t tmpreg;
  35              		.loc 1 98 3 view .LVU1
  99:../../../core/ST/STM32L4xx_HAL_Driver/Src/stm32l4xx_hal_spi_ex.c ****   uint8_t  count = 0U;
  36              		.loc 1 99 3 view .LVU2
 100:../../../core/ST/STM32L4xx_HAL_Driver/Src/stm32l4xx_hal_spi_ex.c ****   while ((hspi->Instance->SR & SPI_FLAG_FRLVL) !=  SPI_FRLVL_EMPTY)
  37              		.loc 1 100 3 view .LVU3
  99:../../../core/ST/STM32L4xx_HAL_Driver/Src/stm32l4xx_hal_spi_ex.c ****   uint8_t  count = 0U;
  38              		.loc 1 99 12 is_stmt 0 view .LVU4
  39 0000 0023     		movs	r3, #0
  40              	.LVL1:
  41              		.loc 1 100 9 is_stmt 1 view .LVU5
  42              		.loc 1 100 15 is_stmt 0 view .LVU6
  43 0002 0268     		ldr	r2, [r0]
  44              		.loc 1 100 25 view .LVU7
  45 0004 9168     		ldr	r1, [r2, #8]
  46              		.loc 1 100 9 view .LVU8
  47 0006 11F4C06F 		tst	r1, #1536
  48 000a 12D0     		beq	.L10
  97:../../../core/ST/STM32L4xx_HAL_Driver/Src/stm32l4xx_hal_spi_ex.c ****   __IO uint32_t tmpreg;
  49              		.loc 1 97 1 view .LVU9
  50 000c 82B0     		sub	sp, sp, #8
  51              	.LCFI0:
  52              		.cfi_def_cfa_offset 8
  53 000e 04E0     		b	.L4
  54              	.L12:
  55              		.loc 1 100 9 is_stmt 1 view .LVU10
  56              		.loc 1 100 15 is_stmt 0 view .LVU11
  57 0010 0268     		ldr	r2, [r0]
  58              		.loc 1 100 25 view .LVU12
  59 0012 9168     		ldr	r1, [r2, #8]
  60              		.loc 1 100 9 view .LVU13
  61 0014 11F4C06F 		tst	r1, #1536
  62 0018 09D0     		beq	.L11
  63              	.L4:
 101:../../../core/ST/STM32L4xx_HAL_Driver/Src/stm32l4xx_hal_spi_ex.c ****   {
 102:../../../core/ST/STM32L4xx_HAL_Driver/Src/stm32l4xx_hal_spi_ex.c ****     count++;
  64              		.loc 1 102 5 is_stmt 1 view .LVU14
  65              		.loc 1 102 10 is_stmt 0 view .LVU15
  66 001a 0133     		adds	r3, r3, #1
  67              	.LVL2:
  68              		.loc 1 102 10 view .LVU16
ARM GAS  C:\Users\tijsv\AppData\Local\Temp\cc8gsXF5.s 			page 4


  69 001c DBB2     		uxtb	r3, r3
  70              	.LVL3:
 103:../../../core/ST/STM32L4xx_HAL_Driver/Src/stm32l4xx_hal_spi_ex.c ****     tmpreg = hspi->Instance->DR;
  71              		.loc 1 103 5 is_stmt 1 view .LVU17
  72              		.loc 1 103 28 is_stmt 0 view .LVU18
  73 001e D268     		ldr	r2, [r2, #12]
  74              		.loc 1 103 12 view .LVU19
  75 0020 0192     		str	r2, [sp, #4]
 104:../../../core/ST/STM32L4xx_HAL_Driver/Src/stm32l4xx_hal_spi_ex.c ****     UNUSED(tmpreg); /* To avoid GCC warning */
  76              		.loc 1 104 5 is_stmt 1 view .LVU20
  77 0022 019A     		ldr	r2, [sp, #4]
 105:../../../core/ST/STM32L4xx_HAL_Driver/Src/stm32l4xx_hal_spi_ex.c ****     if (count == SPI_FIFO_SIZE)
  78              		.loc 1 105 5 view .LVU21
  79              		.loc 1 105 8 is_stmt 0 view .LVU22
  80 0024 042B     		cmp	r3, #4
  81 0026 F3D1     		bne	.L12
 106:../../../core/ST/STM32L4xx_HAL_Driver/Src/stm32l4xx_hal_spi_ex.c ****     {
 107:../../../core/ST/STM32L4xx_HAL_Driver/Src/stm32l4xx_hal_spi_ex.c ****       return HAL_TIMEOUT;
  82              		.loc 1 107 14 view .LVU23
  83 0028 0320     		movs	r0, #3
  84              	.LVL4:
  85              	.L3:
 108:../../../core/ST/STM32L4xx_HAL_Driver/Src/stm32l4xx_hal_spi_ex.c ****     }
 109:../../../core/ST/STM32L4xx_HAL_Driver/Src/stm32l4xx_hal_spi_ex.c ****   }
 110:../../../core/ST/STM32L4xx_HAL_Driver/Src/stm32l4xx_hal_spi_ex.c ****   return HAL_OK;
 111:../../../core/ST/STM32L4xx_HAL_Driver/Src/stm32l4xx_hal_spi_ex.c **** }
  86              		.loc 1 111 1 view .LVU24
  87 002a 02B0     		add	sp, sp, #8
  88              	.LCFI1:
  89              		.cfi_remember_state
  90              		.cfi_def_cfa_offset 0
  91              		@ sp needed
  92 002c 7047     		bx	lr
  93              	.LVL5:
  94              	.L11:
  95              	.LCFI2:
  96              		.cfi_restore_state
 110:../../../core/ST/STM32L4xx_HAL_Driver/Src/stm32l4xx_hal_spi_ex.c **** }
  97              		.loc 1 110 10 view .LVU25
  98 002e 0020     		movs	r0, #0
  99              	.LVL6:
 110:../../../core/ST/STM32L4xx_HAL_Driver/Src/stm32l4xx_hal_spi_ex.c **** }
 100              		.loc 1 110 10 view .LVU26
 101 0030 FBE7     		b	.L3
 102              	.LVL7:
 103              	.L10:
 104              	.LCFI3:
 105              		.cfi_def_cfa_offset 0
 110:../../../core/ST/STM32L4xx_HAL_Driver/Src/stm32l4xx_hal_spi_ex.c **** }
 106              		.loc 1 110 10 view .LVU27
 107 0032 0020     		movs	r0, #0
 108              	.LVL8:
 109              		.loc 1 111 1 view .LVU28
 110 0034 7047     		bx	lr
 111              		.cfi_endproc
 112              	.LFE123:
 114              		.text
ARM GAS  C:\Users\tijsv\AppData\Local\Temp\cc8gsXF5.s 			page 5


 115              	.Letext0:
 116              		.file 2 "c:\\program files (x86)\\gnu tools arm embedded\\9 2019-q4-major\\arm-none-eabi\\include\
 117              		.file 3 "c:\\program files (x86)\\gnu tools arm embedded\\9 2019-q4-major\\arm-none-eabi\\include\
 118              		.file 4 "../../../core/ST/CMSIS/Include/core_cm4.h"
 119              		.file 5 "../../../core/ST/CMSIS/Device/ST/STM32L4xx/Include/system_stm32l4xx.h"
 120              		.file 6 "../../../core/ST/CMSIS/Device/ST/STM32L4xx/Include/stm32l496xx.h"
 121              		.file 7 "../../../core/ST/STM32L4xx_HAL_Driver/Inc/stm32l4xx_hal_def.h"
 122              		.file 8 "../../../core/ST/STM32L4xx_HAL_Driver/Inc/stm32l4xx_hal_dma.h"
 123              		.file 9 "../../../core/ST/STM32L4xx_HAL_Driver/Inc/stm32l4xx_hal_spi.h"
 124              		.file 10 "../../../core/ST/STM32L4xx_HAL_Driver/Inc/stm32l4xx_hal.h"
ARM GAS  C:\Users\tijsv\AppData\Local\Temp\cc8gsXF5.s 			page 6


DEFINED SYMBOLS
                            *ABS*:00000000 stm32l4xx_hal_spi_ex.c
C:\Users\tijsv\AppData\Local\Temp\cc8gsXF5.s:18     .text.HAL_SPIEx_FlushRxFifo:00000000 $t
C:\Users\tijsv\AppData\Local\Temp\cc8gsXF5.s:26     .text.HAL_SPIEx_FlushRxFifo:00000000 HAL_SPIEx_FlushRxFifo

NO UNDEFINED SYMBOLS
