ARM GAS  C:\Users\tijsv\AppData\Local\Temp\ccSG7CHL.s 			page 1


   1              		.cpu cortex-m4
   2              		.eabi_attribute 27, 1
   3              		.eabi_attribute 28, 1
   4              		.eabi_attribute 20, 1
   5              		.eabi_attribute 21, 1
   6              		.eabi_attribute 23, 3
   7              		.eabi_attribute 24, 1
   8              		.eabi_attribute 25, 1
   9              		.eabi_attribute 26, 1
  10              		.eabi_attribute 30, 1
  11              		.eabi_attribute 34, 1
  12              		.eabi_attribute 18, 4
  13              		.file	"stm32l4xx_hal_i2c_ex.c"
  14              		.text
  15              	.Ltext0:
  16              		.cfi_sections	.debug_frame
  17              		.section	.rodata.HAL_I2CEx_ConfigAnalogFilter.str1.4,"aMS",%progbits,1
  18              		.align	2
  19              	.LC0:
  20 0000 2E2E2F2E 		.ascii	"../../../core/ST/STM32L4xx_HAL_Driver/Src/stm32l4xx"
  20      2E2F2E2E 
  20      2F636F72 
  20      652F5354 
  20      2F53544D 
  21 0033 5F68616C 		.ascii	"_hal_i2c_ex.c\000"
  21      5F693263 
  21      5F65782E 
  21      6300
  22              		.section	.text.HAL_I2CEx_ConfigAnalogFilter,"ax",%progbits
  23              		.align	1
  24              		.global	HAL_I2CEx_ConfigAnalogFilter
  25              		.arch armv7e-m
  26              		.syntax unified
  27              		.thumb
  28              		.thumb_func
  29              		.fpu fpv4-sp-d16
  31              	HAL_I2CEx_ConfigAnalogFilter:
  32              	.LVL0:
  33              	.LFB123:
  34              		.file 1 "../../../core/ST/STM32L4xx_HAL_Driver/Src/stm32l4xx_hal_i2c_ex.c"
   1:../../../core/ST/STM32L4xx_HAL_Driver/Src/stm32l4xx_hal_i2c_ex.c **** /**
   2:../../../core/ST/STM32L4xx_HAL_Driver/Src/stm32l4xx_hal_i2c_ex.c ****   ******************************************************************************
   3:../../../core/ST/STM32L4xx_HAL_Driver/Src/stm32l4xx_hal_i2c_ex.c ****   * @file    stm32l4xx_hal_i2c_ex.c
   4:../../../core/ST/STM32L4xx_HAL_Driver/Src/stm32l4xx_hal_i2c_ex.c ****   * @author  MCD Application Team
   5:../../../core/ST/STM32L4xx_HAL_Driver/Src/stm32l4xx_hal_i2c_ex.c ****   * @brief   I2C Extended HAL module driver.
   6:../../../core/ST/STM32L4xx_HAL_Driver/Src/stm32l4xx_hal_i2c_ex.c ****   *          This file provides firmware functions to manage the following
   7:../../../core/ST/STM32L4xx_HAL_Driver/Src/stm32l4xx_hal_i2c_ex.c ****   *          functionalities of I2C Extended peripheral:
   8:../../../core/ST/STM32L4xx_HAL_Driver/Src/stm32l4xx_hal_i2c_ex.c ****   *           + Extended features functions
   9:../../../core/ST/STM32L4xx_HAL_Driver/Src/stm32l4xx_hal_i2c_ex.c ****   *
  10:../../../core/ST/STM32L4xx_HAL_Driver/Src/stm32l4xx_hal_i2c_ex.c ****   @verbatim
  11:../../../core/ST/STM32L4xx_HAL_Driver/Src/stm32l4xx_hal_i2c_ex.c ****   ==============================================================================
  12:../../../core/ST/STM32L4xx_HAL_Driver/Src/stm32l4xx_hal_i2c_ex.c ****                ##### I2C peripheral Extended features  #####
  13:../../../core/ST/STM32L4xx_HAL_Driver/Src/stm32l4xx_hal_i2c_ex.c ****   ==============================================================================
  14:../../../core/ST/STM32L4xx_HAL_Driver/Src/stm32l4xx_hal_i2c_ex.c **** 
  15:../../../core/ST/STM32L4xx_HAL_Driver/Src/stm32l4xx_hal_i2c_ex.c ****   [..] Comparing to other previous devices, the I2C interface for STM32L4xx
  16:../../../core/ST/STM32L4xx_HAL_Driver/Src/stm32l4xx_hal_i2c_ex.c ****        devices contains the following additional features
  17:../../../core/ST/STM32L4xx_HAL_Driver/Src/stm32l4xx_hal_i2c_ex.c **** 
ARM GAS  C:\Users\tijsv\AppData\Local\Temp\ccSG7CHL.s 			page 2


  18:../../../core/ST/STM32L4xx_HAL_Driver/Src/stm32l4xx_hal_i2c_ex.c ****        (+) Possibility to disable or enable Analog Noise Filter
  19:../../../core/ST/STM32L4xx_HAL_Driver/Src/stm32l4xx_hal_i2c_ex.c ****        (+) Use of a configured Digital Noise Filter
  20:../../../core/ST/STM32L4xx_HAL_Driver/Src/stm32l4xx_hal_i2c_ex.c ****        (+) Disable or enable wakeup from Stop mode(s)
  21:../../../core/ST/STM32L4xx_HAL_Driver/Src/stm32l4xx_hal_i2c_ex.c ****        (+) Disable or enable Fast Mode Plus
  22:../../../core/ST/STM32L4xx_HAL_Driver/Src/stm32l4xx_hal_i2c_ex.c **** 
  23:../../../core/ST/STM32L4xx_HAL_Driver/Src/stm32l4xx_hal_i2c_ex.c ****                      ##### How to use this driver #####
  24:../../../core/ST/STM32L4xx_HAL_Driver/Src/stm32l4xx_hal_i2c_ex.c ****   ==============================================================================
  25:../../../core/ST/STM32L4xx_HAL_Driver/Src/stm32l4xx_hal_i2c_ex.c ****   [..] This driver provides functions to configure Noise Filter and Wake Up Feature
  26:../../../core/ST/STM32L4xx_HAL_Driver/Src/stm32l4xx_hal_i2c_ex.c ****     (#) Configure I2C Analog noise filter using the function HAL_I2CEx_ConfigAnalogFilter()
  27:../../../core/ST/STM32L4xx_HAL_Driver/Src/stm32l4xx_hal_i2c_ex.c ****     (#) Configure I2C Digital noise filter using the function HAL_I2CEx_ConfigDigitalFilter()
  28:../../../core/ST/STM32L4xx_HAL_Driver/Src/stm32l4xx_hal_i2c_ex.c ****     (#) Configure the enable or disable of I2C Wake Up Mode using the functions :
  29:../../../core/ST/STM32L4xx_HAL_Driver/Src/stm32l4xx_hal_i2c_ex.c ****           (++) HAL_I2CEx_EnableWakeUp()
  30:../../../core/ST/STM32L4xx_HAL_Driver/Src/stm32l4xx_hal_i2c_ex.c ****           (++) HAL_I2CEx_DisableWakeUp()
  31:../../../core/ST/STM32L4xx_HAL_Driver/Src/stm32l4xx_hal_i2c_ex.c ****     (#) Configure the enable or disable of fast mode plus driving capability using the functions :
  32:../../../core/ST/STM32L4xx_HAL_Driver/Src/stm32l4xx_hal_i2c_ex.c ****           (++) HAL_I2CEx_EnableFastModePlus()
  33:../../../core/ST/STM32L4xx_HAL_Driver/Src/stm32l4xx_hal_i2c_ex.c ****           (++) HAL_I2CEx_DisableFastModePlus()
  34:../../../core/ST/STM32L4xx_HAL_Driver/Src/stm32l4xx_hal_i2c_ex.c ****   @endverbatim
  35:../../../core/ST/STM32L4xx_HAL_Driver/Src/stm32l4xx_hal_i2c_ex.c ****   ******************************************************************************
  36:../../../core/ST/STM32L4xx_HAL_Driver/Src/stm32l4xx_hal_i2c_ex.c ****   * @attention
  37:../../../core/ST/STM32L4xx_HAL_Driver/Src/stm32l4xx_hal_i2c_ex.c ****   *
  38:../../../core/ST/STM32L4xx_HAL_Driver/Src/stm32l4xx_hal_i2c_ex.c ****   * <h2><center>&copy; COPYRIGHT(c) 2017 STMicroelectronics</center></h2>
  39:../../../core/ST/STM32L4xx_HAL_Driver/Src/stm32l4xx_hal_i2c_ex.c ****   *
  40:../../../core/ST/STM32L4xx_HAL_Driver/Src/stm32l4xx_hal_i2c_ex.c ****   * Redistribution and use in source and binary forms, with or without modification,
  41:../../../core/ST/STM32L4xx_HAL_Driver/Src/stm32l4xx_hal_i2c_ex.c ****   * are permitted provided that the following conditions are met:
  42:../../../core/ST/STM32L4xx_HAL_Driver/Src/stm32l4xx_hal_i2c_ex.c ****   *   1. Redistributions of source code must retain the above copyright notice,
  43:../../../core/ST/STM32L4xx_HAL_Driver/Src/stm32l4xx_hal_i2c_ex.c ****   *      this list of conditions and the following disclaimer.
  44:../../../core/ST/STM32L4xx_HAL_Driver/Src/stm32l4xx_hal_i2c_ex.c ****   *   2. Redistributions in binary form must reproduce the above copyright notice,
  45:../../../core/ST/STM32L4xx_HAL_Driver/Src/stm32l4xx_hal_i2c_ex.c ****   *      this list of conditions and the following disclaimer in the documentation
  46:../../../core/ST/STM32L4xx_HAL_Driver/Src/stm32l4xx_hal_i2c_ex.c ****   *      and/or other materials provided with the distribution.
  47:../../../core/ST/STM32L4xx_HAL_Driver/Src/stm32l4xx_hal_i2c_ex.c ****   *   3. Neither the name of STMicroelectronics nor the names of its contributors
  48:../../../core/ST/STM32L4xx_HAL_Driver/Src/stm32l4xx_hal_i2c_ex.c ****   *      may be used to endorse or promote products derived from this software
  49:../../../core/ST/STM32L4xx_HAL_Driver/Src/stm32l4xx_hal_i2c_ex.c ****   *      without specific prior written permission.
  50:../../../core/ST/STM32L4xx_HAL_Driver/Src/stm32l4xx_hal_i2c_ex.c ****   *
  51:../../../core/ST/STM32L4xx_HAL_Driver/Src/stm32l4xx_hal_i2c_ex.c ****   * THIS SOFTWARE IS PROVIDED BY THE COPYRIGHT HOLDERS AND CONTRIBUTORS "AS IS"
  52:../../../core/ST/STM32L4xx_HAL_Driver/Src/stm32l4xx_hal_i2c_ex.c ****   * AND ANY EXPRESS OR IMPLIED WARRANTIES, INCLUDING, BUT NOT LIMITED TO, THE
  53:../../../core/ST/STM32L4xx_HAL_Driver/Src/stm32l4xx_hal_i2c_ex.c ****   * IMPLIED WARRANTIES OF MERCHANTABILITY AND FITNESS FOR A PARTICULAR PURPOSE ARE
  54:../../../core/ST/STM32L4xx_HAL_Driver/Src/stm32l4xx_hal_i2c_ex.c ****   * DISCLAIMED. IN NO EVENT SHALL THE COPYRIGHT HOLDER OR CONTRIBUTORS BE LIABLE
  55:../../../core/ST/STM32L4xx_HAL_Driver/Src/stm32l4xx_hal_i2c_ex.c ****   * FOR ANY DIRECT, INDIRECT, INCIDENTAL, SPECIAL, EXEMPLARY, OR CONSEQUENTIAL
  56:../../../core/ST/STM32L4xx_HAL_Driver/Src/stm32l4xx_hal_i2c_ex.c ****   * DAMAGES (INCLUDING, BUT NOT LIMITED TO, PROCUREMENT OF SUBSTITUTE GOODS OR
  57:../../../core/ST/STM32L4xx_HAL_Driver/Src/stm32l4xx_hal_i2c_ex.c ****   * SERVICES; LOSS OF USE, DATA, OR PROFITS; OR BUSINESS INTERRUPTION) HOWEVER
  58:../../../core/ST/STM32L4xx_HAL_Driver/Src/stm32l4xx_hal_i2c_ex.c ****   * CAUSED AND ON ANY THEORY OF LIABILITY, WHETHER IN CONTRACT, STRICT LIABILITY,
  59:../../../core/ST/STM32L4xx_HAL_Driver/Src/stm32l4xx_hal_i2c_ex.c ****   * OR TORT (INCLUDING NEGLIGENCE OR OTHERWISE) ARISING IN ANY WAY OUT OF THE USE
  60:../../../core/ST/STM32L4xx_HAL_Driver/Src/stm32l4xx_hal_i2c_ex.c ****   * OF THIS SOFTWARE, EVEN IF ADVISED OF THE POSSIBILITY OF SUCH DAMAGE.
  61:../../../core/ST/STM32L4xx_HAL_Driver/Src/stm32l4xx_hal_i2c_ex.c ****   *
  62:../../../core/ST/STM32L4xx_HAL_Driver/Src/stm32l4xx_hal_i2c_ex.c ****   ******************************************************************************
  63:../../../core/ST/STM32L4xx_HAL_Driver/Src/stm32l4xx_hal_i2c_ex.c ****   */
  64:../../../core/ST/STM32L4xx_HAL_Driver/Src/stm32l4xx_hal_i2c_ex.c **** 
  65:../../../core/ST/STM32L4xx_HAL_Driver/Src/stm32l4xx_hal_i2c_ex.c **** /* Includes ------------------------------------------------------------------*/
  66:../../../core/ST/STM32L4xx_HAL_Driver/Src/stm32l4xx_hal_i2c_ex.c **** #include "stm32l4xx_hal.h"
  67:../../../core/ST/STM32L4xx_HAL_Driver/Src/stm32l4xx_hal_i2c_ex.c **** 
  68:../../../core/ST/STM32L4xx_HAL_Driver/Src/stm32l4xx_hal_i2c_ex.c **** /** @addtogroup STM32L4xx_HAL_Driver
  69:../../../core/ST/STM32L4xx_HAL_Driver/Src/stm32l4xx_hal_i2c_ex.c ****   * @{
  70:../../../core/ST/STM32L4xx_HAL_Driver/Src/stm32l4xx_hal_i2c_ex.c ****   */
  71:../../../core/ST/STM32L4xx_HAL_Driver/Src/stm32l4xx_hal_i2c_ex.c **** 
  72:../../../core/ST/STM32L4xx_HAL_Driver/Src/stm32l4xx_hal_i2c_ex.c **** /** @defgroup I2CEx I2CEx
  73:../../../core/ST/STM32L4xx_HAL_Driver/Src/stm32l4xx_hal_i2c_ex.c ****   * @brief I2C Extended HAL module driver
  74:../../../core/ST/STM32L4xx_HAL_Driver/Src/stm32l4xx_hal_i2c_ex.c ****   * @{
ARM GAS  C:\Users\tijsv\AppData\Local\Temp\ccSG7CHL.s 			page 3


  75:../../../core/ST/STM32L4xx_HAL_Driver/Src/stm32l4xx_hal_i2c_ex.c ****   */
  76:../../../core/ST/STM32L4xx_HAL_Driver/Src/stm32l4xx_hal_i2c_ex.c **** 
  77:../../../core/ST/STM32L4xx_HAL_Driver/Src/stm32l4xx_hal_i2c_ex.c **** #ifdef HAL_I2C_MODULE_ENABLED
  78:../../../core/ST/STM32L4xx_HAL_Driver/Src/stm32l4xx_hal_i2c_ex.c **** 
  79:../../../core/ST/STM32L4xx_HAL_Driver/Src/stm32l4xx_hal_i2c_ex.c **** /* Private typedef -----------------------------------------------------------*/
  80:../../../core/ST/STM32L4xx_HAL_Driver/Src/stm32l4xx_hal_i2c_ex.c **** /* Private define ------------------------------------------------------------*/
  81:../../../core/ST/STM32L4xx_HAL_Driver/Src/stm32l4xx_hal_i2c_ex.c **** /* Private macro -------------------------------------------------------------*/
  82:../../../core/ST/STM32L4xx_HAL_Driver/Src/stm32l4xx_hal_i2c_ex.c **** /* Private variables ---------------------------------------------------------*/
  83:../../../core/ST/STM32L4xx_HAL_Driver/Src/stm32l4xx_hal_i2c_ex.c **** /* Private function prototypes -----------------------------------------------*/
  84:../../../core/ST/STM32L4xx_HAL_Driver/Src/stm32l4xx_hal_i2c_ex.c **** /* Private functions ---------------------------------------------------------*/
  85:../../../core/ST/STM32L4xx_HAL_Driver/Src/stm32l4xx_hal_i2c_ex.c **** 
  86:../../../core/ST/STM32L4xx_HAL_Driver/Src/stm32l4xx_hal_i2c_ex.c **** /** @defgroup I2CEx_Exported_Functions I2C Extended Exported Functions
  87:../../../core/ST/STM32L4xx_HAL_Driver/Src/stm32l4xx_hal_i2c_ex.c ****   * @{
  88:../../../core/ST/STM32L4xx_HAL_Driver/Src/stm32l4xx_hal_i2c_ex.c ****   */
  89:../../../core/ST/STM32L4xx_HAL_Driver/Src/stm32l4xx_hal_i2c_ex.c **** 
  90:../../../core/ST/STM32L4xx_HAL_Driver/Src/stm32l4xx_hal_i2c_ex.c **** /** @defgroup I2CEx_Exported_Functions_Group1 Extended features functions
  91:../../../core/ST/STM32L4xx_HAL_Driver/Src/stm32l4xx_hal_i2c_ex.c ****   * @brief    Extended features functions
  92:../../../core/ST/STM32L4xx_HAL_Driver/Src/stm32l4xx_hal_i2c_ex.c ****  *
  93:../../../core/ST/STM32L4xx_HAL_Driver/Src/stm32l4xx_hal_i2c_ex.c **** @verbatim
  94:../../../core/ST/STM32L4xx_HAL_Driver/Src/stm32l4xx_hal_i2c_ex.c ****  ===============================================================================
  95:../../../core/ST/STM32L4xx_HAL_Driver/Src/stm32l4xx_hal_i2c_ex.c ****                       ##### Extended features functions #####
  96:../../../core/ST/STM32L4xx_HAL_Driver/Src/stm32l4xx_hal_i2c_ex.c ****  ===============================================================================
  97:../../../core/ST/STM32L4xx_HAL_Driver/Src/stm32l4xx_hal_i2c_ex.c ****     [..] This section provides functions allowing to:
  98:../../../core/ST/STM32L4xx_HAL_Driver/Src/stm32l4xx_hal_i2c_ex.c ****       (+) Configure Noise Filters
  99:../../../core/ST/STM32L4xx_HAL_Driver/Src/stm32l4xx_hal_i2c_ex.c ****       (+) Configure Wake Up Feature
 100:../../../core/ST/STM32L4xx_HAL_Driver/Src/stm32l4xx_hal_i2c_ex.c ****       (+) Configure Fast Mode Plus
 101:../../../core/ST/STM32L4xx_HAL_Driver/Src/stm32l4xx_hal_i2c_ex.c **** 
 102:../../../core/ST/STM32L4xx_HAL_Driver/Src/stm32l4xx_hal_i2c_ex.c **** @endverbatim
 103:../../../core/ST/STM32L4xx_HAL_Driver/Src/stm32l4xx_hal_i2c_ex.c ****   * @{
 104:../../../core/ST/STM32L4xx_HAL_Driver/Src/stm32l4xx_hal_i2c_ex.c ****   */
 105:../../../core/ST/STM32L4xx_HAL_Driver/Src/stm32l4xx_hal_i2c_ex.c **** 
 106:../../../core/ST/STM32L4xx_HAL_Driver/Src/stm32l4xx_hal_i2c_ex.c **** /**
 107:../../../core/ST/STM32L4xx_HAL_Driver/Src/stm32l4xx_hal_i2c_ex.c ****   * @brief  Configure I2C Analog noise filter.
 108:../../../core/ST/STM32L4xx_HAL_Driver/Src/stm32l4xx_hal_i2c_ex.c ****   * @param  hi2c Pointer to a I2C_HandleTypeDef structure that contains
 109:../../../core/ST/STM32L4xx_HAL_Driver/Src/stm32l4xx_hal_i2c_ex.c ****   *                the configuration information for the specified I2Cx peripheral.
 110:../../../core/ST/STM32L4xx_HAL_Driver/Src/stm32l4xx_hal_i2c_ex.c ****   * @param  AnalogFilter New state of the Analog filter.
 111:../../../core/ST/STM32L4xx_HAL_Driver/Src/stm32l4xx_hal_i2c_ex.c ****   * @retval HAL status
 112:../../../core/ST/STM32L4xx_HAL_Driver/Src/stm32l4xx_hal_i2c_ex.c ****   */
 113:../../../core/ST/STM32L4xx_HAL_Driver/Src/stm32l4xx_hal_i2c_ex.c **** HAL_StatusTypeDef HAL_I2CEx_ConfigAnalogFilter(I2C_HandleTypeDef *hi2c, uint32_t AnalogFilter)
 114:../../../core/ST/STM32L4xx_HAL_Driver/Src/stm32l4xx_hal_i2c_ex.c **** {
  35              		.loc 1 114 1 view -0
  36              		.cfi_startproc
  37              		@ args = 0, pretend = 0, frame = 0
  38              		@ frame_needed = 0, uses_anonymous_args = 0
  39              		.loc 1 114 1 is_stmt 0 view .LVU1
  40 0000 38B5     		push	{r3, r4, r5, lr}
  41              	.LCFI0:
  42              		.cfi_def_cfa_offset 16
  43              		.cfi_offset 3, -16
  44              		.cfi_offset 4, -12
  45              		.cfi_offset 5, -8
  46              		.cfi_offset 14, -4
  47 0002 0446     		mov	r4, r0
  48 0004 0D46     		mov	r5, r1
 115:../../../core/ST/STM32L4xx_HAL_Driver/Src/stm32l4xx_hal_i2c_ex.c ****   /* Check the parameters */
 116:../../../core/ST/STM32L4xx_HAL_Driver/Src/stm32l4xx_hal_i2c_ex.c ****   assert_param(IS_I2C_ALL_INSTANCE(hi2c->Instance));
  49              		.loc 1 116 3 is_stmt 1 view .LVU2
ARM GAS  C:\Users\tijsv\AppData\Local\Temp\ccSG7CHL.s 			page 4


  50 0006 0368     		ldr	r3, [r0]
  51 0008 244A     		ldr	r2, .L9
  52 000a 9342     		cmp	r3, r2
  53 000c 0FD0     		beq	.L2
  54              		.loc 1 116 3 is_stmt 0 discriminator 1 view .LVU3
  55 000e 02F58062 		add	r2, r2, #1024
  56 0012 9342     		cmp	r3, r2
  57 0014 0BD0     		beq	.L2
  58              		.loc 1 116 3 discriminator 2 view .LVU4
  59 0016 02F58062 		add	r2, r2, #1024
  60 001a 9342     		cmp	r3, r2
  61 001c 07D0     		beq	.L2
  62              		.loc 1 116 3 discriminator 3 view .LVU5
  63 001e 02F52052 		add	r2, r2, #10240
  64 0022 9342     		cmp	r3, r2
  65 0024 03D0     		beq	.L2
  66              		.loc 1 116 3 discriminator 4 view .LVU6
  67 0026 7421     		movs	r1, #116
  68              	.LVL1:
  69              		.loc 1 116 3 discriminator 4 view .LVU7
  70 0028 1D48     		ldr	r0, .L9+4
  71              	.LVL2:
  72              		.loc 1 116 3 discriminator 4 view .LVU8
  73 002a FFF7FEFF 		bl	assert_failed
  74              	.LVL3:
  75              	.L2:
 117:../../../core/ST/STM32L4xx_HAL_Driver/Src/stm32l4xx_hal_i2c_ex.c ****   assert_param(IS_I2C_ANALOG_FILTER(AnalogFilter));
  76              		.loc 1 117 3 is_stmt 1 view .LVU9
  77 002e 15B1     		cbz	r5, .L3
  78              		.loc 1 117 3 is_stmt 0 discriminator 1 view .LVU10
  79 0030 B5F5805F 		cmp	r5, #4096
  80 0034 28D1     		bne	.L8
  81              	.L3:
 118:../../../core/ST/STM32L4xx_HAL_Driver/Src/stm32l4xx_hal_i2c_ex.c **** 
 119:../../../core/ST/STM32L4xx_HAL_Driver/Src/stm32l4xx_hal_i2c_ex.c ****   if (hi2c->State == HAL_I2C_STATE_READY)
  82              		.loc 1 119 3 is_stmt 1 view .LVU11
  83              		.loc 1 119 11 is_stmt 0 view .LVU12
  84 0036 94F84130 		ldrb	r3, [r4, #65]	@ zero_extendqisi2
  85 003a DBB2     		uxtb	r3, r3
  86              		.loc 1 119 6 view .LVU13
  87 003c 202B     		cmp	r3, #32
  88 003e 28D1     		bne	.L5
 120:../../../core/ST/STM32L4xx_HAL_Driver/Src/stm32l4xx_hal_i2c_ex.c ****   {
 121:../../../core/ST/STM32L4xx_HAL_Driver/Src/stm32l4xx_hal_i2c_ex.c ****     /* Process Locked */
 122:../../../core/ST/STM32L4xx_HAL_Driver/Src/stm32l4xx_hal_i2c_ex.c ****     __HAL_LOCK(hi2c);
  89              		.loc 1 122 5 is_stmt 1 view .LVU14
  90              		.loc 1 122 5 view .LVU15
  91 0040 94F84030 		ldrb	r3, [r4, #64]	@ zero_extendqisi2
  92 0044 012B     		cmp	r3, #1
  93 0046 26D0     		beq	.L6
  94              		.loc 1 122 5 discriminator 2 view .LVU16
  95 0048 0123     		movs	r3, #1
  96 004a 84F84030 		strb	r3, [r4, #64]
  97              		.loc 1 122 5 discriminator 2 view .LVU17
 123:../../../core/ST/STM32L4xx_HAL_Driver/Src/stm32l4xx_hal_i2c_ex.c **** 
 124:../../../core/ST/STM32L4xx_HAL_Driver/Src/stm32l4xx_hal_i2c_ex.c ****     hi2c->State = HAL_I2C_STATE_BUSY;
  98              		.loc 1 124 5 discriminator 2 view .LVU18
ARM GAS  C:\Users\tijsv\AppData\Local\Temp\ccSG7CHL.s 			page 5


  99              		.loc 1 124 17 is_stmt 0 discriminator 2 view .LVU19
 100 004e 2423     		movs	r3, #36
 101 0050 84F84130 		strb	r3, [r4, #65]
 125:../../../core/ST/STM32L4xx_HAL_Driver/Src/stm32l4xx_hal_i2c_ex.c **** 
 126:../../../core/ST/STM32L4xx_HAL_Driver/Src/stm32l4xx_hal_i2c_ex.c ****     /* Disable the selected I2C peripheral */
 127:../../../core/ST/STM32L4xx_HAL_Driver/Src/stm32l4xx_hal_i2c_ex.c ****     __HAL_I2C_DISABLE(hi2c);
 102              		.loc 1 127 5 is_stmt 1 discriminator 2 view .LVU20
 103 0054 2268     		ldr	r2, [r4]
 104 0056 1368     		ldr	r3, [r2]
 105 0058 23F00103 		bic	r3, r3, #1
 106 005c 1360     		str	r3, [r2]
 128:../../../core/ST/STM32L4xx_HAL_Driver/Src/stm32l4xx_hal_i2c_ex.c **** 
 129:../../../core/ST/STM32L4xx_HAL_Driver/Src/stm32l4xx_hal_i2c_ex.c ****     /* Reset I2Cx ANOFF bit */
 130:../../../core/ST/STM32L4xx_HAL_Driver/Src/stm32l4xx_hal_i2c_ex.c ****     hi2c->Instance->CR1 &= ~(I2C_CR1_ANFOFF);
 107              		.loc 1 130 5 discriminator 2 view .LVU21
 108              		.loc 1 130 9 is_stmt 0 discriminator 2 view .LVU22
 109 005e 2268     		ldr	r2, [r4]
 110              		.loc 1 130 25 discriminator 2 view .LVU23
 111 0060 1368     		ldr	r3, [r2]
 112 0062 23F48053 		bic	r3, r3, #4096
 113 0066 1360     		str	r3, [r2]
 131:../../../core/ST/STM32L4xx_HAL_Driver/Src/stm32l4xx_hal_i2c_ex.c **** 
 132:../../../core/ST/STM32L4xx_HAL_Driver/Src/stm32l4xx_hal_i2c_ex.c ****     /* Set analog filter bit*/
 133:../../../core/ST/STM32L4xx_HAL_Driver/Src/stm32l4xx_hal_i2c_ex.c ****     hi2c->Instance->CR1 |= AnalogFilter;
 114              		.loc 1 133 5 is_stmt 1 discriminator 2 view .LVU24
 115              		.loc 1 133 9 is_stmt 0 discriminator 2 view .LVU25
 116 0068 2368     		ldr	r3, [r4]
 117              		.loc 1 133 25 discriminator 2 view .LVU26
 118 006a 1968     		ldr	r1, [r3]
 119 006c 0D43     		orrs	r5, r5, r1
 120              	.LVL4:
 121              		.loc 1 133 25 discriminator 2 view .LVU27
 122 006e 1D60     		str	r5, [r3]
 134:../../../core/ST/STM32L4xx_HAL_Driver/Src/stm32l4xx_hal_i2c_ex.c **** 
 135:../../../core/ST/STM32L4xx_HAL_Driver/Src/stm32l4xx_hal_i2c_ex.c ****     __HAL_I2C_ENABLE(hi2c);
 123              		.loc 1 135 5 is_stmt 1 discriminator 2 view .LVU28
 124 0070 2268     		ldr	r2, [r4]
 125 0072 1368     		ldr	r3, [r2]
 126 0074 43F00103 		orr	r3, r3, #1
 127 0078 1360     		str	r3, [r2]
 136:../../../core/ST/STM32L4xx_HAL_Driver/Src/stm32l4xx_hal_i2c_ex.c **** 
 137:../../../core/ST/STM32L4xx_HAL_Driver/Src/stm32l4xx_hal_i2c_ex.c ****     hi2c->State = HAL_I2C_STATE_READY;
 128              		.loc 1 137 5 discriminator 2 view .LVU29
 129              		.loc 1 137 17 is_stmt 0 discriminator 2 view .LVU30
 130 007a 2023     		movs	r3, #32
 131 007c 84F84130 		strb	r3, [r4, #65]
 138:../../../core/ST/STM32L4xx_HAL_Driver/Src/stm32l4xx_hal_i2c_ex.c **** 
 139:../../../core/ST/STM32L4xx_HAL_Driver/Src/stm32l4xx_hal_i2c_ex.c ****     /* Process Unlocked */
 140:../../../core/ST/STM32L4xx_HAL_Driver/Src/stm32l4xx_hal_i2c_ex.c ****     __HAL_UNLOCK(hi2c);
 132              		.loc 1 140 5 is_stmt 1 discriminator 2 view .LVU31
 133              		.loc 1 140 5 discriminator 2 view .LVU32
 134 0080 0020     		movs	r0, #0
 135 0082 84F84000 		strb	r0, [r4, #64]
 136              		.loc 1 140 5 discriminator 2 view .LVU33
 141:../../../core/ST/STM32L4xx_HAL_Driver/Src/stm32l4xx_hal_i2c_ex.c **** 
 142:../../../core/ST/STM32L4xx_HAL_Driver/Src/stm32l4xx_hal_i2c_ex.c ****     return HAL_OK;
 137              		.loc 1 142 5 discriminator 2 view .LVU34
ARM GAS  C:\Users\tijsv\AppData\Local\Temp\ccSG7CHL.s 			page 6


 138              	.L4:
 143:../../../core/ST/STM32L4xx_HAL_Driver/Src/stm32l4xx_hal_i2c_ex.c ****   }
 144:../../../core/ST/STM32L4xx_HAL_Driver/Src/stm32l4xx_hal_i2c_ex.c ****   else
 145:../../../core/ST/STM32L4xx_HAL_Driver/Src/stm32l4xx_hal_i2c_ex.c ****   {
 146:../../../core/ST/STM32L4xx_HAL_Driver/Src/stm32l4xx_hal_i2c_ex.c ****     return HAL_BUSY;
 147:../../../core/ST/STM32L4xx_HAL_Driver/Src/stm32l4xx_hal_i2c_ex.c ****   }
 148:../../../core/ST/STM32L4xx_HAL_Driver/Src/stm32l4xx_hal_i2c_ex.c **** }
 139              		.loc 1 148 1 is_stmt 0 view .LVU35
 140 0086 38BD     		pop	{r3, r4, r5, pc}
 141              	.LVL5:
 142              	.L8:
 117:../../../core/ST/STM32L4xx_HAL_Driver/Src/stm32l4xx_hal_i2c_ex.c **** 
 143              		.loc 1 117 3 discriminator 2 view .LVU36
 144 0088 7521     		movs	r1, #117
 145 008a 0548     		ldr	r0, .L9+4
 146 008c FFF7FEFF 		bl	assert_failed
 147              	.LVL6:
 148 0090 D1E7     		b	.L3
 149              	.L5:
 146:../../../core/ST/STM32L4xx_HAL_Driver/Src/stm32l4xx_hal_i2c_ex.c ****   }
 150              		.loc 1 146 12 view .LVU37
 151 0092 0220     		movs	r0, #2
 152 0094 F7E7     		b	.L4
 153              	.L6:
 122:../../../core/ST/STM32L4xx_HAL_Driver/Src/stm32l4xx_hal_i2c_ex.c **** 
 154              		.loc 1 122 5 view .LVU38
 155 0096 0220     		movs	r0, #2
 156 0098 F5E7     		b	.L4
 157              	.L10:
 158 009a 00BF     		.align	2
 159              	.L9:
 160 009c 00540040 		.word	1073763328
 161 00a0 00000000 		.word	.LC0
 162              		.cfi_endproc
 163              	.LFE123:
 165              		.section	.text.HAL_I2CEx_ConfigDigitalFilter,"ax",%progbits
 166              		.align	1
 167              		.global	HAL_I2CEx_ConfigDigitalFilter
 168              		.syntax unified
 169              		.thumb
 170              		.thumb_func
 171              		.fpu fpv4-sp-d16
 173              	HAL_I2CEx_ConfigDigitalFilter:
 174              	.LVL7:
 175              	.LFB124:
 149:../../../core/ST/STM32L4xx_HAL_Driver/Src/stm32l4xx_hal_i2c_ex.c **** 
 150:../../../core/ST/STM32L4xx_HAL_Driver/Src/stm32l4xx_hal_i2c_ex.c **** /**
 151:../../../core/ST/STM32L4xx_HAL_Driver/Src/stm32l4xx_hal_i2c_ex.c ****   * @brief  Configure I2C Digital noise filter.
 152:../../../core/ST/STM32L4xx_HAL_Driver/Src/stm32l4xx_hal_i2c_ex.c ****   * @param  hi2c Pointer to a I2C_HandleTypeDef structure that contains
 153:../../../core/ST/STM32L4xx_HAL_Driver/Src/stm32l4xx_hal_i2c_ex.c ****   *                the configuration information for the specified I2Cx peripheral.
 154:../../../core/ST/STM32L4xx_HAL_Driver/Src/stm32l4xx_hal_i2c_ex.c ****   * @param  DigitalFilter Coefficient of digital noise filter between Min_Data=0x00 and Max_Data=0x
 155:../../../core/ST/STM32L4xx_HAL_Driver/Src/stm32l4xx_hal_i2c_ex.c ****   * @retval HAL status
 156:../../../core/ST/STM32L4xx_HAL_Driver/Src/stm32l4xx_hal_i2c_ex.c ****   */
 157:../../../core/ST/STM32L4xx_HAL_Driver/Src/stm32l4xx_hal_i2c_ex.c **** HAL_StatusTypeDef HAL_I2CEx_ConfigDigitalFilter(I2C_HandleTypeDef *hi2c, uint32_t DigitalFilter)
 158:../../../core/ST/STM32L4xx_HAL_Driver/Src/stm32l4xx_hal_i2c_ex.c **** {
 176              		.loc 1 158 1 is_stmt 1 view -0
 177              		.cfi_startproc
ARM GAS  C:\Users\tijsv\AppData\Local\Temp\ccSG7CHL.s 			page 7


 178              		@ args = 0, pretend = 0, frame = 0
 179              		@ frame_needed = 0, uses_anonymous_args = 0
 180              		.loc 1 158 1 is_stmt 0 view .LVU40
 181 0000 38B5     		push	{r3, r4, r5, lr}
 182              	.LCFI1:
 183              		.cfi_def_cfa_offset 16
 184              		.cfi_offset 3, -16
 185              		.cfi_offset 4, -12
 186              		.cfi_offset 5, -8
 187              		.cfi_offset 14, -4
 188 0002 0446     		mov	r4, r0
 189 0004 0D46     		mov	r5, r1
 159:../../../core/ST/STM32L4xx_HAL_Driver/Src/stm32l4xx_hal_i2c_ex.c ****   uint32_t tmpreg;
 190              		.loc 1 159 3 is_stmt 1 view .LVU41
 160:../../../core/ST/STM32L4xx_HAL_Driver/Src/stm32l4xx_hal_i2c_ex.c **** 
 161:../../../core/ST/STM32L4xx_HAL_Driver/Src/stm32l4xx_hal_i2c_ex.c ****   /* Check the parameters */
 162:../../../core/ST/STM32L4xx_HAL_Driver/Src/stm32l4xx_hal_i2c_ex.c ****   assert_param(IS_I2C_ALL_INSTANCE(hi2c->Instance));
 191              		.loc 1 162 3 view .LVU42
 192 0006 0368     		ldr	r3, [r0]
 193 0008 224A     		ldr	r2, .L19
 194 000a 9342     		cmp	r3, r2
 195 000c 0FD0     		beq	.L12
 196              		.loc 1 162 3 is_stmt 0 discriminator 1 view .LVU43
 197 000e 02F58062 		add	r2, r2, #1024
 198 0012 9342     		cmp	r3, r2
 199 0014 0BD0     		beq	.L12
 200              		.loc 1 162 3 discriminator 2 view .LVU44
 201 0016 02F58062 		add	r2, r2, #1024
 202 001a 9342     		cmp	r3, r2
 203 001c 07D0     		beq	.L12
 204              		.loc 1 162 3 discriminator 3 view .LVU45
 205 001e 02F52052 		add	r2, r2, #10240
 206 0022 9342     		cmp	r3, r2
 207 0024 03D0     		beq	.L12
 208              		.loc 1 162 3 discriminator 4 view .LVU46
 209 0026 A221     		movs	r1, #162
 210              	.LVL8:
 211              		.loc 1 162 3 discriminator 4 view .LVU47
 212 0028 1B48     		ldr	r0, .L19+4
 213              	.LVL9:
 214              		.loc 1 162 3 discriminator 4 view .LVU48
 215 002a FFF7FEFF 		bl	assert_failed
 216              	.LVL10:
 217              	.L12:
 163:../../../core/ST/STM32L4xx_HAL_Driver/Src/stm32l4xx_hal_i2c_ex.c ****   assert_param(IS_I2C_DIGITAL_FILTER(DigitalFilter));
 218              		.loc 1 163 3 is_stmt 1 view .LVU49
 219 002e 0F2D     		cmp	r5, #15
 220 0030 26D8     		bhi	.L18
 221              	.L13:
 164:../../../core/ST/STM32L4xx_HAL_Driver/Src/stm32l4xx_hal_i2c_ex.c **** 
 165:../../../core/ST/STM32L4xx_HAL_Driver/Src/stm32l4xx_hal_i2c_ex.c ****   if (hi2c->State == HAL_I2C_STATE_READY)
 222              		.loc 1 165 3 view .LVU50
 223              		.loc 1 165 11 is_stmt 0 view .LVU51
 224 0032 94F84130 		ldrb	r3, [r4, #65]	@ zero_extendqisi2
 225 0036 DBB2     		uxtb	r3, r3
 226              		.loc 1 165 6 view .LVU52
 227 0038 202B     		cmp	r3, #32
ARM GAS  C:\Users\tijsv\AppData\Local\Temp\ccSG7CHL.s 			page 8


 228 003a 26D1     		bne	.L15
 166:../../../core/ST/STM32L4xx_HAL_Driver/Src/stm32l4xx_hal_i2c_ex.c ****   {
 167:../../../core/ST/STM32L4xx_HAL_Driver/Src/stm32l4xx_hal_i2c_ex.c ****     /* Process Locked */
 168:../../../core/ST/STM32L4xx_HAL_Driver/Src/stm32l4xx_hal_i2c_ex.c ****     __HAL_LOCK(hi2c);
 229              		.loc 1 168 5 is_stmt 1 view .LVU53
 230              		.loc 1 168 5 view .LVU54
 231 003c 94F84030 		ldrb	r3, [r4, #64]	@ zero_extendqisi2
 232 0040 012B     		cmp	r3, #1
 233 0042 24D0     		beq	.L16
 234              		.loc 1 168 5 discriminator 2 view .LVU55
 235 0044 0123     		movs	r3, #1
 236 0046 84F84030 		strb	r3, [r4, #64]
 237              		.loc 1 168 5 discriminator 2 view .LVU56
 169:../../../core/ST/STM32L4xx_HAL_Driver/Src/stm32l4xx_hal_i2c_ex.c **** 
 170:../../../core/ST/STM32L4xx_HAL_Driver/Src/stm32l4xx_hal_i2c_ex.c ****     hi2c->State = HAL_I2C_STATE_BUSY;
 238              		.loc 1 170 5 discriminator 2 view .LVU57
 239              		.loc 1 170 17 is_stmt 0 discriminator 2 view .LVU58
 240 004a 2423     		movs	r3, #36
 241 004c 84F84130 		strb	r3, [r4, #65]
 171:../../../core/ST/STM32L4xx_HAL_Driver/Src/stm32l4xx_hal_i2c_ex.c **** 
 172:../../../core/ST/STM32L4xx_HAL_Driver/Src/stm32l4xx_hal_i2c_ex.c ****     /* Disable the selected I2C peripheral */
 173:../../../core/ST/STM32L4xx_HAL_Driver/Src/stm32l4xx_hal_i2c_ex.c ****     __HAL_I2C_DISABLE(hi2c);
 242              		.loc 1 173 5 is_stmt 1 discriminator 2 view .LVU59
 243 0050 2268     		ldr	r2, [r4]
 244 0052 1368     		ldr	r3, [r2]
 245 0054 23F00103 		bic	r3, r3, #1
 246 0058 1360     		str	r3, [r2]
 174:../../../core/ST/STM32L4xx_HAL_Driver/Src/stm32l4xx_hal_i2c_ex.c **** 
 175:../../../core/ST/STM32L4xx_HAL_Driver/Src/stm32l4xx_hal_i2c_ex.c ****     /* Get the old register value */
 176:../../../core/ST/STM32L4xx_HAL_Driver/Src/stm32l4xx_hal_i2c_ex.c ****     tmpreg = hi2c->Instance->CR1;
 247              		.loc 1 176 5 discriminator 2 view .LVU60
 248              		.loc 1 176 18 is_stmt 0 discriminator 2 view .LVU61
 249 005a 2368     		ldr	r3, [r4]
 250              		.loc 1 176 12 discriminator 2 view .LVU62
 251 005c 1968     		ldr	r1, [r3]
 252              	.LVL11:
 177:../../../core/ST/STM32L4xx_HAL_Driver/Src/stm32l4xx_hal_i2c_ex.c **** 
 178:../../../core/ST/STM32L4xx_HAL_Driver/Src/stm32l4xx_hal_i2c_ex.c ****     /* Reset I2Cx DNF bits [11:8] */
 179:../../../core/ST/STM32L4xx_HAL_Driver/Src/stm32l4xx_hal_i2c_ex.c ****     tmpreg &= ~(I2C_CR1_DNF);
 253              		.loc 1 179 5 is_stmt 1 discriminator 2 view .LVU63
 254              		.loc 1 179 12 is_stmt 0 discriminator 2 view .LVU64
 255 005e 21F47061 		bic	r1, r1, #3840
 256              	.LVL12:
 180:../../../core/ST/STM32L4xx_HAL_Driver/Src/stm32l4xx_hal_i2c_ex.c **** 
 181:../../../core/ST/STM32L4xx_HAL_Driver/Src/stm32l4xx_hal_i2c_ex.c ****     /* Set I2Cx DNF coefficient */
 182:../../../core/ST/STM32L4xx_HAL_Driver/Src/stm32l4xx_hal_i2c_ex.c ****     tmpreg |= DigitalFilter << 8U;
 257              		.loc 1 182 5 is_stmt 1 discriminator 2 view .LVU65
 258              		.loc 1 182 12 is_stmt 0 discriminator 2 view .LVU66
 259 0062 41EA0525 		orr	r5, r1, r5, lsl #8
 260              	.LVL13:
 183:../../../core/ST/STM32L4xx_HAL_Driver/Src/stm32l4xx_hal_i2c_ex.c **** 
 184:../../../core/ST/STM32L4xx_HAL_Driver/Src/stm32l4xx_hal_i2c_ex.c ****     /* Store the new register value */
 185:../../../core/ST/STM32L4xx_HAL_Driver/Src/stm32l4xx_hal_i2c_ex.c ****     hi2c->Instance->CR1 = tmpreg;
 261              		.loc 1 185 5 is_stmt 1 discriminator 2 view .LVU67
 262              		.loc 1 185 25 is_stmt 0 discriminator 2 view .LVU68
 263 0066 1D60     		str	r5, [r3]
 186:../../../core/ST/STM32L4xx_HAL_Driver/Src/stm32l4xx_hal_i2c_ex.c **** 
ARM GAS  C:\Users\tijsv\AppData\Local\Temp\ccSG7CHL.s 			page 9


 187:../../../core/ST/STM32L4xx_HAL_Driver/Src/stm32l4xx_hal_i2c_ex.c ****     __HAL_I2C_ENABLE(hi2c);
 264              		.loc 1 187 5 is_stmt 1 discriminator 2 view .LVU69
 265 0068 2268     		ldr	r2, [r4]
 266 006a 1368     		ldr	r3, [r2]
 267 006c 43F00103 		orr	r3, r3, #1
 268 0070 1360     		str	r3, [r2]
 188:../../../core/ST/STM32L4xx_HAL_Driver/Src/stm32l4xx_hal_i2c_ex.c **** 
 189:../../../core/ST/STM32L4xx_HAL_Driver/Src/stm32l4xx_hal_i2c_ex.c ****     hi2c->State = HAL_I2C_STATE_READY;
 269              		.loc 1 189 5 discriminator 2 view .LVU70
 270              		.loc 1 189 17 is_stmt 0 discriminator 2 view .LVU71
 271 0072 2023     		movs	r3, #32
 272 0074 84F84130 		strb	r3, [r4, #65]
 190:../../../core/ST/STM32L4xx_HAL_Driver/Src/stm32l4xx_hal_i2c_ex.c **** 
 191:../../../core/ST/STM32L4xx_HAL_Driver/Src/stm32l4xx_hal_i2c_ex.c ****     /* Process Unlocked */
 192:../../../core/ST/STM32L4xx_HAL_Driver/Src/stm32l4xx_hal_i2c_ex.c ****     __HAL_UNLOCK(hi2c);
 273              		.loc 1 192 5 is_stmt 1 discriminator 2 view .LVU72
 274              		.loc 1 192 5 discriminator 2 view .LVU73
 275 0078 0020     		movs	r0, #0
 276 007a 84F84000 		strb	r0, [r4, #64]
 277              		.loc 1 192 5 discriminator 2 view .LVU74
 193:../../../core/ST/STM32L4xx_HAL_Driver/Src/stm32l4xx_hal_i2c_ex.c **** 
 194:../../../core/ST/STM32L4xx_HAL_Driver/Src/stm32l4xx_hal_i2c_ex.c ****     return HAL_OK;
 278              		.loc 1 194 5 discriminator 2 view .LVU75
 279              	.LVL14:
 280              	.L14:
 195:../../../core/ST/STM32L4xx_HAL_Driver/Src/stm32l4xx_hal_i2c_ex.c ****   }
 196:../../../core/ST/STM32L4xx_HAL_Driver/Src/stm32l4xx_hal_i2c_ex.c ****   else
 197:../../../core/ST/STM32L4xx_HAL_Driver/Src/stm32l4xx_hal_i2c_ex.c ****   {
 198:../../../core/ST/STM32L4xx_HAL_Driver/Src/stm32l4xx_hal_i2c_ex.c ****     return HAL_BUSY;
 199:../../../core/ST/STM32L4xx_HAL_Driver/Src/stm32l4xx_hal_i2c_ex.c ****   }
 200:../../../core/ST/STM32L4xx_HAL_Driver/Src/stm32l4xx_hal_i2c_ex.c **** }
 281              		.loc 1 200 1 is_stmt 0 view .LVU76
 282 007e 38BD     		pop	{r3, r4, r5, pc}
 283              	.LVL15:
 284              	.L18:
 163:../../../core/ST/STM32L4xx_HAL_Driver/Src/stm32l4xx_hal_i2c_ex.c **** 
 285              		.loc 1 163 3 discriminator 1 view .LVU77
 286 0080 A321     		movs	r1, #163
 287 0082 0548     		ldr	r0, .L19+4
 288 0084 FFF7FEFF 		bl	assert_failed
 289              	.LVL16:
 290 0088 D3E7     		b	.L13
 291              	.L15:
 198:../../../core/ST/STM32L4xx_HAL_Driver/Src/stm32l4xx_hal_i2c_ex.c ****   }
 292              		.loc 1 198 12 view .LVU78
 293 008a 0220     		movs	r0, #2
 294 008c F7E7     		b	.L14
 295              	.L16:
 168:../../../core/ST/STM32L4xx_HAL_Driver/Src/stm32l4xx_hal_i2c_ex.c **** 
 296              		.loc 1 168 5 view .LVU79
 297 008e 0220     		movs	r0, #2
 298 0090 F5E7     		b	.L14
 299              	.L20:
 300 0092 00BF     		.align	2
 301              	.L19:
 302 0094 00540040 		.word	1073763328
 303 0098 00000000 		.word	.LC0
ARM GAS  C:\Users\tijsv\AppData\Local\Temp\ccSG7CHL.s 			page 10


 304              		.cfi_endproc
 305              	.LFE124:
 307              		.section	.text.HAL_I2CEx_EnableWakeUp,"ax",%progbits
 308              		.align	1
 309              		.global	HAL_I2CEx_EnableWakeUp
 310              		.syntax unified
 311              		.thumb
 312              		.thumb_func
 313              		.fpu fpv4-sp-d16
 315              	HAL_I2CEx_EnableWakeUp:
 316              	.LVL17:
 317              	.LFB125:
 201:../../../core/ST/STM32L4xx_HAL_Driver/Src/stm32l4xx_hal_i2c_ex.c **** 
 202:../../../core/ST/STM32L4xx_HAL_Driver/Src/stm32l4xx_hal_i2c_ex.c **** /**
 203:../../../core/ST/STM32L4xx_HAL_Driver/Src/stm32l4xx_hal_i2c_ex.c ****   * @brief  Enable I2C wakeup from Stop mode(s).
 204:../../../core/ST/STM32L4xx_HAL_Driver/Src/stm32l4xx_hal_i2c_ex.c ****   * @param  hi2c Pointer to a I2C_HandleTypeDef structure that contains
 205:../../../core/ST/STM32L4xx_HAL_Driver/Src/stm32l4xx_hal_i2c_ex.c ****   *                the configuration information for the specified I2Cx peripheral.
 206:../../../core/ST/STM32L4xx_HAL_Driver/Src/stm32l4xx_hal_i2c_ex.c ****   * @retval HAL status
 207:../../../core/ST/STM32L4xx_HAL_Driver/Src/stm32l4xx_hal_i2c_ex.c ****   */
 208:../../../core/ST/STM32L4xx_HAL_Driver/Src/stm32l4xx_hal_i2c_ex.c **** HAL_StatusTypeDef HAL_I2CEx_EnableWakeUp(I2C_HandleTypeDef *hi2c)
 209:../../../core/ST/STM32L4xx_HAL_Driver/Src/stm32l4xx_hal_i2c_ex.c **** {
 318              		.loc 1 209 1 is_stmt 1 view -0
 319              		.cfi_startproc
 320              		@ args = 0, pretend = 0, frame = 0
 321              		@ frame_needed = 0, uses_anonymous_args = 0
 322              		.loc 1 209 1 is_stmt 0 view .LVU81
 323 0000 10B5     		push	{r4, lr}
 324              	.LCFI2:
 325              		.cfi_def_cfa_offset 8
 326              		.cfi_offset 4, -8
 327              		.cfi_offset 14, -4
 328 0002 0446     		mov	r4, r0
 210:../../../core/ST/STM32L4xx_HAL_Driver/Src/stm32l4xx_hal_i2c_ex.c ****   /* Check the parameters */
 211:../../../core/ST/STM32L4xx_HAL_Driver/Src/stm32l4xx_hal_i2c_ex.c ****   assert_param(IS_I2C_WAKEUP_FROMSTOP_INSTANCE(hi2c->Instance));
 329              		.loc 1 211 3 is_stmt 1 view .LVU82
 330 0004 0368     		ldr	r3, [r0]
 331 0006 1E4A     		ldr	r2, .L27
 332 0008 9342     		cmp	r3, r2
 333 000a 0FD0     		beq	.L22
 334              		.loc 1 211 3 is_stmt 0 discriminator 1 view .LVU83
 335 000c 02F58062 		add	r2, r2, #1024
 336 0010 9342     		cmp	r3, r2
 337 0012 0BD0     		beq	.L22
 338              		.loc 1 211 3 discriminator 2 view .LVU84
 339 0014 02F58062 		add	r2, r2, #1024
 340 0018 9342     		cmp	r3, r2
 341 001a 07D0     		beq	.L22
 342              		.loc 1 211 3 discriminator 3 view .LVU85
 343 001c 02F52052 		add	r2, r2, #10240
 344 0020 9342     		cmp	r3, r2
 345 0022 03D0     		beq	.L22
 346              		.loc 1 211 3 discriminator 4 view .LVU86
 347 0024 D321     		movs	r1, #211
 348 0026 1748     		ldr	r0, .L27+4
 349              	.LVL18:
 350              		.loc 1 211 3 discriminator 4 view .LVU87
 351 0028 FFF7FEFF 		bl	assert_failed
ARM GAS  C:\Users\tijsv\AppData\Local\Temp\ccSG7CHL.s 			page 11


 352              	.LVL19:
 353              	.L22:
 212:../../../core/ST/STM32L4xx_HAL_Driver/Src/stm32l4xx_hal_i2c_ex.c **** 
 213:../../../core/ST/STM32L4xx_HAL_Driver/Src/stm32l4xx_hal_i2c_ex.c ****   if (hi2c->State == HAL_I2C_STATE_READY)
 354              		.loc 1 213 3 is_stmt 1 view .LVU88
 355              		.loc 1 213 11 is_stmt 0 view .LVU89
 356 002c 94F84130 		ldrb	r3, [r4, #65]	@ zero_extendqisi2
 357 0030 DBB2     		uxtb	r3, r3
 358              		.loc 1 213 6 view .LVU90
 359 0032 202B     		cmp	r3, #32
 360 0034 1FD1     		bne	.L24
 214:../../../core/ST/STM32L4xx_HAL_Driver/Src/stm32l4xx_hal_i2c_ex.c ****   {
 215:../../../core/ST/STM32L4xx_HAL_Driver/Src/stm32l4xx_hal_i2c_ex.c ****     /* Process Locked */
 216:../../../core/ST/STM32L4xx_HAL_Driver/Src/stm32l4xx_hal_i2c_ex.c ****     __HAL_LOCK(hi2c);
 361              		.loc 1 216 5 is_stmt 1 view .LVU91
 362              		.loc 1 216 5 view .LVU92
 363 0036 94F84030 		ldrb	r3, [r4, #64]	@ zero_extendqisi2
 364 003a 012B     		cmp	r3, #1
 365 003c 1DD0     		beq	.L25
 366              		.loc 1 216 5 discriminator 2 view .LVU93
 367 003e 0123     		movs	r3, #1
 368 0040 84F84030 		strb	r3, [r4, #64]
 369              		.loc 1 216 5 discriminator 2 view .LVU94
 217:../../../core/ST/STM32L4xx_HAL_Driver/Src/stm32l4xx_hal_i2c_ex.c **** 
 218:../../../core/ST/STM32L4xx_HAL_Driver/Src/stm32l4xx_hal_i2c_ex.c ****     hi2c->State = HAL_I2C_STATE_BUSY;
 370              		.loc 1 218 5 discriminator 2 view .LVU95
 371              		.loc 1 218 17 is_stmt 0 discriminator 2 view .LVU96
 372 0044 2423     		movs	r3, #36
 373 0046 84F84130 		strb	r3, [r4, #65]
 219:../../../core/ST/STM32L4xx_HAL_Driver/Src/stm32l4xx_hal_i2c_ex.c **** 
 220:../../../core/ST/STM32L4xx_HAL_Driver/Src/stm32l4xx_hal_i2c_ex.c ****     /* Disable the selected I2C peripheral */
 221:../../../core/ST/STM32L4xx_HAL_Driver/Src/stm32l4xx_hal_i2c_ex.c ****     __HAL_I2C_DISABLE(hi2c);
 374              		.loc 1 221 5 is_stmt 1 discriminator 2 view .LVU97
 375 004a 2268     		ldr	r2, [r4]
 376 004c 1368     		ldr	r3, [r2]
 377 004e 23F00103 		bic	r3, r3, #1
 378 0052 1360     		str	r3, [r2]
 222:../../../core/ST/STM32L4xx_HAL_Driver/Src/stm32l4xx_hal_i2c_ex.c **** 
 223:../../../core/ST/STM32L4xx_HAL_Driver/Src/stm32l4xx_hal_i2c_ex.c ****     /* Enable wakeup from stop mode */
 224:../../../core/ST/STM32L4xx_HAL_Driver/Src/stm32l4xx_hal_i2c_ex.c ****     hi2c->Instance->CR1 |= I2C_CR1_WUPEN;
 379              		.loc 1 224 5 discriminator 2 view .LVU98
 380              		.loc 1 224 9 is_stmt 0 discriminator 2 view .LVU99
 381 0054 2268     		ldr	r2, [r4]
 382              		.loc 1 224 25 discriminator 2 view .LVU100
 383 0056 1368     		ldr	r3, [r2]
 384 0058 43F48023 		orr	r3, r3, #262144
 385 005c 1360     		str	r3, [r2]
 225:../../../core/ST/STM32L4xx_HAL_Driver/Src/stm32l4xx_hal_i2c_ex.c **** 
 226:../../../core/ST/STM32L4xx_HAL_Driver/Src/stm32l4xx_hal_i2c_ex.c ****     __HAL_I2C_ENABLE(hi2c);
 386              		.loc 1 226 5 is_stmt 1 discriminator 2 view .LVU101
 387 005e 2268     		ldr	r2, [r4]
 388 0060 1368     		ldr	r3, [r2]
 389 0062 43F00103 		orr	r3, r3, #1
 390 0066 1360     		str	r3, [r2]
 227:../../../core/ST/STM32L4xx_HAL_Driver/Src/stm32l4xx_hal_i2c_ex.c **** 
 228:../../../core/ST/STM32L4xx_HAL_Driver/Src/stm32l4xx_hal_i2c_ex.c ****     hi2c->State = HAL_I2C_STATE_READY;
 391              		.loc 1 228 5 discriminator 2 view .LVU102
ARM GAS  C:\Users\tijsv\AppData\Local\Temp\ccSG7CHL.s 			page 12


 392              		.loc 1 228 17 is_stmt 0 discriminator 2 view .LVU103
 393 0068 2023     		movs	r3, #32
 394 006a 84F84130 		strb	r3, [r4, #65]
 229:../../../core/ST/STM32L4xx_HAL_Driver/Src/stm32l4xx_hal_i2c_ex.c **** 
 230:../../../core/ST/STM32L4xx_HAL_Driver/Src/stm32l4xx_hal_i2c_ex.c ****     /* Process Unlocked */
 231:../../../core/ST/STM32L4xx_HAL_Driver/Src/stm32l4xx_hal_i2c_ex.c ****     __HAL_UNLOCK(hi2c);
 395              		.loc 1 231 5 is_stmt 1 discriminator 2 view .LVU104
 396              		.loc 1 231 5 discriminator 2 view .LVU105
 397 006e 0020     		movs	r0, #0
 398 0070 84F84000 		strb	r0, [r4, #64]
 399              		.loc 1 231 5 discriminator 2 view .LVU106
 232:../../../core/ST/STM32L4xx_HAL_Driver/Src/stm32l4xx_hal_i2c_ex.c **** 
 233:../../../core/ST/STM32L4xx_HAL_Driver/Src/stm32l4xx_hal_i2c_ex.c ****     return HAL_OK;
 400              		.loc 1 233 5 discriminator 2 view .LVU107
 401              	.L23:
 234:../../../core/ST/STM32L4xx_HAL_Driver/Src/stm32l4xx_hal_i2c_ex.c ****   }
 235:../../../core/ST/STM32L4xx_HAL_Driver/Src/stm32l4xx_hal_i2c_ex.c ****   else
 236:../../../core/ST/STM32L4xx_HAL_Driver/Src/stm32l4xx_hal_i2c_ex.c ****   {
 237:../../../core/ST/STM32L4xx_HAL_Driver/Src/stm32l4xx_hal_i2c_ex.c ****     return HAL_BUSY;
 238:../../../core/ST/STM32L4xx_HAL_Driver/Src/stm32l4xx_hal_i2c_ex.c ****   }
 239:../../../core/ST/STM32L4xx_HAL_Driver/Src/stm32l4xx_hal_i2c_ex.c **** }
 402              		.loc 1 239 1 is_stmt 0 view .LVU108
 403 0074 10BD     		pop	{r4, pc}
 404              	.LVL20:
 405              	.L24:
 237:../../../core/ST/STM32L4xx_HAL_Driver/Src/stm32l4xx_hal_i2c_ex.c ****   }
 406              		.loc 1 237 12 view .LVU109
 407 0076 0220     		movs	r0, #2
 408 0078 FCE7     		b	.L23
 409              	.L25:
 216:../../../core/ST/STM32L4xx_HAL_Driver/Src/stm32l4xx_hal_i2c_ex.c **** 
 410              		.loc 1 216 5 view .LVU110
 411 007a 0220     		movs	r0, #2
 412 007c FAE7     		b	.L23
 413              	.L28:
 414 007e 00BF     		.align	2
 415              	.L27:
 416 0080 00540040 		.word	1073763328
 417 0084 00000000 		.word	.LC0
 418              		.cfi_endproc
 419              	.LFE125:
 421              		.section	.text.HAL_I2CEx_DisableWakeUp,"ax",%progbits
 422              		.align	1
 423              		.global	HAL_I2CEx_DisableWakeUp
 424              		.syntax unified
 425              		.thumb
 426              		.thumb_func
 427              		.fpu fpv4-sp-d16
 429              	HAL_I2CEx_DisableWakeUp:
 430              	.LVL21:
 431              	.LFB126:
 240:../../../core/ST/STM32L4xx_HAL_Driver/Src/stm32l4xx_hal_i2c_ex.c **** 
 241:../../../core/ST/STM32L4xx_HAL_Driver/Src/stm32l4xx_hal_i2c_ex.c **** /**
 242:../../../core/ST/STM32L4xx_HAL_Driver/Src/stm32l4xx_hal_i2c_ex.c ****   * @brief  Disable I2C wakeup from Stop mode(s).
 243:../../../core/ST/STM32L4xx_HAL_Driver/Src/stm32l4xx_hal_i2c_ex.c ****   * @param  hi2c Pointer to a I2C_HandleTypeDef structure that contains
 244:../../../core/ST/STM32L4xx_HAL_Driver/Src/stm32l4xx_hal_i2c_ex.c ****   *                the configuration information for the specified I2Cx peripheral.
 245:../../../core/ST/STM32L4xx_HAL_Driver/Src/stm32l4xx_hal_i2c_ex.c ****   * @retval HAL status
ARM GAS  C:\Users\tijsv\AppData\Local\Temp\ccSG7CHL.s 			page 13


 246:../../../core/ST/STM32L4xx_HAL_Driver/Src/stm32l4xx_hal_i2c_ex.c ****   */
 247:../../../core/ST/STM32L4xx_HAL_Driver/Src/stm32l4xx_hal_i2c_ex.c **** HAL_StatusTypeDef HAL_I2CEx_DisableWakeUp(I2C_HandleTypeDef *hi2c)
 248:../../../core/ST/STM32L4xx_HAL_Driver/Src/stm32l4xx_hal_i2c_ex.c **** {
 432              		.loc 1 248 1 is_stmt 1 view -0
 433              		.cfi_startproc
 434              		@ args = 0, pretend = 0, frame = 0
 435              		@ frame_needed = 0, uses_anonymous_args = 0
 436              		.loc 1 248 1 is_stmt 0 view .LVU112
 437 0000 10B5     		push	{r4, lr}
 438              	.LCFI3:
 439              		.cfi_def_cfa_offset 8
 440              		.cfi_offset 4, -8
 441              		.cfi_offset 14, -4
 442 0002 0446     		mov	r4, r0
 249:../../../core/ST/STM32L4xx_HAL_Driver/Src/stm32l4xx_hal_i2c_ex.c ****   /* Check the parameters */
 250:../../../core/ST/STM32L4xx_HAL_Driver/Src/stm32l4xx_hal_i2c_ex.c ****   assert_param(IS_I2C_WAKEUP_FROMSTOP_INSTANCE(hi2c->Instance));
 443              		.loc 1 250 3 is_stmt 1 view .LVU113
 444 0004 0368     		ldr	r3, [r0]
 445 0006 1E4A     		ldr	r2, .L35
 446 0008 9342     		cmp	r3, r2
 447 000a 0FD0     		beq	.L30
 448              		.loc 1 250 3 is_stmt 0 discriminator 1 view .LVU114
 449 000c 02F58062 		add	r2, r2, #1024
 450 0010 9342     		cmp	r3, r2
 451 0012 0BD0     		beq	.L30
 452              		.loc 1 250 3 discriminator 2 view .LVU115
 453 0014 02F58062 		add	r2, r2, #1024
 454 0018 9342     		cmp	r3, r2
 455 001a 07D0     		beq	.L30
 456              		.loc 1 250 3 discriminator 3 view .LVU116
 457 001c 02F52052 		add	r2, r2, #10240
 458 0020 9342     		cmp	r3, r2
 459 0022 03D0     		beq	.L30
 460              		.loc 1 250 3 discriminator 4 view .LVU117
 461 0024 FA21     		movs	r1, #250
 462 0026 1748     		ldr	r0, .L35+4
 463              	.LVL22:
 464              		.loc 1 250 3 discriminator 4 view .LVU118
 465 0028 FFF7FEFF 		bl	assert_failed
 466              	.LVL23:
 467              	.L30:
 251:../../../core/ST/STM32L4xx_HAL_Driver/Src/stm32l4xx_hal_i2c_ex.c **** 
 252:../../../core/ST/STM32L4xx_HAL_Driver/Src/stm32l4xx_hal_i2c_ex.c ****   if (hi2c->State == HAL_I2C_STATE_READY)
 468              		.loc 1 252 3 is_stmt 1 view .LVU119
 469              		.loc 1 252 11 is_stmt 0 view .LVU120
 470 002c 94F84130 		ldrb	r3, [r4, #65]	@ zero_extendqisi2
 471 0030 DBB2     		uxtb	r3, r3
 472              		.loc 1 252 6 view .LVU121
 473 0032 202B     		cmp	r3, #32
 474 0034 1FD1     		bne	.L32
 253:../../../core/ST/STM32L4xx_HAL_Driver/Src/stm32l4xx_hal_i2c_ex.c ****   {
 254:../../../core/ST/STM32L4xx_HAL_Driver/Src/stm32l4xx_hal_i2c_ex.c ****     /* Process Locked */
 255:../../../core/ST/STM32L4xx_HAL_Driver/Src/stm32l4xx_hal_i2c_ex.c ****     __HAL_LOCK(hi2c);
 475              		.loc 1 255 5 is_stmt 1 view .LVU122
 476              		.loc 1 255 5 view .LVU123
 477 0036 94F84030 		ldrb	r3, [r4, #64]	@ zero_extendqisi2
 478 003a 012B     		cmp	r3, #1
ARM GAS  C:\Users\tijsv\AppData\Local\Temp\ccSG7CHL.s 			page 14


 479 003c 1DD0     		beq	.L33
 480              		.loc 1 255 5 discriminator 2 view .LVU124
 481 003e 0123     		movs	r3, #1
 482 0040 84F84030 		strb	r3, [r4, #64]
 483              		.loc 1 255 5 discriminator 2 view .LVU125
 256:../../../core/ST/STM32L4xx_HAL_Driver/Src/stm32l4xx_hal_i2c_ex.c **** 
 257:../../../core/ST/STM32L4xx_HAL_Driver/Src/stm32l4xx_hal_i2c_ex.c ****     hi2c->State = HAL_I2C_STATE_BUSY;
 484              		.loc 1 257 5 discriminator 2 view .LVU126
 485              		.loc 1 257 17 is_stmt 0 discriminator 2 view .LVU127
 486 0044 2423     		movs	r3, #36
 487 0046 84F84130 		strb	r3, [r4, #65]
 258:../../../core/ST/STM32L4xx_HAL_Driver/Src/stm32l4xx_hal_i2c_ex.c **** 
 259:../../../core/ST/STM32L4xx_HAL_Driver/Src/stm32l4xx_hal_i2c_ex.c ****     /* Disable the selected I2C peripheral */
 260:../../../core/ST/STM32L4xx_HAL_Driver/Src/stm32l4xx_hal_i2c_ex.c ****     __HAL_I2C_DISABLE(hi2c);
 488              		.loc 1 260 5 is_stmt 1 discriminator 2 view .LVU128
 489 004a 2268     		ldr	r2, [r4]
 490 004c 1368     		ldr	r3, [r2]
 491 004e 23F00103 		bic	r3, r3, #1
 492 0052 1360     		str	r3, [r2]
 261:../../../core/ST/STM32L4xx_HAL_Driver/Src/stm32l4xx_hal_i2c_ex.c **** 
 262:../../../core/ST/STM32L4xx_HAL_Driver/Src/stm32l4xx_hal_i2c_ex.c ****     /* Enable wakeup from stop mode */
 263:../../../core/ST/STM32L4xx_HAL_Driver/Src/stm32l4xx_hal_i2c_ex.c ****     hi2c->Instance->CR1 &= ~(I2C_CR1_WUPEN);
 493              		.loc 1 263 5 discriminator 2 view .LVU129
 494              		.loc 1 263 9 is_stmt 0 discriminator 2 view .LVU130
 495 0054 2268     		ldr	r2, [r4]
 496              		.loc 1 263 25 discriminator 2 view .LVU131
 497 0056 1368     		ldr	r3, [r2]
 498 0058 23F48023 		bic	r3, r3, #262144
 499 005c 1360     		str	r3, [r2]
 264:../../../core/ST/STM32L4xx_HAL_Driver/Src/stm32l4xx_hal_i2c_ex.c **** 
 265:../../../core/ST/STM32L4xx_HAL_Driver/Src/stm32l4xx_hal_i2c_ex.c ****     __HAL_I2C_ENABLE(hi2c);
 500              		.loc 1 265 5 is_stmt 1 discriminator 2 view .LVU132
 501 005e 2268     		ldr	r2, [r4]
 502 0060 1368     		ldr	r3, [r2]
 503 0062 43F00103 		orr	r3, r3, #1
 504 0066 1360     		str	r3, [r2]
 266:../../../core/ST/STM32L4xx_HAL_Driver/Src/stm32l4xx_hal_i2c_ex.c **** 
 267:../../../core/ST/STM32L4xx_HAL_Driver/Src/stm32l4xx_hal_i2c_ex.c ****     hi2c->State = HAL_I2C_STATE_READY;
 505              		.loc 1 267 5 discriminator 2 view .LVU133
 506              		.loc 1 267 17 is_stmt 0 discriminator 2 view .LVU134
 507 0068 2023     		movs	r3, #32
 508 006a 84F84130 		strb	r3, [r4, #65]
 268:../../../core/ST/STM32L4xx_HAL_Driver/Src/stm32l4xx_hal_i2c_ex.c **** 
 269:../../../core/ST/STM32L4xx_HAL_Driver/Src/stm32l4xx_hal_i2c_ex.c ****     /* Process Unlocked */
 270:../../../core/ST/STM32L4xx_HAL_Driver/Src/stm32l4xx_hal_i2c_ex.c ****     __HAL_UNLOCK(hi2c);
 509              		.loc 1 270 5 is_stmt 1 discriminator 2 view .LVU135
 510              		.loc 1 270 5 discriminator 2 view .LVU136
 511 006e 0020     		movs	r0, #0
 512 0070 84F84000 		strb	r0, [r4, #64]
 513              		.loc 1 270 5 discriminator 2 view .LVU137
 271:../../../core/ST/STM32L4xx_HAL_Driver/Src/stm32l4xx_hal_i2c_ex.c **** 
 272:../../../core/ST/STM32L4xx_HAL_Driver/Src/stm32l4xx_hal_i2c_ex.c ****     return HAL_OK;
 514              		.loc 1 272 5 discriminator 2 view .LVU138
 515              	.L31:
 273:../../../core/ST/STM32L4xx_HAL_Driver/Src/stm32l4xx_hal_i2c_ex.c ****   }
 274:../../../core/ST/STM32L4xx_HAL_Driver/Src/stm32l4xx_hal_i2c_ex.c ****   else
 275:../../../core/ST/STM32L4xx_HAL_Driver/Src/stm32l4xx_hal_i2c_ex.c ****   {
ARM GAS  C:\Users\tijsv\AppData\Local\Temp\ccSG7CHL.s 			page 15


 276:../../../core/ST/STM32L4xx_HAL_Driver/Src/stm32l4xx_hal_i2c_ex.c ****     return HAL_BUSY;
 277:../../../core/ST/STM32L4xx_HAL_Driver/Src/stm32l4xx_hal_i2c_ex.c ****   }
 278:../../../core/ST/STM32L4xx_HAL_Driver/Src/stm32l4xx_hal_i2c_ex.c **** }
 516              		.loc 1 278 1 is_stmt 0 view .LVU139
 517 0074 10BD     		pop	{r4, pc}
 518              	.LVL24:
 519              	.L32:
 276:../../../core/ST/STM32L4xx_HAL_Driver/Src/stm32l4xx_hal_i2c_ex.c ****   }
 520              		.loc 1 276 12 view .LVU140
 521 0076 0220     		movs	r0, #2
 522 0078 FCE7     		b	.L31
 523              	.L33:
 255:../../../core/ST/STM32L4xx_HAL_Driver/Src/stm32l4xx_hal_i2c_ex.c **** 
 524              		.loc 1 255 5 view .LVU141
 525 007a 0220     		movs	r0, #2
 526 007c FAE7     		b	.L31
 527              	.L36:
 528 007e 00BF     		.align	2
 529              	.L35:
 530 0080 00540040 		.word	1073763328
 531 0084 00000000 		.word	.LC0
 532              		.cfi_endproc
 533              	.LFE126:
 535              		.section	.text.HAL_I2CEx_EnableFastModePlus,"ax",%progbits
 536              		.align	1
 537              		.global	HAL_I2CEx_EnableFastModePlus
 538              		.syntax unified
 539              		.thumb
 540              		.thumb_func
 541              		.fpu fpv4-sp-d16
 543              	HAL_I2CEx_EnableFastModePlus:
 544              	.LVL25:
 545              	.LFB127:
 279:../../../core/ST/STM32L4xx_HAL_Driver/Src/stm32l4xx_hal_i2c_ex.c **** 
 280:../../../core/ST/STM32L4xx_HAL_Driver/Src/stm32l4xx_hal_i2c_ex.c **** /**
 281:../../../core/ST/STM32L4xx_HAL_Driver/Src/stm32l4xx_hal_i2c_ex.c ****   * @brief Enable the I2C fast mode plus driving capability.
 282:../../../core/ST/STM32L4xx_HAL_Driver/Src/stm32l4xx_hal_i2c_ex.c ****   * @param ConfigFastModePlus Selects the pin.
 283:../../../core/ST/STM32L4xx_HAL_Driver/Src/stm32l4xx_hal_i2c_ex.c ****   *   This parameter can be one of the @ref I2CEx_FastModePlus values
 284:../../../core/ST/STM32L4xx_HAL_Driver/Src/stm32l4xx_hal_i2c_ex.c ****   * @note  For I2C1, fast mode plus driving capability can be enabled on all selected
 285:../../../core/ST/STM32L4xx_HAL_Driver/Src/stm32l4xx_hal_i2c_ex.c ****   *        I2C1 pins using I2C_FASTMODEPLUS_I2C1 parameter or independently
 286:../../../core/ST/STM32L4xx_HAL_Driver/Src/stm32l4xx_hal_i2c_ex.c ****   *        on each one of the following pins PB6, PB7, PB8 and PB9.
 287:../../../core/ST/STM32L4xx_HAL_Driver/Src/stm32l4xx_hal_i2c_ex.c ****   * @note  For remaining I2C1 pins (PA14, PA15...) fast mode plus driving capability
 288:../../../core/ST/STM32L4xx_HAL_Driver/Src/stm32l4xx_hal_i2c_ex.c ****   *        can be enabled only by using I2C_FASTMODEPLUS_I2C1 parameter.
 289:../../../core/ST/STM32L4xx_HAL_Driver/Src/stm32l4xx_hal_i2c_ex.c ****   * @note  For all I2C2 pins fast mode plus driving capability can be enabled
 290:../../../core/ST/STM32L4xx_HAL_Driver/Src/stm32l4xx_hal_i2c_ex.c ****   *        only by using I2C_FASTMODEPLUS_I2C2 parameter.
 291:../../../core/ST/STM32L4xx_HAL_Driver/Src/stm32l4xx_hal_i2c_ex.c ****   * @note  For all I2C3 pins fast mode plus driving capability can be enabled
 292:../../../core/ST/STM32L4xx_HAL_Driver/Src/stm32l4xx_hal_i2c_ex.c ****   *        only by using I2C_FASTMODEPLUS_I2C3 parameter.
 293:../../../core/ST/STM32L4xx_HAL_Driver/Src/stm32l4xx_hal_i2c_ex.c ****   * @note  For all I2C4 pins fast mode plus driving capability can be enabled
 294:../../../core/ST/STM32L4xx_HAL_Driver/Src/stm32l4xx_hal_i2c_ex.c ****   *        only by using I2C_FASTMODEPLUS_I2C4 parameter.
 295:../../../core/ST/STM32L4xx_HAL_Driver/Src/stm32l4xx_hal_i2c_ex.c ****   * @retval None
 296:../../../core/ST/STM32L4xx_HAL_Driver/Src/stm32l4xx_hal_i2c_ex.c ****   */
 297:../../../core/ST/STM32L4xx_HAL_Driver/Src/stm32l4xx_hal_i2c_ex.c **** void HAL_I2CEx_EnableFastModePlus(uint32_t ConfigFastModePlus)
 298:../../../core/ST/STM32L4xx_HAL_Driver/Src/stm32l4xx_hal_i2c_ex.c **** {
 546              		.loc 1 298 1 is_stmt 1 view -0
 547              		.cfi_startproc
 548              		@ args = 0, pretend = 0, frame = 8
 549              		@ frame_needed = 0, uses_anonymous_args = 0
ARM GAS  C:\Users\tijsv\AppData\Local\Temp\ccSG7CHL.s 			page 16


 550              		.loc 1 298 1 is_stmt 0 view .LVU143
 551 0000 10B5     		push	{r4, lr}
 552              	.LCFI4:
 553              		.cfi_def_cfa_offset 8
 554              		.cfi_offset 4, -8
 555              		.cfi_offset 14, -4
 556 0002 82B0     		sub	sp, sp, #8
 557              	.LCFI5:
 558              		.cfi_def_cfa_offset 16
 559 0004 0446     		mov	r4, r0
 299:../../../core/ST/STM32L4xx_HAL_Driver/Src/stm32l4xx_hal_i2c_ex.c ****   /* Check the parameter */
 300:../../../core/ST/STM32L4xx_HAL_Driver/Src/stm32l4xx_hal_i2c_ex.c ****   assert_param(IS_I2C_FASTMODEPLUS(ConfigFastModePlus));
 560              		.loc 1 300 3 is_stmt 1 view .LVU144
 561 0006 0D4B     		ldr	r3, .L41
 562 0008 8343     		bics	r3, r3, r0
 563 000a 02D0     		beq	.L38
 564              		.loc 1 300 3 is_stmt 0 discriminator 2 view .LVU145
 565 000c 10F47F0F 		tst	r0, #16711680
 566 0010 04D1     		bne	.L39
 567              	.L38:
 568              		.loc 1 300 3 discriminator 3 view .LVU146
 569 0012 4FF49671 		mov	r1, #300
 570 0016 0A48     		ldr	r0, .L41+4
 571              	.LVL26:
 572              		.loc 1 300 3 discriminator 3 view .LVU147
 573 0018 FFF7FEFF 		bl	assert_failed
 574              	.LVL27:
 575              	.L39:
 301:../../../core/ST/STM32L4xx_HAL_Driver/Src/stm32l4xx_hal_i2c_ex.c **** 
 302:../../../core/ST/STM32L4xx_HAL_Driver/Src/stm32l4xx_hal_i2c_ex.c ****   /* Enable SYSCFG clock */
 303:../../../core/ST/STM32L4xx_HAL_Driver/Src/stm32l4xx_hal_i2c_ex.c ****   __HAL_RCC_SYSCFG_CLK_ENABLE();
 576              		.loc 1 303 3 is_stmt 1 view .LVU148
 577              	.LBB2:
 578              		.loc 1 303 3 view .LVU149
 579              		.loc 1 303 3 view .LVU150
 580 001c 094B     		ldr	r3, .L41+8
 581 001e 1A6E     		ldr	r2, [r3, #96]
 582 0020 42F00102 		orr	r2, r2, #1
 583 0024 1A66     		str	r2, [r3, #96]
 584              		.loc 1 303 3 view .LVU151
 585 0026 1B6E     		ldr	r3, [r3, #96]
 586 0028 03F00103 		and	r3, r3, #1
 587 002c 0193     		str	r3, [sp, #4]
 588              		.loc 1 303 3 view .LVU152
 589 002e 019B     		ldr	r3, [sp, #4]
 590              	.LBE2:
 591              		.loc 1 303 3 view .LVU153
 304:../../../core/ST/STM32L4xx_HAL_Driver/Src/stm32l4xx_hal_i2c_ex.c **** 
 305:../../../core/ST/STM32L4xx_HAL_Driver/Src/stm32l4xx_hal_i2c_ex.c ****   /* Enable fast mode plus driving capability for selected pin */
 306:../../../core/ST/STM32L4xx_HAL_Driver/Src/stm32l4xx_hal_i2c_ex.c ****   SET_BIT(SYSCFG->CFGR1, (uint32_t)ConfigFastModePlus);
 592              		.loc 1 306 3 view .LVU154
 593 0030 054B     		ldr	r3, .L41+12
 594 0032 5868     		ldr	r0, [r3, #4]
 595 0034 0443     		orrs	r4, r4, r0
 596              	.LVL28:
 597              		.loc 1 306 3 is_stmt 0 view .LVU155
 598 0036 5C60     		str	r4, [r3, #4]
ARM GAS  C:\Users\tijsv\AppData\Local\Temp\ccSG7CHL.s 			page 17


 307:../../../core/ST/STM32L4xx_HAL_Driver/Src/stm32l4xx_hal_i2c_ex.c **** }
 599              		.loc 1 307 1 view .LVU156
 600 0038 02B0     		add	sp, sp, #8
 601              	.LCFI6:
 602              		.cfi_def_cfa_offset 8
 603              		@ sp needed
 604 003a 10BD     		pop	{r4, pc}
 605              	.L42:
 606              		.align	2
 607              	.L41:
 608 003c 0000AAAA 		.word	-1431699456
 609 0040 00000000 		.word	.LC0
 610 0044 00100240 		.word	1073876992
 611 0048 00000140 		.word	1073807360
 612              		.cfi_endproc
 613              	.LFE127:
 615              		.section	.text.HAL_I2CEx_DisableFastModePlus,"ax",%progbits
 616              		.align	1
 617              		.global	HAL_I2CEx_DisableFastModePlus
 618              		.syntax unified
 619              		.thumb
 620              		.thumb_func
 621              		.fpu fpv4-sp-d16
 623              	HAL_I2CEx_DisableFastModePlus:
 624              	.LVL29:
 625              	.LFB128:
 308:../../../core/ST/STM32L4xx_HAL_Driver/Src/stm32l4xx_hal_i2c_ex.c **** 
 309:../../../core/ST/STM32L4xx_HAL_Driver/Src/stm32l4xx_hal_i2c_ex.c **** /**
 310:../../../core/ST/STM32L4xx_HAL_Driver/Src/stm32l4xx_hal_i2c_ex.c ****   * @brief Disable the I2C fast mode plus driving capability.
 311:../../../core/ST/STM32L4xx_HAL_Driver/Src/stm32l4xx_hal_i2c_ex.c ****   * @param ConfigFastModePlus Selects the pin.
 312:../../../core/ST/STM32L4xx_HAL_Driver/Src/stm32l4xx_hal_i2c_ex.c ****   *   This parameter can be one of the @ref I2CEx_FastModePlus values
 313:../../../core/ST/STM32L4xx_HAL_Driver/Src/stm32l4xx_hal_i2c_ex.c ****   * @note  For I2C1, fast mode plus driving capability can be disabled on all selected
 314:../../../core/ST/STM32L4xx_HAL_Driver/Src/stm32l4xx_hal_i2c_ex.c ****   *        I2C1 pins using I2C_FASTMODEPLUS_I2C1 parameter or independently
 315:../../../core/ST/STM32L4xx_HAL_Driver/Src/stm32l4xx_hal_i2c_ex.c ****   *        on each one of the following pins PB6, PB7, PB8 and PB9.
 316:../../../core/ST/STM32L4xx_HAL_Driver/Src/stm32l4xx_hal_i2c_ex.c ****   * @note  For remaining I2C1 pins (PA14, PA15...) fast mode plus driving capability
 317:../../../core/ST/STM32L4xx_HAL_Driver/Src/stm32l4xx_hal_i2c_ex.c ****   *        can be disabled only by using I2C_FASTMODEPLUS_I2C1 parameter.
 318:../../../core/ST/STM32L4xx_HAL_Driver/Src/stm32l4xx_hal_i2c_ex.c ****   * @note  For all I2C2 pins fast mode plus driving capability can be disabled
 319:../../../core/ST/STM32L4xx_HAL_Driver/Src/stm32l4xx_hal_i2c_ex.c ****   *        only by using I2C_FASTMODEPLUS_I2C2 parameter.
 320:../../../core/ST/STM32L4xx_HAL_Driver/Src/stm32l4xx_hal_i2c_ex.c ****   * @note  For all I2C3 pins fast mode plus driving capability can be disabled
 321:../../../core/ST/STM32L4xx_HAL_Driver/Src/stm32l4xx_hal_i2c_ex.c ****   *        only by using I2C_FASTMODEPLUS_I2C3 parameter.
 322:../../../core/ST/STM32L4xx_HAL_Driver/Src/stm32l4xx_hal_i2c_ex.c ****   * @note  For all I2C4 pins fast mode plus driving capability can be disabled
 323:../../../core/ST/STM32L4xx_HAL_Driver/Src/stm32l4xx_hal_i2c_ex.c ****   *        only by using I2C_FASTMODEPLUS_I2C4 parameter.
 324:../../../core/ST/STM32L4xx_HAL_Driver/Src/stm32l4xx_hal_i2c_ex.c ****   * @retval None
 325:../../../core/ST/STM32L4xx_HAL_Driver/Src/stm32l4xx_hal_i2c_ex.c ****   */
 326:../../../core/ST/STM32L4xx_HAL_Driver/Src/stm32l4xx_hal_i2c_ex.c **** void HAL_I2CEx_DisableFastModePlus(uint32_t ConfigFastModePlus)
 327:../../../core/ST/STM32L4xx_HAL_Driver/Src/stm32l4xx_hal_i2c_ex.c **** {
 626              		.loc 1 327 1 is_stmt 1 view -0
 627              		.cfi_startproc
 628              		@ args = 0, pretend = 0, frame = 8
 629              		@ frame_needed = 0, uses_anonymous_args = 0
 630              		.loc 1 327 1 is_stmt 0 view .LVU158
 631 0000 10B5     		push	{r4, lr}
 632              	.LCFI7:
 633              		.cfi_def_cfa_offset 8
 634              		.cfi_offset 4, -8
 635              		.cfi_offset 14, -4
 636 0002 82B0     		sub	sp, sp, #8
ARM GAS  C:\Users\tijsv\AppData\Local\Temp\ccSG7CHL.s 			page 18


 637              	.LCFI8:
 638              		.cfi_def_cfa_offset 16
 639 0004 0446     		mov	r4, r0
 328:../../../core/ST/STM32L4xx_HAL_Driver/Src/stm32l4xx_hal_i2c_ex.c ****   /* Check the parameter */
 329:../../../core/ST/STM32L4xx_HAL_Driver/Src/stm32l4xx_hal_i2c_ex.c ****   assert_param(IS_I2C_FASTMODEPLUS(ConfigFastModePlus));
 640              		.loc 1 329 3 is_stmt 1 view .LVU159
 641 0006 0E4B     		ldr	r3, .L47
 642 0008 8343     		bics	r3, r3, r0
 643 000a 02D0     		beq	.L44
 644              		.loc 1 329 3 is_stmt 0 discriminator 2 view .LVU160
 645 000c 10F47F0F 		tst	r0, #16711680
 646 0010 04D1     		bne	.L45
 647              	.L44:
 648              		.loc 1 329 3 discriminator 3 view .LVU161
 649 0012 40F24911 		movw	r1, #329
 650 0016 0B48     		ldr	r0, .L47+4
 651              	.LVL30:
 652              		.loc 1 329 3 discriminator 3 view .LVU162
 653 0018 FFF7FEFF 		bl	assert_failed
 654              	.LVL31:
 655              	.L45:
 330:../../../core/ST/STM32L4xx_HAL_Driver/Src/stm32l4xx_hal_i2c_ex.c **** 
 331:../../../core/ST/STM32L4xx_HAL_Driver/Src/stm32l4xx_hal_i2c_ex.c ****   /* Enable SYSCFG clock */
 332:../../../core/ST/STM32L4xx_HAL_Driver/Src/stm32l4xx_hal_i2c_ex.c ****   __HAL_RCC_SYSCFG_CLK_ENABLE();
 656              		.loc 1 332 3 is_stmt 1 view .LVU163
 657              	.LBB3:
 658              		.loc 1 332 3 view .LVU164
 659              		.loc 1 332 3 view .LVU165
 660 001c 0A4B     		ldr	r3, .L47+8
 661 001e 1A6E     		ldr	r2, [r3, #96]
 662 0020 42F00102 		orr	r2, r2, #1
 663 0024 1A66     		str	r2, [r3, #96]
 664              		.loc 1 332 3 view .LVU166
 665 0026 1B6E     		ldr	r3, [r3, #96]
 666 0028 03F00103 		and	r3, r3, #1
 667 002c 0193     		str	r3, [sp, #4]
 668              		.loc 1 332 3 view .LVU167
 669 002e 019B     		ldr	r3, [sp, #4]
 670              	.LBE3:
 671              		.loc 1 332 3 view .LVU168
 333:../../../core/ST/STM32L4xx_HAL_Driver/Src/stm32l4xx_hal_i2c_ex.c **** 
 334:../../../core/ST/STM32L4xx_HAL_Driver/Src/stm32l4xx_hal_i2c_ex.c ****   /* Disable fast mode plus driving capability for selected pin */
 335:../../../core/ST/STM32L4xx_HAL_Driver/Src/stm32l4xx_hal_i2c_ex.c ****   CLEAR_BIT(SYSCFG->CFGR1, (uint32_t)ConfigFastModePlus);
 672              		.loc 1 335 3 view .LVU169
 673 0030 064B     		ldr	r3, .L47+12
 674 0032 5868     		ldr	r0, [r3, #4]
 675 0034 20EA0404 		bic	r4, r0, r4
 676              	.LVL32:
 677              		.loc 1 335 3 is_stmt 0 view .LVU170
 678 0038 5C60     		str	r4, [r3, #4]
 336:../../../core/ST/STM32L4xx_HAL_Driver/Src/stm32l4xx_hal_i2c_ex.c **** }
 679              		.loc 1 336 1 view .LVU171
 680 003a 02B0     		add	sp, sp, #8
 681              	.LCFI9:
 682              		.cfi_def_cfa_offset 8
 683              		@ sp needed
 684 003c 10BD     		pop	{r4, pc}
ARM GAS  C:\Users\tijsv\AppData\Local\Temp\ccSG7CHL.s 			page 19


 685              	.L48:
 686 003e 00BF     		.align	2
 687              	.L47:
 688 0040 0000AAAA 		.word	-1431699456
 689 0044 00000000 		.word	.LC0
 690 0048 00100240 		.word	1073876992
 691 004c 00000140 		.word	1073807360
 692              		.cfi_endproc
 693              	.LFE128:
 695              		.text
 696              	.Letext0:
 697              		.file 2 "c:\\program files (x86)\\gnu tools arm embedded\\9 2019-q4-major\\arm-none-eabi\\include\
 698              		.file 3 "c:\\program files (x86)\\gnu tools arm embedded\\9 2019-q4-major\\arm-none-eabi\\include\
 699              		.file 4 "../../../core/ST/CMSIS/Include/core_cm4.h"
 700              		.file 5 "../../../core/ST/CMSIS/Device/ST/STM32L4xx/Include/system_stm32l4xx.h"
 701              		.file 6 "../../../core/ST/CMSIS/Device/ST/STM32L4xx/Include/stm32l496xx.h"
 702              		.file 7 "../../../core/ST/STM32L4xx_HAL_Driver/Inc/stm32l4xx_hal_def.h"
 703              		.file 8 "../../../core/ST/STM32L4xx_HAL_Driver/Inc/stm32l4xx_hal_dma.h"
 704              		.file 9 "../../../core/ST/STM32L4xx_HAL_Driver/Inc/stm32l4xx_hal_i2c.h"
 705              		.file 10 "../../../core/ST/STM32L4xx_HAL_Driver/Inc/stm32l4xx_hal.h"
 706              		.file 11 "../../../core/platform/octa/inc/stm32l4xx_hal_conf.h"
ARM GAS  C:\Users\tijsv\AppData\Local\Temp\ccSG7CHL.s 			page 20


DEFINED SYMBOLS
                            *ABS*:00000000 stm32l4xx_hal_i2c_ex.c
C:\Users\tijsv\AppData\Local\Temp\ccSG7CHL.s:18     .rodata.HAL_I2CEx_ConfigAnalogFilter.str1.4:00000000 $d
C:\Users\tijsv\AppData\Local\Temp\ccSG7CHL.s:23     .text.HAL_I2CEx_ConfigAnalogFilter:00000000 $t
C:\Users\tijsv\AppData\Local\Temp\ccSG7CHL.s:31     .text.HAL_I2CEx_ConfigAnalogFilter:00000000 HAL_I2CEx_ConfigAnalogFilter
C:\Users\tijsv\AppData\Local\Temp\ccSG7CHL.s:160    .text.HAL_I2CEx_ConfigAnalogFilter:0000009c $d
C:\Users\tijsv\AppData\Local\Temp\ccSG7CHL.s:166    .text.HAL_I2CEx_ConfigDigitalFilter:00000000 $t
C:\Users\tijsv\AppData\Local\Temp\ccSG7CHL.s:173    .text.HAL_I2CEx_ConfigDigitalFilter:00000000 HAL_I2CEx_ConfigDigitalFilter
C:\Users\tijsv\AppData\Local\Temp\ccSG7CHL.s:302    .text.HAL_I2CEx_ConfigDigitalFilter:00000094 $d
C:\Users\tijsv\AppData\Local\Temp\ccSG7CHL.s:308    .text.HAL_I2CEx_EnableWakeUp:00000000 $t
C:\Users\tijsv\AppData\Local\Temp\ccSG7CHL.s:315    .text.HAL_I2CEx_EnableWakeUp:00000000 HAL_I2CEx_EnableWakeUp
C:\Users\tijsv\AppData\Local\Temp\ccSG7CHL.s:416    .text.HAL_I2CEx_EnableWakeUp:00000080 $d
C:\Users\tijsv\AppData\Local\Temp\ccSG7CHL.s:422    .text.HAL_I2CEx_DisableWakeUp:00000000 $t
C:\Users\tijsv\AppData\Local\Temp\ccSG7CHL.s:429    .text.HAL_I2CEx_DisableWakeUp:00000000 HAL_I2CEx_DisableWakeUp
C:\Users\tijsv\AppData\Local\Temp\ccSG7CHL.s:530    .text.HAL_I2CEx_DisableWakeUp:00000080 $d
C:\Users\tijsv\AppData\Local\Temp\ccSG7CHL.s:536    .text.HAL_I2CEx_EnableFastModePlus:00000000 $t
C:\Users\tijsv\AppData\Local\Temp\ccSG7CHL.s:543    .text.HAL_I2CEx_EnableFastModePlus:00000000 HAL_I2CEx_EnableFastModePlus
C:\Users\tijsv\AppData\Local\Temp\ccSG7CHL.s:608    .text.HAL_I2CEx_EnableFastModePlus:0000003c $d
C:\Users\tijsv\AppData\Local\Temp\ccSG7CHL.s:616    .text.HAL_I2CEx_DisableFastModePlus:00000000 $t
C:\Users\tijsv\AppData\Local\Temp\ccSG7CHL.s:623    .text.HAL_I2CEx_DisableFastModePlus:00000000 HAL_I2CEx_DisableFastModePlus
C:\Users\tijsv\AppData\Local\Temp\ccSG7CHL.s:688    .text.HAL_I2CEx_DisableFastModePlus:00000040 $d

UNDEFINED SYMBOLS
assert_failed
