ARM GAS  C:\Users\tijsv\AppData\Local\Temp\cc7fom6Y.s 			page 1


   1              		.cpu cortex-m4
   2              		.eabi_attribute 27, 1
   3              		.eabi_attribute 28, 1
   4              		.eabi_attribute 20, 1
   5              		.eabi_attribute 21, 1
   6              		.eabi_attribute 23, 3
   7              		.eabi_attribute 24, 1
   8              		.eabi_attribute 25, 1
   9              		.eabi_attribute 26, 1
  10              		.eabi_attribute 30, 1
  11              		.eabi_attribute 34, 1
  12              		.eabi_attribute 18, 4
  13              		.file	"LSM303AGRSensor.c"
  14              		.text
  15              	.Ltext0:
  16              		.cfi_sections	.debug_frame
  17              		.section	.text.LSM303AGR_setI2CInterface,"ax",%progbits
  18              		.align	1
  19              		.global	LSM303AGR_setI2CInterface
  20              		.arch armv7e-m
  21              		.syntax unified
  22              		.thumb
  23              		.thumb_func
  24              		.fpu fpv4-sp-d16
  26              	LSM303AGR_setI2CInterface:
  27              	.LVL0:
  28              	.LFB123:
  29              		.file 1 "../../../core/drivers/LSM303AGR/src/LSM303AGRSensor.c"
   1:../../../core/drivers/LSM303AGR/src/LSM303AGRSensor.c **** #include "LSM303AGRSensor.h"
   2:../../../core/drivers/LSM303AGR/src/LSM303AGRSensor.c **** 
   3:../../../core/drivers/LSM303AGR/src/LSM303AGRSensor.c **** uint8_t LSM303AGR_setting;
   4:../../../core/drivers/LSM303AGR/src/LSM303AGRSensor.c **** I2C_HandleTypeDef *LSM303AGR_hi2c;
   5:../../../core/drivers/LSM303AGR/src/LSM303AGRSensor.c **** uint8_t accRegisterData[6];
   6:../../../core/drivers/LSM303AGR/src/LSM303AGRSensor.c **** int16_t accRawData[3];
   7:../../../core/drivers/LSM303AGR/src/LSM303AGRSensor.c **** uint8_t magRegisterData[6];
   8:../../../core/drivers/LSM303AGR/src/LSM303AGRSensor.c **** int16_t magRawData[3];
   9:../../../core/drivers/LSM303AGR/src/LSM303AGRSensor.c **** 
  10:../../../core/drivers/LSM303AGR/src/LSM303AGRSensor.c **** /**
  11:../../../core/drivers/LSM303AGR/src/LSM303AGRSensor.c ****  * Sets the I2C interface for the LSM303AGR
  12:../../../core/drivers/LSM303AGR/src/LSM303AGRSensor.c ****  * @param hi2c: the I2C interface
  13:../../../core/drivers/LSM303AGR/src/LSM303AGRSensor.c ****  */
  14:../../../core/drivers/LSM303AGR/src/LSM303AGRSensor.c **** void LSM303AGR_setI2CInterface(I2C_HandleTypeDef *hi2c) {
  30              		.loc 1 14 57 view -0
  31              		.cfi_startproc
  32              		@ args = 0, pretend = 0, frame = 0
  33              		@ frame_needed = 0, uses_anonymous_args = 0
  34              		@ link register save eliminated.
  15:../../../core/drivers/LSM303AGR/src/LSM303AGRSensor.c **** 
  16:../../../core/drivers/LSM303AGR/src/LSM303AGRSensor.c **** 	LSM303AGR_hi2c = hi2c;
  35              		.loc 1 16 2 view .LVU1
  36              		.loc 1 16 17 is_stmt 0 view .LVU2
  37 0000 014B     		ldr	r3, .L2
  38 0002 1860     		str	r0, [r3]
  17:../../../core/drivers/LSM303AGR/src/LSM303AGRSensor.c **** }
  39              		.loc 1 17 1 view .LVU3
  40 0004 7047     		bx	lr
  41              	.L3:
ARM GAS  C:\Users\tijsv\AppData\Local\Temp\cc7fom6Y.s 			page 2


  42 0006 00BF     		.align	2
  43              	.L2:
  44 0008 00000000 		.word	LSM303AGR_hi2c
  45              		.cfi_endproc
  46              	.LFE123:
  48              		.section	.text.LSM303AGR_readRegister,"ax",%progbits
  49              		.align	1
  50              		.global	LSM303AGR_readRegister
  51              		.syntax unified
  52              		.thumb
  53              		.thumb_func
  54              		.fpu fpv4-sp-d16
  56              	LSM303AGR_readRegister:
  57              	.LVL1:
  58              	.LFB124:
  18:../../../core/drivers/LSM303AGR/src/LSM303AGRSensor.c **** 
  19:../../../core/drivers/LSM303AGR/src/LSM303AGRSensor.c **** /**
  20:../../../core/drivers/LSM303AGR/src/LSM303AGRSensor.c ****  * Read a certain register of the LSM303AGR depending on the value of ACC_MAG:
  21:../../../core/drivers/LSM303AGR/src/LSM303AGRSensor.c ****  * 		- if this value is 0: read out a register of the accelerometer
  22:../../../core/drivers/LSM303AGR/src/LSM303AGRSensor.c ****  * 		- if this value is 1: read out a register of the magnetormeter
  23:../../../core/drivers/LSM303AGR/src/LSM303AGRSensor.c ****  * The standard HAL library values are used for the size of the register and time-out.
  24:../../../core/drivers/LSM303AGR/src/LSM303AGRSensor.c ****  * @param LSM303AGR_reg: the register that needs to be read of the LSM303AGR
  25:../../../core/drivers/LSM303AGR/src/LSM303AGRSensor.c ****  * @param LSM303AGR_data: a pointer where the data of the register needs to be stored
  26:../../../core/drivers/LSM303AGR/src/LSM303AGRSensor.c ****  * @param ACC_MAG: depending on the value a value a register of the accelerometer of magnetometer a
  27:../../../core/drivers/LSM303AGR/src/LSM303AGRSensor.c ****  * @return returns the status of the I2C transfer
  28:../../../core/drivers/LSM303AGR/src/LSM303AGRSensor.c ****  */
  29:../../../core/drivers/LSM303AGR/src/LSM303AGRSensor.c **** HAL_StatusTypeDef LSM303AGR_readRegister(uint8_t LSM303AGR_reg,
  30:../../../core/drivers/LSM303AGR/src/LSM303AGRSensor.c **** 		uint8_t LSM303AGR_data, uint8_t ACC_MAG) {
  59              		.loc 1 30 44 is_stmt 1 view -0
  60              		.cfi_startproc
  61              		@ args = 0, pretend = 0, frame = 8
  62              		@ frame_needed = 0, uses_anonymous_args = 0
  63              		.loc 1 30 44 is_stmt 0 view .LVU5
  64 0000 00B5     		push	{lr}
  65              	.LCFI0:
  66              		.cfi_def_cfa_offset 4
  67              		.cfi_offset 14, -4
  68 0002 87B0     		sub	sp, sp, #28
  69              	.LCFI1:
  70              		.cfi_def_cfa_offset 32
  71 0004 8DF81710 		strb	r1, [sp, #23]
  31:../../../core/drivers/LSM303AGR/src/LSM303AGRSensor.c **** 
  32:../../../core/drivers/LSM303AGR/src/LSM303AGRSensor.c **** 	if (ACC_MAG == 0) {
  72              		.loc 1 32 2 is_stmt 1 view .LVU6
  73              		.loc 1 32 5 is_stmt 0 view .LVU7
  74 0008 8AB9     		cbnz	r2, .L5
  33:../../../core/drivers/LSM303AGR/src/LSM303AGRSensor.c **** 		HAL_I2C_Mem_Read(LSM303AGR_hi2c, LSM303AGR_ACC_I2C_ADDRESS,
  75              		.loc 1 33 3 is_stmt 1 view .LVU8
  76 000a 4FF0FF33 		mov	r3, #-1
  77 000e 0293     		str	r3, [sp, #8]
  78 0010 0123     		movs	r3, #1
  79 0012 0193     		str	r3, [sp, #4]
  80 0014 0DF11702 		add	r2, sp, #23
  81              	.LVL2:
  82              		.loc 1 33 3 is_stmt 0 view .LVU9
  83 0018 0092     		str	r2, [sp]
  84 001a 0246     		mov	r2, r0
ARM GAS  C:\Users\tijsv\AppData\Local\Temp\cc7fom6Y.s 			page 3


  85 001c 3221     		movs	r1, #50
  86              	.LVL3:
  87              		.loc 1 33 3 view .LVU10
  88 001e 0B48     		ldr	r0, .L8
  89              	.LVL4:
  90              		.loc 1 33 3 view .LVU11
  91 0020 0068     		ldr	r0, [r0]
  92 0022 FFF7FEFF 		bl	HAL_I2C_Mem_Read
  93              	.LVL5:
  94              	.L6:
  34:../../../core/drivers/LSM303AGR/src/LSM303AGRSensor.c **** 				LSM303AGR_reg, I2C_MEMADD_SIZE_8BIT, &LSM303AGR_data,
  35:../../../core/drivers/LSM303AGR/src/LSM303AGRSensor.c **** 				sizeof(LSM303AGR_data), HAL_MAX_DELAY);
  36:../../../core/drivers/LSM303AGR/src/LSM303AGRSensor.c **** 	} else {
  37:../../../core/drivers/LSM303AGR/src/LSM303AGRSensor.c **** 		HAL_I2C_Mem_Read(LSM303AGR_hi2c, LSM303AGR_MAG_I2C_ADDRESS,
  38:../../../core/drivers/LSM303AGR/src/LSM303AGRSensor.c **** 				LSM303AGR_reg, I2C_MEMADD_SIZE_8BIT, &LSM303AGR_data,
  39:../../../core/drivers/LSM303AGR/src/LSM303AGRSensor.c **** 				sizeof(LSM303AGR_data), HAL_MAX_DELAY);
  40:../../../core/drivers/LSM303AGR/src/LSM303AGRSensor.c **** 	}
  41:../../../core/drivers/LSM303AGR/src/LSM303AGRSensor.c **** 
  42:../../../core/drivers/LSM303AGR/src/LSM303AGRSensor.c **** 	return HAL_OK;
  95              		.loc 1 42 2 is_stmt 1 view .LVU12
  43:../../../core/drivers/LSM303AGR/src/LSM303AGRSensor.c **** }
  96              		.loc 1 43 1 is_stmt 0 view .LVU13
  97 0026 0020     		movs	r0, #0
  98 0028 07B0     		add	sp, sp, #28
  99              	.LCFI2:
 100              		.cfi_remember_state
 101              		.cfi_def_cfa_offset 4
 102              		@ sp needed
 103 002a 5DF804FB 		ldr	pc, [sp], #4
 104              	.LVL6:
 105              	.L5:
 106              	.LCFI3:
 107              		.cfi_restore_state
  37:../../../core/drivers/LSM303AGR/src/LSM303AGRSensor.c **** 				LSM303AGR_reg, I2C_MEMADD_SIZE_8BIT, &LSM303AGR_data,
 108              		.loc 1 37 3 is_stmt 1 view .LVU14
 109 002e 4FF0FF33 		mov	r3, #-1
 110 0032 0293     		str	r3, [sp, #8]
 111 0034 0123     		movs	r3, #1
 112 0036 0193     		str	r3, [sp, #4]
 113 0038 0DF11702 		add	r2, sp, #23
 114              	.LVL7:
  37:../../../core/drivers/LSM303AGR/src/LSM303AGRSensor.c **** 				LSM303AGR_reg, I2C_MEMADD_SIZE_8BIT, &LSM303AGR_data,
 115              		.loc 1 37 3 is_stmt 0 view .LVU15
 116 003c 0092     		str	r2, [sp]
 117 003e 0246     		mov	r2, r0
 118 0040 3C21     		movs	r1, #60
 119              	.LVL8:
  37:../../../core/drivers/LSM303AGR/src/LSM303AGRSensor.c **** 				LSM303AGR_reg, I2C_MEMADD_SIZE_8BIT, &LSM303AGR_data,
 120              		.loc 1 37 3 view .LVU16
 121 0042 0248     		ldr	r0, .L8
 122              	.LVL9:
  37:../../../core/drivers/LSM303AGR/src/LSM303AGRSensor.c **** 				LSM303AGR_reg, I2C_MEMADD_SIZE_8BIT, &LSM303AGR_data,
 123              		.loc 1 37 3 view .LVU17
 124 0044 0068     		ldr	r0, [r0]
 125 0046 FFF7FEFF 		bl	HAL_I2C_Mem_Read
 126              	.LVL10:
  37:../../../core/drivers/LSM303AGR/src/LSM303AGRSensor.c **** 				LSM303AGR_reg, I2C_MEMADD_SIZE_8BIT, &LSM303AGR_data,
ARM GAS  C:\Users\tijsv\AppData\Local\Temp\cc7fom6Y.s 			page 4


 127              		.loc 1 37 3 view .LVU18
 128 004a ECE7     		b	.L6
 129              	.L9:
 130              		.align	2
 131              	.L8:
 132 004c 00000000 		.word	LSM303AGR_hi2c
 133              		.cfi_endproc
 134              	.LFE124:
 136              		.section	.text.LSM303AGR_writeRegister,"ax",%progbits
 137              		.align	1
 138              		.global	LSM303AGR_writeRegister
 139              		.syntax unified
 140              		.thumb
 141              		.thumb_func
 142              		.fpu fpv4-sp-d16
 144              	LSM303AGR_writeRegister:
 145              	.LVL11:
 146              	.LFB125:
  44:../../../core/drivers/LSM303AGR/src/LSM303AGRSensor.c **** 
  45:../../../core/drivers/LSM303AGR/src/LSM303AGRSensor.c **** /**
  46:../../../core/drivers/LSM303AGR/src/LSM303AGRSensor.c ****  * Writes a cerain value to a certain register of the LSM303AGR depending on the value of ACC_MAG:
  47:../../../core/drivers/LSM303AGR/src/LSM303AGRSensor.c ****  *   	- if this value is 0: write to a register of the accelerometer
  48:../../../core/drivers/LSM303AGR/src/LSM303AGRSensor.c ****  * 		- if this value is 1: write to a register of the magnetormeter
  49:../../../core/drivers/LSM303AGR/src/LSM303AGRSensor.c ****  * the standard HAL library values are used for the size of the register and time-out.
  50:../../../core/drivers/LSM303AGR/src/LSM303AGRSensor.c ****  * @param LSM303AGR_reg: the register where data needs to be written to
  51:../../../core/drivers/LSM303AGR/src/LSM303AGRSensor.c ****  * @param LSM303AGR_data: a pointer to the data that needs to be written
  52:../../../core/drivers/LSM303AGR/src/LSM303AGRSensor.c ****  * @param ACC_MAG: depending on the value, a write is performed to the accelerometer of magnetomete
  53:../../../core/drivers/LSM303AGR/src/LSM303AGRSensor.c ****  * @return returns the status of the I2C transfer
  54:../../../core/drivers/LSM303AGR/src/LSM303AGRSensor.c ****  */
  55:../../../core/drivers/LSM303AGR/src/LSM303AGRSensor.c **** HAL_StatusTypeDef LSM303AGR_writeRegister(uint8_t LSM303AGR_reg,
  56:../../../core/drivers/LSM303AGR/src/LSM303AGRSensor.c **** 		uint8_t LSM303AGR_data, uint8_t ACC_MAG) {
 147              		.loc 1 56 44 is_stmt 1 view -0
 148              		.cfi_startproc
 149              		@ args = 0, pretend = 0, frame = 8
 150              		@ frame_needed = 0, uses_anonymous_args = 0
 151              		.loc 1 56 44 is_stmt 0 view .LVU20
 152 0000 00B5     		push	{lr}
 153              	.LCFI4:
 154              		.cfi_def_cfa_offset 4
 155              		.cfi_offset 14, -4
 156 0002 87B0     		sub	sp, sp, #28
 157              	.LCFI5:
 158              		.cfi_def_cfa_offset 32
 159 0004 8DF81710 		strb	r1, [sp, #23]
  57:../../../core/drivers/LSM303AGR/src/LSM303AGRSensor.c **** 
  58:../../../core/drivers/LSM303AGR/src/LSM303AGRSensor.c **** 	if (ACC_MAG == 0) {
 160              		.loc 1 58 2 is_stmt 1 view .LVU21
 161              		.loc 1 58 5 is_stmt 0 view .LVU22
 162 0008 8AB9     		cbnz	r2, .L11
  59:../../../core/drivers/LSM303AGR/src/LSM303AGRSensor.c **** 		HAL_I2C_Mem_Write(LSM303AGR_hi2c, LSM303AGR_ACC_I2C_ADDRESS,
 163              		.loc 1 59 3 is_stmt 1 view .LVU23
 164 000a 4FF0FF33 		mov	r3, #-1
 165 000e 0293     		str	r3, [sp, #8]
 166 0010 0123     		movs	r3, #1
 167 0012 0193     		str	r3, [sp, #4]
 168 0014 0DF11702 		add	r2, sp, #23
 169              	.LVL12:
ARM GAS  C:\Users\tijsv\AppData\Local\Temp\cc7fom6Y.s 			page 5


 170              		.loc 1 59 3 is_stmt 0 view .LVU24
 171 0018 0092     		str	r2, [sp]
 172 001a 0246     		mov	r2, r0
 173 001c 3221     		movs	r1, #50
 174              	.LVL13:
 175              		.loc 1 59 3 view .LVU25
 176 001e 0B48     		ldr	r0, .L14
 177              	.LVL14:
 178              		.loc 1 59 3 view .LVU26
 179 0020 0068     		ldr	r0, [r0]
 180 0022 FFF7FEFF 		bl	HAL_I2C_Mem_Write
 181              	.LVL15:
 182              	.L12:
  60:../../../core/drivers/LSM303AGR/src/LSM303AGRSensor.c **** 				LSM303AGR_reg, I2C_MEMADD_SIZE_8BIT, &LSM303AGR_data,
  61:../../../core/drivers/LSM303AGR/src/LSM303AGRSensor.c **** 				sizeof(LSM303AGR_data), HAL_MAX_DELAY);
  62:../../../core/drivers/LSM303AGR/src/LSM303AGRSensor.c **** 	} else {
  63:../../../core/drivers/LSM303AGR/src/LSM303AGRSensor.c **** 		HAL_I2C_Mem_Write(LSM303AGR_hi2c, LSM303AGR_MAG_I2C_ADDRESS,
  64:../../../core/drivers/LSM303AGR/src/LSM303AGRSensor.c **** 				LSM303AGR_reg, I2C_MEMADD_SIZE_8BIT, &LSM303AGR_data,
  65:../../../core/drivers/LSM303AGR/src/LSM303AGRSensor.c **** 				sizeof(LSM303AGR_setting), HAL_MAX_DELAY);
  66:../../../core/drivers/LSM303AGR/src/LSM303AGRSensor.c **** 	}
  67:../../../core/drivers/LSM303AGR/src/LSM303AGRSensor.c **** 
  68:../../../core/drivers/LSM303AGR/src/LSM303AGRSensor.c **** 	return HAL_OK;
 183              		.loc 1 68 2 is_stmt 1 view .LVU27
  69:../../../core/drivers/LSM303AGR/src/LSM303AGRSensor.c **** 
  70:../../../core/drivers/LSM303AGR/src/LSM303AGRSensor.c **** }
 184              		.loc 1 70 1 is_stmt 0 view .LVU28
 185 0026 0020     		movs	r0, #0
 186 0028 07B0     		add	sp, sp, #28
 187              	.LCFI6:
 188              		.cfi_remember_state
 189              		.cfi_def_cfa_offset 4
 190              		@ sp needed
 191 002a 5DF804FB 		ldr	pc, [sp], #4
 192              	.LVL16:
 193              	.L11:
 194              	.LCFI7:
 195              		.cfi_restore_state
  63:../../../core/drivers/LSM303AGR/src/LSM303AGRSensor.c **** 				LSM303AGR_reg, I2C_MEMADD_SIZE_8BIT, &LSM303AGR_data,
 196              		.loc 1 63 3 is_stmt 1 view .LVU29
 197 002e 4FF0FF33 		mov	r3, #-1
 198 0032 0293     		str	r3, [sp, #8]
 199 0034 0123     		movs	r3, #1
 200 0036 0193     		str	r3, [sp, #4]
 201 0038 0DF11702 		add	r2, sp, #23
 202              	.LVL17:
  63:../../../core/drivers/LSM303AGR/src/LSM303AGRSensor.c **** 				LSM303AGR_reg, I2C_MEMADD_SIZE_8BIT, &LSM303AGR_data,
 203              		.loc 1 63 3 is_stmt 0 view .LVU30
 204 003c 0092     		str	r2, [sp]
 205 003e 0246     		mov	r2, r0
 206 0040 3C21     		movs	r1, #60
 207              	.LVL18:
  63:../../../core/drivers/LSM303AGR/src/LSM303AGRSensor.c **** 				LSM303AGR_reg, I2C_MEMADD_SIZE_8BIT, &LSM303AGR_data,
 208              		.loc 1 63 3 view .LVU31
 209 0042 0248     		ldr	r0, .L14
 210              	.LVL19:
  63:../../../core/drivers/LSM303AGR/src/LSM303AGRSensor.c **** 				LSM303AGR_reg, I2C_MEMADD_SIZE_8BIT, &LSM303AGR_data,
 211              		.loc 1 63 3 view .LVU32
ARM GAS  C:\Users\tijsv\AppData\Local\Temp\cc7fom6Y.s 			page 6


 212 0044 0068     		ldr	r0, [r0]
 213 0046 FFF7FEFF 		bl	HAL_I2C_Mem_Write
 214              	.LVL20:
  63:../../../core/drivers/LSM303AGR/src/LSM303AGRSensor.c **** 				LSM303AGR_reg, I2C_MEMADD_SIZE_8BIT, &LSM303AGR_data,
 215              		.loc 1 63 3 view .LVU33
 216 004a ECE7     		b	.L12
 217              	.L15:
 218              		.align	2
 219              	.L14:
 220 004c 00000000 		.word	LSM303AGR_hi2c
 221              		.cfi_endproc
 222              	.LFE125:
 224              		.section	.text.LSM303AGR_init,"ax",%progbits
 225              		.align	1
 226              		.global	LSM303AGR_init
 227              		.syntax unified
 228              		.thumb
 229              		.thumb_func
 230              		.fpu fpv4-sp-d16
 232              	LSM303AGR_init:
 233              	.LFB126:
  71:../../../core/drivers/LSM303AGR/src/LSM303AGRSensor.c **** 
  72:../../../core/drivers/LSM303AGR/src/LSM303AGRSensor.c **** /**
  73:../../../core/drivers/LSM303AGR/src/LSM303AGRSensor.c ****  * Initialization of the LSM303AGR accelerometer and magnetometer.
  74:../../../core/drivers/LSM303AGR/src/LSM303AGRSensor.c ****  * The accelerometer is initialized with the following values:
  75:../../../core/drivers/LSM303AGR/src/LSM303AGRSensor.c ****  * 		- Powerdown,
  76:../../../core/drivers/LSM303AGR/src/LSM303AGRSensor.c ****  * 		- X, Y and Z-axes enabled
  77:../../../core/drivers/LSM303AGR/src/LSM303AGRSensor.c ****  * 		- BDU enabled (output registers are not updated until the MSB and LSB have been read)
  78:../../../core/drivers/LSM303AGR/src/LSM303AGRSensor.c ****  *
  79:../../../core/drivers/LSM303AGR/src/LSM303AGRSensor.c ****  * The magnetometer is initialized with the following values:
  80:../../../core/drivers/LSM303AGR/src/LSM303AGRSensor.c ****  * 		- Idle mode,
  81:../../../core/drivers/LSM303AGR/src/LSM303AGRSensor.c ****  * 		- Temperature compensation enabled,
  82:../../../core/drivers/LSM303AGR/src/LSM303AGRSensor.c ****  * 		- Low-power mode enabled,
  83:../../../core/drivers/LSM303AGR/src/LSM303AGRSensor.c ****  * 		- Offset cancelation enabled,
  84:../../../core/drivers/LSM303AGR/src/LSM303AGRSensor.c ****  * 		- Low pass filter enabled,
  85:../../../core/drivers/LSM303AGR/src/LSM303AGRSensor.c ****  * 		- BDU enabled
  86:../../../core/drivers/LSM303AGR/src/LSM303AGRSensor.c ****  */
  87:../../../core/drivers/LSM303AGR/src/LSM303AGRSensor.c **** void LSM303AGR_init() {
 234              		.loc 1 87 23 is_stmt 1 view -0
 235              		.cfi_startproc
 236              		@ args = 0, pretend = 0, frame = 0
 237              		@ frame_needed = 0, uses_anonymous_args = 0
 238 0000 10B5     		push	{r4, lr}
 239              	.LCFI8:
 240              		.cfi_def_cfa_offset 8
 241              		.cfi_offset 4, -8
 242              		.cfi_offset 14, -4
  88:../../../core/drivers/LSM303AGR/src/LSM303AGRSensor.c **** 
  89:../../../core/drivers/LSM303AGR/src/LSM303AGRSensor.c **** 	LSM303AGR_setting = LSM303AGR_ACC_ODR_100Hz | LSM303AGR_ACC_X_EN
 243              		.loc 1 89 2 view .LVU35
 244              		.loc 1 89 20 is_stmt 0 view .LVU36
 245 0002 104C     		ldr	r4, .L18
 246 0004 5721     		movs	r1, #87
 247 0006 2170     		strb	r1, [r4]
  90:../../../core/drivers/LSM303AGR/src/LSM303AGRSensor.c **** 			| LSM303AGR_ACC_Y_EN | LSM303AGR_ACC_Z_EN;
  91:../../../core/drivers/LSM303AGR/src/LSM303AGRSensor.c **** 	LSM303AGR_writeRegister(LSM303AGR_ACC_CTRL_REG1, LSM303AGR_setting, 0);
 248              		.loc 1 91 2 is_stmt 1 view .LVU37
ARM GAS  C:\Users\tijsv\AppData\Local\Temp\cc7fom6Y.s 			page 7


 249 0008 0022     		movs	r2, #0
 250 000a 2020     		movs	r0, #32
 251 000c FFF7FEFF 		bl	LSM303AGR_writeRegister
 252              	.LVL21:
  92:../../../core/drivers/LSM303AGR/src/LSM303AGRSensor.c **** 
  93:../../../core/drivers/LSM303AGR/src/LSM303AGRSensor.c **** 	LSM303AGR_setting = LSM303AGR_ACC_BDU_EN;
 253              		.loc 1 93 2 view .LVU38
 254              		.loc 1 93 20 is_stmt 0 view .LVU39
 255 0010 8021     		movs	r1, #128
 256 0012 2170     		strb	r1, [r4]
  94:../../../core/drivers/LSM303AGR/src/LSM303AGRSensor.c **** 	LSM303AGR_writeRegister(LSM303AGR_ACC_CTRL_REG4, LSM303AGR_setting, 0);
 257              		.loc 1 94 2 is_stmt 1 view .LVU40
 258 0014 0022     		movs	r2, #0
 259 0016 2320     		movs	r0, #35
 260 0018 FFF7FEFF 		bl	LSM303AGR_writeRegister
 261              	.LVL22:
  95:../../../core/drivers/LSM303AGR/src/LSM303AGRSensor.c **** 
  96:../../../core/drivers/LSM303AGR/src/LSM303AGRSensor.c **** 	LSM303AGR_setting = LSM303AGR_MAG_COMP_TEMP_EN | LSM303AGR_MAG_LP_EN
 262              		.loc 1 96 2 view .LVU41
 263              		.loc 1 96 20 is_stmt 0 view .LVU42
 264 001c 9021     		movs	r1, #144
 265 001e 2170     		strb	r1, [r4]
  97:../../../core/drivers/LSM303AGR/src/LSM303AGRSensor.c **** 			| LSM303AGR_MAG_ODR_10HZ;
  98:../../../core/drivers/LSM303AGR/src/LSM303AGRSensor.c **** 	LSM303AGR_writeRegister(LSM303AGR_MAG_CFG_REG_A, LSM303AGR_setting, 1);
 266              		.loc 1 98 2 is_stmt 1 view .LVU43
 267 0020 0122     		movs	r2, #1
 268 0022 6020     		movs	r0, #96
 269 0024 FFF7FEFF 		bl	LSM303AGR_writeRegister
 270              	.LVL23:
  99:../../../core/drivers/LSM303AGR/src/LSM303AGRSensor.c **** 
 100:../../../core/drivers/LSM303AGR/src/LSM303AGRSensor.c **** 	LSM303AGR_setting = LSM303AGR_MAG_OFF_CANC | LSM303AGR_MAG_LPF;
 271              		.loc 1 100 2 view .LVU44
 272              		.loc 1 100 20 is_stmt 0 view .LVU45
 273 0028 0321     		movs	r1, #3
 274 002a 2170     		strb	r1, [r4]
 101:../../../core/drivers/LSM303AGR/src/LSM303AGRSensor.c **** 	LSM303AGR_writeRegister(LSM303AGR_MAG_CFG_REG_B, LSM303AGR_setting, 1);
 275              		.loc 1 101 2 is_stmt 1 view .LVU46
 276 002c 0122     		movs	r2, #1
 277 002e 6120     		movs	r0, #97
 278 0030 FFF7FEFF 		bl	LSM303AGR_writeRegister
 279              	.LVL24:
 102:../../../core/drivers/LSM303AGR/src/LSM303AGRSensor.c **** 
 103:../../../core/drivers/LSM303AGR/src/LSM303AGRSensor.c **** 	LSM303AGR_setting = LSM303AGR_MAG_BDU;
 280              		.loc 1 103 2 view .LVU47
 281              		.loc 1 103 20 is_stmt 0 view .LVU48
 282 0034 1021     		movs	r1, #16
 283 0036 2170     		strb	r1, [r4]
 104:../../../core/drivers/LSM303AGR/src/LSM303AGRSensor.c **** 	LSM303AGR_writeRegister(LSM303AGR_MAG_CFG_REG_C, LSM303AGR_setting, 1);
 284              		.loc 1 104 2 is_stmt 1 view .LVU49
 285 0038 0122     		movs	r2, #1
 286 003a 6220     		movs	r0, #98
 287 003c FFF7FEFF 		bl	LSM303AGR_writeRegister
 288              	.LVL25:
 105:../../../core/drivers/LSM303AGR/src/LSM303AGRSensor.c **** 
 106:../../../core/drivers/LSM303AGR/src/LSM303AGRSensor.c **** }
 289              		.loc 1 106 1 is_stmt 0 view .LVU50
 290 0040 10BD     		pop	{r4, pc}
ARM GAS  C:\Users\tijsv\AppData\Local\Temp\cc7fom6Y.s 			page 8


 291              	.L19:
 292 0042 00BF     		.align	2
 293              	.L18:
 294 0044 00000000 		.word	LSM303AGR_setting
 295              		.cfi_endproc
 296              	.LFE126:
 298              		.section	.text.LSM303AGR_ACC_reset,"ax",%progbits
 299              		.align	1
 300              		.global	LSM303AGR_ACC_reset
 301              		.syntax unified
 302              		.thumb
 303              		.thumb_func
 304              		.fpu fpv4-sp-d16
 306              	LSM303AGR_ACC_reset:
 307              	.LFB127:
 107:../../../core/drivers/LSM303AGR/src/LSM303AGRSensor.c **** 
 108:../../../core/drivers/LSM303AGR/src/LSM303AGRSensor.c **** /**
 109:../../../core/drivers/LSM303AGR/src/LSM303AGRSensor.c ****  * Resets the LSM303AGR accelerometer
 110:../../../core/drivers/LSM303AGR/src/LSM303AGRSensor.c ****  */
 111:../../../core/drivers/LSM303AGR/src/LSM303AGRSensor.c **** void LSM303AGR_ACC_reset() {
 308              		.loc 1 111 28 is_stmt 1 view -0
 309              		.cfi_startproc
 310              		@ args = 0, pretend = 0, frame = 0
 311              		@ frame_needed = 0, uses_anonymous_args = 0
 312 0000 08B5     		push	{r3, lr}
 313              	.LCFI9:
 314              		.cfi_def_cfa_offset 8
 315              		.cfi_offset 3, -8
 316              		.cfi_offset 14, -4
 112:../../../core/drivers/LSM303AGR/src/LSM303AGRSensor.c **** 	LSM303AGR_setting = LSM303AGR_ACC_BOOT;
 317              		.loc 1 112 2 view .LVU52
 318              		.loc 1 112 20 is_stmt 0 view .LVU53
 319 0002 8021     		movs	r1, #128
 320 0004 034B     		ldr	r3, .L22
 321 0006 1970     		strb	r1, [r3]
 113:../../../core/drivers/LSM303AGR/src/LSM303AGRSensor.c **** 	LSM303AGR_writeRegister(LSM303AGR_ACC_CTRL_REG5, LSM303AGR_setting, 0);
 322              		.loc 1 113 2 is_stmt 1 view .LVU54
 323 0008 0022     		movs	r2, #0
 324 000a 2420     		movs	r0, #36
 325 000c FFF7FEFF 		bl	LSM303AGR_writeRegister
 326              	.LVL26:
 114:../../../core/drivers/LSM303AGR/src/LSM303AGRSensor.c **** }
 327              		.loc 1 114 1 is_stmt 0 view .LVU55
 328 0010 08BD     		pop	{r3, pc}
 329              	.L23:
 330 0012 00BF     		.align	2
 331              	.L22:
 332 0014 00000000 		.word	LSM303AGR_setting
 333              		.cfi_endproc
 334              	.LFE127:
 336              		.section	.text.LSM303AGR_MAG_reset,"ax",%progbits
 337              		.align	1
 338              		.global	LSM303AGR_MAG_reset
 339              		.syntax unified
 340              		.thumb
 341              		.thumb_func
 342              		.fpu fpv4-sp-d16
ARM GAS  C:\Users\tijsv\AppData\Local\Temp\cc7fom6Y.s 			page 9


 344              	LSM303AGR_MAG_reset:
 345              	.LFB128:
 115:../../../core/drivers/LSM303AGR/src/LSM303AGRSensor.c **** 
 116:../../../core/drivers/LSM303AGR/src/LSM303AGRSensor.c **** /**
 117:../../../core/drivers/LSM303AGR/src/LSM303AGRSensor.c ****  * Resets the LSM303AGR magnetometer
 118:../../../core/drivers/LSM303AGR/src/LSM303AGRSensor.c ****  */
 119:../../../core/drivers/LSM303AGR/src/LSM303AGRSensor.c **** void LSM303AGR_MAG_reset() {
 346              		.loc 1 119 28 is_stmt 1 view -0
 347              		.cfi_startproc
 348              		@ args = 0, pretend = 0, frame = 0
 349              		@ frame_needed = 0, uses_anonymous_args = 0
 350 0000 08B5     		push	{r3, lr}
 351              	.LCFI10:
 352              		.cfi_def_cfa_offset 8
 353              		.cfi_offset 3, -8
 354              		.cfi_offset 14, -4
 120:../../../core/drivers/LSM303AGR/src/LSM303AGRSensor.c **** 
 121:../../../core/drivers/LSM303AGR/src/LSM303AGRSensor.c **** 	LSM303AGR_setting = LSM303AGR_MAG_SOFT_RST;
 355              		.loc 1 121 2 view .LVU57
 356              		.loc 1 121 20 is_stmt 0 view .LVU58
 357 0002 2021     		movs	r1, #32
 358 0004 034B     		ldr	r3, .L26
 359 0006 1970     		strb	r1, [r3]
 122:../../../core/drivers/LSM303AGR/src/LSM303AGRSensor.c **** 	LSM303AGR_writeRegister(LSM303AGR_MAG_CFG_REG_A, LSM303AGR_setting, 1);
 360              		.loc 1 122 2 is_stmt 1 view .LVU59
 361 0008 0122     		movs	r2, #1
 362 000a 6020     		movs	r0, #96
 363 000c FFF7FEFF 		bl	LSM303AGR_writeRegister
 364              	.LVL27:
 123:../../../core/drivers/LSM303AGR/src/LSM303AGRSensor.c **** 
 124:../../../core/drivers/LSM303AGR/src/LSM303AGRSensor.c **** }
 365              		.loc 1 124 1 is_stmt 0 view .LVU60
 366 0010 08BD     		pop	{r3, pc}
 367              	.L27:
 368 0012 00BF     		.align	2
 369              	.L26:
 370 0014 00000000 		.word	LSM303AGR_setting
 371              		.cfi_endproc
 372              	.LFE128:
 374              		.section	.text.LSM303AGR_powerDownAccelerometer,"ax",%progbits
 375              		.align	1
 376              		.global	LSM303AGR_powerDownAccelerometer
 377              		.syntax unified
 378              		.thumb
 379              		.thumb_func
 380              		.fpu fpv4-sp-d16
 382              	LSM303AGR_powerDownAccelerometer:
 383              	.LFB129:
 125:../../../core/drivers/LSM303AGR/src/LSM303AGRSensor.c **** 
 126:../../../core/drivers/LSM303AGR/src/LSM303AGRSensor.c **** /**
 127:../../../core/drivers/LSM303AGR/src/LSM303AGRSensor.c ****  * Put the accelerometer in power-down mode
 128:../../../core/drivers/LSM303AGR/src/LSM303AGRSensor.c ****  */
 129:../../../core/drivers/LSM303AGR/src/LSM303AGRSensor.c **** void LSM303AGR_powerDownAccelerometer() {
 384              		.loc 1 129 41 is_stmt 1 view -0
 385              		.cfi_startproc
 386              		@ args = 0, pretend = 0, frame = 0
 387              		@ frame_needed = 0, uses_anonymous_args = 0
ARM GAS  C:\Users\tijsv\AppData\Local\Temp\cc7fom6Y.s 			page 10


 388 0000 08B5     		push	{r3, lr}
 389              	.LCFI11:
 390              		.cfi_def_cfa_offset 8
 391              		.cfi_offset 3, -8
 392              		.cfi_offset 14, -4
 130:../../../core/drivers/LSM303AGR/src/LSM303AGRSensor.c **** 
 131:../../../core/drivers/LSM303AGR/src/LSM303AGRSensor.c **** 	LSM303AGR_setting = LSM303AGR_ACC_ODR_POWERDOWN | LSM303AGR_ACC_X_EN
 393              		.loc 1 131 2 view .LVU62
 394              		.loc 1 131 20 is_stmt 0 view .LVU63
 395 0002 0721     		movs	r1, #7
 396 0004 034B     		ldr	r3, .L30
 397 0006 1970     		strb	r1, [r3]
 132:../../../core/drivers/LSM303AGR/src/LSM303AGRSensor.c **** 			| LSM303AGR_ACC_Y_EN | LSM303AGR_ACC_Z_EN;
 133:../../../core/drivers/LSM303AGR/src/LSM303AGRSensor.c **** 	LSM303AGR_writeRegister(LSM303AGR_ACC_CTRL_REG1, LSM303AGR_setting, 0);
 398              		.loc 1 133 2 is_stmt 1 view .LVU64
 399 0008 0022     		movs	r2, #0
 400 000a 2020     		movs	r0, #32
 401 000c FFF7FEFF 		bl	LSM303AGR_writeRegister
 402              	.LVL28:
 134:../../../core/drivers/LSM303AGR/src/LSM303AGRSensor.c **** 
 135:../../../core/drivers/LSM303AGR/src/LSM303AGRSensor.c **** }
 403              		.loc 1 135 1 is_stmt 0 view .LVU65
 404 0010 08BD     		pop	{r3, pc}
 405              	.L31:
 406 0012 00BF     		.align	2
 407              	.L30:
 408 0014 00000000 		.word	LSM303AGR_setting
 409              		.cfi_endproc
 410              	.LFE129:
 412              		.section	.text.LSM303AGR_powerDownMagnetometer,"ax",%progbits
 413              		.align	1
 414              		.global	LSM303AGR_powerDownMagnetometer
 415              		.syntax unified
 416              		.thumb
 417              		.thumb_func
 418              		.fpu fpv4-sp-d16
 420              	LSM303AGR_powerDownMagnetometer:
 421              	.LFB130:
 136:../../../core/drivers/LSM303AGR/src/LSM303AGRSensor.c **** 
 137:../../../core/drivers/LSM303AGR/src/LSM303AGRSensor.c **** /**
 138:../../../core/drivers/LSM303AGR/src/LSM303AGRSensor.c ****  * Put the magnetometer in idle mode
 139:../../../core/drivers/LSM303AGR/src/LSM303AGRSensor.c ****  */
 140:../../../core/drivers/LSM303AGR/src/LSM303AGRSensor.c **** void LSM303AGR_powerDownMagnetometer() {
 422              		.loc 1 140 40 is_stmt 1 view -0
 423              		.cfi_startproc
 424              		@ args = 0, pretend = 0, frame = 0
 425              		@ frame_needed = 0, uses_anonymous_args = 0
 426 0000 08B5     		push	{r3, lr}
 427              	.LCFI12:
 428              		.cfi_def_cfa_offset 8
 429              		.cfi_offset 3, -8
 430              		.cfi_offset 14, -4
 141:../../../core/drivers/LSM303AGR/src/LSM303AGRSensor.c **** 
 142:../../../core/drivers/LSM303AGR/src/LSM303AGRSensor.c **** 	LSM303AGR_setting = LSM303AGR_MAG_COMP_TEMP_EN | LSM303AGR_MAG_LP_EN
 431              		.loc 1 142 2 view .LVU67
 432              		.loc 1 142 20 is_stmt 0 view .LVU68
 433 0002 9221     		movs	r1, #146
ARM GAS  C:\Users\tijsv\AppData\Local\Temp\cc7fom6Y.s 			page 11


 434 0004 034B     		ldr	r3, .L34
 435 0006 1970     		strb	r1, [r3]
 143:../../../core/drivers/LSM303AGR/src/LSM303AGRSensor.c **** 			| LSM303AGR_MAG_ODR_10HZ | LSM303AGR_MAG_MD_IDLE;
 144:../../../core/drivers/LSM303AGR/src/LSM303AGRSensor.c **** 	LSM303AGR_writeRegister(LSM303AGR_MAG_CFG_REG_A, LSM303AGR_setting, 1);
 436              		.loc 1 144 2 is_stmt 1 view .LVU69
 437 0008 0122     		movs	r2, #1
 438 000a 6020     		movs	r0, #96
 439 000c FFF7FEFF 		bl	LSM303AGR_writeRegister
 440              	.LVL29:
 145:../../../core/drivers/LSM303AGR/src/LSM303AGRSensor.c **** }
 441              		.loc 1 145 1 is_stmt 0 view .LVU70
 442 0010 08BD     		pop	{r3, pc}
 443              	.L35:
 444 0012 00BF     		.align	2
 445              	.L34:
 446 0014 00000000 		.word	LSM303AGR_setting
 447              		.cfi_endproc
 448              	.LFE130:
 450              		.section	.text.LSM303AGR_wakeUpAccelerometer,"ax",%progbits
 451              		.align	1
 452              		.global	LSM303AGR_wakeUpAccelerometer
 453              		.syntax unified
 454              		.thumb
 455              		.thumb_func
 456              		.fpu fpv4-sp-d16
 458              	LSM303AGR_wakeUpAccelerometer:
 459              	.LFB131:
 146:../../../core/drivers/LSM303AGR/src/LSM303AGRSensor.c **** 
 147:../../../core/drivers/LSM303AGR/src/LSM303AGRSensor.c **** /**
 148:../../../core/drivers/LSM303AGR/src/LSM303AGRSensor.c ****  * Wake up the accelerometer from powerdown mode
 149:../../../core/drivers/LSM303AGR/src/LSM303AGRSensor.c ****  */
 150:../../../core/drivers/LSM303AGR/src/LSM303AGRSensor.c **** void LSM303AGR_wakeUpAccelerometer() {
 460              		.loc 1 150 38 is_stmt 1 view -0
 461              		.cfi_startproc
 462              		@ args = 0, pretend = 0, frame = 0
 463              		@ frame_needed = 0, uses_anonymous_args = 0
 464 0000 08B5     		push	{r3, lr}
 465              	.LCFI13:
 466              		.cfi_def_cfa_offset 8
 467              		.cfi_offset 3, -8
 468              		.cfi_offset 14, -4
 151:../../../core/drivers/LSM303AGR/src/LSM303AGRSensor.c **** 
 152:../../../core/drivers/LSM303AGR/src/LSM303AGRSensor.c **** 	LSM303AGR_setting = LSM303AGR_ACC_ODR_10HZ | LSM303AGR_ACC_X_EN
 469              		.loc 1 152 2 view .LVU72
 470              		.loc 1 152 20 is_stmt 0 view .LVU73
 471 0002 2721     		movs	r1, #39
 472 0004 034B     		ldr	r3, .L38
 473 0006 1970     		strb	r1, [r3]
 153:../../../core/drivers/LSM303AGR/src/LSM303AGRSensor.c **** 			| LSM303AGR_ACC_Y_EN | LSM303AGR_ACC_Z_EN;
 154:../../../core/drivers/LSM303AGR/src/LSM303AGRSensor.c **** 	LSM303AGR_writeRegister(LSM303AGR_ACC_CTRL_REG1, LSM303AGR_setting, 0);
 474              		.loc 1 154 2 is_stmt 1 view .LVU74
 475 0008 0022     		movs	r2, #0
 476 000a 2020     		movs	r0, #32
 477 000c FFF7FEFF 		bl	LSM303AGR_writeRegister
 478              	.LVL30:
 155:../../../core/drivers/LSM303AGR/src/LSM303AGRSensor.c **** 
 156:../../../core/drivers/LSM303AGR/src/LSM303AGRSensor.c **** }
ARM GAS  C:\Users\tijsv\AppData\Local\Temp\cc7fom6Y.s 			page 12


 479              		.loc 1 156 1 is_stmt 0 view .LVU75
 480 0010 08BD     		pop	{r3, pc}
 481              	.L39:
 482 0012 00BF     		.align	2
 483              	.L38:
 484 0014 00000000 		.word	LSM303AGR_setting
 485              		.cfi_endproc
 486              	.LFE131:
 488              		.section	.text.LSM303AGR_wakeUpMagnetometer,"ax",%progbits
 489              		.align	1
 490              		.global	LSM303AGR_wakeUpMagnetometer
 491              		.syntax unified
 492              		.thumb
 493              		.thumb_func
 494              		.fpu fpv4-sp-d16
 496              	LSM303AGR_wakeUpMagnetometer:
 497              	.LFB132:
 157:../../../core/drivers/LSM303AGR/src/LSM303AGRSensor.c **** 
 158:../../../core/drivers/LSM303AGR/src/LSM303AGRSensor.c **** /**
 159:../../../core/drivers/LSM303AGR/src/LSM303AGRSensor.c ****  * Wake up the magnetometer from idle mode
 160:../../../core/drivers/LSM303AGR/src/LSM303AGRSensor.c ****  */
 161:../../../core/drivers/LSM303AGR/src/LSM303AGRSensor.c **** void LSM303AGR_wakeUpMagnetometer() {
 498              		.loc 1 161 37 is_stmt 1 view -0
 499              		.cfi_startproc
 500              		@ args = 0, pretend = 0, frame = 0
 501              		@ frame_needed = 0, uses_anonymous_args = 0
 502 0000 08B5     		push	{r3, lr}
 503              	.LCFI14:
 504              		.cfi_def_cfa_offset 8
 505              		.cfi_offset 3, -8
 506              		.cfi_offset 14, -4
 162:../../../core/drivers/LSM303AGR/src/LSM303AGRSensor.c **** 
 163:../../../core/drivers/LSM303AGR/src/LSM303AGRSensor.c **** 	LSM303AGR_setting = LSM303AGR_MAG_COMP_TEMP_EN | LSM303AGR_MAG_LP_EN
 507              		.loc 1 163 2 view .LVU77
 508              		.loc 1 163 20 is_stmt 0 view .LVU78
 509 0002 9021     		movs	r1, #144
 510 0004 034B     		ldr	r3, .L42
 511 0006 1970     		strb	r1, [r3]
 164:../../../core/drivers/LSM303AGR/src/LSM303AGRSensor.c **** 			| LSM303AGR_MAG_ODR_10HZ | LSM303AGR_MAG_MD_CONT;
 165:../../../core/drivers/LSM303AGR/src/LSM303AGRSensor.c **** 	LSM303AGR_writeRegister(LSM303AGR_MAG_CFG_REG_A, LSM303AGR_setting, 1);
 512              		.loc 1 165 2 is_stmt 1 view .LVU79
 513 0008 0122     		movs	r2, #1
 514 000a 6020     		movs	r0, #96
 515 000c FFF7FEFF 		bl	LSM303AGR_writeRegister
 516              	.LVL31:
 166:../../../core/drivers/LSM303AGR/src/LSM303AGRSensor.c **** 
 167:../../../core/drivers/LSM303AGR/src/LSM303AGRSensor.c **** }
 517              		.loc 1 167 1 is_stmt 0 view .LVU80
 518 0010 08BD     		pop	{r3, pc}
 519              	.L43:
 520 0012 00BF     		.align	2
 521              	.L42:
 522 0014 00000000 		.word	LSM303AGR_setting
 523              		.cfi_endproc
 524              	.LFE132:
 526              		.section	.text.LSM303AGR_ACC_readAccelerationData,"ax",%progbits
 527              		.align	1
ARM GAS  C:\Users\tijsv\AppData\Local\Temp\cc7fom6Y.s 			page 13


 528              		.global	LSM303AGR_ACC_readAccelerationData
 529              		.syntax unified
 530              		.thumb
 531              		.thumb_func
 532              		.fpu fpv4-sp-d16
 534              	LSM303AGR_ACC_readAccelerationData:
 535              	.LVL32:
 536              	.LFB133:
 168:../../../core/drivers/LSM303AGR/src/LSM303AGRSensor.c **** 
 169:../../../core/drivers/LSM303AGR/src/LSM303AGRSensor.c **** /**
 170:../../../core/drivers/LSM303AGR/src/LSM303AGRSensor.c ****  * Reads the output registers of the accelerometer
 171:../../../core/drivers/LSM303AGR/src/LSM303AGRSensor.c ****  * @param pData: a pointer to where the data needs to be stored
 172:../../../core/drivers/LSM303AGR/src/LSM303AGRSensor.c ****  */
 173:../../../core/drivers/LSM303AGR/src/LSM303AGRSensor.c **** void LSM303AGR_ACC_readAccelerationData(int32_t *pData) {
 537              		.loc 1 173 57 is_stmt 1 view -0
 538              		.cfi_startproc
 539              		@ args = 0, pretend = 0, frame = 0
 540              		@ frame_needed = 0, uses_anonymous_args = 0
 541              		.loc 1 173 57 is_stmt 0 view .LVU82
 542 0000 30B5     		push	{r4, r5, lr}
 543              	.LCFI15:
 544              		.cfi_def_cfa_offset 12
 545              		.cfi_offset 4, -12
 546              		.cfi_offset 5, -8
 547              		.cfi_offset 14, -4
 548 0002 85B0     		sub	sp, sp, #20
 549              	.LCFI16:
 550              		.cfi_def_cfa_offset 32
 551 0004 0446     		mov	r4, r0
 174:../../../core/drivers/LSM303AGR/src/LSM303AGRSensor.c **** 	//accRegisterData[6];
 175:../../../core/drivers/LSM303AGR/src/LSM303AGRSensor.c **** 	//accRawData[3];
 176:../../../core/drivers/LSM303AGR/src/LSM303AGRSensor.c **** 
 177:../../../core/drivers/LSM303AGR/src/LSM303AGRSensor.c **** 	//magRegisterData[6];
 178:../../../core/drivers/LSM303AGR/src/LSM303AGRSensor.c **** 	//magRawData[3];
 179:../../../core/drivers/LSM303AGR/src/LSM303AGRSensor.c **** 	//LSM303AGR_ACC_TEMP_DATA rawData;
 180:../../../core/drivers/LSM303AGR/src/LSM303AGRSensor.c **** 
 181:../../../core/drivers/LSM303AGR/src/LSM303AGRSensor.c **** 	HAL_I2C_Mem_Read(LSM303AGR_hi2c, LSM303AGR_ACC_I2C_ADDRESS,	LSM303AGR_ACC_MULTI_READ, I2C_MEMADD_S
 552              		.loc 1 181 2 is_stmt 1 view .LVU83
 553 0006 4FF0FF33 		mov	r3, #-1
 554 000a 0293     		str	r3, [sp, #8]
 555 000c 0623     		movs	r3, #6
 556 000e 0193     		str	r3, [sp, #4]
 557 0010 214D     		ldr	r5, .L46
 558 0012 0095     		str	r5, [sp]
 559 0014 0123     		movs	r3, #1
 560 0016 A822     		movs	r2, #168
 561 0018 3221     		movs	r1, #50
 562 001a 2048     		ldr	r0, .L46+4
 563              	.LVL33:
 564              		.loc 1 181 2 is_stmt 0 view .LVU84
 565 001c 0068     		ldr	r0, [r0]
 566 001e FFF7FEFF 		bl	HAL_I2C_Mem_Read
 567              	.LVL34:
 182:../../../core/drivers/LSM303AGR/src/LSM303AGRSensor.c **** 
 183:../../../core/drivers/LSM303AGR/src/LSM303AGRSensor.c **** 	accRawData[0] = (accRegisterData[1] << 8)	| accRegisterData[0];
 568              		.loc 1 183 2 is_stmt 1 view .LVU85
 569              		.loc 1 183 34 is_stmt 0 view .LVU86
ARM GAS  C:\Users\tijsv\AppData\Local\Temp\cc7fom6Y.s 			page 14


 570 0022 6A78     		ldrb	r2, [r5, #1]	@ zero_extendqisi2
 571              		.loc 1 183 61 view .LVU87
 572 0024 2B78     		ldrb	r3, [r5]	@ zero_extendqisi2
 573              		.loc 1 183 44 view .LVU88
 574 0026 43EA0223 		orr	r3, r3, r2, lsl #8
 575 002a 1BB2     		sxth	r3, r3
 576              		.loc 1 183 16 view .LVU89
 577 002c 1C49     		ldr	r1, .L46+8
 578 002e 0B80     		strh	r3, [r1]	@ movhi
 184:../../../core/drivers/LSM303AGR/src/LSM303AGRSensor.c **** 	accRawData[1] = (accRegisterData[3] << 8)| accRegisterData[2];
 579              		.loc 1 184 2 is_stmt 1 view .LVU90
 580              		.loc 1 184 34 is_stmt 0 view .LVU91
 581 0030 E878     		ldrb	r0, [r5, #3]	@ zero_extendqisi2
 582              		.loc 1 184 60 view .LVU92
 583 0032 AA78     		ldrb	r2, [r5, #2]	@ zero_extendqisi2
 584              		.loc 1 184 43 view .LVU93
 585 0034 42EA0022 		orr	r2, r2, r0, lsl #8
 586              		.loc 1 184 16 view .LVU94
 587 0038 4A80     		strh	r2, [r1, #2]	@ movhi
 185:../../../core/drivers/LSM303AGR/src/LSM303AGRSensor.c **** 	accRawData[2] = (accRegisterData[5] << 8)| accRegisterData[4];
 588              		.loc 1 185 2 is_stmt 1 view .LVU95
 589              		.loc 1 185 34 is_stmt 0 view .LVU96
 590 003a 6879     		ldrb	r0, [r5, #5]	@ zero_extendqisi2
 591              		.loc 1 185 60 view .LVU97
 592 003c 2A79     		ldrb	r2, [r5, #4]	@ zero_extendqisi2
 593              		.loc 1 185 43 view .LVU98
 594 003e 42EA0022 		orr	r2, r2, r0, lsl #8
 595              		.loc 1 185 16 view .LVU99
 596 0042 8A80     		strh	r2, [r1, #4]	@ movhi
 186:../../../core/drivers/LSM303AGR/src/LSM303AGRSensor.c **** 
 187:../../../core/drivers/LSM303AGR/src/LSM303AGRSensor.c **** 	/* Apply proper shift and sensitivity */
 188:../../../core/drivers/LSM303AGR/src/LSM303AGRSensor.c **** 	// Normal mode 10-bit, shift = 6 and FS = 2
 189:../../../core/drivers/LSM303AGR/src/LSM303AGRSensor.c **** 	pData[0] = (int32_t) (((accRawData[0] >> 6) * 3900 + 500) / 1000);
 597              		.loc 1 189 2 is_stmt 1 view .LVU100
 598              		.loc 1 189 40 is_stmt 0 view .LVU101
 599 0044 9B11     		asrs	r3, r3, #6
 600              		.loc 1 189 46 view .LVU102
 601 0046 40F63C72 		movw	r2, #3900
 602 004a 02FB03F3 		mul	r3, r2, r3
 603              		.loc 1 189 53 view .LVU103
 604 004e 03F5FA73 		add	r3, r3, #500
 605              		.loc 1 189 60 view .LVU104
 606 0052 1448     		ldr	r0, .L46+12
 607 0054 80FB03C5 		smull	ip, r5, r0, r3
 608 0058 DB17     		asrs	r3, r3, #31
 609 005a C3EBA513 		rsb	r3, r3, r5, asr #6
 610              		.loc 1 189 11 view .LVU105
 611 005e 2360     		str	r3, [r4]
 190:../../../core/drivers/LSM303AGR/src/LSM303AGRSensor.c **** 	pData[1] = (int32_t) (((accRawData[1] >> 6) * 3900 + 500) / 1000);
 612              		.loc 1 190 2 is_stmt 1 view .LVU106
 613              		.loc 1 190 36 is_stmt 0 view .LVU107
 614 0060 B1F90230 		ldrsh	r3, [r1, #2]
 615              		.loc 1 190 40 view .LVU108
 616 0064 9B11     		asrs	r3, r3, #6
 617              		.loc 1 190 46 view .LVU109
 618 0066 02FB03F3 		mul	r3, r2, r3
 619              		.loc 1 190 53 view .LVU110
ARM GAS  C:\Users\tijsv\AppData\Local\Temp\cc7fom6Y.s 			page 15


 620 006a 03F5FA73 		add	r3, r3, #500
 621              		.loc 1 190 60 view .LVU111
 622 006e 80FB03C5 		smull	ip, r5, r0, r3
 623 0072 DB17     		asrs	r3, r3, #31
 624 0074 C3EBA513 		rsb	r3, r3, r5, asr #6
 625              		.loc 1 190 11 view .LVU112
 626 0078 6360     		str	r3, [r4, #4]
 191:../../../core/drivers/LSM303AGR/src/LSM303AGRSensor.c **** 	pData[2] = (int32_t) (((accRawData[2] >> 6) * 3900 + 500) / 1000);
 627              		.loc 1 191 2 is_stmt 1 view .LVU113
 628              		.loc 1 191 36 is_stmt 0 view .LVU114
 629 007a B1F90430 		ldrsh	r3, [r1, #4]
 630              		.loc 1 191 40 view .LVU115
 631 007e 9B11     		asrs	r3, r3, #6
 632              		.loc 1 191 46 view .LVU116
 633 0080 02FB03F2 		mul	r2, r2, r3
 634              		.loc 1 191 53 view .LVU117
 635 0084 02F5FA72 		add	r2, r2, #500
 636              		.loc 1 191 60 view .LVU118
 637 0088 80FB0230 		smull	r3, r0, r0, r2
 638 008c D217     		asrs	r2, r2, #31
 639 008e C2EBA012 		rsb	r2, r2, r0, asr #6
 640              		.loc 1 191 11 view .LVU119
 641 0092 A260     		str	r2, [r4, #8]
 192:../../../core/drivers/LSM303AGR/src/LSM303AGRSensor.c **** 
 193:../../../core/drivers/LSM303AGR/src/LSM303AGRSensor.c **** }
 642              		.loc 1 193 1 view .LVU120
 643 0094 05B0     		add	sp, sp, #20
 644              	.LCFI17:
 645              		.cfi_def_cfa_offset 12
 646              		@ sp needed
 647 0096 30BD     		pop	{r4, r5, pc}
 648              	.LVL35:
 649              	.L47:
 650              		.loc 1 193 1 view .LVU121
 651              		.align	2
 652              	.L46:
 653 0098 00000000 		.word	accRegisterData
 654 009c 00000000 		.word	LSM303AGR_hi2c
 655 00a0 00000000 		.word	accRawData
 656 00a4 D34D6210 		.word	274877907
 657              		.cfi_endproc
 658              	.LFE133:
 660              		.section	.text.LSM303AGR_MAG_readMagneticData,"ax",%progbits
 661              		.align	1
 662              		.global	LSM303AGR_MAG_readMagneticData
 663              		.syntax unified
 664              		.thumb
 665              		.thumb_func
 666              		.fpu fpv4-sp-d16
 668              	LSM303AGR_MAG_readMagneticData:
 669              	.LVL36:
 670              	.LFB134:
 194:../../../core/drivers/LSM303AGR/src/LSM303AGRSensor.c **** 
 195:../../../core/drivers/LSM303AGR/src/LSM303AGRSensor.c **** /**
 196:../../../core/drivers/LSM303AGR/src/LSM303AGRSensor.c ****  * Reads the output registers of the magnetometer and applies the sensitivity
 197:../../../core/drivers/LSM303AGR/src/LSM303AGRSensor.c ****  * @param pData: a pointer to where the data needs to be stored
 198:../../../core/drivers/LSM303AGR/src/LSM303AGRSensor.c ****  */
ARM GAS  C:\Users\tijsv\AppData\Local\Temp\cc7fom6Y.s 			page 16


 199:../../../core/drivers/LSM303AGR/src/LSM303AGRSensor.c **** void LSM303AGR_MAG_readMagneticData(int32_t *pData) {
 671              		.loc 1 199 53 is_stmt 1 view -0
 672              		.cfi_startproc
 673              		@ args = 0, pretend = 0, frame = 0
 674              		@ frame_needed = 0, uses_anonymous_args = 0
 675              		.loc 1 199 53 is_stmt 0 view .LVU123
 676 0000 30B5     		push	{r4, r5, lr}
 677              	.LCFI18:
 678              		.cfi_def_cfa_offset 12
 679              		.cfi_offset 4, -12
 680              		.cfi_offset 5, -8
 681              		.cfi_offset 14, -4
 682 0002 85B0     		sub	sp, sp, #20
 683              	.LCFI19:
 684              		.cfi_def_cfa_offset 32
 685 0004 0446     		mov	r4, r0
 200:../../../core/drivers/LSM303AGR/src/LSM303AGRSensor.c **** 	//magRegisterData[6];
 201:../../../core/drivers/LSM303AGR/src/LSM303AGRSensor.c **** 		//magRawData[3];
 202:../../../core/drivers/LSM303AGR/src/LSM303AGRSensor.c **** 		//LSM303AGR_ACC_TEMP_DATA rawData;
 203:../../../core/drivers/LSM303AGR/src/LSM303AGRSensor.c **** 
 204:../../../core/drivers/LSM303AGR/src/LSM303AGRSensor.c **** 	//LSM303AGR_MAG_TEMP_DATA rawData;
 205:../../../core/drivers/LSM303AGR/src/LSM303AGRSensor.c **** 
 206:../../../core/drivers/LSM303AGR/src/LSM303AGRSensor.c **** 	HAL_I2C_Mem_Read(LSM303AGR_hi2c, LSM303AGR_MAG_I2C_ADDRESS,
 686              		.loc 1 206 2 is_stmt 1 view .LVU124
 687 0006 4FF0FF33 		mov	r3, #-1
 688 000a 0293     		str	r3, [sp, #8]
 689 000c 0623     		movs	r3, #6
 690 000e 0193     		str	r3, [sp, #4]
 691 0010 1F4D     		ldr	r5, .L50
 692 0012 0095     		str	r5, [sp]
 693 0014 0123     		movs	r3, #1
 694 0016 E822     		movs	r2, #232
 695 0018 3C21     		movs	r1, #60
 696 001a 1E48     		ldr	r0, .L50+4
 697              	.LVL37:
 698              		.loc 1 206 2 is_stmt 0 view .LVU125
 699 001c 0068     		ldr	r0, [r0]
 700 001e FFF7FEFF 		bl	HAL_I2C_Mem_Read
 701              	.LVL38:
 207:../../../core/drivers/LSM303AGR/src/LSM303AGRSensor.c **** 	LSM303AGR_MAG_MULTI_READ, I2C_MEMADD_SIZE_8BIT, magRegisterData,
 208:../../../core/drivers/LSM303AGR/src/LSM303AGRSensor.c **** 			sizeof(magRegisterData), HAL_MAX_DELAY);
 209:../../../core/drivers/LSM303AGR/src/LSM303AGRSensor.c **** 
 210:../../../core/drivers/LSM303AGR/src/LSM303AGRSensor.c **** 	magRawData[0] = (magRegisterData[1] << 8)
 702              		.loc 1 210 2 is_stmt 1 view .LVU126
 703              		.loc 1 210 34 is_stmt 0 view .LVU127
 704 0022 6A78     		ldrb	r2, [r5, #1]	@ zero_extendqisi2
 211:../../../core/drivers/LSM303AGR/src/LSM303AGRSensor.c **** 			| magRegisterData[0];
 705              		.loc 1 211 21 view .LVU128
 706 0024 2B78     		ldrb	r3, [r5]	@ zero_extendqisi2
 707              		.loc 1 211 4 view .LVU129
 708 0026 43EA0223 		orr	r3, r3, r2, lsl #8
 709 002a 1BB2     		sxth	r3, r3
 210:../../../core/drivers/LSM303AGR/src/LSM303AGRSensor.c **** 			| magRegisterData[0];
 710              		.loc 1 210 16 view .LVU130
 711 002c 1A4A     		ldr	r2, .L50+8
 712 002e 1380     		strh	r3, [r2]	@ movhi
 212:../../../core/drivers/LSM303AGR/src/LSM303AGRSensor.c **** 	magRawData[1] = (magRegisterData[3] << 8)
ARM GAS  C:\Users\tijsv\AppData\Local\Temp\cc7fom6Y.s 			page 17


 713              		.loc 1 212 2 is_stmt 1 view .LVU131
 714              		.loc 1 212 34 is_stmt 0 view .LVU132
 715 0030 E878     		ldrb	r0, [r5, #3]	@ zero_extendqisi2
 213:../../../core/drivers/LSM303AGR/src/LSM303AGRSensor.c **** 			| magRegisterData[2];
 716              		.loc 1 213 21 view .LVU133
 717 0032 A978     		ldrb	r1, [r5, #2]	@ zero_extendqisi2
 718              		.loc 1 213 4 view .LVU134
 719 0034 41EA0021 		orr	r1, r1, r0, lsl #8
 212:../../../core/drivers/LSM303AGR/src/LSM303AGRSensor.c **** 	magRawData[1] = (magRegisterData[3] << 8)
 720              		.loc 1 212 16 view .LVU135
 721 0038 5180     		strh	r1, [r2, #2]	@ movhi
 214:../../../core/drivers/LSM303AGR/src/LSM303AGRSensor.c **** 	magRawData[2] = (magRegisterData[5] << 8)
 722              		.loc 1 214 2 is_stmt 1 view .LVU136
 723              		.loc 1 214 34 is_stmt 0 view .LVU137
 724 003a 6879     		ldrb	r0, [r5, #5]	@ zero_extendqisi2
 215:../../../core/drivers/LSM303AGR/src/LSM303AGRSensor.c **** 			| magRegisterData[4];
 725              		.loc 1 215 21 view .LVU138
 726 003c 2979     		ldrb	r1, [r5, #4]	@ zero_extendqisi2
 727              		.loc 1 215 4 view .LVU139
 728 003e 41EA0021 		orr	r1, r1, r0, lsl #8
 214:../../../core/drivers/LSM303AGR/src/LSM303AGRSensor.c **** 	magRawData[2] = (magRegisterData[5] << 8)
 729              		.loc 1 214 16 view .LVU140
 730 0042 9180     		strh	r1, [r2, #4]	@ movhi
 216:../../../core/drivers/LSM303AGR/src/LSM303AGRSensor.c **** 
 217:../../../core/drivers/LSM303AGR/src/LSM303AGRSensor.c **** 	/* Calculate the data. */
 218:../../../core/drivers/LSM303AGR/src/LSM303AGRSensor.c **** 	pData[0] = (int32_t) (magRawData[0] * 1.5f);
 731              		.loc 1 218 2 is_stmt 1 view .LVU141
 732              		.loc 1 218 38 is_stmt 0 view .LVU142
 733 0044 07EE903A 		vmov	s15, r3	@ int
 734 0048 F8EEE77A 		vcvt.f32.s32	s15, s15
 735 004c F7EE086A 		vmov.f32	s13, #1.5e+0
 736 0050 67EEA67A 		vmul.f32	s15, s15, s13
 737              		.loc 1 218 13 view .LVU143
 738 0054 FDEEE77A 		vcvt.s32.f32	s15, s15
 739              		.loc 1 218 11 view .LVU144
 740 0058 C4ED007A 		vstr.32	s15, [r4]	@ int
 219:../../../core/drivers/LSM303AGR/src/LSM303AGRSensor.c **** 	pData[1] = (int32_t) (magRawData[1] * 1.5f);
 741              		.loc 1 219 2 is_stmt 1 view .LVU145
 742              		.loc 1 219 34 is_stmt 0 view .LVU146
 743 005c B2F90230 		ldrsh	r3, [r2, #2]
 744 0060 07EE103A 		vmov	s14, r3	@ int
 745              		.loc 1 219 38 view .LVU147
 746 0064 B8EEC77A 		vcvt.f32.s32	s14, s14
 747 0068 27EE267A 		vmul.f32	s14, s14, s13
 748              		.loc 1 219 13 view .LVU148
 749 006c BDEEC77A 		vcvt.s32.f32	s14, s14
 750              		.loc 1 219 11 view .LVU149
 751 0070 84ED017A 		vstr.32	s14, [r4, #4]	@ int
 220:../../../core/drivers/LSM303AGR/src/LSM303AGRSensor.c **** 	pData[2] = (int32_t) (magRawData[2] * 1.5f);
 752              		.loc 1 220 2 is_stmt 1 view .LVU150
 753              		.loc 1 220 34 is_stmt 0 view .LVU151
 754 0074 B2F90430 		ldrsh	r3, [r2, #4]
 755 0078 07EE903A 		vmov	s15, r3	@ int
 756              		.loc 1 220 38 view .LVU152
 757 007c F8EEE77A 		vcvt.f32.s32	s15, s15
 758 0080 67EEA67A 		vmul.f32	s15, s15, s13
 759              		.loc 1 220 13 view .LVU153
ARM GAS  C:\Users\tijsv\AppData\Local\Temp\cc7fom6Y.s 			page 18


 760 0084 FDEEE77A 		vcvt.s32.f32	s15, s15
 761              		.loc 1 220 11 view .LVU154
 762 0088 C4ED027A 		vstr.32	s15, [r4, #8]	@ int
 221:../../../core/drivers/LSM303AGR/src/LSM303AGRSensor.c **** 
 222:../../../core/drivers/LSM303AGR/src/LSM303AGRSensor.c **** }
 763              		.loc 1 222 1 view .LVU155
 764 008c 05B0     		add	sp, sp, #20
 765              	.LCFI20:
 766              		.cfi_def_cfa_offset 12
 767              		@ sp needed
 768 008e 30BD     		pop	{r4, r5, pc}
 769              	.LVL39:
 770              	.L51:
 771              		.loc 1 222 1 view .LVU156
 772              		.align	2
 773              	.L50:
 774 0090 00000000 		.word	magRegisterData
 775 0094 00000000 		.word	LSM303AGR_hi2c
 776 0098 00000000 		.word	magRawData
 777              		.cfi_endproc
 778              	.LFE134:
 780              		.section	.text.LSM303AGR_MAG_readMagneticRawData,"ax",%progbits
 781              		.align	1
 782              		.global	LSM303AGR_MAG_readMagneticRawData
 783              		.syntax unified
 784              		.thumb
 785              		.thumb_func
 786              		.fpu fpv4-sp-d16
 788              	LSM303AGR_MAG_readMagneticRawData:
 789              	.LVL40:
 790              	.LFB135:
 223:../../../core/drivers/LSM303AGR/src/LSM303AGRSensor.c **** 
 224:../../../core/drivers/LSM303AGR/src/LSM303AGRSensor.c **** /**
 225:../../../core/drivers/LSM303AGR/src/LSM303AGRSensor.c ****  * Read the output registers of the magnetometer
 226:../../../core/drivers/LSM303AGR/src/LSM303AGRSensor.c ****  * @param pData: a pointer to where the data needs to be stored
 227:../../../core/drivers/LSM303AGR/src/LSM303AGRSensor.c ****  */
 228:../../../core/drivers/LSM303AGR/src/LSM303AGRSensor.c **** void LSM303AGR_MAG_readMagneticRawData(uint16_t *pData) {
 791              		.loc 1 228 57 is_stmt 1 view -0
 792              		.cfi_startproc
 793              		@ args = 0, pretend = 0, frame = 0
 794              		@ frame_needed = 0, uses_anonymous_args = 0
 795              		.loc 1 228 57 is_stmt 0 view .LVU158
 796 0000 30B5     		push	{r4, r5, lr}
 797              	.LCFI21:
 798              		.cfi_def_cfa_offset 12
 799              		.cfi_offset 4, -12
 800              		.cfi_offset 5, -8
 801              		.cfi_offset 14, -4
 802 0002 85B0     		sub	sp, sp, #20
 803              	.LCFI22:
 804              		.cfi_def_cfa_offset 32
 805 0004 0546     		mov	r5, r0
 229:../../../core/drivers/LSM303AGR/src/LSM303AGRSensor.c **** 	//magRegisterData[6];
 230:../../../core/drivers/LSM303AGR/src/LSM303AGRSensor.c **** 			//magRawData[3];
 231:../../../core/drivers/LSM303AGR/src/LSM303AGRSensor.c **** 	//LSM303AGR_MAG_TEMP_DATA rawData;
 232:../../../core/drivers/LSM303AGR/src/LSM303AGRSensor.c **** 
 233:../../../core/drivers/LSM303AGR/src/LSM303AGRSensor.c **** 	HAL_I2C_Mem_Read(LSM303AGR_hi2c, LSM303AGR_MAG_I2C_ADDRESS,
ARM GAS  C:\Users\tijsv\AppData\Local\Temp\cc7fom6Y.s 			page 19


 806              		.loc 1 233 2 is_stmt 1 view .LVU159
 807 0006 4FF0FF33 		mov	r3, #-1
 808 000a 0293     		str	r3, [sp, #8]
 809 000c 0623     		movs	r3, #6
 810 000e 0193     		str	r3, [sp, #4]
 811 0010 0C4C     		ldr	r4, .L54
 812 0012 0094     		str	r4, [sp]
 813 0014 0123     		movs	r3, #1
 814 0016 E822     		movs	r2, #232
 815 0018 3C21     		movs	r1, #60
 816 001a 0B48     		ldr	r0, .L54+4
 817              	.LVL41:
 818              		.loc 1 233 2 is_stmt 0 view .LVU160
 819 001c 0068     		ldr	r0, [r0]
 820 001e FFF7FEFF 		bl	HAL_I2C_Mem_Read
 821              	.LVL42:
 234:../../../core/drivers/LSM303AGR/src/LSM303AGRSensor.c **** 	LSM303AGR_MAG_MULTI_READ, I2C_MEMADD_SIZE_8BIT, magRegisterData,
 235:../../../core/drivers/LSM303AGR/src/LSM303AGRSensor.c **** 			sizeof(magRegisterData), HAL_MAX_DELAY);
 236:../../../core/drivers/LSM303AGR/src/LSM303AGRSensor.c **** 
 237:../../../core/drivers/LSM303AGR/src/LSM303AGRSensor.c **** 	pData[0] = (magRegisterData[1] << 8)
 822              		.loc 1 237 2 is_stmt 1 view .LVU161
 823              		.loc 1 237 29 is_stmt 0 view .LVU162
 824 0022 6278     		ldrb	r2, [r4, #1]	@ zero_extendqisi2
 238:../../../core/drivers/LSM303AGR/src/LSM303AGRSensor.c **** 			| magRegisterData[0];
 825              		.loc 1 238 21 view .LVU163
 826 0024 2378     		ldrb	r3, [r4]	@ zero_extendqisi2
 827              		.loc 1 238 4 view .LVU164
 828 0026 43EA0223 		orr	r3, r3, r2, lsl #8
 237:../../../core/drivers/LSM303AGR/src/LSM303AGRSensor.c **** 			| magRegisterData[0];
 829              		.loc 1 237 11 view .LVU165
 830 002a 2B80     		strh	r3, [r5]	@ movhi
 239:../../../core/drivers/LSM303AGR/src/LSM303AGRSensor.c **** 	pData[1] = (magRegisterData[3] << 8)
 831              		.loc 1 239 2 is_stmt 1 view .LVU166
 832              		.loc 1 239 29 is_stmt 0 view .LVU167
 833 002c E278     		ldrb	r2, [r4, #3]	@ zero_extendqisi2
 240:../../../core/drivers/LSM303AGR/src/LSM303AGRSensor.c **** 			| magRegisterData[2];
 834              		.loc 1 240 21 view .LVU168
 835 002e A378     		ldrb	r3, [r4, #2]	@ zero_extendqisi2
 836              		.loc 1 240 4 view .LVU169
 837 0030 43EA0223 		orr	r3, r3, r2, lsl #8
 239:../../../core/drivers/LSM303AGR/src/LSM303AGRSensor.c **** 	pData[1] = (magRegisterData[3] << 8)
 838              		.loc 1 239 11 view .LVU170
 839 0034 6B80     		strh	r3, [r5, #2]	@ movhi
 241:../../../core/drivers/LSM303AGR/src/LSM303AGRSensor.c **** 	pData[2] = (magRegisterData[5] << 8)
 840              		.loc 1 241 2 is_stmt 1 view .LVU171
 841              		.loc 1 241 29 is_stmt 0 view .LVU172
 842 0036 6279     		ldrb	r2, [r4, #5]	@ zero_extendqisi2
 242:../../../core/drivers/LSM303AGR/src/LSM303AGRSensor.c **** 			| magRegisterData[4];
 843              		.loc 1 242 21 view .LVU173
 844 0038 2379     		ldrb	r3, [r4, #4]	@ zero_extendqisi2
 845              		.loc 1 242 4 view .LVU174
 846 003a 43EA0223 		orr	r3, r3, r2, lsl #8
 241:../../../core/drivers/LSM303AGR/src/LSM303AGRSensor.c **** 	pData[2] = (magRegisterData[5] << 8)
 847              		.loc 1 241 11 view .LVU175
 848 003e AB80     		strh	r3, [r5, #4]	@ movhi
 243:../../../core/drivers/LSM303AGR/src/LSM303AGRSensor.c **** 
 244:../../../core/drivers/LSM303AGR/src/LSM303AGRSensor.c **** 
ARM GAS  C:\Users\tijsv\AppData\Local\Temp\cc7fom6Y.s 			page 20


 245:../../../core/drivers/LSM303AGR/src/LSM303AGRSensor.c **** }
 849              		.loc 1 245 1 view .LVU176
 850 0040 05B0     		add	sp, sp, #20
 851              	.LCFI23:
 852              		.cfi_def_cfa_offset 12
 853              		@ sp needed
 854 0042 30BD     		pop	{r4, r5, pc}
 855              	.LVL43:
 856              	.L55:
 857              		.loc 1 245 1 view .LVU177
 858              		.align	2
 859              	.L54:
 860 0044 00000000 		.word	magRegisterData
 861 0048 00000000 		.word	LSM303AGR_hi2c
 862              		.cfi_endproc
 863              	.LFE135:
 865              		.section	.text.LSM303AGR_ACC_readAccelerationRawData,"ax",%progbits
 866              		.align	1
 867              		.global	LSM303AGR_ACC_readAccelerationRawData
 868              		.syntax unified
 869              		.thumb
 870              		.thumb_func
 871              		.fpu fpv4-sp-d16
 873              	LSM303AGR_ACC_readAccelerationRawData:
 874              	.LVL44:
 875              	.LFB136:
 246:../../../core/drivers/LSM303AGR/src/LSM303AGRSensor.c **** 
 247:../../../core/drivers/LSM303AGR/src/LSM303AGRSensor.c **** void LSM303AGR_ACC_readAccelerationRawData(uint16_t *pData) {
 876              		.loc 1 247 61 is_stmt 1 view -0
 877              		.cfi_startproc
 878              		@ args = 0, pretend = 0, frame = 0
 879              		@ frame_needed = 0, uses_anonymous_args = 0
 880              		.loc 1 247 61 is_stmt 0 view .LVU179
 881 0000 30B5     		push	{r4, r5, lr}
 882              	.LCFI24:
 883              		.cfi_def_cfa_offset 12
 884              		.cfi_offset 4, -12
 885              		.cfi_offset 5, -8
 886              		.cfi_offset 14, -4
 887 0002 85B0     		sub	sp, sp, #20
 888              	.LCFI25:
 889              		.cfi_def_cfa_offset 32
 890 0004 0546     		mov	r5, r0
 248:../../../core/drivers/LSM303AGR/src/LSM303AGRSensor.c **** 	//accRegisterData[6];
 249:../../../core/drivers/LSM303AGR/src/LSM303AGRSensor.c **** 	//accRawData[3];
 250:../../../core/drivers/LSM303AGR/src/LSM303AGRSensor.c **** 
 251:../../../core/drivers/LSM303AGR/src/LSM303AGRSensor.c **** 	//magRegisterData[6];
 252:../../../core/drivers/LSM303AGR/src/LSM303AGRSensor.c **** 	//magRawData[3];
 253:../../../core/drivers/LSM303AGR/src/LSM303AGRSensor.c **** 	//LSM303AGR_ACC_TEMP_DATA rawData;
 254:../../../core/drivers/LSM303AGR/src/LSM303AGRSensor.c **** 
 255:../../../core/drivers/LSM303AGR/src/LSM303AGRSensor.c **** 	HAL_I2C_Mem_Read(LSM303AGR_hi2c, LSM303AGR_ACC_I2C_ADDRESS,	LSM303AGR_ACC_MULTI_READ, I2C_MEMADD_S
 891              		.loc 1 255 2 is_stmt 1 view .LVU180
 892 0006 4FF0FF33 		mov	r3, #-1
 893 000a 0293     		str	r3, [sp, #8]
 894 000c 0623     		movs	r3, #6
 895 000e 0193     		str	r3, [sp, #4]
 896 0010 0C4C     		ldr	r4, .L58
ARM GAS  C:\Users\tijsv\AppData\Local\Temp\cc7fom6Y.s 			page 21


 897 0012 0094     		str	r4, [sp]
 898 0014 0123     		movs	r3, #1
 899 0016 A822     		movs	r2, #168
 900 0018 3221     		movs	r1, #50
 901 001a 0B48     		ldr	r0, .L58+4
 902              	.LVL45:
 903              		.loc 1 255 2 is_stmt 0 view .LVU181
 904 001c 0068     		ldr	r0, [r0]
 905 001e FFF7FEFF 		bl	HAL_I2C_Mem_Read
 906              	.LVL46:
 256:../../../core/drivers/LSM303AGR/src/LSM303AGRSensor.c **** 
 257:../../../core/drivers/LSM303AGR/src/LSM303AGRSensor.c **** 	pData[0] = (accRegisterData[1] << 8)	| accRegisterData[0];
 907              		.loc 1 257 2 is_stmt 1 view .LVU182
 908              		.loc 1 257 29 is_stmt 0 view .LVU183
 909 0022 6278     		ldrb	r2, [r4, #1]	@ zero_extendqisi2
 910              		.loc 1 257 56 view .LVU184
 911 0024 2378     		ldrb	r3, [r4]	@ zero_extendqisi2
 912              		.loc 1 257 39 view .LVU185
 913 0026 43EA0223 		orr	r3, r3, r2, lsl #8
 914              		.loc 1 257 11 view .LVU186
 915 002a 2B80     		strh	r3, [r5]	@ movhi
 258:../../../core/drivers/LSM303AGR/src/LSM303AGRSensor.c **** 	pData[1] = (accRegisterData[3] << 8)| accRegisterData[2];
 916              		.loc 1 258 2 is_stmt 1 view .LVU187
 917              		.loc 1 258 29 is_stmt 0 view .LVU188
 918 002c E278     		ldrb	r2, [r4, #3]	@ zero_extendqisi2
 919              		.loc 1 258 55 view .LVU189
 920 002e A378     		ldrb	r3, [r4, #2]	@ zero_extendqisi2
 921              		.loc 1 258 38 view .LVU190
 922 0030 43EA0223 		orr	r3, r3, r2, lsl #8
 923              		.loc 1 258 11 view .LVU191
 924 0034 6B80     		strh	r3, [r5, #2]	@ movhi
 259:../../../core/drivers/LSM303AGR/src/LSM303AGRSensor.c **** 	pData[2] = (accRegisterData[5] << 8)| accRegisterData[4];
 925              		.loc 1 259 2 is_stmt 1 view .LVU192
 926              		.loc 1 259 29 is_stmt 0 view .LVU193
 927 0036 6279     		ldrb	r2, [r4, #5]	@ zero_extendqisi2
 928              		.loc 1 259 55 view .LVU194
 929 0038 2379     		ldrb	r3, [r4, #4]	@ zero_extendqisi2
 930              		.loc 1 259 38 view .LVU195
 931 003a 43EA0223 		orr	r3, r3, r2, lsl #8
 932              		.loc 1 259 11 view .LVU196
 933 003e AB80     		strh	r3, [r5, #4]	@ movhi
 260:../../../core/drivers/LSM303AGR/src/LSM303AGRSensor.c **** 
 261:../../../core/drivers/LSM303AGR/src/LSM303AGRSensor.c **** 	/* Apply proper shift and sensitivity */
 262:../../../core/drivers/LSM303AGR/src/LSM303AGRSensor.c **** 	// Normal mode 10-bit, shift = 6 and FS = 2
 263:../../../core/drivers/LSM303AGR/src/LSM303AGRSensor.c **** 	//pData[0] = (int32_t) (((accRawData[0] >> 6) * 3900 + 500) / 1000);
 264:../../../core/drivers/LSM303AGR/src/LSM303AGRSensor.c **** 	//pData[1] = (int32_t) (((accRawData[1] >> 6) * 3900 + 500) / 1000);
 265:../../../core/drivers/LSM303AGR/src/LSM303AGRSensor.c **** 	//pData[2] = (int32_t) (((accRawData[2] >> 6) * 3900 + 500) / 1000);
 266:../../../core/drivers/LSM303AGR/src/LSM303AGRSensor.c **** 
 267:../../../core/drivers/LSM303AGR/src/LSM303AGRSensor.c **** }
 934              		.loc 1 267 1 view .LVU197
 935 0040 05B0     		add	sp, sp, #20
 936              	.LCFI26:
 937              		.cfi_def_cfa_offset 12
 938              		@ sp needed
 939 0042 30BD     		pop	{r4, r5, pc}
 940              	.LVL47:
 941              	.L59:
ARM GAS  C:\Users\tijsv\AppData\Local\Temp\cc7fom6Y.s 			page 22


 942              		.loc 1 267 1 view .LVU198
 943              		.align	2
 944              	.L58:
 945 0044 00000000 		.word	accRegisterData
 946 0048 00000000 		.word	LSM303AGR_hi2c
 947              		.cfi_endproc
 948              	.LFE136:
 950              		.comm	magRawData,6,4
 951              		.comm	magRegisterData,6,4
 952              		.comm	accRawData,6,4
 953              		.comm	accRegisterData,6,4
 954              		.comm	LSM303AGR_hi2c,4,4
 955              		.comm	LSM303AGR_setting,1,1
 956              		.text
 957              	.Letext0:
 958              		.file 2 "c:\\program files (x86)\\gnu tools arm embedded\\9 2019-q4-major\\arm-none-eabi\\include\
 959              		.file 3 "c:\\program files (x86)\\gnu tools arm embedded\\9 2019-q4-major\\arm-none-eabi\\include\
 960              		.file 4 "../../../core/ST/CMSIS/Include/core_cm4.h"
 961              		.file 5 "../../../core/ST/CMSIS/Device/ST/STM32L4xx/Include/system_stm32l4xx.h"
 962              		.file 6 "../../../core/ST/CMSIS/Device/ST/STM32L4xx/Include/stm32l496xx.h"
 963              		.file 7 "../../../core/ST/STM32L4xx_HAL_Driver/Inc/stm32l4xx_hal_def.h"
 964              		.file 8 "../../../core/ST/STM32L4xx_HAL_Driver/Inc/stm32l4xx_hal_dma.h"
 965              		.file 9 "../../../core/ST/STM32L4xx_HAL_Driver/Inc/stm32l4xx_hal_i2c.h"
 966              		.file 10 "../../../core/ST/STM32L4xx_HAL_Driver/Inc/stm32l4xx_hal.h"
ARM GAS  C:\Users\tijsv\AppData\Local\Temp\cc7fom6Y.s 			page 23


DEFINED SYMBOLS
                            *ABS*:00000000 LSM303AGRSensor.c
C:\Users\tijsv\AppData\Local\Temp\cc7fom6Y.s:18     .text.LSM303AGR_setI2CInterface:00000000 $t
C:\Users\tijsv\AppData\Local\Temp\cc7fom6Y.s:26     .text.LSM303AGR_setI2CInterface:00000000 LSM303AGR_setI2CInterface
C:\Users\tijsv\AppData\Local\Temp\cc7fom6Y.s:44     .text.LSM303AGR_setI2CInterface:00000008 $d
                            *COM*:00000004 LSM303AGR_hi2c
C:\Users\tijsv\AppData\Local\Temp\cc7fom6Y.s:49     .text.LSM303AGR_readRegister:00000000 $t
C:\Users\tijsv\AppData\Local\Temp\cc7fom6Y.s:56     .text.LSM303AGR_readRegister:00000000 LSM303AGR_readRegister
C:\Users\tijsv\AppData\Local\Temp\cc7fom6Y.s:132    .text.LSM303AGR_readRegister:0000004c $d
C:\Users\tijsv\AppData\Local\Temp\cc7fom6Y.s:137    .text.LSM303AGR_writeRegister:00000000 $t
C:\Users\tijsv\AppData\Local\Temp\cc7fom6Y.s:144    .text.LSM303AGR_writeRegister:00000000 LSM303AGR_writeRegister
C:\Users\tijsv\AppData\Local\Temp\cc7fom6Y.s:220    .text.LSM303AGR_writeRegister:0000004c $d
C:\Users\tijsv\AppData\Local\Temp\cc7fom6Y.s:225    .text.LSM303AGR_init:00000000 $t
C:\Users\tijsv\AppData\Local\Temp\cc7fom6Y.s:232    .text.LSM303AGR_init:00000000 LSM303AGR_init
C:\Users\tijsv\AppData\Local\Temp\cc7fom6Y.s:294    .text.LSM303AGR_init:00000044 $d
                            *COM*:00000001 LSM303AGR_setting
C:\Users\tijsv\AppData\Local\Temp\cc7fom6Y.s:299    .text.LSM303AGR_ACC_reset:00000000 $t
C:\Users\tijsv\AppData\Local\Temp\cc7fom6Y.s:306    .text.LSM303AGR_ACC_reset:00000000 LSM303AGR_ACC_reset
C:\Users\tijsv\AppData\Local\Temp\cc7fom6Y.s:332    .text.LSM303AGR_ACC_reset:00000014 $d
C:\Users\tijsv\AppData\Local\Temp\cc7fom6Y.s:337    .text.LSM303AGR_MAG_reset:00000000 $t
C:\Users\tijsv\AppData\Local\Temp\cc7fom6Y.s:344    .text.LSM303AGR_MAG_reset:00000000 LSM303AGR_MAG_reset
C:\Users\tijsv\AppData\Local\Temp\cc7fom6Y.s:370    .text.LSM303AGR_MAG_reset:00000014 $d
C:\Users\tijsv\AppData\Local\Temp\cc7fom6Y.s:375    .text.LSM303AGR_powerDownAccelerometer:00000000 $t
C:\Users\tijsv\AppData\Local\Temp\cc7fom6Y.s:382    .text.LSM303AGR_powerDownAccelerometer:00000000 LSM303AGR_powerDownAccelerometer
C:\Users\tijsv\AppData\Local\Temp\cc7fom6Y.s:408    .text.LSM303AGR_powerDownAccelerometer:00000014 $d
C:\Users\tijsv\AppData\Local\Temp\cc7fom6Y.s:413    .text.LSM303AGR_powerDownMagnetometer:00000000 $t
C:\Users\tijsv\AppData\Local\Temp\cc7fom6Y.s:420    .text.LSM303AGR_powerDownMagnetometer:00000000 LSM303AGR_powerDownMagnetometer
C:\Users\tijsv\AppData\Local\Temp\cc7fom6Y.s:446    .text.LSM303AGR_powerDownMagnetometer:00000014 $d
C:\Users\tijsv\AppData\Local\Temp\cc7fom6Y.s:451    .text.LSM303AGR_wakeUpAccelerometer:00000000 $t
C:\Users\tijsv\AppData\Local\Temp\cc7fom6Y.s:458    .text.LSM303AGR_wakeUpAccelerometer:00000000 LSM303AGR_wakeUpAccelerometer
C:\Users\tijsv\AppData\Local\Temp\cc7fom6Y.s:484    .text.LSM303AGR_wakeUpAccelerometer:00000014 $d
C:\Users\tijsv\AppData\Local\Temp\cc7fom6Y.s:489    .text.LSM303AGR_wakeUpMagnetometer:00000000 $t
C:\Users\tijsv\AppData\Local\Temp\cc7fom6Y.s:496    .text.LSM303AGR_wakeUpMagnetometer:00000000 LSM303AGR_wakeUpMagnetometer
C:\Users\tijsv\AppData\Local\Temp\cc7fom6Y.s:522    .text.LSM303AGR_wakeUpMagnetometer:00000014 $d
C:\Users\tijsv\AppData\Local\Temp\cc7fom6Y.s:527    .text.LSM303AGR_ACC_readAccelerationData:00000000 $t
C:\Users\tijsv\AppData\Local\Temp\cc7fom6Y.s:534    .text.LSM303AGR_ACC_readAccelerationData:00000000 LSM303AGR_ACC_readAccelerationData
C:\Users\tijsv\AppData\Local\Temp\cc7fom6Y.s:653    .text.LSM303AGR_ACC_readAccelerationData:00000098 $d
                            *COM*:00000006 accRegisterData
                            *COM*:00000006 accRawData
C:\Users\tijsv\AppData\Local\Temp\cc7fom6Y.s:661    .text.LSM303AGR_MAG_readMagneticData:00000000 $t
C:\Users\tijsv\AppData\Local\Temp\cc7fom6Y.s:668    .text.LSM303AGR_MAG_readMagneticData:00000000 LSM303AGR_MAG_readMagneticData
C:\Users\tijsv\AppData\Local\Temp\cc7fom6Y.s:774    .text.LSM303AGR_MAG_readMagneticData:00000090 $d
                            *COM*:00000006 magRegisterData
                            *COM*:00000006 magRawData
C:\Users\tijsv\AppData\Local\Temp\cc7fom6Y.s:781    .text.LSM303AGR_MAG_readMagneticRawData:00000000 $t
C:\Users\tijsv\AppData\Local\Temp\cc7fom6Y.s:788    .text.LSM303AGR_MAG_readMagneticRawData:00000000 LSM303AGR_MAG_readMagneticRawData
C:\Users\tijsv\AppData\Local\Temp\cc7fom6Y.s:860    .text.LSM303AGR_MAG_readMagneticRawData:00000044 $d
C:\Users\tijsv\AppData\Local\Temp\cc7fom6Y.s:866    .text.LSM303AGR_ACC_readAccelerationRawData:00000000 $t
C:\Users\tijsv\AppData\Local\Temp\cc7fom6Y.s:873    .text.LSM303AGR_ACC_readAccelerationRawData:00000000 LSM303AGR_ACC_readAccelerationRawData
C:\Users\tijsv\AppData\Local\Temp\cc7fom6Y.s:945    .text.LSM303AGR_ACC_readAccelerationRawData:00000044 $d

UNDEFINED SYMBOLS
HAL_I2C_Mem_Read
HAL_I2C_Mem_Write
