ARM GAS  C:\Users\tijsv\AppData\Local\Temp\ccZF1eJU.s 			page 1


   1              		.cpu cortex-m4
   2              		.eabi_attribute 27, 1
   3              		.eabi_attribute 28, 1
   4              		.eabi_attribute 20, 1
   5              		.eabi_attribute 21, 1
   6              		.eabi_attribute 23, 3
   7              		.eabi_attribute 24, 1
   8              		.eabi_attribute 25, 1
   9              		.eabi_attribute 26, 1
  10              		.eabi_attribute 30, 1
  11              		.eabi_attribute 34, 1
  12              		.eabi_attribute 18, 4
  13              		.file	"print.c"
  14              		.text
  15              	.Ltext0:
  16              		.cfi_sections	.debug_frame
  17              		.section	.rodata.printINF.str1.4,"aMS",%progbits,1
  18              		.align	2
  19              	.LC0:
  20 0000 5B494E46 		.ascii	"[INF] \000"
  20      5D2000
  21              		.section	.text.printINF,"ax",%progbits
  22              		.align	1
  23              		.global	printINF
  24              		.arch armv7e-m
  25              		.syntax unified
  26              		.thumb
  27              		.thumb_func
  28              		.fpu fpv4-sp-d16
  30              	printINF:
  31              	.LVL0:
  32              	.LFB0:
  33              		.file 1 "../../../core/platform/common/src/print.c"
   1:../../../core/platform/common/src/print.c **** #include "print.h"
   2:../../../core/platform/common/src/print.c **** 
   3:../../../core/platform/common/src/print.c **** void printINF(char *format, ...)
   4:../../../core/platform/common/src/print.c **** {
  34              		.loc 1 4 1 view -0
  35              		.cfi_startproc
  36              		@ args = 4, pretend = 16, frame = 8
  37              		@ frame_needed = 0, uses_anonymous_args = 1
  38              		.loc 1 4 1 is_stmt 0 view .LVU1
  39 0000 0FB4     		push	{r0, r1, r2, r3}
  40              	.LCFI0:
  41              		.cfi_def_cfa_offset 16
  42              		.cfi_offset 0, -16
  43              		.cfi_offset 1, -12
  44              		.cfi_offset 2, -8
  45              		.cfi_offset 3, -4
  46 0002 30B5     		push	{r4, r5, lr}
  47              	.LCFI1:
  48              		.cfi_def_cfa_offset 28
  49              		.cfi_offset 4, -28
  50              		.cfi_offset 5, -24
  51              		.cfi_offset 14, -20
  52 0004 83B0     		sub	sp, sp, #12
  53              	.LCFI2:
ARM GAS  C:\Users\tijsv\AppData\Local\Temp\ccZF1eJU.s 			page 2


  54              		.cfi_def_cfa_offset 40
  55 0006 06AC     		add	r4, sp, #24
  56 0008 54F8045B 		ldr	r5, [r4], #4
   5:../../../core/platform/common/src/print.c ****     printf("[INF] ");
  57              		.loc 1 5 5 is_stmt 1 view .LVU2
  58 000c 0648     		ldr	r0, .L3
  59 000e FFF7FEFF 		bl	printf
  60              	.LVL1:
   6:../../../core/platform/common/src/print.c ****     va_list args;
  61              		.loc 1 6 5 view .LVU3
   7:../../../core/platform/common/src/print.c ****     va_start(args, format);
  62              		.loc 1 7 5 view .LVU4
  63 0012 0194     		str	r4, [sp, #4]
   8:../../../core/platform/common/src/print.c ****     vprintf(format, args);
  64              		.loc 1 8 5 view .LVU5
  65 0014 2146     		mov	r1, r4
  66 0016 2846     		mov	r0, r5
  67 0018 FFF7FEFF 		bl	vprintf
  68              	.LVL2:
   9:../../../core/platform/common/src/print.c ****     va_end(args);
  69              		.loc 1 9 5 view .LVU6
  10:../../../core/platform/common/src/print.c **** }
  70              		.loc 1 10 1 is_stmt 0 view .LVU7
  71 001c 03B0     		add	sp, sp, #12
  72              	.LCFI3:
  73              		.cfi_def_cfa_offset 28
  74              		@ sp needed
  75 001e BDE83040 		pop	{r4, r5, lr}
  76              	.LCFI4:
  77              		.cfi_restore 14
  78              		.cfi_restore 5
  79              		.cfi_restore 4
  80              		.cfi_def_cfa_offset 16
  81 0022 04B0     		add	sp, sp, #16
  82              	.LCFI5:
  83              		.cfi_restore 3
  84              		.cfi_restore 2
  85              		.cfi_restore 1
  86              		.cfi_restore 0
  87              		.cfi_def_cfa_offset 0
  88 0024 7047     		bx	lr
  89              	.L4:
  90 0026 00BF     		.align	2
  91              	.L3:
  92 0028 00000000 		.word	.LC0
  93              		.cfi_endproc
  94              	.LFE0:
  96              		.section	.rodata.printERR.str1.4,"aMS",%progbits,1
  97              		.align	2
  98              	.LC1:
  99 0000 5B455252 		.ascii	"[ERR] \000"
  99      5D2000
 100              		.section	.text.printERR,"ax",%progbits
 101              		.align	1
 102              		.global	printERR
 103              		.syntax unified
 104              		.thumb
ARM GAS  C:\Users\tijsv\AppData\Local\Temp\ccZF1eJU.s 			page 3


 105              		.thumb_func
 106              		.fpu fpv4-sp-d16
 108              	printERR:
 109              	.LVL3:
 110              	.LFB1:
  11:../../../core/platform/common/src/print.c **** 
  12:../../../core/platform/common/src/print.c **** void printERR(char *format, ...)
  13:../../../core/platform/common/src/print.c **** {
 111              		.loc 1 13 1 is_stmt 1 view -0
 112              		.cfi_startproc
 113              		@ args = 4, pretend = 16, frame = 8
 114              		@ frame_needed = 0, uses_anonymous_args = 1
 115              		.loc 1 13 1 is_stmt 0 view .LVU9
 116 0000 0FB4     		push	{r0, r1, r2, r3}
 117              	.LCFI6:
 118              		.cfi_def_cfa_offset 16
 119              		.cfi_offset 0, -16
 120              		.cfi_offset 1, -12
 121              		.cfi_offset 2, -8
 122              		.cfi_offset 3, -4
 123 0002 30B5     		push	{r4, r5, lr}
 124              	.LCFI7:
 125              		.cfi_def_cfa_offset 28
 126              		.cfi_offset 4, -28
 127              		.cfi_offset 5, -24
 128              		.cfi_offset 14, -20
 129 0004 83B0     		sub	sp, sp, #12
 130              	.LCFI8:
 131              		.cfi_def_cfa_offset 40
 132 0006 06AC     		add	r4, sp, #24
 133 0008 54F8045B 		ldr	r5, [r4], #4
  14:../../../core/platform/common/src/print.c ****     printf("[ERR] ");
 134              		.loc 1 14 5 is_stmt 1 view .LVU10
 135 000c 0648     		ldr	r0, .L7
 136 000e FFF7FEFF 		bl	printf
 137              	.LVL4:
  15:../../../core/platform/common/src/print.c ****     va_list args;
 138              		.loc 1 15 5 view .LVU11
  16:../../../core/platform/common/src/print.c ****     va_start(args, format);
 139              		.loc 1 16 5 view .LVU12
 140 0012 0194     		str	r4, [sp, #4]
  17:../../../core/platform/common/src/print.c ****     vprintf(format, args);
 141              		.loc 1 17 5 view .LVU13
 142 0014 2146     		mov	r1, r4
 143 0016 2846     		mov	r0, r5
 144 0018 FFF7FEFF 		bl	vprintf
 145              	.LVL5:
  18:../../../core/platform/common/src/print.c ****     va_end(args);
 146              		.loc 1 18 5 view .LVU14
  19:../../../core/platform/common/src/print.c **** }
 147              		.loc 1 19 1 is_stmt 0 view .LVU15
 148 001c 03B0     		add	sp, sp, #12
 149              	.LCFI9:
 150              		.cfi_def_cfa_offset 28
 151              		@ sp needed
 152 001e BDE83040 		pop	{r4, r5, lr}
 153              	.LCFI10:
ARM GAS  C:\Users\tijsv\AppData\Local\Temp\ccZF1eJU.s 			page 4


 154              		.cfi_restore 14
 155              		.cfi_restore 5
 156              		.cfi_restore 4
 157              		.cfi_def_cfa_offset 16
 158 0022 04B0     		add	sp, sp, #16
 159              	.LCFI11:
 160              		.cfi_restore 3
 161              		.cfi_restore 2
 162              		.cfi_restore 1
 163              		.cfi_restore 0
 164              		.cfi_def_cfa_offset 0
 165 0024 7047     		bx	lr
 166              	.L8:
 167 0026 00BF     		.align	2
 168              	.L7:
 169 0028 00000000 		.word	.LC1
 170              		.cfi_endproc
 171              	.LFE1:
 173              		.section	.text.printDBG,"ax",%progbits
 174              		.align	1
 175              		.global	printDBG
 176              		.syntax unified
 177              		.thumb
 178              		.thumb_func
 179              		.fpu fpv4-sp-d16
 181              	printDBG:
 182              	.LVL6:
 183              	.LFB2:
  20:../../../core/platform/common/src/print.c **** 
  21:../../../core/platform/common/src/print.c **** void printDBG(char *format, ...)
  22:../../../core/platform/common/src/print.c **** {
 184              		.loc 1 22 1 is_stmt 1 view -0
 185              		.cfi_startproc
 186              		@ args = 4, pretend = 16, frame = 0
 187              		@ frame_needed = 0, uses_anonymous_args = 1
 188              		@ link register save eliminated.
 189              		.loc 1 22 1 is_stmt 0 view .LVU17
 190 0000 0FB4     		push	{r0, r1, r2, r3}
 191              	.LCFI12:
 192              		.cfi_def_cfa_offset 16
 193              		.cfi_offset 0, -16
 194              		.cfi_offset 1, -12
 195              		.cfi_offset 2, -8
 196              		.cfi_offset 3, -4
  23:../../../core/platform/common/src/print.c ****     #if DEBUG
  24:../../../core/platform/common/src/print.c ****         printf("[DBG] ");
  25:../../../core/platform/common/src/print.c ****         // https://www.ibm.com/support/knowledgecenter/en/SSLTBW_2.3.0/com.ibm.zos.v2r3.bpxbd00/vpr
  26:../../../core/platform/common/src/print.c ****         va_list args;
  27:../../../core/platform/common/src/print.c ****         va_start(args, format);
  28:../../../core/platform/common/src/print.c ****         vprintf(format, args);
  29:../../../core/platform/common/src/print.c ****         va_end(args);
  30:../../../core/platform/common/src/print.c ****     #endif
  31:../../../core/platform/common/src/print.c **** }...
 197              		.loc 1 31 1 is_stmt 1 view .LVU18
 198 0002 04B0     		add	sp, sp, #16
 199              	.LCFI13:
 200              		.cfi_restore 3
ARM GAS  C:\Users\tijsv\AppData\Local\Temp\ccZF1eJU.s 			page 5


 201              		.cfi_restore 2
 202              		.cfi_restore 1
 203              		.cfi_restore 0
 204              		.cfi_def_cfa_offset 0
 205 0004 7047     		bx	lr
 206              		.cfi_endproc
 207              	.LFE2:
 209              		.text
 210              	.Letext0:
 211              		.file 2 "c:\\program files (x86)\\gnu tools arm embedded\\9 2019-q4-major\\lib\\gcc\\arm-none-eabi
 212              		.file 3 "<built-in>"
ARM GAS  C:\Users\tijsv\AppData\Local\Temp\ccZF1eJU.s 			page 6


DEFINED SYMBOLS
                            *ABS*:00000000 print.c
C:\Users\tijsv\AppData\Local\Temp\ccZF1eJU.s:18     .rodata.printINF.str1.4:00000000 $d
C:\Users\tijsv\AppData\Local\Temp\ccZF1eJU.s:22     .text.printINF:00000000 $t
C:\Users\tijsv\AppData\Local\Temp\ccZF1eJU.s:30     .text.printINF:00000000 printINF
C:\Users\tijsv\AppData\Local\Temp\ccZF1eJU.s:92     .text.printINF:00000028 $d
C:\Users\tijsv\AppData\Local\Temp\ccZF1eJU.s:97     .rodata.printERR.str1.4:00000000 $d
C:\Users\tijsv\AppData\Local\Temp\ccZF1eJU.s:101    .text.printERR:00000000 $t
C:\Users\tijsv\AppData\Local\Temp\ccZF1eJU.s:108    .text.printERR:00000000 printERR
C:\Users\tijsv\AppData\Local\Temp\ccZF1eJU.s:169    .text.printERR:00000028 $d
C:\Users\tijsv\AppData\Local\Temp\ccZF1eJU.s:174    .text.printDBG:00000000 $t
C:\Users\tijsv\AppData\Local\Temp\ccZF1eJU.s:181    .text.printDBG:00000000 printDBG

UNDEFINED SYMBOLS
printf
vprintf
