ARM GAS  C:\Users\tijsv\AppData\Local\Temp\ccZvi3PQ.s 			page 1


   1              		.cpu cortex-m4
   2              		.eabi_attribute 27, 1
   3              		.eabi_attribute 28, 1
   4              		.eabi_attribute 20, 1
   5              		.eabi_attribute 21, 1
   6              		.eabi_attribute 23, 3
   7              		.eabi_attribute 24, 1
   8              		.eabi_attribute 25, 1
   9              		.eabi_attribute 26, 1
  10              		.eabi_attribute 30, 1
  11              		.eabi_attribute 34, 1
  12              		.eabi_attribute 18, 4
  13              		.file	"rtc.c"
  14              		.text
  15              	.Ltext0:
  16              		.cfi_sections	.debug_frame
  17              		.section	.text.RTC_Init,"ax",%progbits
  18              		.align	1
  19              		.global	RTC_Init
  20              		.arch armv7e-m
  21              		.syntax unified
  22              		.thumb
  23              		.thumb_func
  24              		.fpu fpv4-sp-d16
  26              	RTC_Init:
  27              	.LFB131:
  28              		.file 1 "../../../core/platform/octa/src/rtc.c"
   1:../../../core/platform/octa/src/rtc.c **** #include "rtc.h"
   2:../../../core/platform/octa/src/rtc.c **** #include "platform.h"
   3:../../../core/platform/octa/src/rtc.c **** #include "time.h"
   4:../../../core/platform/octa/src/rtc.c **** 
   5:../../../core/platform/octa/src/rtc.c **** static void (*RTC_Wakeup_ApplicationCallback)(void) = 0;
   6:../../../core/platform/octa/src/rtc.c **** 
   7:../../../core/platform/octa/src/rtc.c **** void RTC_Init(void)
   8:../../../core/platform/octa/src/rtc.c **** {
  29              		.loc 1 8 1 view -0
  30              		.cfi_startproc
  31              		@ args = 0, pretend = 0, frame = 24
  32              		@ frame_needed = 0, uses_anonymous_args = 0
  33 0000 00B5     		push	{lr}
  34              	.LCFI0:
  35              		.cfi_def_cfa_offset 4
  36              		.cfi_offset 14, -4
  37 0002 87B0     		sub	sp, sp, #28
  38              	.LCFI1:
  39              		.cfi_def_cfa_offset 32
   9:../../../core/platform/octa/src/rtc.c ****   RTC_TimeTypeDef sTime;
  40              		.loc 1 9 3 view .LVU1
  10:../../../core/platform/octa/src/rtc.c ****   RTC_DateTypeDef sDate;
  41              		.loc 1 10 3 view .LVU2
  11:../../../core/platform/octa/src/rtc.c **** 
  12:../../../core/platform/octa/src/rtc.c ****   hrtc.Instance = RTC;
  42              		.loc 1 12 3 view .LVU3
  43              		.loc 1 12 17 is_stmt 0 view .LVU4
  44 0004 1F48     		ldr	r0, .L9
  45 0006 204B     		ldr	r3, .L9+4
  46 0008 0360     		str	r3, [r0]
ARM GAS  C:\Users\tijsv\AppData\Local\Temp\ccZvi3PQ.s 			page 2


  13:../../../core/platform/octa/src/rtc.c ****   hrtc.Init.HourFormat = RTC_HOURFORMAT_24;
  47              		.loc 1 13 3 is_stmt 1 view .LVU5
  48              		.loc 1 13 24 is_stmt 0 view .LVU6
  49 000a 0023     		movs	r3, #0
  50 000c 4360     		str	r3, [r0, #4]
  14:../../../core/platform/octa/src/rtc.c ****   hrtc.Init.AsynchPrediv = 127;
  51              		.loc 1 14 3 is_stmt 1 view .LVU7
  52              		.loc 1 14 26 is_stmt 0 view .LVU8
  53 000e 7F22     		movs	r2, #127
  54 0010 8260     		str	r2, [r0, #8]
  15:../../../core/platform/octa/src/rtc.c ****   hrtc.Init.SynchPrediv = 255;
  55              		.loc 1 15 3 is_stmt 1 view .LVU9
  56              		.loc 1 15 25 is_stmt 0 view .LVU10
  57 0012 FF22     		movs	r2, #255
  58 0014 C260     		str	r2, [r0, #12]
  16:../../../core/platform/octa/src/rtc.c ****   hrtc.Init.OutPut = RTC_OUTPUT_DISABLE;
  59              		.loc 1 16 3 is_stmt 1 view .LVU11
  60              		.loc 1 16 20 is_stmt 0 view .LVU12
  61 0016 0361     		str	r3, [r0, #16]
  17:../../../core/platform/octa/src/rtc.c ****   hrtc.Init.OutPutRemap = RTC_OUTPUT_REMAP_NONE;
  62              		.loc 1 17 3 is_stmt 1 view .LVU13
  63              		.loc 1 17 25 is_stmt 0 view .LVU14
  64 0018 4361     		str	r3, [r0, #20]
  18:../../../core/platform/octa/src/rtc.c ****   hrtc.Init.OutPutPolarity = RTC_OUTPUT_POLARITY_HIGH;
  65              		.loc 1 18 3 is_stmt 1 view .LVU15
  66              		.loc 1 18 28 is_stmt 0 view .LVU16
  67 001a 8361     		str	r3, [r0, #24]
  19:../../../core/platform/octa/src/rtc.c ****   hrtc.Init.OutPutType = RTC_OUTPUT_TYPE_OPENDRAIN;
  68              		.loc 1 19 3 is_stmt 1 view .LVU17
  69              		.loc 1 19 24 is_stmt 0 view .LVU18
  70 001c C361     		str	r3, [r0, #28]
  20:../../../core/platform/octa/src/rtc.c ****   if (HAL_RTC_Init(&hrtc) != HAL_OK)
  71              		.loc 1 20 3 is_stmt 1 view .LVU19
  72              		.loc 1 20 7 is_stmt 0 view .LVU20
  73 001e FFF7FEFF 		bl	HAL_RTC_Init
  74              	.LVL0:
  75              		.loc 1 20 6 view .LVU21
  76 0022 28BB     		cbnz	r0, .L6
  77              	.L2:
  21:../../../core/platform/octa/src/rtc.c ****   {
  22:../../../core/platform/octa/src/rtc.c ****     Error_Handler();
  23:../../../core/platform/octa/src/rtc.c ****   }
  24:../../../core/platform/octa/src/rtc.c **** 
  25:../../../core/platform/octa/src/rtc.c ****   sTime.Hours = 0x0;
  78              		.loc 1 25 3 is_stmt 1 view .LVU22
  79              		.loc 1 25 15 is_stmt 0 view .LVU23
  80 0024 0023     		movs	r3, #0
  81 0026 8DF80430 		strb	r3, [sp, #4]
  26:../../../core/platform/octa/src/rtc.c ****   sTime.Minutes = 0x0;
  82              		.loc 1 26 3 is_stmt 1 view .LVU24
  83              		.loc 1 26 17 is_stmt 0 view .LVU25
  84 002a 8DF80530 		strb	r3, [sp, #5]
  27:../../../core/platform/octa/src/rtc.c ****   sTime.Seconds = 0x0;
  85              		.loc 1 27 3 is_stmt 1 view .LVU26
  86              		.loc 1 27 17 is_stmt 0 view .LVU27
  87 002e 8DF80630 		strb	r3, [sp, #6]
  28:../../../core/platform/octa/src/rtc.c ****   sTime.DayLightSaving = RTC_DAYLIGHTSAVING_NONE;
ARM GAS  C:\Users\tijsv\AppData\Local\Temp\ccZvi3PQ.s 			page 3


  88              		.loc 1 28 3 is_stmt 1 view .LVU28
  89              		.loc 1 28 24 is_stmt 0 view .LVU29
  90 0032 0493     		str	r3, [sp, #16]
  29:../../../core/platform/octa/src/rtc.c ****   sTime.StoreOperation = RTC_STOREOPERATION_RESET;
  91              		.loc 1 29 3 is_stmt 1 view .LVU30
  92              		.loc 1 29 24 is_stmt 0 view .LVU31
  93 0034 0593     		str	r3, [sp, #20]
  30:../../../core/platform/octa/src/rtc.c ****   if (HAL_RTC_SetTime(&hrtc, &sTime, RTC_FORMAT_BCD) != HAL_OK)
  94              		.loc 1 30 3 is_stmt 1 view .LVU32
  95              		.loc 1 30 7 is_stmt 0 view .LVU33
  96 0036 0122     		movs	r2, #1
  97 0038 01A9     		add	r1, sp, #4
  98 003a 1248     		ldr	r0, .L9
  99 003c FFF7FEFF 		bl	HAL_RTC_SetTime
 100              	.LVL1:
 101              		.loc 1 30 6 view .LVU34
 102 0040 C8B9     		cbnz	r0, .L7
 103              	.L3:
  31:../../../core/platform/octa/src/rtc.c ****   {
  32:../../../core/platform/octa/src/rtc.c ****     Error_Handler();
  33:../../../core/platform/octa/src/rtc.c ****   }
  34:../../../core/platform/octa/src/rtc.c ****   sDate.WeekDay = RTC_WEEKDAY_MONDAY;
 104              		.loc 1 34 3 is_stmt 1 view .LVU35
 105              		.loc 1 34 17 is_stmt 0 view .LVU36
 106 0042 0122     		movs	r2, #1
 107 0044 8DF80020 		strb	r2, [sp]
  35:../../../core/platform/octa/src/rtc.c ****   sDate.Month = RTC_MONTH_JANUARY;
 108              		.loc 1 35 3 is_stmt 1 view .LVU37
 109              		.loc 1 35 15 is_stmt 0 view .LVU38
 110 0048 8DF80120 		strb	r2, [sp, #1]
  36:../../../core/platform/octa/src/rtc.c ****   sDate.Date = 0x1;
 111              		.loc 1 36 3 is_stmt 1 view .LVU39
 112              		.loc 1 36 14 is_stmt 0 view .LVU40
 113 004c 8DF80220 		strb	r2, [sp, #2]
  37:../../../core/platform/octa/src/rtc.c ****   sDate.Year = 0x0;
 114              		.loc 1 37 3 is_stmt 1 view .LVU41
 115              		.loc 1 37 14 is_stmt 0 view .LVU42
 116 0050 0023     		movs	r3, #0
 117 0052 8DF80330 		strb	r3, [sp, #3]
  38:../../../core/platform/octa/src/rtc.c ****   if (HAL_RTC_SetDate(&hrtc, &sDate, RTC_FORMAT_BCD) != HAL_OK)
 118              		.loc 1 38 3 is_stmt 1 view .LVU43
 119              		.loc 1 38 7 is_stmt 0 view .LVU44
 120 0056 6946     		mov	r1, sp
 121 0058 0A48     		ldr	r0, .L9
 122 005a FFF7FEFF 		bl	HAL_RTC_SetDate
 123              	.LVL2:
 124              		.loc 1 38 6 view .LVU45
 125 005e 68B9     		cbnz	r0, .L8
 126              	.L4:
  39:../../../core/platform/octa/src/rtc.c ****   {
  40:../../../core/platform/octa/src/rtc.c ****     Error_Handler();
  41:../../../core/platform/octa/src/rtc.c ****   }
  42:../../../core/platform/octa/src/rtc.c ****   __HAL_RTC_WAKEUPTIMER_EXTI_ENABLE_IT();
 127              		.loc 1 42 3 is_stmt 1 view .LVU46
 128 0060 0A4A     		ldr	r2, .L9+8
 129 0062 1368     		ldr	r3, [r2]
 130 0064 43F48013 		orr	r3, r3, #1048576
ARM GAS  C:\Users\tijsv\AppData\Local\Temp\ccZvi3PQ.s 			page 4


 131 0068 1360     		str	r3, [r2]
  43:../../../core/platform/octa/src/rtc.c **** }
 132              		.loc 1 43 1 is_stmt 0 view .LVU47
 133 006a 07B0     		add	sp, sp, #28
 134              	.LCFI2:
 135              		.cfi_remember_state
 136              		.cfi_def_cfa_offset 4
 137              		@ sp needed
 138 006c 5DF804FB 		ldr	pc, [sp], #4
 139              	.L6:
 140              	.LCFI3:
 141              		.cfi_restore_state
  22:../../../core/platform/octa/src/rtc.c ****   }
 142              		.loc 1 22 5 is_stmt 1 view .LVU48
 143 0070 FFF7FEFF 		bl	Error_Handler
 144              	.LVL3:
 145 0074 D6E7     		b	.L2
 146              	.L7:
  32:../../../core/platform/octa/src/rtc.c ****   }
 147              		.loc 1 32 5 view .LVU49
 148 0076 FFF7FEFF 		bl	Error_Handler
 149              	.LVL4:
 150 007a E2E7     		b	.L3
 151              	.L8:
  40:../../../core/platform/octa/src/rtc.c ****   }
 152              		.loc 1 40 5 view .LVU50
 153 007c FFF7FEFF 		bl	Error_Handler
 154              	.LVL5:
 155 0080 EEE7     		b	.L4
 156              	.L10:
 157 0082 00BF     		.align	2
 158              	.L9:
 159 0084 00000000 		.word	hrtc
 160 0088 00280040 		.word	1073752064
 161 008c 00040140 		.word	1073808384
 162              		.cfi_endproc
 163              	.LFE131:
 165              		.section	.rodata.RTC_Set_Time_From_Unix.str1.4,"aMS",%progbits,1
 166              		.align	2
 167              	.LC0:
 168 0000 496E7661 		.ascii	"Invalid utc timestamp. not updating RTC\015\012\000"
 168      6C696420 
 168      75746320 
 168      74696D65 
 168      7374616D 
 169 002a 0000     		.align	2
 170              	.LC1:
 171 002c 52544320 		.ascii	"RTC datetime updated\015\012\000"
 171      64617465 
 171      74696D65 
 171      20757064 
 171      61746564 
 172              		.section	.text.RTC_Set_Time_From_Unix,"ax",%progbits
 173              		.align	1
 174              		.global	RTC_Set_Time_From_Unix
 175              		.syntax unified
 176              		.thumb
ARM GAS  C:\Users\tijsv\AppData\Local\Temp\ccZvi3PQ.s 			page 5


 177              		.thumb_func
 178              		.fpu fpv4-sp-d16
 180              	RTC_Set_Time_From_Unix:
 181              	.LVL6:
 182              	.LFB132:
  44:../../../core/platform/octa/src/rtc.c **** 
  45:../../../core/platform/octa/src/rtc.c **** /**
  46:../../../core/platform/octa/src/rtc.c ****    * Description: Unix timestamp parsing and setting local time
  47:../../../core/platform/octa/src/rtc.c ****     * Parameter: UnixNum Unix timestamp
  48:../../../core/platform/octa/src/rtc.c ****     * Return: NULL
  49:../../../core/platform/octa/src/rtc.c ****     * Others:
  50:../../../core/platform/octa/src/rtc.c ****   */
  51:../../../core/platform/octa/src/rtc.c **** void RTC_Set_Time_From_Unix(uint32_t UnixNum)
  52:../../../core/platform/octa/src/rtc.c **** {
 183              		.loc 1 52 1 view -0
 184              		.cfi_startproc
 185              		@ args = 0, pretend = 0, frame = 32
 186              		@ frame_needed = 0, uses_anonymous_args = 0
 187              		.loc 1 52 1 is_stmt 0 view .LVU52
 188 0000 30B5     		push	{r4, r5, lr}
 189              	.LCFI4:
 190              		.cfi_def_cfa_offset 12
 191              		.cfi_offset 4, -12
 192              		.cfi_offset 5, -8
 193              		.cfi_offset 14, -4
 194 0002 89B0     		sub	sp, sp, #36
 195              	.LCFI5:
 196              		.cfi_def_cfa_offset 48
  53:../../../core/platform/octa/src/rtc.c ****   struct tm *stmU;
 197              		.loc 1 53 3 is_stmt 1 view .LVU53
  54:../../../core/platform/octa/src/rtc.c **** 
  55:../../../core/platform/octa/src/rtc.c ****   RTC_DateTypeDef sdate;
 198              		.loc 1 55 3 view .LVU54
  56:../../../core/platform/octa/src/rtc.c ****   RTC_TimeTypeDef stime;
 199              		.loc 1 56 3 view .LVU55
  57:../../../core/platform/octa/src/rtc.c **** 
  58:../../../core/platform/octa/src/rtc.c ****   time_t Count;
 200              		.loc 1 58 3 view .LVU56
  59:../../../core/platform/octa/src/rtc.c **** 
  60:../../../core/platform/octa/src/rtc.c ****   Count = UnixNum;
 201              		.loc 1 60 3 view .LVU57
 202              		.loc 1 60 9 is_stmt 0 view .LVU58
 203 0004 0024     		movs	r4, #0
 204 0006 0090     		str	r0, [sp]
 205 0008 0194     		str	r4, [sp, #4]
  61:../../../core/platform/octa/src/rtc.c ****           
  62:../../../core/platform/octa/src/rtc.c ****   stmU = localtime(&Count);
 206              		.loc 1 62 3 is_stmt 1 view .LVU59
 207              		.loc 1 62 10 is_stmt 0 view .LVU60
 208 000a 6846     		mov	r0, sp
 209              	.LVL7:
 210              		.loc 1 62 10 view .LVU61
 211 000c FFF7FEFF 		bl	localtime
 212              	.LVL8:
  63:../../../core/platform/octa/src/rtc.c ****   sdate.Year = stmU->tm_year - 100;
 213              		.loc 1 63 3 is_stmt 1 view .LVU62
 214              		.loc 1 63 20 is_stmt 0 view .LVU63
ARM GAS  C:\Users\tijsv\AppData\Local\Temp\ccZvi3PQ.s 			page 6


 215 0010 4369     		ldr	r3, [r0, #20]
 216              		.loc 1 63 30 view .LVU64
 217 0012 643B     		subs	r3, r3, #100
 218              		.loc 1 63 14 view .LVU65
 219 0014 8DF81F30 		strb	r3, [sp, #31]
  64:../../../core/platform/octa/src/rtc.c ****   sdate.Month = stmU->tm_mon + 1;
 220              		.loc 1 64 3 is_stmt 1 view .LVU66
 221              		.loc 1 64 21 is_stmt 0 view .LVU67
 222 0018 0369     		ldr	r3, [r0, #16]
 223              		.loc 1 64 30 view .LVU68
 224 001a 0133     		adds	r3, r3, #1
 225 001c DBB2     		uxtb	r3, r3
 226              		.loc 1 64 15 view .LVU69
 227 001e 8DF81D30 		strb	r3, [sp, #29]
  65:../../../core/platform/octa/src/rtc.c ****   sdate.Date = stmU->tm_mday;
 228              		.loc 1 65 3 is_stmt 1 view .LVU70
 229              		.loc 1 65 14 is_stmt 0 view .LVU71
 230 0022 057B     		ldrb	r5, [r0, #12]	@ zero_extendqisi2
 231 0024 8DF81E50 		strb	r5, [sp, #30]
  66:../../../core/platform/octa/src/rtc.c ****   sdate.WeekDay = stmU->tm_wday + 1;
 232              		.loc 1 66 3 is_stmt 1 view .LVU72
 233              		.loc 1 66 23 is_stmt 0 view .LVU73
 234 0028 8269     		ldr	r2, [r0, #24]
 235              		.loc 1 66 33 view .LVU74
 236 002a 0132     		adds	r2, r2, #1
 237              		.loc 1 66 17 view .LVU75
 238 002c 8DF81C20 		strb	r2, [sp, #28]
  67:../../../core/platform/octa/src/rtc.c ****   stime.DayLightSaving = RTC_DAYLIGHTSAVING_NONE;
 239              		.loc 1 67 3 is_stmt 1 view .LVU76
 240              		.loc 1 67 24 is_stmt 0 view .LVU77
 241 0030 0594     		str	r4, [sp, #20]
  68:../../../core/platform/octa/src/rtc.c ****   stime.SubSeconds = 0;
 242              		.loc 1 68 3 is_stmt 1 view .LVU78
 243              		.loc 1 68 20 is_stmt 0 view .LVU79
 244 0032 0394     		str	r4, [sp, #12]
  69:../../../core/platform/octa/src/rtc.c ****   stime.SecondFraction = 0;
 245              		.loc 1 69 3 is_stmt 1 view .LVU80
 246              		.loc 1 69 24 is_stmt 0 view .LVU81
 247 0034 0494     		str	r4, [sp, #16]
  70:../../../core/platform/octa/src/rtc.c ****   stime.StoreOperation = RTC_STOREOPERATION_SET;
 248              		.loc 1 70 3 is_stmt 1 view .LVU82
 249              		.loc 1 70 24 is_stmt 0 view .LVU83
 250 0036 4FF48022 		mov	r2, #262144
 251 003a 0692     		str	r2, [sp, #24]
  71:../../../core/platform/octa/src/rtc.c ****   stime.Hours = stmU->tm_hour;
 252              		.loc 1 71 3 is_stmt 1 view .LVU84
 253              		.loc 1 71 15 is_stmt 0 view .LVU85
 254 003c 027A     		ldrb	r2, [r0, #8]	@ zero_extendqisi2
 255 003e 8DF80820 		strb	r2, [sp, #8]
  72:../../../core/platform/octa/src/rtc.c ****   stime.Minutes = stmU->tm_min;
 256              		.loc 1 72 3 is_stmt 1 view .LVU86
 257              		.loc 1 72 17 is_stmt 0 view .LVU87
 258 0042 0179     		ldrb	r1, [r0, #4]	@ zero_extendqisi2
 259 0044 8DF80910 		strb	r1, [sp, #9]
  73:../../../core/platform/octa/src/rtc.c ****   stime.Seconds = stmU->tm_sec;
 260              		.loc 1 73 3 is_stmt 1 view .LVU88
 261              		.loc 1 73 17 is_stmt 0 view .LVU89
ARM GAS  C:\Users\tijsv\AppData\Local\Temp\ccZvi3PQ.s 			page 7


 262 0048 0078     		ldrb	r0, [r0]	@ zero_extendqisi2
 263              	.LVL9:
 264              		.loc 1 73 17 view .LVU90
 265 004a 8DF80A00 		strb	r0, [sp, #10]
  74:../../../core/platform/octa/src/rtc.c **** 
  75:../../../core/platform/octa/src/rtc.c ****   if(stime.Hours > 24 || stime.Minutes > 60 || stime.Seconds > 60 || sdate.Year > 4000 || sdate.Mon
 266              		.loc 1 75 3 is_stmt 1 view .LVU91
 267              		.loc 1 75 5 is_stmt 0 view .LVU92
 268 004e 182A     		cmp	r2, #24
 269 0050 07D8     		bhi	.L12
 270              		.loc 1 75 23 discriminator 1 view .LVU93
 271 0052 3C29     		cmp	r1, #60
 272 0054 05D8     		bhi	.L12
 273              		.loc 1 75 67 discriminator 2 view .LVU94
 274 0056 3C28     		cmp	r0, #60
 275 0058 03D8     		bhi	.L12
 276              		.loc 1 75 88 discriminator 3 view .LVU95
 277 005a 0C2B     		cmp	r3, #12
 278 005c 01D8     		bhi	.L12
 279              		.loc 1 75 108 discriminator 4 view .LVU96
 280 005e 1F2D     		cmp	r5, #31
 281 0060 04D9     		bls	.L13
 282              	.L12:
  76:../../../core/platform/octa/src/rtc.c ****   {
  77:../../../core/platform/octa/src/rtc.c ****     printERR("Invalid utc timestamp. not updating RTC\r\n");
 283              		.loc 1 77 5 is_stmt 1 view .LVU97
 284 0062 0A48     		ldr	r0, .L16
 285 0064 FFF7FEFF 		bl	printERR
 286              	.LVL10:
  78:../../../core/platform/octa/src/rtc.c ****     return;
 287              		.loc 1 78 5 view .LVU98
 288              	.L11:
  79:../../../core/platform/octa/src/rtc.c ****   }
  80:../../../core/platform/octa/src/rtc.c **** 
  81:../../../core/platform/octa/src/rtc.c ****   HAL_RTC_SetDate(&hrtc,&sdate,RTC_FORMAT_BIN);
  82:../../../core/platform/octa/src/rtc.c ****   HAL_RTC_SetTime(&hrtc,&stime,RTC_FORMAT_BIN);
  83:../../../core/platform/octa/src/rtc.c ****   
  84:../../../core/platform/octa/src/rtc.c ****   printDBG("RTC datetime updated\r\n");
  85:../../../core/platform/octa/src/rtc.c **** }
 289              		.loc 1 85 1 is_stmt 0 view .LVU99
 290 0068 09B0     		add	sp, sp, #36
 291              	.LCFI6:
 292              		.cfi_remember_state
 293              		.cfi_def_cfa_offset 12
 294              		@ sp needed
 295 006a 30BD     		pop	{r4, r5, pc}
 296              	.L13:
 297              	.LCFI7:
 298              		.cfi_restore_state
  81:../../../core/platform/octa/src/rtc.c ****   HAL_RTC_SetTime(&hrtc,&stime,RTC_FORMAT_BIN);
 299              		.loc 1 81 3 is_stmt 1 view .LVU100
 300 006c 084C     		ldr	r4, .L16+4
 301 006e 0022     		movs	r2, #0
 302 0070 07A9     		add	r1, sp, #28
 303 0072 2046     		mov	r0, r4
 304 0074 FFF7FEFF 		bl	HAL_RTC_SetDate
 305              	.LVL11:
ARM GAS  C:\Users\tijsv\AppData\Local\Temp\ccZvi3PQ.s 			page 8


  82:../../../core/platform/octa/src/rtc.c ****   
 306              		.loc 1 82 3 view .LVU101
 307 0078 0022     		movs	r2, #0
 308 007a 02A9     		add	r1, sp, #8
 309 007c 2046     		mov	r0, r4
 310 007e FFF7FEFF 		bl	HAL_RTC_SetTime
 311              	.LVL12:
  84:../../../core/platform/octa/src/rtc.c **** }
 312              		.loc 1 84 3 view .LVU102
 313 0082 0448     		ldr	r0, .L16+8
 314 0084 FFF7FEFF 		bl	printDBG
 315              	.LVL13:
 316 0088 EEE7     		b	.L11
 317              	.L17:
 318 008a 00BF     		.align	2
 319              	.L16:
 320 008c 00000000 		.word	.LC0
 321 0090 00000000 		.word	hrtc
 322 0094 2C000000 		.word	.LC1
 323              		.cfi_endproc
 324              	.LFE132:
 326              		.section	.rodata.RTC_Time_To_Unix.str1.4,"aMS",%progbits,1
 327              		.align	2
 328              	.LC2:
 329 0000 55544320 		.ascii	"UTC timestamp: %d \015\012\000"
 329      74696D65 
 329      7374616D 
 329      703A2025 
 329      64200D0A 
 330              		.section	.text.RTC_Time_To_Unix,"ax",%progbits
 331              		.align	1
 332              		.global	RTC_Time_To_Unix
 333              		.syntax unified
 334              		.thumb
 335              		.thumb_func
 336              		.fpu fpv4-sp-d16
 338              	RTC_Time_To_Unix:
 339              	.LFB133:
  86:../../../core/platform/octa/src/rtc.c **** 
  87:../../../core/platform/octa/src/rtc.c **** /*
  88:../../../core/platform/octa/src/rtc.c **** * Description: Local time to generate Unix timestamps
  89:../../../core/platform/octa/src/rtc.c **** * Parameter:
  90:../../../core/platform/octa/src/rtc.c **** * Return: 
  91:../../../core/platform/octa/src/rtc.c **** * Others:
  92:../../../core/platform/octa/src/rtc.c **** */
  93:../../../core/platform/octa/src/rtc.c **** uint32_t RTC_Time_To_Unix()
  94:../../../core/platform/octa/src/rtc.c **** {
 340              		.loc 1 94 1 view -0
 341              		.cfi_startproc
 342              		@ args = 0, pretend = 0, frame = 64
 343              		@ frame_needed = 0, uses_anonymous_args = 0
 344 0000 10B5     		push	{r4, lr}
 345              	.LCFI8:
 346              		.cfi_def_cfa_offset 8
 347              		.cfi_offset 4, -8
 348              		.cfi_offset 14, -4
 349 0002 90B0     		sub	sp, sp, #64
ARM GAS  C:\Users\tijsv\AppData\Local\Temp\ccZvi3PQ.s 			page 9


 350              	.LCFI9:
 351              		.cfi_def_cfa_offset 72
  95:../../../core/platform/octa/src/rtc.c ****   char buf[50];
 352              		.loc 1 95 3 view .LVU104
  96:../../../core/platform/octa/src/rtc.c ****           
  97:../../../core/platform/octa/src/rtc.c ****   struct tm stmT;
 353              		.loc 1 97 3 view .LVU105
  98:../../../core/platform/octa/src/rtc.c ****              
  99:../../../core/platform/octa/src/rtc.c ****   RTC_DateTypeDef sdate;
 354              		.loc 1 99 3 view .LVU106
 100:../../../core/platform/octa/src/rtc.c ****   RTC_TimeTypeDef stime;
 355              		.loc 1 100 3 view .LVU107
 101:../../../core/platform/octa/src/rtc.c ****   
 102:../../../core/platform/octa/src/rtc.c ****   HAL_RTC_GetTime(&hrtc, &stime, RTC_FORMAT_BIN);
 356              		.loc 1 102 3 view .LVU108
 357 0004 144C     		ldr	r4, .L20
 358 0006 0022     		movs	r2, #0
 359 0008 01A9     		add	r1, sp, #4
 360 000a 2046     		mov	r0, r4
 361 000c FFF7FEFF 		bl	HAL_RTC_GetTime
 362              	.LVL14:
 103:../../../core/platform/octa/src/rtc.c ****   HAL_RTC_GetDate(&hrtc, &sdate, RTC_FORMAT_BIN);
 363              		.loc 1 103 3 view .LVU109
 364 0010 0022     		movs	r2, #0
 365 0012 06A9     		add	r1, sp, #24
 366 0014 2046     		mov	r0, r4
 367 0016 FFF7FEFF 		bl	HAL_RTC_GetDate
 368              	.LVL15:
 104:../../../core/platform/octa/src/rtc.c ****       
 105:../../../core/platform/octa/src/rtc.c ****   stmT.tm_year=sdate.Year+100;
 369              		.loc 1 105 3 view .LVU110
 370              		.loc 1 105 21 is_stmt 0 view .LVU111
 371 001a 9DF81B30 		ldrb	r3, [sp, #27]	@ zero_extendqisi2
 372              		.loc 1 105 26 view .LVU112
 373 001e 6433     		adds	r3, r3, #100
 374              		.loc 1 105 15 view .LVU113
 375 0020 0C93     		str	r3, [sp, #48]
 106:../../../core/platform/octa/src/rtc.c ****   stmT.tm_mon=sdate.Month-1;  
 376              		.loc 1 106 3 is_stmt 1 view .LVU114
 377              		.loc 1 106 20 is_stmt 0 view .LVU115
 378 0022 9DF81930 		ldrb	r3, [sp, #25]	@ zero_extendqisi2
 379              		.loc 1 106 26 view .LVU116
 380 0026 013B     		subs	r3, r3, #1
 381              		.loc 1 106 14 view .LVU117
 382 0028 0B93     		str	r3, [sp, #44]
 107:../../../core/platform/octa/src/rtc.c ****   stmT.tm_mday=sdate.Date;  
 383              		.loc 1 107 3 is_stmt 1 view .LVU118
 384              		.loc 1 107 21 is_stmt 0 view .LVU119
 385 002a 9DF81A30 		ldrb	r3, [sp, #26]	@ zero_extendqisi2
 386              		.loc 1 107 15 view .LVU120
 387 002e 0A93     		str	r3, [sp, #40]
 108:../../../core/platform/octa/src/rtc.c ****   stmT.tm_hour=stime.Hours;  
 388              		.loc 1 108 3 is_stmt 1 view .LVU121
 389              		.loc 1 108 21 is_stmt 0 view .LVU122
 390 0030 9DF80430 		ldrb	r3, [sp, #4]	@ zero_extendqisi2
 391              		.loc 1 108 15 view .LVU123
 392 0034 0993     		str	r3, [sp, #36]
ARM GAS  C:\Users\tijsv\AppData\Local\Temp\ccZvi3PQ.s 			page 10


 109:../../../core/platform/octa/src/rtc.c ****   stmT.tm_min=stime.Minutes;  
 393              		.loc 1 109 3 is_stmt 1 view .LVU124
 394              		.loc 1 109 20 is_stmt 0 view .LVU125
 395 0036 9DF80530 		ldrb	r3, [sp, #5]	@ zero_extendqisi2
 396              		.loc 1 109 14 view .LVU126
 397 003a 0893     		str	r3, [sp, #32]
 110:../../../core/platform/octa/src/rtc.c ****   stmT.tm_sec=stime.Seconds;  
 398              		.loc 1 110 3 is_stmt 1 view .LVU127
 399              		.loc 1 110 20 is_stmt 0 view .LVU128
 400 003c 9DF80630 		ldrb	r3, [sp, #6]	@ zero_extendqisi2
 401              		.loc 1 110 14 view .LVU129
 402 0040 0793     		str	r3, [sp, #28]
 111:../../../core/platform/octa/src/rtc.c ****           
 112:../../../core/platform/octa/src/rtc.c ****   uint32_t unixtimestamp = (uint32_t)mktime(&stmT);
 403              		.loc 1 112 3 is_stmt 1 view .LVU130
 404              		.loc 1 112 38 is_stmt 0 view .LVU131
 405 0042 07A8     		add	r0, sp, #28
 406 0044 FFF7FEFF 		bl	mktime
 407              	.LVL16:
 408 0048 0446     		mov	r4, r0
 409              	.LVL17:
 113:../../../core/platform/octa/src/rtc.c ****   printDBG("UTC timestamp: %d \r\n",unixtimestamp);
 410              		.loc 1 113 3 is_stmt 1 view .LVU132
 411 004a 0146     		mov	r1, r0
 412 004c 0348     		ldr	r0, .L20+4
 413              	.LVL18:
 414              		.loc 1 113 3 is_stmt 0 view .LVU133
 415 004e FFF7FEFF 		bl	printDBG
 416              	.LVL19:
 114:../../../core/platform/octa/src/rtc.c ****   return unixtimestamp;
 417              		.loc 1 114 3 is_stmt 1 view .LVU134
 115:../../../core/platform/octa/src/rtc.c **** }
 418              		.loc 1 115 1 is_stmt 0 view .LVU135
 419 0052 2046     		mov	r0, r4
 420 0054 10B0     		add	sp, sp, #64
 421              	.LCFI10:
 422              		.cfi_def_cfa_offset 8
 423              		@ sp needed
 424 0056 10BD     		pop	{r4, pc}
 425              	.LVL20:
 426              	.L21:
 427              		.loc 1 115 1 view .LVU136
 428              		.align	2
 429              	.L20:
 430 0058 00000000 		.word	hrtc
 431 005c 00000000 		.word	.LC2
 432              		.cfi_endproc
 433              	.LFE133:
 435              		.section	.rodata.RTC_Print_DateTime.str1.4,"aMS",%progbits,1
 436              		.align	2
 437              	.LC3:
 438 0000 44617465 		.ascii	"Date (YYYY/MM/DD): %02d/%02d/%02d\015\012\000"
 438      20285959 
 438      59592F4D 
 438      4D2F4444 
 438      293A2025 
 439              		.align	2
ARM GAS  C:\Users\tijsv\AppData\Local\Temp\ccZvi3PQ.s 			page 11


 440              	.LC4:
 441 0024 54696D65 		.ascii	"Time (HH:MM:SS): %02d:%02d:%02d\015\012\000"
 441      20284848 
 441      3A4D4D3A 
 441      5353293A 
 441      20253032 
 442              		.section	.text.RTC_Print_DateTime,"ax",%progbits
 443              		.align	1
 444              		.global	RTC_Print_DateTime
 445              		.syntax unified
 446              		.thumb
 447              		.thumb_func
 448              		.fpu fpv4-sp-d16
 450              	RTC_Print_DateTime:
 451              	.LFB134:
 116:../../../core/platform/octa/src/rtc.c **** 
 117:../../../core/platform/octa/src/rtc.c **** void RTC_Print_DateTime()
 118:../../../core/platform/octa/src/rtc.c **** {
 452              		.loc 1 118 1 is_stmt 1 view -0
 453              		.cfi_startproc
 454              		@ args = 0, pretend = 0, frame = 24
 455              		@ frame_needed = 0, uses_anonymous_args = 0
 456 0000 10B5     		push	{r4, lr}
 457              	.LCFI11:
 458              		.cfi_def_cfa_offset 8
 459              		.cfi_offset 4, -8
 460              		.cfi_offset 14, -4
 461 0002 86B0     		sub	sp, sp, #24
 462              	.LCFI12:
 463              		.cfi_def_cfa_offset 32
 119:../../../core/platform/octa/src/rtc.c ****   RTC_DateTypeDef sdate;
 464              		.loc 1 119 3 view .LVU138
 120:../../../core/platform/octa/src/rtc.c ****   RTC_TimeTypeDef stime;
 465              		.loc 1 120 3 view .LVU139
 121:../../../core/platform/octa/src/rtc.c ****   HAL_RTC_GetTime(&hrtc, &stime, RTC_FORMAT_BIN);
 466              		.loc 1 121 3 view .LVU140
 467 0004 104C     		ldr	r4, .L24
 468 0006 0022     		movs	r2, #0
 469 0008 6946     		mov	r1, sp
 470 000a 2046     		mov	r0, r4
 471 000c FFF7FEFF 		bl	HAL_RTC_GetTime
 472              	.LVL21:
 122:../../../core/platform/octa/src/rtc.c ****   HAL_RTC_GetDate(&hrtc, &sdate, RTC_FORMAT_BIN);
 473              		.loc 1 122 3 view .LVU141
 474 0010 0022     		movs	r2, #0
 475 0012 05A9     		add	r1, sp, #20
 476 0014 2046     		mov	r0, r4
 477 0016 FFF7FEFF 		bl	HAL_RTC_GetDate
 478              	.LVL22:
 123:../../../core/platform/octa/src/rtc.c ****   printDBG("Date (YYYY/MM/DD): %02d/%02d/%02d\r\n",2000 + sdate.Year, sdate.Month, sdate.Date);
 479              		.loc 1 123 3 view .LVU142
 480              		.loc 1 123 64 is_stmt 0 view .LVU143
 481 001a 9DF81710 		ldrb	r1, [sp, #23]	@ zero_extendqisi2
 482              		.loc 1 123 3 view .LVU144
 483 001e 9DF81630 		ldrb	r3, [sp, #22]	@ zero_extendqisi2
 484 0022 9DF81520 		ldrb	r2, [sp, #21]	@ zero_extendqisi2
 485 0026 01F5FA61 		add	r1, r1, #2000
ARM GAS  C:\Users\tijsv\AppData\Local\Temp\ccZvi3PQ.s 			page 12


 486 002a 0848     		ldr	r0, .L24+4
 487 002c FFF7FEFF 		bl	printDBG
 488              	.LVL23:
 124:../../../core/platform/octa/src/rtc.c ****   printDBG("Time (HH:MM:SS): %02d:%02d:%02d\r\n",stime.Hours, stime.Minutes, stime.Seconds); 
 489              		.loc 1 124 3 is_stmt 1 view .LVU145
 490 0030 9DF80230 		ldrb	r3, [sp, #2]	@ zero_extendqisi2
 491 0034 9DF80120 		ldrb	r2, [sp, #1]	@ zero_extendqisi2
 492 0038 9DF80010 		ldrb	r1, [sp]	@ zero_extendqisi2
 493 003c 0448     		ldr	r0, .L24+8
 494 003e FFF7FEFF 		bl	printDBG
 495              	.LVL24:
 125:../../../core/platform/octa/src/rtc.c **** }
 496              		.loc 1 125 1 is_stmt 0 view .LVU146
 497 0042 06B0     		add	sp, sp, #24
 498              	.LCFI13:
 499              		.cfi_def_cfa_offset 8
 500              		@ sp needed
 501 0044 10BD     		pop	{r4, pc}
 502              	.L25:
 503 0046 00BF     		.align	2
 504              	.L24:
 505 0048 00000000 		.word	hrtc
 506 004c 00000000 		.word	.LC3
 507 0050 24000000 		.word	.LC4
 508              		.cfi_endproc
 509              	.LFE134:
 511              		.section	.text.HAL_RTCEx_WakeUpTimerEventCallback,"ax",%progbits
 512              		.align	1
 513              		.global	HAL_RTCEx_WakeUpTimerEventCallback
 514              		.syntax unified
 515              		.thumb
 516              		.thumb_func
 517              		.fpu fpv4-sp-d16
 519              	HAL_RTCEx_WakeUpTimerEventCallback:
 520              	.LVL25:
 521              	.LFB135:
 126:../../../core/platform/octa/src/rtc.c **** 
 127:../../../core/platform/octa/src/rtc.c **** void HAL_RTCEx_WakeUpTimerEventCallback(RTC_HandleTypeDef *hrtc)
 128:../../../core/platform/octa/src/rtc.c **** {
 522              		.loc 1 128 1 is_stmt 1 view -0
 523              		.cfi_startproc
 524              		@ args = 0, pretend = 0, frame = 0
 525              		@ frame_needed = 0, uses_anonymous_args = 0
 526              		.loc 1 128 1 is_stmt 0 view .LVU148
 527 0000 08B5     		push	{r3, lr}
 528              	.LCFI14:
 529              		.cfi_def_cfa_offset 8
 530              		.cfi_offset 3, -8
 531              		.cfi_offset 14, -4
 129:../../../core/platform/octa/src/rtc.c ****   /* Prevent unused argument(s) compilation warning */
 130:../../../core/platform/octa/src/rtc.c ****   UNUSED(hrtc);
 532              		.loc 1 130 3 is_stmt 1 view .LVU149
 131:../../../core/platform/octa/src/rtc.c ****   if(RTC_Wakeup_ApplicationCallback)
 533              		.loc 1 131 3 view .LVU150
 534              		.loc 1 131 6 is_stmt 0 view .LVU151
 535 0002 024B     		ldr	r3, .L29
 536 0004 1B68     		ldr	r3, [r3]
ARM GAS  C:\Users\tijsv\AppData\Local\Temp\ccZvi3PQ.s 			page 13


 537              		.loc 1 131 5 view .LVU152
 538 0006 03B1     		cbz	r3, .L26
 132:../../../core/platform/octa/src/rtc.c ****     RTC_Wakeup_ApplicationCallback();
 539              		.loc 1 132 5 is_stmt 1 view .LVU153
 540 0008 9847     		blx	r3
 541              	.LVL26:
 542              	.L26:
 133:../../../core/platform/octa/src/rtc.c **** }
 543              		.loc 1 133 1 is_stmt 0 view .LVU154
 544 000a 08BD     		pop	{r3, pc}
 545              	.L30:
 546              		.align	2
 547              	.L29:
 548 000c 00000000 		.word	.LANCHOR0
 549              		.cfi_endproc
 550              	.LFE135:
 552              		.section	.text.RTC_SetApplicationWakeupCallback,"ax",%progbits
 553              		.align	1
 554              		.global	RTC_SetApplicationWakeupCallback
 555              		.syntax unified
 556              		.thumb
 557              		.thumb_func
 558              		.fpu fpv4-sp-d16
 560              	RTC_SetApplicationWakeupCallback:
 561              	.LVL27:
 562              	.LFB136:
 134:../../../core/platform/octa/src/rtc.c **** 
 135:../../../core/platform/octa/src/rtc.c **** void RTC_SetApplicationWakeupCallback(void (*callback))
 136:../../../core/platform/octa/src/rtc.c **** {
 563              		.loc 1 136 1 is_stmt 1 view -0
 564              		.cfi_startproc
 565              		@ args = 0, pretend = 0, frame = 0
 566              		@ frame_needed = 0, uses_anonymous_args = 0
 567              		@ link register save eliminated.
 137:../../../core/platform/octa/src/rtc.c ****   RTC_Wakeup_ApplicationCallback = callback;
 568              		.loc 1 137 3 view .LVU156
 569              		.loc 1 137 34 is_stmt 0 view .LVU157
 570 0000 014B     		ldr	r3, .L32
 571 0002 1860     		str	r0, [r3]
 138:../../../core/platform/octa/src/rtc.c **** }...
 572              		.loc 1 138 1 view .LVU158
 573 0004 7047     		bx	lr
 574              	.L33:
 575 0006 00BF     		.align	2
 576              	.L32:
 577 0008 00000000 		.word	.LANCHOR0
 578              		.cfi_endproc
 579              	.LFE136:
 581              		.comm	P3_header,44,4
 582              		.comm	P2_header,44,4
 583              		.comm	P1_header,44,4
 584              		.comm	stackversion_patch,1,1
 585              		.comm	stackversion_minor,1,1
 586              		.comm	stackversion_major,1,1
 587              		.comm	appversion_patch,1,1
 588              		.comm	appversion_minor,1,1
 589              		.comm	appversion_major,1,1
ARM GAS  C:\Users\tijsv\AppData\Local\Temp\ccZvi3PQ.s 			page 14


 590              		.comm	short_UID,8,8
 591              		.comm	hard_reset,1,1
 592              		.comm	wd_reset,1,1
 593              		.comm	octa_uid,8,8
 594              		.comm	float_union,4,4
 595              		.comm	uint16LittleEndian,2,4
 596              		.comm	int16LittleEndian,2,4
 597              		.comm	uint32LittleEndian,4,4
 598              		.comm	int32LittleEndian,4,4
 599              		.comm	rtosprintHandle,4,4
 600              		.comm	FLASH_SPI,100,4
 601              		.comm	P3_SPI,100,4
 602              		.comm	P2_SPI,100,4
 603              		.comm	P1_SPI,100,4
 604              		.comm	P3_I2C,76,4
 605              		.comm	P2_I2C,76,4
 606              		.comm	P1_I2C,76,4
 607              		.comm	common_I2C,76,4
 608              		.comm	P3_UART,120,4
 609              		.comm	P2_UART,120,4
 610              		.comm	P1_UART,120,4
 611              		.comm	FTDI_UART,120,4
 612              		.comm	BLE_UART,120,4
 613              		.comm	USB_UART,120,4
 614              		.comm	hiwdg,16,4
 615              		.comm	P3_DIO6,8,4
 616              		.comm	P3_DIO5,8,4
 617              		.comm	P3_DIO4,8,4
 618              		.comm	P3_DIO3,8,4
 619              		.comm	P3_DIO2,8,4
 620              		.comm	P3_DIO1,8,4
 621              		.comm	P2_DIO6,8,4
 622              		.comm	P2_DIO5,8,4
 623              		.comm	P2_DIO4,8,4
 624              		.comm	P2_DIO3,8,4
 625              		.comm	P2_DIO2,8,4
 626              		.comm	P2_DIO1,8,4
 627              		.comm	P1_DIO6,8,4
 628              		.comm	P1_DIO5,8,4
 629              		.comm	P1_DIO4,8,4
 630              		.comm	P1_DIO3,8,4
 631              		.comm	P1_DIO2,8,4
 632              		.comm	P1_DIO1,8,4
 633              		.comm	htim6,64,4
 634              		.comm	htim1,64,4
 635              		.comm	hrtc,36,4
 636              		.section	.bss.RTC_Wakeup_ApplicationCallback,"aw",%nobits
 637              		.align	2
 638              		.set	.LANCHOR0,. + 0
 641              	RTC_Wakeup_ApplicationCallback:
 642 0000 00000000 		.space	4
 643              		.text
 644              	.Letext0:
 645              		.file 2 "c:\\program files (x86)\\gnu tools arm embedded\\9 2019-q4-major\\arm-none-eabi\\include\
 646              		.file 3 "c:\\program files (x86)\\gnu tools arm embedded\\9 2019-q4-major\\arm-none-eabi\\include\
 647              		.file 4 "../../../core/ST/CMSIS/Include/core_cm4.h"
 648              		.file 5 "../../../core/ST/CMSIS/Device/ST/STM32L4xx/Include/system_stm32l4xx.h"
ARM GAS  C:\Users\tijsv\AppData\Local\Temp\ccZvi3PQ.s 			page 15


 649              		.file 6 "../../../core/ST/CMSIS/Device/ST/STM32L4xx/Include/stm32l496xx.h"
 650              		.file 7 "../../../core/ST/STM32L4xx_HAL_Driver/Inc/stm32l4xx_hal_def.h"
 651              		.file 8 "../../../core/ST/STM32L4xx_HAL_Driver/Inc/stm32l4xx_hal_dma.h"
 652              		.file 9 "../../../core/ST/STM32L4xx_HAL_Driver/Inc/stm32l4xx_hal_i2c.h"
 653              		.file 10 "../../../core/ST/STM32L4xx_HAL_Driver/Inc/stm32l4xx_hal_iwdg.h"
 654              		.file 11 "../../../core/ST/STM32L4xx_HAL_Driver/Inc/stm32l4xx_hal_rtc.h"
 655              		.file 12 "../../../core/ST/STM32L4xx_HAL_Driver/Inc/stm32l4xx_hal_spi.h"
 656              		.file 13 "../../../core/ST/STM32L4xx_HAL_Driver/Inc/stm32l4xx_hal_tim.h"
 657              		.file 14 "../../../core/ST/STM32L4xx_HAL_Driver/Inc/stm32l4xx_hal_uart.h"
 658              		.file 15 "../../../core/ST/STM32L4xx_HAL_Driver/Inc/stm32l4xx_hal.h"
 659              		.file 16 "../../../core/platform/octa/inc/rtc.h"
 660              		.file 17 "../../../core/ST/Middlewares/Third_Party/FreeRTOS/Source/include/task.h"
 661              		.file 18 "../../../core/ST/Middlewares/Third_Party/FreeRTOS/Source/CMSIS_RTOS/cmsis_os.h"
 662              		.file 19 "../../../core/platform/octa/inc/sysclock.h"
 663              		.file 20 "../../../core/platform/octa/inc/gpio.h"
 664              		.file 21 "../../../core/platform/octa/inc/iwdg.h"
 665              		.file 22 "../../../core/platform/octa/inc/uart.h"
 666              		.file 23 "../../../core/platform/octa/inc/i2c.h"
 667              		.file 24 "../../../core/platform/octa/inc/spi.h"
 668              		.file 25 "../../../core/platform/octa/inc/rtosincludes.h"
 669              		.file 26 "c:\\program files (x86)\\gnu tools arm embedded\\9 2019-q4-major\\arm-none-eabi\\include
 670              		.file 27 "c:\\program files (x86)\\gnu tools arm embedded\\9 2019-q4-major\\arm-none-eabi\\include
 671              		.file 28 "c:\\program files (x86)\\gnu tools arm embedded\\9 2019-q4-major\\lib\\gcc\\arm-none-eab
 672              		.file 29 "c:\\program files (x86)\\gnu tools arm embedded\\9 2019-q4-major\\arm-none-eabi\\include
 673              		.file 30 "c:\\program files (x86)\\gnu tools arm embedded\\9 2019-q4-major\\arm-none-eabi\\include
 674              		.file 31 "../../../core/platform/common/inc/datatypes.h"
 675              		.file 32 "../../../core/platform/octa/inc/platform.h"
 676              		.file 33 "c:\\program files (x86)\\gnu tools arm embedded\\9 2019-q4-major\\arm-none-eabi\\include
 677              		.file 34 "../../../core/platform/common/inc/print.h"
 678              		.file 35 "../../../core/platform/common/inc/error.h"
ARM GAS  C:\Users\tijsv\AppData\Local\Temp\ccZvi3PQ.s 			page 16


DEFINED SYMBOLS
                            *ABS*:00000000 rtc.c
C:\Users\tijsv\AppData\Local\Temp\ccZvi3PQ.s:18     .text.RTC_Init:00000000 $t
C:\Users\tijsv\AppData\Local\Temp\ccZvi3PQ.s:26     .text.RTC_Init:00000000 RTC_Init
C:\Users\tijsv\AppData\Local\Temp\ccZvi3PQ.s:159    .text.RTC_Init:00000084 $d
                            *COM*:00000024 hrtc
C:\Users\tijsv\AppData\Local\Temp\ccZvi3PQ.s:166    .rodata.RTC_Set_Time_From_Unix.str1.4:00000000 $d
C:\Users\tijsv\AppData\Local\Temp\ccZvi3PQ.s:173    .text.RTC_Set_Time_From_Unix:00000000 $t
C:\Users\tijsv\AppData\Local\Temp\ccZvi3PQ.s:180    .text.RTC_Set_Time_From_Unix:00000000 RTC_Set_Time_From_Unix
C:\Users\tijsv\AppData\Local\Temp\ccZvi3PQ.s:320    .text.RTC_Set_Time_From_Unix:0000008c $d
C:\Users\tijsv\AppData\Local\Temp\ccZvi3PQ.s:327    .rodata.RTC_Time_To_Unix.str1.4:00000000 $d
C:\Users\tijsv\AppData\Local\Temp\ccZvi3PQ.s:331    .text.RTC_Time_To_Unix:00000000 $t
C:\Users\tijsv\AppData\Local\Temp\ccZvi3PQ.s:338    .text.RTC_Time_To_Unix:00000000 RTC_Time_To_Unix
C:\Users\tijsv\AppData\Local\Temp\ccZvi3PQ.s:430    .text.RTC_Time_To_Unix:00000058 $d
C:\Users\tijsv\AppData\Local\Temp\ccZvi3PQ.s:436    .rodata.RTC_Print_DateTime.str1.4:00000000 $d
C:\Users\tijsv\AppData\Local\Temp\ccZvi3PQ.s:443    .text.RTC_Print_DateTime:00000000 $t
C:\Users\tijsv\AppData\Local\Temp\ccZvi3PQ.s:450    .text.RTC_Print_DateTime:00000000 RTC_Print_DateTime
C:\Users\tijsv\AppData\Local\Temp\ccZvi3PQ.s:505    .text.RTC_Print_DateTime:00000048 $d
C:\Users\tijsv\AppData\Local\Temp\ccZvi3PQ.s:512    .text.HAL_RTCEx_WakeUpTimerEventCallback:00000000 $t
C:\Users\tijsv\AppData\Local\Temp\ccZvi3PQ.s:519    .text.HAL_RTCEx_WakeUpTimerEventCallback:00000000 HAL_RTCEx_WakeUpTimerEventCallback
C:\Users\tijsv\AppData\Local\Temp\ccZvi3PQ.s:548    .text.HAL_RTCEx_WakeUpTimerEventCallback:0000000c $d
C:\Users\tijsv\AppData\Local\Temp\ccZvi3PQ.s:553    .text.RTC_SetApplicationWakeupCallback:00000000 $t
C:\Users\tijsv\AppData\Local\Temp\ccZvi3PQ.s:560    .text.RTC_SetApplicationWakeupCallback:00000000 RTC_SetApplicationWakeupCallback
C:\Users\tijsv\AppData\Local\Temp\ccZvi3PQ.s:577    .text.RTC_SetApplicationWakeupCallback:00000008 $d
                            *COM*:0000002c P3_header
                            *COM*:0000002c P2_header
                            *COM*:0000002c P1_header
                            *COM*:00000001 stackversion_patch
                            *COM*:00000001 stackversion_minor
                            *COM*:00000001 stackversion_major
                            *COM*:00000001 appversion_patch
                            *COM*:00000001 appversion_minor
                            *COM*:00000001 appversion_major
                            *COM*:00000008 short_UID
                            *COM*:00000001 hard_reset
                            *COM*:00000001 wd_reset
                            *COM*:00000008 octa_uid
                            *COM*:00000004 float_union
                            *COM*:00000002 uint16LittleEndian
                            *COM*:00000002 int16LittleEndian
                            *COM*:00000004 uint32LittleEndian
                            *COM*:00000004 int32LittleEndian
                            *COM*:00000004 rtosprintHandle
                            *COM*:00000064 FLASH_SPI
                            *COM*:00000064 P3_SPI
                            *COM*:00000064 P2_SPI
                            *COM*:00000064 P1_SPI
                            *COM*:0000004c P3_I2C
                            *COM*:0000004c P2_I2C
                            *COM*:0000004c P1_I2C
                            *COM*:0000004c common_I2C
                            *COM*:00000078 P3_UART
                            *COM*:00000078 P2_UART
                            *COM*:00000078 P1_UART
                            *COM*:00000078 FTDI_UART
                            *COM*:00000078 BLE_UART
                            *COM*:00000078 USB_UART
ARM GAS  C:\Users\tijsv\AppData\Local\Temp\ccZvi3PQ.s 			page 17


                            *COM*:00000010 hiwdg
                            *COM*:00000008 P3_DIO6
                            *COM*:00000008 P3_DIO5
                            *COM*:00000008 P3_DIO4
                            *COM*:00000008 P3_DIO3
                            *COM*:00000008 P3_DIO2
                            *COM*:00000008 P3_DIO1
                            *COM*:00000008 P2_DIO6
                            *COM*:00000008 P2_DIO5
                            *COM*:00000008 P2_DIO4
                            *COM*:00000008 P2_DIO3
                            *COM*:00000008 P2_DIO2
                            *COM*:00000008 P2_DIO1
                            *COM*:00000008 P1_DIO6
                            *COM*:00000008 P1_DIO5
                            *COM*:00000008 P1_DIO4
                            *COM*:00000008 P1_DIO3
                            *COM*:00000008 P1_DIO2
                            *COM*:00000008 P1_DIO1
                            *COM*:00000040 htim6
                            *COM*:00000040 htim1
C:\Users\tijsv\AppData\Local\Temp\ccZvi3PQ.s:637    .bss.RTC_Wakeup_ApplicationCallback:00000000 $d
C:\Users\tijsv\AppData\Local\Temp\ccZvi3PQ.s:641    .bss.RTC_Wakeup_ApplicationCallback:00000000 RTC_Wakeup_ApplicationCallback

UNDEFINED SYMBOLS
HAL_RTC_Init
HAL_RTC_SetTime
HAL_RTC_SetDate
Error_Handler
localtime
printERR
printDBG
HAL_RTC_GetTime
HAL_RTC_GetDate
mktime
