ARM GAS  C:\Users\tijsv\AppData\Local\Temp\ccN3Gjwi.s 			page 1


   1              		.cpu cortex-m4
   2              		.eabi_attribute 27, 1
   3              		.eabi_attribute 28, 1
   4              		.eabi_attribute 20, 1
   5              		.eabi_attribute 21, 1
   6              		.eabi_attribute 23, 3
   7              		.eabi_attribute 24, 1
   8              		.eabi_attribute 25, 1
   9              		.eabi_attribute 26, 1
  10              		.eabi_attribute 30, 1
  11              		.eabi_attribute 34, 1
  12              		.eabi_attribute 18, 4
  13              		.file	"hello-world.c"
  14              		.text
  15              	.Ltext0:
  16              		.cfi_sections	.debug_frame
  17              		.section	.rodata.main.str1.4,"aMS",%progbits,1
  18              		.align	2
  19              	.LC0:
  20 0000 25730A0D 		.ascii	"%s\012\015\000"
  20      00
  21              		.section	.text.main,"ax",%progbits
  22              		.align	1
  23              		.global	main
  24              		.arch armv7e-m
  25              		.syntax unified
  26              		.thumb
  27              		.thumb_func
  28              		.fpu fpv4-sp-d16
  30              	main:
  31              	.LFB131:
  32              		.file 1 "../../../applications/examples/hello-world/src/hello-world.c"
   1:../../../applications/examples/hello-world/src/hello-world.c **** #include "hello-world.h"
   2:../../../applications/examples/hello-world/src/hello-world.c **** 
   3:../../../applications/examples/hello-world/src/hello-world.c **** int main(void)
   4:../../../applications/examples/hello-world/src/hello-world.c **** {
  33              		.loc 1 4 1 view -0
  34              		.cfi_startproc
  35              		@ args = 0, pretend = 0, frame = 56
  36              		@ frame_needed = 0, uses_anonymous_args = 0
  37 0000 10B5     		push	{r4, lr}
  38              	.LCFI0:
  39              		.cfi_def_cfa_offset 8
  40              		.cfi_offset 4, -8
  41              		.cfi_offset 14, -4
  42 0002 8EB0     		sub	sp, sp, #56
  43              	.LCFI1:
  44              		.cfi_def_cfa_offset 64
   5:../../../applications/examples/hello-world/src/hello-world.c ****   Initialize_Platform();
  45              		.loc 1 5 3 view .LVU1
  46 0004 FFF7FEFF 		bl	Initialize_Platform
  47              	.LVL0:
   6:../../../applications/examples/hello-world/src/hello-world.c **** 
   7:../../../applications/examples/hello-world/src/hello-world.c ****   HAL_Delay(100);
  48              		.loc 1 7 3 view .LVU2
  49 0008 6420     		movs	r0, #100
  50 000a FFF7FEFF 		bl	HAL_Delay
ARM GAS  C:\Users\tijsv\AppData\Local\Temp\ccN3Gjwi.s 			page 2


  51              	.LVL1:
  52 000e 02E0     		b	.L3
  53              	.LVL2:
  54              	.L2:
  55              	.LBB2:
   8:../../../applications/examples/hello-world/src/hello-world.c **** 
   9:../../../applications/examples/hello-world/src/hello-world.c ****   while (1)
  10:../../../applications/examples/hello-world/src/hello-world.c ****   {
  11:../../../applications/examples/hello-world/src/hello-world.c ****     uint8_t response[50] = {0};
  12:../../../applications/examples/hello-world/src/hello-world.c ****     HAL_UART_Abort(&BLE_UART);
  13:../../../applications/examples/hello-world/src/hello-world.c ****     int result = HAL_UART_Receive(&BLE_UART, response, 50, 1000);
  14:../../../applications/examples/hello-world/src/hello-world.c ****     // int sum = 0;
  15:../../../applications/examples/hello-world/src/hello-world.c ****     // for (int i = 0; i < 50; ++i) {
  16:../../../applications/examples/hello-world/src/hello-world.c ****     //   sum |= response[i];
  17:../../../applications/examples/hello-world/src/hello-world.c ****     // }
  18:../../../applications/examples/hello-world/src/hello-world.c ****     // if (sum != 0) {
  19:../../../applications/examples/hello-world/src/hello-world.c ****     //   printINF("At least one array element is non-zero !!! \n");
  20:../../../applications/examples/hello-world/src/hello-world.c ****     // }
  21:../../../applications/examples/hello-world/src/hello-world.c ****     if(result == HAL_OK){
  22:../../../applications/examples/hello-world/src/hello-world.c ****       printINF("%s\n\r", response);
  23:../../../applications/examples/hello-world/src/hello-world.c ****     }
  24:../../../applications/examples/hello-world/src/hello-world.c ****     IWDG_feed(NULL);
  56              		.loc 1 24 5 view .LVU3
  57 0010 0020     		movs	r0, #0
  58 0012 FFF7FEFF 		bl	IWDG_feed
  59              	.LVL3:
  60              	.LBE2:
   9:../../../applications/examples/hello-world/src/hello-world.c ****   {
  61              		.loc 1 9 9 view .LVU4
  62              	.L3:
   9:../../../applications/examples/hello-world/src/hello-world.c ****   {
  63              		.loc 1 9 3 view .LVU5
  64              	.LBB3:
  11:../../../applications/examples/hello-world/src/hello-world.c ****     HAL_UART_Abort(&BLE_UART);
  65              		.loc 1 11 5 view .LVU6
  11:../../../applications/examples/hello-world/src/hello-world.c ****     HAL_UART_Abort(&BLE_UART);
  66              		.loc 1 11 13 is_stmt 0 view .LVU7
  67 0016 0021     		movs	r1, #0
  68 0018 0191     		str	r1, [sp, #4]
  69 001a 2E22     		movs	r2, #46
  70 001c 02A8     		add	r0, sp, #8
  71 001e FFF7FEFF 		bl	memset
  72              	.LVL4:
  12:../../../applications/examples/hello-world/src/hello-world.c ****     int result = HAL_UART_Receive(&BLE_UART, response, 50, 1000);
  73              		.loc 1 12 5 is_stmt 1 view .LVU8
  74 0022 094C     		ldr	r4, .L5
  75 0024 2046     		mov	r0, r4
  76 0026 FFF7FEFF 		bl	HAL_UART_Abort
  77              	.LVL5:
  13:../../../applications/examples/hello-world/src/hello-world.c ****     // int sum = 0;
  78              		.loc 1 13 5 view .LVU9
  13:../../../applications/examples/hello-world/src/hello-world.c ****     // int sum = 0;
  79              		.loc 1 13 18 is_stmt 0 view .LVU10
  80 002a 4FF47A73 		mov	r3, #1000
  81 002e 3222     		movs	r2, #50
  82 0030 01A9     		add	r1, sp, #4
  83 0032 2046     		mov	r0, r4
ARM GAS  C:\Users\tijsv\AppData\Local\Temp\ccN3Gjwi.s 			page 3


  84 0034 FFF7FEFF 		bl	HAL_UART_Receive
  85              	.LVL6:
  21:../../../applications/examples/hello-world/src/hello-world.c ****       printINF("%s\n\r", response);
  86              		.loc 1 21 5 is_stmt 1 view .LVU11
  21:../../../applications/examples/hello-world/src/hello-world.c ****       printINF("%s\n\r", response);
  87              		.loc 1 21 7 is_stmt 0 view .LVU12
  88 0038 0028     		cmp	r0, #0
  89 003a E9D1     		bne	.L2
  22:../../../applications/examples/hello-world/src/hello-world.c ****     }
  90              		.loc 1 22 7 is_stmt 1 view .LVU13
  91 003c 01A9     		add	r1, sp, #4
  92 003e 0348     		ldr	r0, .L5+4
  93              	.LVL7:
  22:../../../applications/examples/hello-world/src/hello-world.c ****     }
  94              		.loc 1 22 7 is_stmt 0 view .LVU14
  95 0040 FFF7FEFF 		bl	printINF
  96              	.LVL8:
  97 0044 E4E7     		b	.L2
  98              	.L6:
  99 0046 00BF     		.align	2
 100              	.L5:
 101 0048 00000000 		.word	BLE_UART
 102 004c 00000000 		.word	.LC0
 103              	.LBE3:
 104              		.cfi_endproc
 105              	.LFE131:
 107              		.section	.text.StartDefaultTask,"ax",%progbits
 108              		.align	1
 109              		.global	StartDefaultTask
 110              		.syntax unified
 111              		.thumb
 112              		.thumb_func
 113              		.fpu fpv4-sp-d16
 115              	StartDefaultTask:
 116              	.LFB132:
  25:../../../applications/examples/hello-world/src/hello-world.c ****   }
  26:../../../applications/examples/hello-world/src/hello-world.c **** }
  27:../../../applications/examples/hello-world/src/hello-world.c **** 
  28:../../../applications/examples/hello-world/src/hello-world.c **** void StartDefaultTask(void const *argument)
  29:../../../applications/examples/hello-world/src/hello-world.c **** {
 117              		.loc 1 29 1 is_stmt 1 view -0
 118              		.cfi_startproc
 119              		@ Volatile: function does not return.
 120              		@ args = 0, pretend = 0, frame = 0
 121              		@ frame_needed = 0, uses_anonymous_args = 0
 122              	.LVL9:
 123              		.loc 1 29 1 is_stmt 0 view .LVU16
 124 0000 08B5     		push	{r3, lr}
 125              	.LCFI2:
 126              		.cfi_def_cfa_offset 8
 127              		.cfi_offset 3, -8
 128              		.cfi_offset 14, -4
 129              	.LVL10:
 130              	.L8:
  30:../../../applications/examples/hello-world/src/hello-world.c ****   for (;;)
 131              		.loc 1 30 3 is_stmt 1 discriminator 1 view .LVU17
  31:../../../applications/examples/hello-world/src/hello-world.c ****   {
ARM GAS  C:\Users\tijsv\AppData\Local\Temp\ccN3Gjwi.s 			page 4


  32:../../../applications/examples/hello-world/src/hello-world.c ****     osDelay(1);
 132              		.loc 1 32 5 discriminator 1 view .LVU18
 133 0002 0120     		movs	r0, #1
 134 0004 FFF7FEFF 		bl	osDelay
 135              	.LVL11:
  30:../../../applications/examples/hello-world/src/hello-world.c ****   for (;;)
 136              		.loc 1 30 9 discriminator 1 view .LVU19
 137 0008 FBE7     		b	.L8
 138              		.cfi_endproc
 139              	.LFE132:
 141              		.comm	iwdgTimId,4,4
 142              		.comm	defaultTaskHandle,4,4
 143              		.comm	P3_header,44,4
 144              		.comm	P2_header,44,4
 145              		.comm	P1_header,44,4
 146              		.comm	stackversion_patch,1,1
 147              		.comm	stackversion_minor,1,1
 148              		.comm	stackversion_major,1,1
 149              		.comm	appversion_patch,1,1
 150              		.comm	appversion_minor,1,1
 151              		.comm	appversion_major,1,1
 152              		.comm	short_UID,8,8
 153              		.comm	hard_reset,1,1
 154              		.comm	wd_reset,1,1
 155              		.comm	octa_uid,8,8
 156              		.comm	float_union,4,4
 157              		.comm	uint16LittleEndian,2,4
 158              		.comm	int16LittleEndian,2,4
 159              		.comm	uint32LittleEndian,4,4
 160              		.comm	int32LittleEndian,4,4
 161              		.comm	rtosprintHandle,4,4
 162              		.comm	hrtc,36,4
 163              		.comm	FLASH_SPI,100,4
 164              		.comm	P3_SPI,100,4
 165              		.comm	P2_SPI,100,4
 166              		.comm	P1_SPI,100,4
 167              		.comm	P3_I2C,76,4
 168              		.comm	P2_I2C,76,4
 169              		.comm	P1_I2C,76,4
 170              		.comm	common_I2C,76,4
 171              		.comm	P3_UART,120,4
 172              		.comm	P2_UART,120,4
 173              		.comm	P1_UART,120,4
 174              		.comm	FTDI_UART,120,4
 175              		.comm	BLE_UART,120,4
 176              		.comm	USB_UART,120,4
 177              		.comm	hiwdg,16,4
 178              		.comm	P3_DIO6,8,4
 179              		.comm	P3_DIO5,8,4
 180              		.comm	P3_DIO4,8,4
 181              		.comm	P3_DIO3,8,4
 182              		.comm	P3_DIO2,8,4
 183              		.comm	P3_DIO1,8,4
 184              		.comm	P2_DIO6,8,4
 185              		.comm	P2_DIO5,8,4
 186              		.comm	P2_DIO4,8,4
 187              		.comm	P2_DIO3,8,4
ARM GAS  C:\Users\tijsv\AppData\Local\Temp\ccN3Gjwi.s 			page 5


 188              		.comm	P2_DIO2,8,4
 189              		.comm	P2_DIO1,8,4
 190              		.comm	P1_DIO6,8,4
 191              		.comm	P1_DIO5,8,4
 192              		.comm	P1_DIO4,8,4
 193              		.comm	P1_DIO3,8,4
 194              		.comm	P1_DIO2,8,4
 195              		.comm	P1_DIO1,8,4
 196              		.comm	htim6,64,4
 197              		.comm	htim1,64,4
 198              		.text
 199              	.Letext0:
 200              		.file 2 "c:\\program files (x86)\\gnu tools arm embedded\\9 2019-q4-major\\arm-none-eabi\\include\
 201              		.file 3 "c:\\program files (x86)\\gnu tools arm embedded\\9 2019-q4-major\\arm-none-eabi\\include\
 202              		.file 4 "../../../core/ST/CMSIS/Include/core_cm4.h"
 203              		.file 5 "../../../core/ST/CMSIS/Device/ST/STM32L4xx/Include/system_stm32l4xx.h"
 204              		.file 6 "../../../core/ST/CMSIS/Device/ST/STM32L4xx/Include/stm32l496xx.h"
 205              		.file 7 "../../../core/ST/STM32L4xx_HAL_Driver/Inc/stm32l4xx_hal_def.h"
 206              		.file 8 "../../../core/ST/STM32L4xx_HAL_Driver/Inc/stm32l4xx_hal_dma.h"
 207              		.file 9 "../../../core/ST/STM32L4xx_HAL_Driver/Inc/stm32l4xx_hal_i2c.h"
 208              		.file 10 "../../../core/ST/STM32L4xx_HAL_Driver/Inc/stm32l4xx_hal_iwdg.h"
 209              		.file 11 "../../../core/ST/STM32L4xx_HAL_Driver/Inc/stm32l4xx_hal_rtc.h"
 210              		.file 12 "../../../core/ST/STM32L4xx_HAL_Driver/Inc/stm32l4xx_hal_spi.h"
 211              		.file 13 "../../../core/ST/STM32L4xx_HAL_Driver/Inc/stm32l4xx_hal_tim.h"
 212              		.file 14 "../../../core/ST/STM32L4xx_HAL_Driver/Inc/stm32l4xx_hal_uart.h"
 213              		.file 15 "../../../core/ST/STM32L4xx_HAL_Driver/Inc/stm32l4xx_hal.h"
 214              		.file 16 "../../../core/ST/Middlewares/Third_Party/FreeRTOS/Source/include/task.h"
 215              		.file 17 "../../../core/ST/Middlewares/Third_Party/FreeRTOS/Source/include/timers.h"
 216              		.file 18 "../../../core/ST/Middlewares/Third_Party/FreeRTOS/Source/CMSIS_RTOS/cmsis_os.h"
 217              		.file 19 "../../../core/platform/octa/inc/sysclock.h"
 218              		.file 20 "../../../core/platform/octa/inc/gpio.h"
 219              		.file 21 "../../../core/platform/octa/inc/iwdg.h"
 220              		.file 22 "../../../core/platform/octa/inc/uart.h"
 221              		.file 23 "../../../core/platform/octa/inc/i2c.h"
 222              		.file 24 "../../../core/platform/octa/inc/spi.h"
 223              		.file 25 "../../../core/platform/octa/inc/rtc.h"
 224              		.file 26 "../../../core/platform/octa/inc/rtosincludes.h"
 225              		.file 27 "c:\\program files (x86)\\gnu tools arm embedded\\9 2019-q4-major\\arm-none-eabi\\include
 226              		.file 28 "c:\\program files (x86)\\gnu tools arm embedded\\9 2019-q4-major\\arm-none-eabi\\include
 227              		.file 29 "c:\\program files (x86)\\gnu tools arm embedded\\9 2019-q4-major\\lib\\gcc\\arm-none-eab
 228              		.file 30 "c:\\program files (x86)\\gnu tools arm embedded\\9 2019-q4-major\\arm-none-eabi\\include
 229              		.file 31 "../../../core/platform/common/inc/datatypes.h"
 230              		.file 32 "../../../core/platform/octa/inc/platform.h"
 231              		.file 33 "../../../applications/examples/hello-world/inc/hello-world.h"
 232              		.file 34 "../../../core/platform/common/inc/print.h"
 233              		.file 35 "<built-in>"
ARM GAS  C:\Users\tijsv\AppData\Local\Temp\ccN3Gjwi.s 			page 6


DEFINED SYMBOLS
                            *ABS*:00000000 hello-world.c
C:\Users\tijsv\AppData\Local\Temp\ccN3Gjwi.s:18     .rodata.main.str1.4:00000000 $d
C:\Users\tijsv\AppData\Local\Temp\ccN3Gjwi.s:22     .text.main:00000000 $t
C:\Users\tijsv\AppData\Local\Temp\ccN3Gjwi.s:30     .text.main:00000000 main
C:\Users\tijsv\AppData\Local\Temp\ccN3Gjwi.s:101    .text.main:00000048 $d
                            *COM*:00000078 BLE_UART
C:\Users\tijsv\AppData\Local\Temp\ccN3Gjwi.s:108    .text.StartDefaultTask:00000000 $t
C:\Users\tijsv\AppData\Local\Temp\ccN3Gjwi.s:115    .text.StartDefaultTask:00000000 StartDefaultTask
                            *COM*:00000004 iwdgTimId
                            *COM*:00000004 defaultTaskHandle
                            *COM*:0000002c P3_header
                            *COM*:0000002c P2_header
                            *COM*:0000002c P1_header
                            *COM*:00000001 stackversion_patch
                            *COM*:00000001 stackversion_minor
                            *COM*:00000001 stackversion_major
                            *COM*:00000001 appversion_patch
                            *COM*:00000001 appversion_minor
                            *COM*:00000001 appversion_major
                            *COM*:00000008 short_UID
                            *COM*:00000001 hard_reset
                            *COM*:00000001 wd_reset
                            *COM*:00000008 octa_uid
                            *COM*:00000004 float_union
                            *COM*:00000002 uint16LittleEndian
                            *COM*:00000002 int16LittleEndian
                            *COM*:00000004 uint32LittleEndian
                            *COM*:00000004 int32LittleEndian
                            *COM*:00000004 rtosprintHandle
                            *COM*:00000024 hrtc
                            *COM*:00000064 FLASH_SPI
                            *COM*:00000064 P3_SPI
                            *COM*:00000064 P2_SPI
                            *COM*:00000064 P1_SPI
                            *COM*:0000004c P3_I2C
                            *COM*:0000004c P2_I2C
                            *COM*:0000004c P1_I2C
                            *COM*:0000004c common_I2C
                            *COM*:00000078 P3_UART
                            *COM*:00000078 P2_UART
                            *COM*:00000078 P1_UART
                            *COM*:00000078 FTDI_UART
                            *COM*:00000078 USB_UART
                            *COM*:00000010 hiwdg
                            *COM*:00000008 P3_DIO6
                            *COM*:00000008 P3_DIO5
                            *COM*:00000008 P3_DIO4
                            *COM*:00000008 P3_DIO3
                            *COM*:00000008 P3_DIO2
                            *COM*:00000008 P3_DIO1
                            *COM*:00000008 P2_DIO6
                            *COM*:00000008 P2_DIO5
                            *COM*:00000008 P2_DIO4
                            *COM*:00000008 P2_DIO3
                            *COM*:00000008 P2_DIO2
                            *COM*:00000008 P2_DIO1
ARM GAS  C:\Users\tijsv\AppData\Local\Temp\ccN3Gjwi.s 			page 7


                            *COM*:00000008 P1_DIO6
                            *COM*:00000008 P1_DIO5
                            *COM*:00000008 P1_DIO4
                            *COM*:00000008 P1_DIO3
                            *COM*:00000008 P1_DIO2
                            *COM*:00000008 P1_DIO1
                            *COM*:00000040 htim6
                            *COM*:00000040 htim1

UNDEFINED SYMBOLS
Initialize_Platform
HAL_Delay
IWDG_feed
memset
HAL_UART_Abort
HAL_UART_Receive
printINF
osDelay
