ARM GAS  C:\Users\tomra\AppData\Local\Temp\ccp4ruAj.s 			page 1


   1              		.cpu cortex-m4
   2              		.eabi_attribute 27, 1
   3              		.eabi_attribute 28, 1
   4              		.eabi_attribute 20, 1
   5              		.eabi_attribute 21, 1
   6              		.eabi_attribute 23, 3
   7              		.eabi_attribute 24, 1
   8              		.eabi_attribute 25, 1
   9              		.eabi_attribute 26, 1
  10              		.eabi_attribute 30, 1
  11              		.eabi_attribute 34, 1
  12              		.eabi_attribute 18, 4
  13              		.file	"gpio.c"
  14              		.text
  15              	.Ltext0:
  16              		.cfi_sections	.debug_frame
  17              		.section	.text.OCTA_GPIO_Init,"ax",%progbits
  18              		.align	1
  19              		.global	OCTA_GPIO_Init
  20              		.arch armv7e-m
  21              		.syntax unified
  22              		.thumb
  23              		.thumb_func
  24              		.fpu fpv4-sp-d16
  26              	OCTA_GPIO_Init:
  27              	.LFB128:
  28              		.file 1 "../../../core/platform/octa/src/gpio.c"
   1:../../../core/platform/octa/src/gpio.c **** #include "gpio.h"
   2:../../../core/platform/octa/src/gpio.c **** #include "rtosincludes.h"
   3:../../../core/platform/octa/src/gpio.c **** 
   4:../../../core/platform/octa/src/gpio.c **** static void (*OCTA_BTN1_Pressed_Callback)(void) = 0;
   5:../../../core/platform/octa/src/gpio.c **** static void (*OCTA_BTN2_Pressed_Callback)(void) = 0;
   6:../../../core/platform/octa/src/gpio.c **** static void (*Nucleo_BTN1_Pressed_Callback)(void) = 0;
   7:../../../core/platform/octa/src/gpio.c **** 
   8:../../../core/platform/octa/src/gpio.c **** void OCTA_GPIO_Init(void)
   9:../../../core/platform/octa/src/gpio.c **** {
  29              		.loc 1 9 1 view -0
  30              		.cfi_startproc
  31              		@ args = 0, pretend = 0, frame = 48
  32              		@ frame_needed = 0, uses_anonymous_args = 0
  33 0000 2DE9F04F 		push	{r4, r5, r6, r7, r8, r9, r10, fp, lr}
  34              	.LCFI0:
  35              		.cfi_def_cfa_offset 36
  36              		.cfi_offset 4, -36
  37              		.cfi_offset 5, -32
  38              		.cfi_offset 6, -28
  39              		.cfi_offset 7, -24
  40              		.cfi_offset 8, -20
  41              		.cfi_offset 9, -16
  42              		.cfi_offset 10, -12
  43              		.cfi_offset 11, -8
  44              		.cfi_offset 14, -4
  45 0004 8DB0     		sub	sp, sp, #52
  46              	.LCFI1:
  47              		.cfi_def_cfa_offset 88
  10:../../../core/platform/octa/src/gpio.c ****   GPIO_InitTypeDef GPIO_InitStruct = {0};
  48              		.loc 1 10 3 view .LVU1
ARM GAS  C:\Users\tomra\AppData\Local\Temp\ccp4ruAj.s 			page 2


  49              		.loc 1 10 20 is_stmt 0 view .LVU2
  50 0006 0024     		movs	r4, #0
  51 0008 0794     		str	r4, [sp, #28]
  52 000a 0894     		str	r4, [sp, #32]
  53 000c 0994     		str	r4, [sp, #36]
  54 000e 0A94     		str	r4, [sp, #40]
  55 0010 0B94     		str	r4, [sp, #44]
  11:../../../core/platform/octa/src/gpio.c **** 
  12:../../../core/platform/octa/src/gpio.c ****   /* GPIO Ports Clock Enable */
  13:../../../core/platform/octa/src/gpio.c ****   __HAL_RCC_GPIOE_CLK_ENABLE();
  56              		.loc 1 13 3 is_stmt 1 view .LVU3
  57              	.LBB2:
  58              		.loc 1 13 3 view .LVU4
  59              		.loc 1 13 3 view .LVU5
  60 0012 A04B     		ldr	r3, .L3
  61 0014 DA6C     		ldr	r2, [r3, #76]
  62 0016 42F01002 		orr	r2, r2, #16
  63 001a DA64     		str	r2, [r3, #76]
  64              		.loc 1 13 3 view .LVU6
  65 001c DA6C     		ldr	r2, [r3, #76]
  66 001e 02F01002 		and	r2, r2, #16
  67 0022 0092     		str	r2, [sp]
  68              		.loc 1 13 3 view .LVU7
  69 0024 009A     		ldr	r2, [sp]
  70              	.LBE2:
  71              		.loc 1 13 3 view .LVU8
  14:../../../core/platform/octa/src/gpio.c ****   __HAL_RCC_GPIOC_CLK_ENABLE();
  72              		.loc 1 14 3 view .LVU9
  73              	.LBB3:
  74              		.loc 1 14 3 view .LVU10
  75              		.loc 1 14 3 view .LVU11
  76 0026 DA6C     		ldr	r2, [r3, #76]
  77 0028 42F00402 		orr	r2, r2, #4
  78 002c DA64     		str	r2, [r3, #76]
  79              		.loc 1 14 3 view .LVU12
  80 002e DA6C     		ldr	r2, [r3, #76]
  81 0030 02F00402 		and	r2, r2, #4
  82 0034 0192     		str	r2, [sp, #4]
  83              		.loc 1 14 3 view .LVU13
  84 0036 019A     		ldr	r2, [sp, #4]
  85              	.LBE3:
  86              		.loc 1 14 3 view .LVU14
  15:../../../core/platform/octa/src/gpio.c ****   __HAL_RCC_GPIOF_CLK_ENABLE();
  87              		.loc 1 15 3 view .LVU15
  88              	.LBB4:
  89              		.loc 1 15 3 view .LVU16
  90              		.loc 1 15 3 view .LVU17
  91 0038 DA6C     		ldr	r2, [r3, #76]
  92 003a 42F02002 		orr	r2, r2, #32
  93 003e DA64     		str	r2, [r3, #76]
  94              		.loc 1 15 3 view .LVU18
  95 0040 DA6C     		ldr	r2, [r3, #76]
  96 0042 02F02002 		and	r2, r2, #32
  97 0046 0292     		str	r2, [sp, #8]
  98              		.loc 1 15 3 view .LVU19
  99 0048 029A     		ldr	r2, [sp, #8]
 100              	.LBE4:
ARM GAS  C:\Users\tomra\AppData\Local\Temp\ccp4ruAj.s 			page 3


 101              		.loc 1 15 3 view .LVU20
  16:../../../core/platform/octa/src/gpio.c ****   __HAL_RCC_GPIOA_CLK_ENABLE();
 102              		.loc 1 16 3 view .LVU21
 103              	.LBB5:
 104              		.loc 1 16 3 view .LVU22
 105              		.loc 1 16 3 view .LVU23
 106 004a DA6C     		ldr	r2, [r3, #76]
 107 004c 42F00102 		orr	r2, r2, #1
 108 0050 DA64     		str	r2, [r3, #76]
 109              		.loc 1 16 3 view .LVU24
 110 0052 DA6C     		ldr	r2, [r3, #76]
 111 0054 02F00102 		and	r2, r2, #1
 112 0058 0392     		str	r2, [sp, #12]
 113              		.loc 1 16 3 view .LVU25
 114 005a 039A     		ldr	r2, [sp, #12]
 115              	.LBE5:
 116              		.loc 1 16 3 view .LVU26
  17:../../../core/platform/octa/src/gpio.c ****   __HAL_RCC_GPIOB_CLK_ENABLE();
 117              		.loc 1 17 3 view .LVU27
 118              	.LBB6:
 119              		.loc 1 17 3 view .LVU28
 120              		.loc 1 17 3 view .LVU29
 121 005c DA6C     		ldr	r2, [r3, #76]
 122 005e 42F00202 		orr	r2, r2, #2
 123 0062 DA64     		str	r2, [r3, #76]
 124              		.loc 1 17 3 view .LVU30
 125 0064 DA6C     		ldr	r2, [r3, #76]
 126 0066 02F00202 		and	r2, r2, #2
 127 006a 0492     		str	r2, [sp, #16]
 128              		.loc 1 17 3 view .LVU31
 129 006c 049A     		ldr	r2, [sp, #16]
 130              	.LBE6:
 131              		.loc 1 17 3 view .LVU32
  18:../../../core/platform/octa/src/gpio.c ****   __HAL_RCC_GPIOG_CLK_ENABLE();
 132              		.loc 1 18 3 view .LVU33
 133              	.LBB7:
 134              		.loc 1 18 3 view .LVU34
 135              		.loc 1 18 3 view .LVU35
 136 006e DA6C     		ldr	r2, [r3, #76]
 137 0070 42F04002 		orr	r2, r2, #64
 138 0074 DA64     		str	r2, [r3, #76]
 139              		.loc 1 18 3 view .LVU36
 140 0076 DA6C     		ldr	r2, [r3, #76]
 141 0078 02F04002 		and	r2, r2, #64
 142 007c 0592     		str	r2, [sp, #20]
 143              		.loc 1 18 3 view .LVU37
 144 007e 059A     		ldr	r2, [sp, #20]
 145              	.LBE7:
 146              		.loc 1 18 3 view .LVU38
  19:../../../core/platform/octa/src/gpio.c ****   __HAL_RCC_GPIOD_CLK_ENABLE();
 147              		.loc 1 19 3 view .LVU39
 148              	.LBB8:
 149              		.loc 1 19 3 view .LVU40
 150              		.loc 1 19 3 view .LVU41
 151 0080 DA6C     		ldr	r2, [r3, #76]
 152 0082 42F00802 		orr	r2, r2, #8
 153 0086 DA64     		str	r2, [r3, #76]
ARM GAS  C:\Users\tomra\AppData\Local\Temp\ccp4ruAj.s 			page 4


 154              		.loc 1 19 3 view .LVU42
 155 0088 DB6C     		ldr	r3, [r3, #76]
 156 008a 03F00803 		and	r3, r3, #8
 157 008e 0693     		str	r3, [sp, #24]
 158              		.loc 1 19 3 view .LVU43
 159 0090 069B     		ldr	r3, [sp, #24]
 160              	.LBE8:
 161              		.loc 1 19 3 view .LVU44
  20:../../../core/platform/octa/src/gpio.c ****   HAL_PWREx_EnableVddIO2();
 162              		.loc 1 20 3 view .LVU45
 163 0092 FFF7FEFF 		bl	HAL_PWREx_EnableVddIO2
 164              	.LVL0:
  21:../../../core/platform/octa/src/gpio.c **** 
  22:../../../core/platform/octa/src/gpio.c ****   HAL_GPIO_WritePin(GPIOE, P2_DIO1_Pin|P2_DIO6_Pin|P2_DIO2_Pin|P2_DIO4_Pin 
 165              		.loc 1 22 3 view .LVU46
 166 0096 804D     		ldr	r5, .L3+4
 167 0098 0122     		movs	r2, #1
 168 009a 40F2FC71 		movw	r1, #2044
 169 009e 2846     		mov	r0, r5
 170 00a0 FFF7FEFF 		bl	HAL_GPIO_WritePin
 171              	.LVL1:
  23:../../../core/platform/octa/src/gpio.c ****                           |P2_DIO3_Pin|P3_DIO1_Pin|P3_DIO4_Pin|P3_DIO5_Pin 
  24:../../../core/platform/octa/src/gpio.c ****                           |P3_DIO2_Pin, GPIO_PIN_SET);
  25:../../../core/platform/octa/src/gpio.c **** 
  26:../../../core/platform/octa/src/gpio.c ****   HAL_GPIO_WritePin(GPIOF, P1_DIO3_Pin|P1_DIO5_Pin|P2_DIO5_Pin|P3_DIO3_Pin , GPIO_PIN_SET);
 172              		.loc 1 26 3 view .LVU47
 173 00a4 7D4F     		ldr	r7, .L3+8
 174 00a6 0122     		movs	r2, #1
 175 00a8 44F22811 		movw	r1, #16680
 176 00ac 3846     		mov	r0, r7
 177 00ae FFF7FEFF 		bl	HAL_GPIO_WritePin
 178              	.LVL2:
  27:../../../core/platform/octa/src/gpio.c **** 
  28:../../../core/platform/octa/src/gpio.c ****   #if ENABLE_STEPUP
  29:../../../core/platform/octa/src/gpio.c ****     HAL_GPIO_WritePin(OCTA_STEPUP_GPIO_Port, OCTA_STEPUP_Pin, GPIO_PIN_SET);
  30:../../../core/platform/octa/src/gpio.c ****   #else
  31:../../../core/platform/octa/src/gpio.c ****     HAL_GPIO_WritePin(OCTA_STEPUP_GPIO_Port, OCTA_STEPUP_Pin, GPIO_PIN_RESET);
 179              		.loc 1 31 5 view .LVU48
 180 00b2 2246     		mov	r2, r4
 181 00b4 4FF40071 		mov	r1, #512
 182 00b8 3846     		mov	r0, r7
 183 00ba FFF7FEFF 		bl	HAL_GPIO_WritePin
 184              	.LVL3:
  32:../../../core/platform/octa/src/gpio.c ****   #endif
  33:../../../core/platform/octa/src/gpio.c **** 
  34:../../../core/platform/octa/src/gpio.c ****   HAL_GPIO_WritePin(GPIOC, P1_DIO6_Pin|P1_DIO2_Pin|P1_DIO1_Pin, GPIO_PIN_SET);
 185              		.loc 1 34 3 view .LVU49
 186 00be DFF83082 		ldr	r8, .L3+92
 187 00c2 0122     		movs	r2, #1
 188 00c4 4FF44271 		mov	r1, #776
 189 00c8 4046     		mov	r0, r8
 190 00ca FFF7FEFF 		bl	HAL_GPIO_WritePin
 191              	.LVL4:
  35:../../../core/platform/octa/src/gpio.c ****   HAL_GPIO_WritePin(BLE_Reset_GPIO_Port, BLE_Reset_Pin, GPIO_PIN_SET);
 192              		.loc 1 35 3 view .LVU50
 193 00ce 0122     		movs	r2, #1
 194 00d0 0221     		movs	r1, #2
ARM GAS  C:\Users\tomra\AppData\Local\Temp\ccp4ruAj.s 			page 5


 195 00d2 4FF09040 		mov	r0, #1207959552
 196 00d6 FFF7FEFF 		bl	HAL_GPIO_WritePin
 197              	.LVL5:
  36:../../../core/platform/octa/src/gpio.c ****   HAL_GPIO_WritePin(P1_DIO4_GPIO_Port, P1_DIO4_Pin, GPIO_PIN_SET);
 198              		.loc 1 36 3 view .LVU51
 199 00da 0122     		movs	r2, #1
 200 00dc 8021     		movs	r1, #128
 201 00de 4FF09040 		mov	r0, #1207959552
 202 00e2 FFF7FEFF 		bl	HAL_GPIO_WritePin
 203              	.LVL6:
  37:../../../core/platform/octa/src/gpio.c ****   HAL_GPIO_WritePin(GPIOB, OCTA_GLED_Pin|P3_DIO6_Pin, GPIO_PIN_SET);
 204              		.loc 1 37 3 view .LVU52
 205 00e6 DFF80C92 		ldr	r9, .L3+96
 206 00ea 0122     		movs	r2, #1
 207 00ec 0321     		movs	r1, #3
 208 00ee 4846     		mov	r0, r9
 209 00f0 FFF7FEFF 		bl	HAL_GPIO_WritePin
 210              	.LVL7:
  38:../../../core/platform/octa/src/gpio.c ****   HAL_GPIO_WritePin(GPIOB, LD3_Pin|LD2_Pin, GPIO_PIN_RESET);
 211              		.loc 1 38 3 view .LVU53
 212 00f4 2246     		mov	r2, r4
 213 00f6 4FF48141 		mov	r1, #16512
 214 00fa 4846     		mov	r0, r9
 215 00fc FFF7FEFF 		bl	HAL_GPIO_WritePin
 216              	.LVL8:
  39:../../../core/platform/octa/src/gpio.c ****   HAL_GPIO_WritePin(GPIOD, OCTA_RLED_Pin|OCTA_BLED_Pin, GPIO_PIN_SET);
 217              		.loc 1 39 3 view .LVU54
 218 0100 DFF8F4B1 		ldr	fp, .L3+100
 219 0104 0122     		movs	r2, #1
 220 0106 4FF44041 		mov	r1, #49152
 221 010a 5846     		mov	r0, fp
 222 010c FFF7FEFF 		bl	HAL_GPIO_WritePin
 223              	.LVL9:
  40:../../../core/platform/octa/src/gpio.c ****   GPIO_InitStruct.Pin = P2_DIO1_Pin|P2_DIO6_Pin|P2_DIO2_Pin|P2_DIO4_Pin 
 224              		.loc 1 40 3 view .LVU55
 225              		.loc 1 40 23 is_stmt 0 view .LVU56
 226 0110 40F2FC73 		movw	r3, #2044
 227 0114 0793     		str	r3, [sp, #28]
  41:../../../core/platform/octa/src/gpio.c ****                           |P2_DIO3_Pin|P3_DIO1_Pin|P3_DIO4_Pin|P3_DIO5_Pin 
  42:../../../core/platform/octa/src/gpio.c ****                           |P3_DIO2_Pin;
  43:../../../core/platform/octa/src/gpio.c ****   GPIO_InitStruct.Mode = GPIO_MODE_OUTPUT_PP;
 228              		.loc 1 43 3 is_stmt 1 view .LVU57
 229              		.loc 1 43 24 is_stmt 0 view .LVU58
 230 0116 0126     		movs	r6, #1
 231 0118 0896     		str	r6, [sp, #32]
  44:../../../core/platform/octa/src/gpio.c ****   GPIO_InitStruct.Pull = GPIO_NOPULL;
 232              		.loc 1 44 3 is_stmt 1 view .LVU59
 233              		.loc 1 44 24 is_stmt 0 view .LVU60
 234 011a 0994     		str	r4, [sp, #36]
  45:../../../core/platform/octa/src/gpio.c ****   GPIO_InitStruct.Speed = GPIO_SPEED_FREQ_LOW;
 235              		.loc 1 45 3 is_stmt 1 view .LVU61
 236              		.loc 1 45 25 is_stmt 0 view .LVU62
 237 011c 0A94     		str	r4, [sp, #40]
  46:../../../core/platform/octa/src/gpio.c ****   HAL_GPIO_Init(GPIOE, &GPIO_InitStruct);
 238              		.loc 1 46 3 is_stmt 1 view .LVU63
 239 011e 07A9     		add	r1, sp, #28
 240 0120 2846     		mov	r0, r5
ARM GAS  C:\Users\tomra\AppData\Local\Temp\ccp4ruAj.s 			page 6


 241 0122 FFF7FEFF 		bl	HAL_GPIO_Init
 242              	.LVL10:
  47:../../../core/platform/octa/src/gpio.c **** 
  48:../../../core/platform/octa/src/gpio.c ****   GPIO_InitStruct.Pin = B1_Pin;
 243              		.loc 1 48 3 view .LVU64
 244              		.loc 1 48 23 is_stmt 0 view .LVU65
 245 0126 4FF4005A 		mov	r10, #8192
 246 012a CDF81CA0 		str	r10, [sp, #28]
  49:../../../core/platform/octa/src/gpio.c ****   GPIO_InitStruct.Mode = GPIO_MODE_IT_RISING;
 247              		.loc 1 49 3 is_stmt 1 view .LVU66
 248              		.loc 1 49 24 is_stmt 0 view .LVU67
 249 012e 5C4B     		ldr	r3, .L3+12
 250 0130 0893     		str	r3, [sp, #32]
  50:../../../core/platform/octa/src/gpio.c ****   GPIO_InitStruct.Pull = GPIO_NOPULL;
 251              		.loc 1 50 3 is_stmt 1 view .LVU68
 252              		.loc 1 50 24 is_stmt 0 view .LVU69
 253 0132 0994     		str	r4, [sp, #36]
  51:../../../core/platform/octa/src/gpio.c ****   HAL_GPIO_Init(B1_GPIO_Port, &GPIO_InitStruct);
 254              		.loc 1 51 3 is_stmt 1 view .LVU70
 255 0134 07A9     		add	r1, sp, #28
 256 0136 4046     		mov	r0, r8
 257 0138 FFF7FEFF 		bl	HAL_GPIO_Init
 258              	.LVL11:
  52:../../../core/platform/octa/src/gpio.c **** 
  53:../../../core/platform/octa/src/gpio.c ****   GPIO_InitStruct.Pin = P1_DIO3_Pin|P1_DIO5_Pin|P2_DIO5_Pin|OCTA_STEPUP_Pin 
 259              		.loc 1 53 3 view .LVU71
 260              		.loc 1 53 23 is_stmt 0 view .LVU72
 261 013c 44F2A833 		movw	r3, #17320
 262 0140 0793     		str	r3, [sp, #28]
  54:../../../core/platform/octa/src/gpio.c ****                           |P3_DIO3_Pin|OCTA_LIGHTSENSORLED_Pin;
  55:../../../core/platform/octa/src/gpio.c ****   GPIO_InitStruct.Mode = GPIO_MODE_OUTPUT_PP;
 263              		.loc 1 55 3 is_stmt 1 view .LVU73
 264              		.loc 1 55 24 is_stmt 0 view .LVU74
 265 0142 0896     		str	r6, [sp, #32]
  56:../../../core/platform/octa/src/gpio.c ****   GPIO_InitStruct.Pull = GPIO_NOPULL;
 266              		.loc 1 56 3 is_stmt 1 view .LVU75
 267              		.loc 1 56 24 is_stmt 0 view .LVU76
 268 0144 0994     		str	r4, [sp, #36]
  57:../../../core/platform/octa/src/gpio.c ****   GPIO_InitStruct.Speed = GPIO_SPEED_FREQ_LOW;
 269              		.loc 1 57 3 is_stmt 1 view .LVU77
 270              		.loc 1 57 25 is_stmt 0 view .LVU78
 271 0146 0A94     		str	r4, [sp, #40]
  58:../../../core/platform/octa/src/gpio.c ****   HAL_GPIO_Init(GPIOF, &GPIO_InitStruct);
 272              		.loc 1 58 3 is_stmt 1 view .LVU79
 273 0148 07A9     		add	r1, sp, #28
 274 014a 3846     		mov	r0, r7
 275 014c FFF7FEFF 		bl	HAL_GPIO_Init
 276              	.LVL12:
  59:../../../core/platform/octa/src/gpio.c **** 
  60:../../../core/platform/octa/src/gpio.c ****   GPIO_InitStruct.Pin = P1_DIO6_Pin|P1_DIO2_Pin|P1_DIO1_Pin;
 277              		.loc 1 60 3 view .LVU80
 278              		.loc 1 60 23 is_stmt 0 view .LVU81
 279 0150 4FF44273 		mov	r3, #776
 280 0154 0793     		str	r3, [sp, #28]
  61:../../../core/platform/octa/src/gpio.c ****   GPIO_InitStruct.Mode = GPIO_MODE_OUTPUT_PP;
 281              		.loc 1 61 3 is_stmt 1 view .LVU82
 282              		.loc 1 61 24 is_stmt 0 view .LVU83
ARM GAS  C:\Users\tomra\AppData\Local\Temp\ccp4ruAj.s 			page 7


 283 0156 0896     		str	r6, [sp, #32]
  62:../../../core/platform/octa/src/gpio.c ****   GPIO_InitStruct.Pull = GPIO_NOPULL;
 284              		.loc 1 62 3 is_stmt 1 view .LVU84
 285              		.loc 1 62 24 is_stmt 0 view .LVU85
 286 0158 0994     		str	r4, [sp, #36]
  63:../../../core/platform/octa/src/gpio.c ****   GPIO_InitStruct.Speed = GPIO_SPEED_FREQ_LOW;
 287              		.loc 1 63 3 is_stmt 1 view .LVU86
 288              		.loc 1 63 25 is_stmt 0 view .LVU87
 289 015a 0A94     		str	r4, [sp, #40]
  64:../../../core/platform/octa/src/gpio.c ****   HAL_GPIO_Init(GPIOC, &GPIO_InitStruct);
 290              		.loc 1 64 3 is_stmt 1 view .LVU88
 291 015c 07A9     		add	r1, sp, #28
 292 015e 4046     		mov	r0, r8
 293 0160 FFF7FEFF 		bl	HAL_GPIO_Init
 294              	.LVL13:
  65:../../../core/platform/octa/src/gpio.c **** 
  66:../../../core/platform/octa/src/gpio.c ****   GPIO_InitStruct.Pin = BLE_Reset_Pin|P1_DIO4_Pin;
 295              		.loc 1 66 3 view .LVU89
 296              		.loc 1 66 23 is_stmt 0 view .LVU90
 297 0164 8223     		movs	r3, #130
 298 0166 0793     		str	r3, [sp, #28]
  67:../../../core/platform/octa/src/gpio.c ****   GPIO_InitStruct.Mode = GPIO_MODE_OUTPUT_PP;
 299              		.loc 1 67 3 is_stmt 1 view .LVU91
 300              		.loc 1 67 24 is_stmt 0 view .LVU92
 301 0168 0896     		str	r6, [sp, #32]
  68:../../../core/platform/octa/src/gpio.c ****   GPIO_InitStruct.Pull = GPIO_NOPULL;
 302              		.loc 1 68 3 is_stmt 1 view .LVU93
 303              		.loc 1 68 24 is_stmt 0 view .LVU94
 304 016a 0994     		str	r4, [sp, #36]
  69:../../../core/platform/octa/src/gpio.c ****   GPIO_InitStruct.Speed = GPIO_SPEED_FREQ_LOW;
 305              		.loc 1 69 3 is_stmt 1 view .LVU95
 306              		.loc 1 69 25 is_stmt 0 view .LVU96
 307 016c 0A94     		str	r4, [sp, #40]
  70:../../../core/platform/octa/src/gpio.c ****   HAL_GPIO_Init(GPIOA, &GPIO_InitStruct);
 308              		.loc 1 70 3 is_stmt 1 view .LVU97
 309 016e 07A9     		add	r1, sp, #28
 310 0170 4FF09040 		mov	r0, #1207959552
 311 0174 FFF7FEFF 		bl	HAL_GPIO_Init
 312              	.LVL14:
  71:../../../core/platform/octa/src/gpio.c **** 
  72:../../../core/platform/octa/src/gpio.c ****   GPIO_InitStruct.Pin = OCTA_GLED_Pin|P3_DIO6_Pin|LD3_Pin|LD2_Pin;
 313              		.loc 1 72 3 view .LVU98
 314              		.loc 1 72 23 is_stmt 0 view .LVU99
 315 0178 44F28303 		movw	r3, #16515
 316 017c 0793     		str	r3, [sp, #28]
  73:../../../core/platform/octa/src/gpio.c ****   GPIO_InitStruct.Mode = GPIO_MODE_OUTPUT_PP;
 317              		.loc 1 73 3 is_stmt 1 view .LVU100
 318              		.loc 1 73 24 is_stmt 0 view .LVU101
 319 017e 0896     		str	r6, [sp, #32]
  74:../../../core/platform/octa/src/gpio.c ****   GPIO_InitStruct.Pull = GPIO_NOPULL;
 320              		.loc 1 74 3 is_stmt 1 view .LVU102
 321              		.loc 1 74 24 is_stmt 0 view .LVU103
 322 0180 0994     		str	r4, [sp, #36]
  75:../../../core/platform/octa/src/gpio.c ****   GPIO_InitStruct.Speed = GPIO_SPEED_FREQ_LOW;
 323              		.loc 1 75 3 is_stmt 1 view .LVU104
 324              		.loc 1 75 25 is_stmt 0 view .LVU105
 325 0182 0A94     		str	r4, [sp, #40]
ARM GAS  C:\Users\tomra\AppData\Local\Temp\ccp4ruAj.s 			page 8


  76:../../../core/platform/octa/src/gpio.c ****   HAL_GPIO_Init(GPIOB, &GPIO_InitStruct);
 326              		.loc 1 76 3 is_stmt 1 view .LVU106
 327 0184 07A9     		add	r1, sp, #28
 328 0186 4846     		mov	r0, r9
 329 0188 FFF7FEFF 		bl	HAL_GPIO_Init
 330              	.LVL15:
  77:../../../core/platform/octa/src/gpio.c **** 
  78:../../../core/platform/octa/src/gpio.c ****   GPIO_InitStruct.Pin = OCTA_BTN1_Pin|OCTA_BTN2_Pin;
 331              		.loc 1 78 3 view .LVU107
 332              		.loc 1 78 23 is_stmt 0 view .LVU108
 333 018c 0323     		movs	r3, #3
 334 018e 0793     		str	r3, [sp, #28]
  79:../../../core/platform/octa/src/gpio.c ****   GPIO_InitStruct.Mode = GPIO_MODE_INPUT;
 335              		.loc 1 79 3 is_stmt 1 view .LVU109
 336              		.loc 1 79 24 is_stmt 0 view .LVU110
 337 0190 0894     		str	r4, [sp, #32]
  80:../../../core/platform/octa/src/gpio.c ****   GPIO_InitStruct.Pull = GPIO_NOPULL;
 338              		.loc 1 80 3 is_stmt 1 view .LVU111
 339              		.loc 1 80 24 is_stmt 0 view .LVU112
 340 0192 0994     		str	r4, [sp, #36]
  81:../../../core/platform/octa/src/gpio.c ****   HAL_GPIO_Init(GPIOG, &GPIO_InitStruct);
 341              		.loc 1 81 3 is_stmt 1 view .LVU113
 342 0194 07A9     		add	r1, sp, #28
 343 0196 4348     		ldr	r0, .L3+16
 344 0198 FFF7FEFF 		bl	HAL_GPIO_Init
 345              	.LVL16:
  82:../../../core/platform/octa/src/gpio.c **** 
  83:../../../core/platform/octa/src/gpio.c ****   GPIO_InitStruct.Pin = OCTA_RLED_Pin|OCTA_BLED_Pin;
 346              		.loc 1 83 3 view .LVU114
 347              		.loc 1 83 23 is_stmt 0 view .LVU115
 348 019c 4FF44043 		mov	r3, #49152
 349 01a0 0793     		str	r3, [sp, #28]
  84:../../../core/platform/octa/src/gpio.c ****   GPIO_InitStruct.Mode = GPIO_MODE_OUTPUT_PP;
 350              		.loc 1 84 3 is_stmt 1 view .LVU116
 351              		.loc 1 84 24 is_stmt 0 view .LVU117
 352 01a2 0896     		str	r6, [sp, #32]
  85:../../../core/platform/octa/src/gpio.c ****   GPIO_InitStruct.Pull = GPIO_NOPULL;
 353              		.loc 1 85 3 is_stmt 1 view .LVU118
 354              		.loc 1 85 24 is_stmt 0 view .LVU119
 355 01a4 0994     		str	r4, [sp, #36]
  86:../../../core/platform/octa/src/gpio.c ****   GPIO_InitStruct.Speed = GPIO_SPEED_FREQ_LOW;
 356              		.loc 1 86 3 is_stmt 1 view .LVU120
 357              		.loc 1 86 25 is_stmt 0 view .LVU121
 358 01a6 0A94     		str	r4, [sp, #40]
  87:../../../core/platform/octa/src/gpio.c ****   HAL_GPIO_Init(GPIOD, &GPIO_InitStruct);
 359              		.loc 1 87 3 is_stmt 1 view .LVU122
 360 01a8 07A9     		add	r1, sp, #28
 361 01aa 5846     		mov	r0, fp
 362 01ac FFF7FEFF 		bl	HAL_GPIO_Init
 363              	.LVL17:
  88:../../../core/platform/octa/src/gpio.c **** 
  89:../../../core/platform/octa/src/gpio.c ****   GPIO_InitStruct.Pin = OCTA_FLASH_CS_Pin;
 364              		.loc 1 89 3 view .LVU123
 365              		.loc 1 89 23 is_stmt 0 view .LVU124
 366 01b0 CDF81CA0 		str	r10, [sp, #28]
  90:../../../core/platform/octa/src/gpio.c ****   GPIO_InitStruct.Mode = GPIO_MODE_OUTPUT_PP;
 367              		.loc 1 90 3 is_stmt 1 view .LVU125
ARM GAS  C:\Users\tomra\AppData\Local\Temp\ccp4ruAj.s 			page 9


 368              		.loc 1 90 24 is_stmt 0 view .LVU126
 369 01b4 0896     		str	r6, [sp, #32]
  91:../../../core/platform/octa/src/gpio.c ****   GPIO_InitStruct.Pull = GPIO_NOPULL;
 370              		.loc 1 91 3 is_stmt 1 view .LVU127
 371              		.loc 1 91 24 is_stmt 0 view .LVU128
 372 01b6 0994     		str	r4, [sp, #36]
  92:../../../core/platform/octa/src/gpio.c ****   GPIO_InitStruct.Speed = GPIO_SPEED_FREQ_LOW;
 373              		.loc 1 92 3 is_stmt 1 view .LVU129
 374              		.loc 1 92 25 is_stmt 0 view .LVU130
 375 01b8 0A94     		str	r4, [sp, #40]
  93:../../../core/platform/octa/src/gpio.c ****   HAL_GPIO_Init(OCTA_FLASH_CS_Port, &GPIO_InitStruct);
 376              		.loc 1 93 3 is_stmt 1 view .LVU131
 377 01ba 07A9     		add	r1, sp, #28
 378 01bc 3846     		mov	r0, r7
 379 01be FFF7FEFF 		bl	HAL_GPIO_Init
 380              	.LVL18:
  94:../../../core/platform/octa/src/gpio.c **** 
  95:../../../core/platform/octa/src/gpio.c ****   GPIO_InitStruct.Pin = OCTA_FLASH_WP_Pin|OCTA_FLASH_HOLD_Pin;
 381              		.loc 1 95 3 view .LVU132
 382              		.loc 1 95 23 is_stmt 0 view .LVU133
 383 01c2 40F6010B 		movw	fp, #2049
 384 01c6 CDF81CB0 		str	fp, [sp, #28]
  96:../../../core/platform/octa/src/gpio.c ****   GPIO_InitStruct.Mode = GPIO_MODE_OUTPUT_PP;
 385              		.loc 1 96 3 is_stmt 1 view .LVU134
 386              		.loc 1 96 24 is_stmt 0 view .LVU135
 387 01ca 0896     		str	r6, [sp, #32]
  97:../../../core/platform/octa/src/gpio.c ****   GPIO_InitStruct.Pull = GPIO_NOPULL;
 388              		.loc 1 97 3 is_stmt 1 view .LVU136
 389              		.loc 1 97 24 is_stmt 0 view .LVU137
 390 01cc 0994     		str	r4, [sp, #36]
  98:../../../core/platform/octa/src/gpio.c ****   GPIO_InitStruct.Speed = GPIO_SPEED_FREQ_LOW;
 391              		.loc 1 98 3 is_stmt 1 view .LVU138
 392              		.loc 1 98 25 is_stmt 0 view .LVU139
 393 01ce 0A94     		str	r4, [sp, #40]
  99:../../../core/platform/octa/src/gpio.c ****   HAL_GPIO_Init(GPIOE, &GPIO_InitStruct);
 394              		.loc 1 99 3 is_stmt 1 view .LVU140
 395 01d0 07A9     		add	r1, sp, #28
 396 01d2 2846     		mov	r0, r5
 397 01d4 FFF7FEFF 		bl	HAL_GPIO_Init
 398              	.LVL19:
 100:../../../core/platform/octa/src/gpio.c **** 
 101:../../../core/platform/octa/src/gpio.c ****   HAL_GPIO_WritePin(OCTA_FLASH_CS_Port, OCTA_FLASH_CS_Pin, GPIO_PIN_SET);
 399              		.loc 1 101 3 view .LVU141
 400 01d8 3246     		mov	r2, r6
 401 01da 5146     		mov	r1, r10
 402 01dc 3846     		mov	r0, r7
 403 01de FFF7FEFF 		bl	HAL_GPIO_WritePin
 404              	.LVL20:
 102:../../../core/platform/octa/src/gpio.c ****   HAL_GPIO_WritePin(GPIOE, OCTA_FLASH_WP_Pin|OCTA_FLASH_HOLD_Pin, GPIO_PIN_SET);
 405              		.loc 1 102 3 view .LVU142
 406 01e2 3246     		mov	r2, r6
 407 01e4 5946     		mov	r1, fp
 408 01e6 2846     		mov	r0, r5
 409 01e8 FFF7FEFF 		bl	HAL_GPIO_WritePin
 410              	.LVL21:
 103:../../../core/platform/octa/src/gpio.c **** 
 104:../../../core/platform/octa/src/gpio.c ****   P1_DIO1.PORT = P1_DIO1_GPIO_Port;
ARM GAS  C:\Users\tomra\AppData\Local\Temp\ccp4ruAj.s 			page 10


 411              		.loc 1 104 3 view .LVU143
 412              		.loc 1 104 16 is_stmt 0 view .LVU144
 413 01ec 2E4B     		ldr	r3, .L3+20
 414 01ee C3F80080 		str	r8, [r3]
 105:../../../core/platform/octa/src/gpio.c ****   P1_DIO1.PIN =  P1_DIO1_Pin;
 415              		.loc 1 105 3 is_stmt 1 view .LVU145
 416              		.loc 1 105 15 is_stmt 0 view .LVU146
 417 01f2 4FF40071 		mov	r1, #512
 418 01f6 9980     		strh	r1, [r3, #4]	@ movhi
 106:../../../core/platform/octa/src/gpio.c ****   P1_DIO2.PORT = P1_DIO2_GPIO_Port;
 419              		.loc 1 106 3 is_stmt 1 view .LVU147
 420              		.loc 1 106 16 is_stmt 0 view .LVU148
 421 01f8 2C4A     		ldr	r2, .L3+24
 422 01fa C2F80080 		str	r8, [r2]
 107:../../../core/platform/octa/src/gpio.c ****   P1_DIO2.PIN = P1_DIO2_Pin;
 423              		.loc 1 107 3 is_stmt 1 view .LVU149
 424              		.loc 1 107 15 is_stmt 0 view .LVU150
 425 01fe 4FF48073 		mov	r3, #256
 426 0202 9380     		strh	r3, [r2, #4]	@ movhi
 108:../../../core/platform/octa/src/gpio.c ****   P1_DIO3.PORT = P1_DIO3_GPIO_Port;
 427              		.loc 1 108 3 is_stmt 1 view .LVU151
 428              		.loc 1 108 16 is_stmt 0 view .LVU152
 429 0204 2A48     		ldr	r0, .L3+28
 430 0206 0760     		str	r7, [r0]
 109:../../../core/platform/octa/src/gpio.c ****   P1_DIO3.PIN = P1_DIO3_Pin;
 431              		.loc 1 109 3 is_stmt 1 view .LVU153
 432              		.loc 1 109 15 is_stmt 0 view .LVU154
 433 0208 0822     		movs	r2, #8
 434 020a 8280     		strh	r2, [r0, #4]	@ movhi
 110:../../../core/platform/octa/src/gpio.c ****   P1_DIO4.PORT = P1_DIO4_GPIO_Port;
 435              		.loc 1 110 3 is_stmt 1 view .LVU155
 436              		.loc 1 110 16 is_stmt 0 view .LVU156
 437 020c 294C     		ldr	r4, .L3+32
 438 020e 4FF09040 		mov	r0, #1207959552
 439 0212 2060     		str	r0, [r4]
 111:../../../core/platform/octa/src/gpio.c ****   P1_DIO4.PIN = P1_DIO4_Pin;
 440              		.loc 1 111 3 is_stmt 1 view .LVU157
 441              		.loc 1 111 15 is_stmt 0 view .LVU158
 442 0214 8020     		movs	r0, #128
 443 0216 A080     		strh	r0, [r4, #4]	@ movhi
 112:../../../core/platform/octa/src/gpio.c ****   P1_DIO5.PORT = P1_DIO5_GPIO_Port;
 444              		.loc 1 112 3 is_stmt 1 view .LVU159
 445              		.loc 1 112 16 is_stmt 0 view .LVU160
 446 0218 274C     		ldr	r4, .L3+36
 447 021a 2760     		str	r7, [r4]
 113:../../../core/platform/octa/src/gpio.c ****   P1_DIO5.PIN = P1_DIO5_Pin;
 448              		.loc 1 113 3 is_stmt 1 view .LVU161
 449              		.loc 1 113 15 is_stmt 0 view .LVU162
 450 021c 2026     		movs	r6, #32
 451 021e A680     		strh	r6, [r4, #4]	@ movhi
 114:../../../core/platform/octa/src/gpio.c ****   P1_DIO6.PORT = P1_DIO6_GPIO_Port;
 452              		.loc 1 114 3 is_stmt 1 view .LVU163
 453              		.loc 1 114 16 is_stmt 0 view .LVU164
 454 0220 264C     		ldr	r4, .L3+40
 455 0222 C4F80080 		str	r8, [r4]
 115:../../../core/platform/octa/src/gpio.c ****   P1_DIO6.PIN = P1_DIO6_Pin;
 456              		.loc 1 115 3 is_stmt 1 view .LVU165
ARM GAS  C:\Users\tomra\AppData\Local\Temp\ccp4ruAj.s 			page 11


 457              		.loc 1 115 15 is_stmt 0 view .LVU166
 458 0226 A280     		strh	r2, [r4, #4]	@ movhi
 116:../../../core/platform/octa/src/gpio.c **** 
 117:../../../core/platform/octa/src/gpio.c ****   P2_DIO1.PORT = P2_DIO1_GPIO_Port;
 459              		.loc 1 117 3 is_stmt 1 view .LVU167
 460              		.loc 1 117 16 is_stmt 0 view .LVU168
 461 0228 254C     		ldr	r4, .L3+44
 462 022a 2560     		str	r5, [r4]
 118:../../../core/platform/octa/src/gpio.c ****   P2_DIO1.PIN =  P2_DIO1_Pin;
 463              		.loc 1 118 3 is_stmt 1 view .LVU169
 464              		.loc 1 118 15 is_stmt 0 view .LVU170
 465 022c 4FF0040C 		mov	ip, #4
 466 0230 A4F804C0 		strh	ip, [r4, #4]	@ movhi
 119:../../../core/platform/octa/src/gpio.c ****   P2_DIO2.PORT = P2_DIO2_GPIO_Port;
 467              		.loc 1 119 3 is_stmt 1 view .LVU171
 468              		.loc 1 119 16 is_stmt 0 view .LVU172
 469 0234 234C     		ldr	r4, .L3+48
 470 0236 2560     		str	r5, [r4]
 120:../../../core/platform/octa/src/gpio.c ****   P2_DIO2.PIN = P2_DIO2_Pin;
 471              		.loc 1 120 3 is_stmt 1 view .LVU173
 472              		.loc 1 120 15 is_stmt 0 view .LVU174
 473 0238 4FF0100C 		mov	ip, #16
 474 023c A4F804C0 		strh	ip, [r4, #4]	@ movhi
 121:../../../core/platform/octa/src/gpio.c ****   P2_DIO3.PORT = P2_DIO3_GPIO_Port;
 475              		.loc 1 121 3 is_stmt 1 view .LVU175
 476              		.loc 1 121 16 is_stmt 0 view .LVU176
 477 0240 214C     		ldr	r4, .L3+52
 478 0242 2560     		str	r5, [r4]
 122:../../../core/platform/octa/src/gpio.c ****   P2_DIO3.PIN = P2_DIO3_Pin;
 479              		.loc 1 122 3 is_stmt 1 view .LVU177
 480              		.loc 1 122 15 is_stmt 0 view .LVU178
 481 0244 4FF0400C 		mov	ip, #64
 482 0248 A4F804C0 		strh	ip, [r4, #4]	@ movhi
 123:../../../core/platform/octa/src/gpio.c ****   P2_DIO4.PORT = P2_DIO4_GPIO_Port;
 483              		.loc 1 123 3 is_stmt 1 view .LVU179
 484              		.loc 1 123 16 is_stmt 0 view .LVU180
 485 024c 1F4C     		ldr	r4, .L3+56
 486 024e 2560     		str	r5, [r4]
 124:../../../core/platform/octa/src/gpio.c ****   P2_DIO4.PIN = P2_DIO4_Pin;
 487              		.loc 1 124 3 is_stmt 1 view .LVU181
 488              		.loc 1 124 15 is_stmt 0 view .LVU182
 489 0250 A680     		strh	r6, [r4, #4]	@ movhi
 125:../../../core/platform/octa/src/gpio.c ****   P2_DIO5.PORT = P2_DIO5_GPIO_Port;
 490              		.loc 1 125 3 is_stmt 1 view .LVU183
 491              		.loc 1 125 16 is_stmt 0 view .LVU184
 492 0252 1F4C     		ldr	r4, .L3+60
 493 0254 2760     		str	r7, [r4]
 126:../../../core/platform/octa/src/gpio.c ****   P2_DIO5.PIN = P2_DIO5_Pin;
 494              		.loc 1 126 3 is_stmt 1 view .LVU185
 495              		.loc 1 126 15 is_stmt 0 view .LVU186
 496 0256 A380     		strh	r3, [r4, #4]	@ movhi
 127:../../../core/platform/octa/src/gpio.c ****   P2_DIO6.PORT = P2_DIO6_GPIO_Port;
 497              		.loc 1 127 3 is_stmt 1 view .LVU187
 498              		.loc 1 127 16 is_stmt 0 view .LVU188
 499 0258 1E4C     		ldr	r4, .L3+64
 500 025a 2560     		str	r5, [r4]
 128:../../../core/platform/octa/src/gpio.c ****   P2_DIO6.PIN = P2_DIO6_Pin;
ARM GAS  C:\Users\tomra\AppData\Local\Temp\ccp4ruAj.s 			page 12


 501              		.loc 1 128 3 is_stmt 1 view .LVU189
 502              		.loc 1 128 15 is_stmt 0 view .LVU190
 503 025c A280     		strh	r2, [r4, #4]	@ movhi
 129:../../../core/platform/octa/src/gpio.c **** 
 130:../../../core/platform/octa/src/gpio.c ****   P3_DIO1.PORT = P3_DIO1_GPIO_Port;
 504              		.loc 1 130 3 is_stmt 1 view .LVU191
 505              		.loc 1 130 16 is_stmt 0 view .LVU192
 506 025e 1E4A     		ldr	r2, .L3+68
 507 0260 1560     		str	r5, [r2]
 131:../../../core/platform/octa/src/gpio.c ****   P3_DIO1.PIN =  P3_DIO1_Pin;
 508              		.loc 1 131 3 is_stmt 1 view .LVU193
 509              		.loc 1 131 15 is_stmt 0 view .LVU194
 510 0262 9080     		strh	r0, [r2, #4]	@ movhi
 132:../../../core/platform/octa/src/gpio.c ****   P3_DIO2.PORT = P3_DIO2_GPIO_Port;
 511              		.loc 1 132 3 is_stmt 1 view .LVU195
 512              		.loc 1 132 16 is_stmt 0 view .LVU196
 513 0264 1D4A     		ldr	r2, .L3+72
 514 0266 1560     		str	r5, [r2]
 133:../../../core/platform/octa/src/gpio.c ****   P3_DIO2.PIN = P3_DIO2_Pin;
 515              		.loc 1 133 3 is_stmt 1 view .LVU197
 516              		.loc 1 133 15 is_stmt 0 view .LVU198
 517 0268 4FF48060 		mov	r0, #1024
 518 026c 9080     		strh	r0, [r2, #4]	@ movhi
 134:../../../core/platform/octa/src/gpio.c ****   P3_DIO3.PORT = P3_DIO3_GPIO_Port;
 519              		.loc 1 134 3 is_stmt 1 view .LVU199
 520              		.loc 1 134 16 is_stmt 0 view .LVU200
 521 026e 1C4A     		ldr	r2, .L3+76
 522 0270 1760     		str	r7, [r2]
 135:../../../core/platform/octa/src/gpio.c ****   P3_DIO3.PIN = P3_DIO3_Pin;
 523              		.loc 1 135 3 is_stmt 1 view .LVU201
 524              		.loc 1 135 15 is_stmt 0 view .LVU202
 525 0272 4FF48040 		mov	r0, #16384
 526 0276 9080     		strh	r0, [r2, #4]	@ movhi
 136:../../../core/platform/octa/src/gpio.c ****   P3_DIO4.PORT = P3_DIO4_GPIO_Port;
 527              		.loc 1 136 3 is_stmt 1 view .LVU203
 528              		.loc 1 136 16 is_stmt 0 view .LVU204
 529 0278 1A4A     		ldr	r2, .L3+80
 530 027a 1560     		str	r5, [r2]
 137:../../../core/platform/octa/src/gpio.c ****   P3_DIO4.PIN = P3_DIO4_Pin;
 531              		.loc 1 137 3 is_stmt 1 view .LVU205
 532              		.loc 1 137 15 is_stmt 0 view .LVU206
 533 027c 9380     		strh	r3, [r2, #4]	@ movhi
 138:../../../core/platform/octa/src/gpio.c ****   P3_DIO5.PORT = P3_DIO5_GPIO_Port;
 534              		.loc 1 138 3 is_stmt 1 view .LVU207
 535              		.loc 1 138 16 is_stmt 0 view .LVU208
 536 027e 1A4B     		ldr	r3, .L3+84
 537 0280 1D60     		str	r5, [r3]
 139:../../../core/platform/octa/src/gpio.c ****   P3_DIO5.PIN = P3_DIO5_Pin;
 538              		.loc 1 139 3 is_stmt 1 view .LVU209
 539              		.loc 1 139 15 is_stmt 0 view .LVU210
 540 0282 9980     		strh	r1, [r3, #4]	@ movhi
 140:../../../core/platform/octa/src/gpio.c ****   P3_DIO6.PORT = P3_DIO6_GPIO_Port;
 541              		.loc 1 140 3 is_stmt 1 view .LVU211
 542              		.loc 1 140 16 is_stmt 0 view .LVU212
 543 0284 194B     		ldr	r3, .L3+88
 544 0286 C3F80090 		str	r9, [r3]
 141:../../../core/platform/octa/src/gpio.c ****   P3_DIO6.PIN = P3_DIO6_Pin;
ARM GAS  C:\Users\tomra\AppData\Local\Temp\ccp4ruAj.s 			page 13


 545              		.loc 1 141 3 is_stmt 1 view .LVU213
 546              		.loc 1 141 15 is_stmt 0 view .LVU214
 547 028a 0222     		movs	r2, #2
 548 028c 9A80     		strh	r2, [r3, #4]	@ movhi
 142:../../../core/platform/octa/src/gpio.c **** }
 549              		.loc 1 142 1 view .LVU215
 550 028e 0DB0     		add	sp, sp, #52
 551              	.LCFI2:
 552              		.cfi_def_cfa_offset 36
 553              		@ sp needed
 554 0290 BDE8F08F 		pop	{r4, r5, r6, r7, r8, r9, r10, fp, pc}
 555              	.L4:
 556              		.align	2
 557              	.L3:
 558 0294 00100240 		.word	1073876992
 559 0298 00100048 		.word	1207963648
 560 029c 00140048 		.word	1207964672
 561 02a0 00001110 		.word	269549568
 562 02a4 00180048 		.word	1207965696
 563 02a8 00000000 		.word	P1_DIO1
 564 02ac 00000000 		.word	P1_DIO2
 565 02b0 00000000 		.word	P1_DIO3
 566 02b4 00000000 		.word	P1_DIO4
 567 02b8 00000000 		.word	P1_DIO5
 568 02bc 00000000 		.word	P1_DIO6
 569 02c0 00000000 		.word	P2_DIO1
 570 02c4 00000000 		.word	P2_DIO2
 571 02c8 00000000 		.word	P2_DIO3
 572 02cc 00000000 		.word	P2_DIO4
 573 02d0 00000000 		.word	P2_DIO5
 574 02d4 00000000 		.word	P2_DIO6
 575 02d8 00000000 		.word	P3_DIO1
 576 02dc 00000000 		.word	P3_DIO2
 577 02e0 00000000 		.word	P3_DIO3
 578 02e4 00000000 		.word	P3_DIO4
 579 02e8 00000000 		.word	P3_DIO5
 580 02ec 00000000 		.word	P3_DIO6
 581 02f0 00080048 		.word	1207961600
 582 02f4 00040048 		.word	1207960576
 583 02f8 000C0048 		.word	1207962624
 584              		.cfi_endproc
 585              	.LFE128:
 587              		.section	.text.OCTA_GPIO_DeInit,"ax",%progbits
 588              		.align	1
 589              		.global	OCTA_GPIO_DeInit
 590              		.syntax unified
 591              		.thumb
 592              		.thumb_func
 593              		.fpu fpv4-sp-d16
 595              	OCTA_GPIO_DeInit:
 596              	.LFB129:
 143:../../../core/platform/octa/src/gpio.c **** 
 144:../../../core/platform/octa/src/gpio.c **** void OCTA_GPIO_DeInit(void)
 145:../../../core/platform/octa/src/gpio.c **** {
 597              		.loc 1 145 1 is_stmt 1 view -0
 598              		.cfi_startproc
 599              		@ args = 0, pretend = 0, frame = 24
ARM GAS  C:\Users\tomra\AppData\Local\Temp\ccp4ruAj.s 			page 14


 600              		@ frame_needed = 0, uses_anonymous_args = 0
 601 0000 00B5     		push	{lr}
 602              	.LCFI3:
 603              		.cfi_def_cfa_offset 4
 604              		.cfi_offset 14, -4
 605 0002 87B0     		sub	sp, sp, #28
 606              	.LCFI4:
 607              		.cfi_def_cfa_offset 32
 146:../../../core/platform/octa/src/gpio.c ****     GPIO_InitTypeDef GPIO_InitStructure;
 608              		.loc 1 146 5 view .LVU217
 147:../../../core/platform/octa/src/gpio.c ****     /* Configure all GPIO port pins in Analog Input mode (floating input trigger OFF) */
 148:../../../core/platform/octa/src/gpio.c ****   /* Note: Debug using ST-Link is not possible during the execution of this   */
 149:../../../core/platform/octa/src/gpio.c ****   /*       example because communication between ST-link and the device       */
 150:../../../core/platform/octa/src/gpio.c ****   /*       under test is done through UART. All GPIO pins are disabled (set   */
 151:../../../core/platform/octa/src/gpio.c ****   /*       to analog input mode) including  UART I/O pins.           */
 152:../../../core/platform/octa/src/gpio.c ****   GPIO_InitStructure.Pin = GPIO_PIN_All;
 609              		.loc 1 152 3 view .LVU218
 610              		.loc 1 152 26 is_stmt 0 view .LVU219
 611 0004 4FF6FF73 		movw	r3, #65535
 612 0008 0193     		str	r3, [sp, #4]
 153:../../../core/platform/octa/src/gpio.c ****   GPIO_InitStructure.Mode = GPIO_MODE_ANALOG;
 613              		.loc 1 153 3 is_stmt 1 view .LVU220
 614              		.loc 1 153 27 is_stmt 0 view .LVU221
 615 000a 0323     		movs	r3, #3
 616 000c 0293     		str	r3, [sp, #8]
 154:../../../core/platform/octa/src/gpio.c ****   GPIO_InitStructure.Pull = GPIO_NOPULL;
 617              		.loc 1 154 3 is_stmt 1 view .LVU222
 618              		.loc 1 154 27 is_stmt 0 view .LVU223
 619 000e 0023     		movs	r3, #0
 620 0010 0393     		str	r3, [sp, #12]
 155:../../../core/platform/octa/src/gpio.c **** 
 156:../../../core/platform/octa/src/gpio.c ****   HAL_GPIO_Init(GPIOA, &GPIO_InitStructure); 
 621              		.loc 1 156 3 is_stmt 1 view .LVU224
 622 0012 01A9     		add	r1, sp, #4
 623 0014 4FF09040 		mov	r0, #1207959552
 624 0018 FFF7FEFF 		bl	HAL_GPIO_Init
 625              	.LVL22:
 157:../../../core/platform/octa/src/gpio.c ****   HAL_GPIO_Init(GPIOB, &GPIO_InitStructure);
 626              		.loc 1 157 3 view .LVU225
 627 001c 01A9     		add	r1, sp, #4
 628 001e 2348     		ldr	r0, .L7
 629 0020 FFF7FEFF 		bl	HAL_GPIO_Init
 630              	.LVL23:
 158:../../../core/platform/octa/src/gpio.c ****   HAL_GPIO_Init(GPIOC, &GPIO_InitStructure);
 631              		.loc 1 158 3 view .LVU226
 632 0024 01A9     		add	r1, sp, #4
 633 0026 2248     		ldr	r0, .L7+4
 634 0028 FFF7FEFF 		bl	HAL_GPIO_Init
 635              	.LVL24:
 159:../../../core/platform/octa/src/gpio.c ****   HAL_GPIO_Init(GPIOD, &GPIO_InitStructure); 
 636              		.loc 1 159 3 view .LVU227
 637 002c 01A9     		add	r1, sp, #4
 638 002e 2148     		ldr	r0, .L7+8
 639 0030 FFF7FEFF 		bl	HAL_GPIO_Init
 640              	.LVL25:
 160:../../../core/platform/octa/src/gpio.c ****   HAL_GPIO_Init(GPIOE, &GPIO_InitStructure);
 641              		.loc 1 160 3 view .LVU228
ARM GAS  C:\Users\tomra\AppData\Local\Temp\ccp4ruAj.s 			page 15


 642 0034 01A9     		add	r1, sp, #4
 643 0036 2048     		ldr	r0, .L7+12
 644 0038 FFF7FEFF 		bl	HAL_GPIO_Init
 645              	.LVL26:
 161:../../../core/platform/octa/src/gpio.c ****   HAL_GPIO_Init(GPIOF, &GPIO_InitStructure); 
 646              		.loc 1 161 3 view .LVU229
 647 003c 01A9     		add	r1, sp, #4
 648 003e 1F48     		ldr	r0, .L7+16
 649 0040 FFF7FEFF 		bl	HAL_GPIO_Init
 650              	.LVL27:
 162:../../../core/platform/octa/src/gpio.c ****   HAL_GPIO_Init(GPIOG, &GPIO_InitStructure);    
 651              		.loc 1 162 3 view .LVU230
 652 0044 01A9     		add	r1, sp, #4
 653 0046 1E48     		ldr	r0, .L7+20
 654 0048 FFF7FEFF 		bl	HAL_GPIO_Init
 655              	.LVL28:
 163:../../../core/platform/octa/src/gpio.c ****   HAL_GPIO_Init(GPIOH, &GPIO_InitStructure);
 656              		.loc 1 163 3 view .LVU231
 657 004c 01A9     		add	r1, sp, #4
 658 004e 1D48     		ldr	r0, .L7+24
 659 0050 FFF7FEFF 		bl	HAL_GPIO_Init
 660              	.LVL29:
 164:../../../core/platform/octa/src/gpio.c ****   HAL_GPIO_Init(GPIOI, &GPIO_InitStructure);
 661              		.loc 1 164 3 view .LVU232
 662 0054 01A9     		add	r1, sp, #4
 663 0056 1C48     		ldr	r0, .L7+28
 664 0058 FFF7FEFF 		bl	HAL_GPIO_Init
 665              	.LVL30:
 165:../../../core/platform/octa/src/gpio.c **** 
 166:../../../core/platform/octa/src/gpio.c ****   /* Disable GPIOs clock */
 167:../../../core/platform/octa/src/gpio.c ****   __HAL_RCC_GPIOA_CLK_DISABLE();
 666              		.loc 1 167 3 view .LVU233
 667 005c 1B4B     		ldr	r3, .L7+32
 668 005e DA6C     		ldr	r2, [r3, #76]
 669 0060 22F00102 		bic	r2, r2, #1
 670 0064 DA64     		str	r2, [r3, #76]
 168:../../../core/platform/octa/src/gpio.c ****   __HAL_RCC_GPIOB_CLK_DISABLE();
 671              		.loc 1 168 3 view .LVU234
 672 0066 DA6C     		ldr	r2, [r3, #76]
 673 0068 22F00202 		bic	r2, r2, #2
 674 006c DA64     		str	r2, [r3, #76]
 169:../../../core/platform/octa/src/gpio.c ****   __HAL_RCC_GPIOC_CLK_DISABLE();
 675              		.loc 1 169 3 view .LVU235
 676 006e DA6C     		ldr	r2, [r3, #76]
 677 0070 22F00402 		bic	r2, r2, #4
 678 0074 DA64     		str	r2, [r3, #76]
 170:../../../core/platform/octa/src/gpio.c ****   __HAL_RCC_GPIOD_CLK_DISABLE();
 679              		.loc 1 170 3 view .LVU236
 680 0076 DA6C     		ldr	r2, [r3, #76]
 681 0078 22F00802 		bic	r2, r2, #8
 682 007c DA64     		str	r2, [r3, #76]
 171:../../../core/platform/octa/src/gpio.c ****   __HAL_RCC_GPIOE_CLK_DISABLE();
 683              		.loc 1 171 3 view .LVU237
 684 007e DA6C     		ldr	r2, [r3, #76]
 685 0080 22F01002 		bic	r2, r2, #16
 686 0084 DA64     		str	r2, [r3, #76]
 172:../../../core/platform/octa/src/gpio.c ****   __HAL_RCC_GPIOF_CLK_DISABLE();  
ARM GAS  C:\Users\tomra\AppData\Local\Temp\ccp4ruAj.s 			page 16


 687              		.loc 1 172 3 view .LVU238
 688 0086 DA6C     		ldr	r2, [r3, #76]
 689 0088 22F02002 		bic	r2, r2, #32
 690 008c DA64     		str	r2, [r3, #76]
 173:../../../core/platform/octa/src/gpio.c ****   __HAL_RCC_GPIOG_CLK_DISABLE();  
 691              		.loc 1 173 3 view .LVU239
 692 008e DA6C     		ldr	r2, [r3, #76]
 693 0090 22F04002 		bic	r2, r2, #64
 694 0094 DA64     		str	r2, [r3, #76]
 174:../../../core/platform/octa/src/gpio.c ****   __HAL_RCC_GPIOH_CLK_DISABLE();
 695              		.loc 1 174 3 view .LVU240
 696 0096 DA6C     		ldr	r2, [r3, #76]
 697 0098 22F08002 		bic	r2, r2, #128
 698 009c DA64     		str	r2, [r3, #76]
 175:../../../core/platform/octa/src/gpio.c ****   __HAL_RCC_GPIOI_CLK_DISABLE();
 699              		.loc 1 175 3 view .LVU241
 700 009e DA6C     		ldr	r2, [r3, #76]
 701 00a0 22F48072 		bic	r2, r2, #256
 702 00a4 DA64     		str	r2, [r3, #76]
 176:../../../core/platform/octa/src/gpio.c **** }
 703              		.loc 1 176 1 is_stmt 0 view .LVU242
 704 00a6 07B0     		add	sp, sp, #28
 705              	.LCFI5:
 706              		.cfi_def_cfa_offset 4
 707              		@ sp needed
 708 00a8 5DF804FB 		ldr	pc, [sp], #4
 709              	.L8:
 710              		.align	2
 711              	.L7:
 712 00ac 00040048 		.word	1207960576
 713 00b0 00080048 		.word	1207961600
 714 00b4 000C0048 		.word	1207962624
 715 00b8 00100048 		.word	1207963648
 716 00bc 00140048 		.word	1207964672
 717 00c0 00180048 		.word	1207965696
 718 00c4 001C0048 		.word	1207966720
 719 00c8 00200048 		.word	1207967744
 720 00cc 00100240 		.word	1073876992
 721              		.cfi_endproc
 722              	.LFE129:
 724              		.section	.rodata.HAL_GPIO_EXTI_Callback.str1.4,"aMS",%progbits,1
 725              		.align	2
 726              	.LC0:
 727 0000 4F435441 		.ascii	"OCTA BTN1 PRESSED\015\012\000"
 727      2042544E 
 727      31205052 
 727      45535345 
 727      440D0A00 
 728              		.align	2
 729              	.LC1:
 730 0014 4F435441 		.ascii	"OCTA BTN2 PRESSED\015\012\000"
 730      2042544E 
 730      32205052 
 730      45535345 
 730      440D0A00 
 731              		.align	2
 732              	.LC2:
ARM GAS  C:\Users\tomra\AppData\Local\Temp\ccp4ruAj.s 			page 17


 733 0028 4E75636C 		.ascii	"Nucleo BTN1 PRESSED\015\012\000"
 733      656F2042 
 733      544E3120 
 733      50524553 
 733      5345440D 
 734              		.section	.text.HAL_GPIO_EXTI_Callback,"ax",%progbits
 735              		.align	1
 736              		.global	HAL_GPIO_EXTI_Callback
 737              		.syntax unified
 738              		.thumb
 739              		.thumb_func
 740              		.fpu fpv4-sp-d16
 742              	HAL_GPIO_EXTI_Callback:
 743              	.LVL31:
 744              	.LFB130:
 177:../../../core/platform/octa/src/gpio.c **** 
 178:../../../core/platform/octa/src/gpio.c **** void HAL_GPIO_EXTI_Callback(uint16_t gpioPinNumber) 
 179:../../../core/platform/octa/src/gpio.c **** {
 745              		.loc 1 179 1 is_stmt 1 view -0
 746              		.cfi_startproc
 747              		@ args = 0, pretend = 0, frame = 0
 748              		@ frame_needed = 0, uses_anonymous_args = 0
 749              		.loc 1 179 1 is_stmt 0 view .LVU244
 750 0000 10B5     		push	{r4, lr}
 751              	.LCFI6:
 752              		.cfi_def_cfa_offset 8
 753              		.cfi_offset 4, -8
 754              		.cfi_offset 14, -4
 755 0002 0446     		mov	r4, r0
 180:../../../core/platform/octa/src/gpio.c ****     // OCTA B1
 181:../../../core/platform/octa/src/gpio.c ****     if (gpioPinNumber==OCTA_BTN1_Pin) 
 756              		.loc 1 181 5 is_stmt 1 view .LVU245
 757              		.loc 1 181 8 is_stmt 0 view .LVU246
 758 0004 0128     		cmp	r0, #1
 759 0006 05D0     		beq	.L14
 760              	.LVL32:
 761              	.L10:
 182:../../../core/platform/octa/src/gpio.c ****     {
 183:../../../core/platform/octa/src/gpio.c ****         printDBG("OCTA BTN1 PRESSED\r\n");
 184:../../../core/platform/octa/src/gpio.c ****         if(OCTA_BTN1_Pressed_Callback)
 185:../../../core/platform/octa/src/gpio.c ****           OCTA_BTN1_Pressed_Callback();
 186:../../../core/platform/octa/src/gpio.c ****     }
 187:../../../core/platform/octa/src/gpio.c ****     // OCTA B2
 188:../../../core/platform/octa/src/gpio.c ****     if (gpioPinNumber==OCTA_BTN2_Pin) 
 762              		.loc 1 188 5 is_stmt 1 view .LVU247
 763              		.loc 1 188 8 is_stmt 0 view .LVU248
 764 0008 022C     		cmp	r4, #2
 765 000a 0CD0     		beq	.L15
 766              	.L11:
 189:../../../core/platform/octa/src/gpio.c ****     {
 190:../../../core/platform/octa/src/gpio.c ****         printDBG("OCTA BTN2 PRESSED\r\n");
 191:../../../core/platform/octa/src/gpio.c ****         #if DEBUG && PRINT_RTOS_STATS
 192:../../../core/platform/octa/src/gpio.c ****           //RESUME rtos print handle, which will print the stats once
 193:../../../core/platform/octa/src/gpio.c ****           if(osKernelRunning())
 194:../../../core/platform/octa/src/gpio.c ****             osThreadResume(rtosprintHandle);
 195:../../../core/platform/octa/src/gpio.c ****           else
 196:../../../core/platform/octa/src/gpio.c ****             printDBG("Kernel not running\r\n");
ARM GAS  C:\Users\tomra\AppData\Local\Temp\ccp4ruAj.s 			page 18


 197:../../../core/platform/octa/src/gpio.c ****         #endif
 198:../../../core/platform/octa/src/gpio.c ****         if(OCTA_BTN2_Pressed_Callback)
 199:../../../core/platform/octa/src/gpio.c ****           OCTA_BTN2_Pressed_Callback();
 200:../../../core/platform/octa/src/gpio.c ****     }
 201:../../../core/platform/octa/src/gpio.c ****     // Nucleo BTN1
 202:../../../core/platform/octa/src/gpio.c ****     if (gpioPinNumber==B1_Pin) 
 767              		.loc 1 202 5 is_stmt 1 view .LVU249
 768              		.loc 1 202 8 is_stmt 0 view .LVU250
 769 000c B4F5005F 		cmp	r4, #8192
 770 0010 12D0     		beq	.L16
 771              	.L9:
 203:../../../core/platform/octa/src/gpio.c ****     {
 204:../../../core/platform/octa/src/gpio.c ****         printDBG("Nucleo BTN1 PRESSED\r\n");
 205:../../../core/platform/octa/src/gpio.c ****         if(Nucleo_BTN1_Pressed_Callback)
 206:../../../core/platform/octa/src/gpio.c ****           Nucleo_BTN1_Pressed_Callback();
 207:../../../core/platform/octa/src/gpio.c ****     }
 208:../../../core/platform/octa/src/gpio.c **** }
 772              		.loc 1 208 1 view .LVU251
 773 0012 10BD     		pop	{r4, pc}
 774              	.LVL33:
 775              	.L14:
 776              	.LBB9:
 183:../../../core/platform/octa/src/gpio.c ****         if(OCTA_BTN1_Pressed_Callback)
 777              		.loc 1 183 9 is_stmt 1 view .LVU252
 778 0014 0D48     		ldr	r0, .L17
 779              	.LVL34:
 183:../../../core/platform/octa/src/gpio.c ****         if(OCTA_BTN1_Pressed_Callback)
 780              		.loc 1 183 9 is_stmt 0 view .LVU253
 781 0016 FFF7FEFF 		bl	printDBG
 782              	.LVL35:
 184:../../../core/platform/octa/src/gpio.c ****           OCTA_BTN1_Pressed_Callback();
 783              		.loc 1 184 9 is_stmt 1 view .LVU254
 184:../../../core/platform/octa/src/gpio.c ****           OCTA_BTN1_Pressed_Callback();
 784              		.loc 1 184 12 is_stmt 0 view .LVU255
 785 001a 0D4B     		ldr	r3, .L17+4
 786 001c 1B68     		ldr	r3, [r3]
 184:../../../core/platform/octa/src/gpio.c ****           OCTA_BTN1_Pressed_Callback();
 787              		.loc 1 184 11 view .LVU256
 788 001e 002B     		cmp	r3, #0
 789 0020 F2D0     		beq	.L10
 185:../../../core/platform/octa/src/gpio.c ****     }
 790              		.loc 1 185 11 is_stmt 1 view .LVU257
 791 0022 9847     		blx	r3
 792              	.LVL36:
 793 0024 F0E7     		b	.L10
 794              	.L15:
 795              	.LBE9:
 796              	.LBB10:
 190:../../../core/platform/octa/src/gpio.c ****         #if DEBUG && PRINT_RTOS_STATS
 797              		.loc 1 190 9 view .LVU258
 798 0026 0B48     		ldr	r0, .L17+8
 799 0028 FFF7FEFF 		bl	printDBG
 800              	.LVL37:
 198:../../../core/platform/octa/src/gpio.c ****           OCTA_BTN2_Pressed_Callback();
 801              		.loc 1 198 9 view .LVU259
 198:../../../core/platform/octa/src/gpio.c ****           OCTA_BTN2_Pressed_Callback();
 802              		.loc 1 198 12 is_stmt 0 view .LVU260
ARM GAS  C:\Users\tomra\AppData\Local\Temp\ccp4ruAj.s 			page 19


 803 002c 0A4B     		ldr	r3, .L17+12
 804 002e 1B68     		ldr	r3, [r3]
 198:../../../core/platform/octa/src/gpio.c ****           OCTA_BTN2_Pressed_Callback();
 805              		.loc 1 198 11 view .LVU261
 806 0030 002B     		cmp	r3, #0
 807 0032 EBD0     		beq	.L11
 199:../../../core/platform/octa/src/gpio.c ****     }
 808              		.loc 1 199 11 is_stmt 1 view .LVU262
 809 0034 9847     		blx	r3
 810              	.LVL38:
 811 0036 E9E7     		b	.L11
 812              	.L16:
 813              	.LBE10:
 814              	.LBB11:
 204:../../../core/platform/octa/src/gpio.c ****         if(Nucleo_BTN1_Pressed_Callback)
 815              		.loc 1 204 9 view .LVU263
 816 0038 0848     		ldr	r0, .L17+16
 817 003a FFF7FEFF 		bl	printDBG
 818              	.LVL39:
 205:../../../core/platform/octa/src/gpio.c ****           Nucleo_BTN1_Pressed_Callback();
 819              		.loc 1 205 9 view .LVU264
 205:../../../core/platform/octa/src/gpio.c ****           Nucleo_BTN1_Pressed_Callback();
 820              		.loc 1 205 12 is_stmt 0 view .LVU265
 821 003e 084B     		ldr	r3, .L17+20
 822 0040 1B68     		ldr	r3, [r3]
 205:../../../core/platform/octa/src/gpio.c ****           Nucleo_BTN1_Pressed_Callback();
 823              		.loc 1 205 11 view .LVU266
 824 0042 002B     		cmp	r3, #0
 825 0044 E5D0     		beq	.L9
 206:../../../core/platform/octa/src/gpio.c ****     }
 826              		.loc 1 206 11 is_stmt 1 view .LVU267
 827 0046 9847     		blx	r3
 828              	.LVL40:
 829              	.LBE11:
 830              		.loc 1 208 1 is_stmt 0 view .LVU268
 831 0048 E3E7     		b	.L9
 832              	.L18:
 833 004a 00BF     		.align	2
 834              	.L17:
 835 004c 00000000 		.word	.LC0
 836 0050 00000000 		.word	.LANCHOR0
 837 0054 14000000 		.word	.LC1
 838 0058 00000000 		.word	.LANCHOR1
 839 005c 28000000 		.word	.LC2
 840 0060 00000000 		.word	.LANCHOR2
 841              		.cfi_endproc
 842              	.LFE130:
 844              		.section	.text.GPIO_SetApplicationCallback,"ax",%progbits
 845              		.align	1
 846              		.global	GPIO_SetApplicationCallback
 847              		.syntax unified
 848              		.thumb
 849              		.thumb_func
 850              		.fpu fpv4-sp-d16
 852              	GPIO_SetApplicationCallback:
 853              	.LVL41:
 854              	.LFB131:
ARM GAS  C:\Users\tomra\AppData\Local\Temp\ccp4ruAj.s 			page 20


 209:../../../core/platform/octa/src/gpio.c **** 
 210:../../../core/platform/octa/src/gpio.c **** void GPIO_SetApplicationCallback(void (*callback), uint16_t pinNumber)
 211:../../../core/platform/octa/src/gpio.c **** {
 855              		.loc 1 211 1 is_stmt 1 view -0
 856              		.cfi_startproc
 857              		@ args = 0, pretend = 0, frame = 0
 858              		@ frame_needed = 0, uses_anonymous_args = 0
 859              		@ link register save eliminated.
 212:../../../core/platform/octa/src/gpio.c ****   switch(pinNumber)
 860              		.loc 1 212 3 view .LVU270
 861 0000 0229     		cmp	r1, #2
 862 0002 08D0     		beq	.L20
 863 0004 B1F5005F 		cmp	r1, #8192
 864 0008 08D0     		beq	.L21
 865 000a 0129     		cmp	r1, #1
 866 000c 00D0     		beq	.L23
 867              	.L19:
 213:../../../core/platform/octa/src/gpio.c ****   {
 214:../../../core/platform/octa/src/gpio.c ****     case OCTA_BTN1_Pin:
 215:../../../core/platform/octa/src/gpio.c ****       OCTA_BTN1_Pressed_Callback = callback;
 216:../../../core/platform/octa/src/gpio.c ****       break;
 217:../../../core/platform/octa/src/gpio.c ****     case OCTA_BTN2_Pin:
 218:../../../core/platform/octa/src/gpio.c ****       OCTA_BTN2_Pressed_Callback = callback;
 219:../../../core/platform/octa/src/gpio.c ****       break;
 220:../../../core/platform/octa/src/gpio.c ****     case B1_Pin:
 221:../../../core/platform/octa/src/gpio.c ****       Nucleo_BTN1_Pressed_Callback = callback;
 222:../../../core/platform/octa/src/gpio.c ****       break;
 223:../../../core/platform/octa/src/gpio.c ****     default:
 224:../../../core/platform/octa/src/gpio.c ****       break;
 225:../../../core/platform/octa/src/gpio.c ****   }
 226:../../../core/platform/octa/src/gpio.c **** }...
 868              		.loc 1 226 1 is_stmt 0 view .LVU271
 869 000e 7047     		bx	lr
 870              	.L23:
 215:../../../core/platform/octa/src/gpio.c ****       OCTA_BTN1_Pressed_Callback = callback;
 871              		.loc 1 215 7 is_stmt 1 view .LVU272
 215:../../../core/platform/octa/src/gpio.c ****       OCTA_BTN1_Pressed_Callback = callback;
 872              		.loc 1 215 34 is_stmt 0 view .LVU273
 873 0010 044B     		ldr	r3, .L24
 874 0012 1860     		str	r0, [r3]
 216:../../../core/platform/octa/src/gpio.c ****       break;
 875              		.loc 1 216 7 is_stmt 1 view .LVU274
 876 0014 7047     		bx	lr
 877              	.L20:
 218:../../../core/platform/octa/src/gpio.c ****       OCTA_BTN2_Pressed_Callback = callback;
 878              		.loc 1 218 7 view .LVU275
 218:../../../core/platform/octa/src/gpio.c ****       OCTA_BTN2_Pressed_Callback = callback;
 879              		.loc 1 218 34 is_stmt 0 view .LVU276
 880 0016 044B     		ldr	r3, .L24+4
 881 0018 1860     		str	r0, [r3]
 219:../../../core/platform/octa/src/gpio.c ****       break;
 882              		.loc 1 219 7 is_stmt 1 view .LVU277
 883 001a 7047     		bx	lr
 884              	.L21:
 221:../../../core/platform/octa/src/gpio.c ****       Nucleo_BTN1_Pressed_Callback = callback;
 885              		.loc 1 221 7 view .LVU278
 221:../../../core/platform/octa/src/gpio.c ****       Nucleo_BTN1_Pressed_Callback = callback;
ARM GAS  C:\Users\tomra\AppData\Local\Temp\ccp4ruAj.s 			page 21


 886              		.loc 1 221 36 is_stmt 0 view .LVU279
 887 001c 034B     		ldr	r3, .L24+8
 888 001e 1860     		str	r0, [r3]
 222:../../../core/platform/octa/src/gpio.c ****       break;
 889              		.loc 1 222 7 is_stmt 1 view .LVU280
 890              		.loc 1 226 1 is_stmt 0 view .LVU281
 891 0020 F5E7     		b	.L19
 892              	.L25:
 893 0022 00BF     		.align	2
 894              	.L24:
 895 0024 00000000 		.word	.LANCHOR0
 896 0028 00000000 		.word	.LANCHOR1
 897 002c 00000000 		.word	.LANCHOR2
 898              		.cfi_endproc
 899              	.LFE131:
 901              		.comm	rtosprintHandle,4,4
 902              		.comm	P3_DIO6,8,4
 903              		.comm	P3_DIO5,8,4
 904              		.comm	P3_DIO4,8,4
 905              		.comm	P3_DIO3,8,4
 906              		.comm	P3_DIO2,8,4
 907              		.comm	P3_DIO1,8,4
 908              		.comm	P2_DIO6,8,4
 909              		.comm	P2_DIO5,8,4
 910              		.comm	P2_DIO4,8,4
 911              		.comm	P2_DIO3,8,4
 912              		.comm	P2_DIO2,8,4
 913              		.comm	P2_DIO1,8,4
 914              		.comm	P1_DIO6,8,4
 915              		.comm	P1_DIO5,8,4
 916              		.comm	P1_DIO4,8,4
 917              		.comm	P1_DIO3,8,4
 918              		.comm	P1_DIO2,8,4
 919              		.comm	P1_DIO1,8,4
 920              		.section	.bss.Nucleo_BTN1_Pressed_Callback,"aw",%nobits
 921              		.align	2
 922              		.set	.LANCHOR2,. + 0
 925              	Nucleo_BTN1_Pressed_Callback:
 926 0000 00000000 		.space	4
 927              		.section	.bss.OCTA_BTN1_Pressed_Callback,"aw",%nobits
 928              		.align	2
 929              		.set	.LANCHOR0,. + 0
 932              	OCTA_BTN1_Pressed_Callback:
 933 0000 00000000 		.space	4
 934              		.section	.bss.OCTA_BTN2_Pressed_Callback,"aw",%nobits
 935              		.align	2
 936              		.set	.LANCHOR1,. + 0
 939              	OCTA_BTN2_Pressed_Callback:
 940 0000 00000000 		.space	4
 941              		.text
 942              	.Letext0:
 943              		.file 2 "c:\\program files (x86)\\gnu tools arm embedded\\9 2019-q4-major\\arm-none-eabi\\include\
 944              		.file 3 "c:\\program files (x86)\\gnu tools arm embedded\\9 2019-q4-major\\arm-none-eabi\\include\
 945              		.file 4 "../../../core/ST/CMSIS/Include/core_cm4.h"
 946              		.file 5 "../../../core/ST/CMSIS/Device/ST/STM32L4xx/Include/system_stm32l4xx.h"
 947              		.file 6 "../../../core/ST/CMSIS/Device/ST/STM32L4xx/Include/stm32l496xx.h"
 948              		.file 7 "../../../core/ST/STM32L4xx_HAL_Driver/Inc/stm32l4xx_hal_gpio.h"
ARM GAS  C:\Users\tomra\AppData\Local\Temp\ccp4ruAj.s 			page 22


 949              		.file 8 "../../../core/ST/STM32L4xx_HAL_Driver/Inc/stm32l4xx_hal.h"
 950              		.file 9 "../../../core/platform/octa/inc/gpio.h"
 951              		.file 10 "../../../core/ST/Middlewares/Third_Party/FreeRTOS/Source/include/task.h"
 952              		.file 11 "../../../core/ST/Middlewares/Third_Party/FreeRTOS/Source/CMSIS_RTOS/cmsis_os.h"
 953              		.file 12 "../../../core/platform/octa/inc/rtosincludes.h"
 954              		.file 13 "../../../core/ST/STM32L4xx_HAL_Driver/Inc/stm32l4xx_hal_pwr_ex.h"
ARM GAS  C:\Users\tomra\AppData\Local\Temp\ccp4ruAj.s 			page 23


DEFINED SYMBOLS
                            *ABS*:00000000 gpio.c
C:\Users\tomra\AppData\Local\Temp\ccp4ruAj.s:18     .text.OCTA_GPIO_Init:00000000 $t
C:\Users\tomra\AppData\Local\Temp\ccp4ruAj.s:26     .text.OCTA_GPIO_Init:00000000 OCTA_GPIO_Init
C:\Users\tomra\AppData\Local\Temp\ccp4ruAj.s:558    .text.OCTA_GPIO_Init:00000294 $d
                            *COM*:00000008 P1_DIO1
                            *COM*:00000008 P1_DIO2
                            *COM*:00000008 P1_DIO3
                            *COM*:00000008 P1_DIO4
                            *COM*:00000008 P1_DIO5
                            *COM*:00000008 P1_DIO6
                            *COM*:00000008 P2_DIO1
                            *COM*:00000008 P2_DIO2
                            *COM*:00000008 P2_DIO3
                            *COM*:00000008 P2_DIO4
                            *COM*:00000008 P2_DIO5
                            *COM*:00000008 P2_DIO6
                            *COM*:00000008 P3_DIO1
                            *COM*:00000008 P3_DIO2
                            *COM*:00000008 P3_DIO3
                            *COM*:00000008 P3_DIO4
                            *COM*:00000008 P3_DIO5
                            *COM*:00000008 P3_DIO6
C:\Users\tomra\AppData\Local\Temp\ccp4ruAj.s:588    .text.OCTA_GPIO_DeInit:00000000 $t
C:\Users\tomra\AppData\Local\Temp\ccp4ruAj.s:595    .text.OCTA_GPIO_DeInit:00000000 OCTA_GPIO_DeInit
C:\Users\tomra\AppData\Local\Temp\ccp4ruAj.s:712    .text.OCTA_GPIO_DeInit:000000ac $d
C:\Users\tomra\AppData\Local\Temp\ccp4ruAj.s:725    .rodata.HAL_GPIO_EXTI_Callback.str1.4:00000000 $d
C:\Users\tomra\AppData\Local\Temp\ccp4ruAj.s:735    .text.HAL_GPIO_EXTI_Callback:00000000 $t
C:\Users\tomra\AppData\Local\Temp\ccp4ruAj.s:742    .text.HAL_GPIO_EXTI_Callback:00000000 HAL_GPIO_EXTI_Callback
C:\Users\tomra\AppData\Local\Temp\ccp4ruAj.s:835    .text.HAL_GPIO_EXTI_Callback:0000004c $d
C:\Users\tomra\AppData\Local\Temp\ccp4ruAj.s:845    .text.GPIO_SetApplicationCallback:00000000 $t
C:\Users\tomra\AppData\Local\Temp\ccp4ruAj.s:852    .text.GPIO_SetApplicationCallback:00000000 GPIO_SetApplicationCallback
C:\Users\tomra\AppData\Local\Temp\ccp4ruAj.s:895    .text.GPIO_SetApplicationCallback:00000024 $d
                            *COM*:00000004 rtosprintHandle
C:\Users\tomra\AppData\Local\Temp\ccp4ruAj.s:921    .bss.Nucleo_BTN1_Pressed_Callback:00000000 $d
C:\Users\tomra\AppData\Local\Temp\ccp4ruAj.s:925    .bss.Nucleo_BTN1_Pressed_Callback:00000000 Nucleo_BTN1_Pressed_Callback
C:\Users\tomra\AppData\Local\Temp\ccp4ruAj.s:928    .bss.OCTA_BTN1_Pressed_Callback:00000000 $d
C:\Users\tomra\AppData\Local\Temp\ccp4ruAj.s:932    .bss.OCTA_BTN1_Pressed_Callback:00000000 OCTA_BTN1_Pressed_Callback
C:\Users\tomra\AppData\Local\Temp\ccp4ruAj.s:935    .bss.OCTA_BTN2_Pressed_Callback:00000000 $d
C:\Users\tomra\AppData\Local\Temp\ccp4ruAj.s:939    .bss.OCTA_BTN2_Pressed_Callback:00000000 OCTA_BTN2_Pressed_Callback

UNDEFINED SYMBOLS
HAL_PWREx_EnableVddIO2
HAL_GPIO_WritePin
HAL_GPIO_Init
printDBG
