ARM GAS  C:\Users\tijsv\AppData\Local\Temp\ccCPqek1.s 			page 1


   1              		.cpu cortex-m4
   2              		.eabi_attribute 27, 1
   3              		.eabi_attribute 28, 1
   4              		.eabi_attribute 20, 1
   5              		.eabi_attribute 21, 1
   6              		.eabi_attribute 23, 3
   7              		.eabi_attribute 24, 1
   8              		.eabi_attribute 25, 1
   9              		.eabi_attribute 26, 1
  10              		.eabi_attribute 30, 1
  11              		.eabi_attribute 34, 1
  12              		.eabi_attribute 18, 4
  13              		.file	"murata-dualstack-example.c"
  14              		.section	.rodata.str1.4,"aMS",%progbits,1
  15              		.align	2
  16              	.LC0:
  17 0000 6D757261 		.ascii	"murata_rx_processing\000"
  17      74615F72 
  17      785F7072 
  17      6F636573 
  17      73696E67 
  18              		.text
  19              	.Ltext0:
  20              		.cfi_sections	.debug_frame
  21              		.section	.text.Dualstack_ApplicationCallback,"ax",%progbits
  22              		.align	1
  23              		.global	Dualstack_ApplicationCallback
  24              		.arch armv7e-m
  25              		.syntax unified
  26              		.thumb
  27              		.thumb_func
  28              		.fpu fpv4-sp-d16
  30              	Dualstack_ApplicationCallback:
  31              	.LFB137:
  32              		.file 1 "../../../applications/examples/murata-dualstack-example/src/murata-dualstack-example.c"
   1:../../../applications/examples/murata-dualstack-example/src/murata-dualstack-example.c **** #include "murata-dualstack-example.h"
   2:../../../applications/examples/murata-dualstack-example/src/murata-dualstack-example.c **** #include "murata.h"
   3:../../../applications/examples/murata-dualstack-example/src/murata-dualstack-example.c **** 
   4:../../../applications/examples/murata-dualstack-example/src/murata-dualstack-example.c **** #define IWDG_INTERVAL           5    //seconds
   5:../../../applications/examples/murata-dualstack-example/src/murata-dualstack-example.c **** #define LORAWAN_INTERVAL        60   //seconds
   6:../../../applications/examples/murata-dualstack-example/src/murata-dualstack-example.c **** #define DASH7_INTERVAL          30  //seconds
   7:../../../applications/examples/murata-dualstack-example/src/murata-dualstack-example.c **** #define MODULE_CHECK_INTERVAL   3600 //seconds
   8:../../../applications/examples/murata-dualstack-example/src/murata-dualstack-example.c **** 
   9:../../../applications/examples/murata-dualstack-example/src/murata-dualstack-example.c **** uint16_t LoRaWAN_Counter = 0;
  10:../../../applications/examples/murata-dualstack-example/src/murata-dualstack-example.c **** uint16_t DASH7_Counter = 0;
  11:../../../applications/examples/murata-dualstack-example/src/murata-dualstack-example.c **** uint8_t murata_init = 0;
  12:../../../applications/examples/murata-dualstack-example/src/murata-dualstack-example.c **** uint64_t short_UID;
  13:../../../applications/examples/murata-dualstack-example/src/murata-dualstack-example.c **** uint8_t murata_data_ready = 0;
  14:../../../applications/examples/murata-dualstack-example/src/murata-dualstack-example.c **** 
  15:../../../applications/examples/murata-dualstack-example/src/murata-dualstack-example.c **** int main(void)
  16:../../../applications/examples/murata-dualstack-example/src/murata-dualstack-example.c **** {
  17:../../../applications/examples/murata-dualstack-example/src/murata-dualstack-example.c ****   Initialize_Platform();
  18:../../../applications/examples/murata-dualstack-example/src/murata-dualstack-example.c ****   
  19:../../../applications/examples/murata-dualstack-example/src/murata-dualstack-example.c ****   // LORAWAN
  20:../../../applications/examples/murata-dualstack-example/src/murata-dualstack-example.c ****   murata_init = Murata_Initialize(short_UID);
  21:../../../applications/examples/murata-dualstack-example/src/murata-dualstack-example.c ****   UART_SetApplicationCallback(&Dualstack_ApplicationCallback, (uint8_t)MURATA_CONNECTOR);
  22:../../../applications/examples/murata-dualstack-example/src/murata-dualstack-example.c **** 
ARM GAS  C:\Users\tijsv\AppData\Local\Temp\ccCPqek1.s 			page 2


  23:../../../applications/examples/murata-dualstack-example/src/murata-dualstack-example.c ****   if (murata_init)
  24:../../../applications/examples/murata-dualstack-example/src/murata-dualstack-example.c ****   {
  25:../../../applications/examples/murata-dualstack-example/src/murata-dualstack-example.c ****     printINF("Murata dualstack module init OK\r\n\r\n");
  26:../../../applications/examples/murata-dualstack-example/src/murata-dualstack-example.c ****   }
  27:../../../applications/examples/murata-dualstack-example/src/murata-dualstack-example.c ****   
  28:../../../applications/examples/murata-dualstack-example/src/murata-dualstack-example.c ****   // TX MUTEX ensuring no transmits are happening at the same time
  29:../../../applications/examples/murata-dualstack-example/src/murata-dualstack-example.c ****   osMutexDef(txMutex);
  30:../../../applications/examples/murata-dualstack-example/src/murata-dualstack-example.c ****   txMutexId = osMutexCreate(osMutex(txMutex));
  31:../../../applications/examples/murata-dualstack-example/src/murata-dualstack-example.c ****   
  32:../../../applications/examples/murata-dualstack-example/src/murata-dualstack-example.c ****   osThreadDef(murata_rx_processing, murata_process_rx_response, osPriorityNormal, 0, 512);
  33:../../../applications/examples/murata-dualstack-example/src/murata-dualstack-example.c ****   murata_rx_processing_handle = osThreadCreate(osThread(murata_rx_processing), NULL);
  34:../../../applications/examples/murata-dualstack-example/src/murata-dualstack-example.c **** 
  35:../../../applications/examples/murata-dualstack-example/src/murata-dualstack-example.c ****   // pass processing thread handle to murata driver
  36:../../../applications/examples/murata-dualstack-example/src/murata-dualstack-example.c ****   Murata_SetProcessingThread(murata_rx_processing_handle);
  37:../../../applications/examples/murata-dualstack-example/src/murata-dualstack-example.c **** 
  38:../../../applications/examples/murata-dualstack-example/src/murata-dualstack-example.c ****   //feed IWDG every 5 seconds
  39:../../../applications/examples/murata-dualstack-example/src/murata-dualstack-example.c ****   IWDG_feed(NULL);
  40:../../../applications/examples/murata-dualstack-example/src/murata-dualstack-example.c ****   osTimerDef(iwdgTim, IWDG_feed);
  41:../../../applications/examples/murata-dualstack-example/src/murata-dualstack-example.c ****   iwdgTimId = osTimerCreate(osTimer(iwdgTim), osTimerPeriodic, NULL);
  42:../../../applications/examples/murata-dualstack-example/src/murata-dualstack-example.c ****   osTimerStart(iwdgTimId, IWDG_INTERVAL * 1000);
  43:../../../applications/examples/murata-dualstack-example/src/murata-dualstack-example.c **** 
  44:../../../applications/examples/murata-dualstack-example/src/murata-dualstack-example.c ****   osTimerDef(loraWANTim, LoRaWAN_send);
  45:../../../applications/examples/murata-dualstack-example/src/murata-dualstack-example.c ****   loraWANTimId = osTimerCreate(osTimer(loraWANTim), osTimerPeriodic, NULL);
  46:../../../applications/examples/murata-dualstack-example/src/murata-dualstack-example.c ****   osTimerStart(loraWANTimId, LORAWAN_INTERVAL * 1000);
  47:../../../applications/examples/murata-dualstack-example/src/murata-dualstack-example.c **** 
  48:../../../applications/examples/murata-dualstack-example/src/murata-dualstack-example.c ****   osTimerDef(dash7Tim, Dash7_send);
  49:../../../applications/examples/murata-dualstack-example/src/murata-dualstack-example.c ****   dash7TimId = osTimerCreate(osTimer(dash7Tim), osTimerPeriodic, NULL);
  50:../../../applications/examples/murata-dualstack-example/src/murata-dualstack-example.c ****   //osTimerStart(dash7TimId, DASH7_INTERVAL * 1000);
  51:../../../applications/examples/murata-dualstack-example/src/murata-dualstack-example.c **** 
  52:../../../applications/examples/murata-dualstack-example/src/murata-dualstack-example.c ****   osTimerDef(moduleCheckTim, check_modules);
  53:../../../applications/examples/murata-dualstack-example/src/murata-dualstack-example.c ****   moduleCheckTimId = osTimerCreate(osTimer(moduleCheckTim), osTimerPeriodic, NULL);
  54:../../../applications/examples/murata-dualstack-example/src/murata-dualstack-example.c ****   osTimerStart(moduleCheckTimId, MODULE_CHECK_INTERVAL * 1000);
  55:../../../applications/examples/murata-dualstack-example/src/murata-dualstack-example.c ****   
  56:../../../applications/examples/murata-dualstack-example/src/murata-dualstack-example.c ****   //Join before starting the kernel
  57:../../../applications/examples/murata-dualstack-example/src/murata-dualstack-example.c ****    Murata_LoRaWAN_Join();
  58:../../../applications/examples/murata-dualstack-example/src/murata-dualstack-example.c **** 
  59:../../../applications/examples/murata-dualstack-example/src/murata-dualstack-example.c ****   osKernelStart();
  60:../../../applications/examples/murata-dualstack-example/src/murata-dualstack-example.c **** 
  61:../../../applications/examples/murata-dualstack-example/src/murata-dualstack-example.c ****   while (1)
  62:../../../applications/examples/murata-dualstack-example/src/murata-dualstack-example.c ****   { 
  63:../../../applications/examples/murata-dualstack-example/src/murata-dualstack-example.c ****   }
  64:../../../applications/examples/murata-dualstack-example/src/murata-dualstack-example.c **** }
  65:../../../applications/examples/murata-dualstack-example/src/murata-dualstack-example.c **** 
  66:../../../applications/examples/murata-dualstack-example/src/murata-dualstack-example.c **** void LoRaWAN_send(void const *argument)
  67:../../../applications/examples/murata-dualstack-example/src/murata-dualstack-example.c **** {
  68:../../../applications/examples/murata-dualstack-example/src/murata-dualstack-example.c ****   if (murata_init)
  69:../../../applications/examples/murata-dualstack-example/src/murata-dualstack-example.c ****   {
  70:../../../applications/examples/murata-dualstack-example/src/murata-dualstack-example.c ****     uint8_t loraMessage[5];
  71:../../../applications/examples/murata-dualstack-example/src/murata-dualstack-example.c ****     uint8_t i = 0;
  72:../../../applications/examples/murata-dualstack-example/src/murata-dualstack-example.c ****     //uint16 counter to uint8 array (little endian)
  73:../../../applications/examples/murata-dualstack-example/src/murata-dualstack-example.c ****     //counter (large) type byte
  74:../../../applications/examples/murata-dualstack-example/src/murata-dualstack-example.c ****     loraMessage[i++] = 0x14;
  75:../../../applications/examples/murata-dualstack-example/src/murata-dualstack-example.c ****     loraMessage[i++] = LoRaWAN_Counter;
  76:../../../applications/examples/murata-dualstack-example/src/murata-dualstack-example.c ****     loraMessage[i++] = LoRaWAN_Counter >> 8;
  77:../../../applications/examples/murata-dualstack-example/src/murata-dualstack-example.c ****     osMutexWait(txMutexId, osWaitForever);
  78:../../../applications/examples/murata-dualstack-example/src/murata-dualstack-example.c ****     if(!Murata_LoRaWAN_Send((uint8_t *)loraMessage, i))
  79:../../../applications/examples/murata-dualstack-example/src/murata-dualstack-example.c ****     {
ARM GAS  C:\Users\tijsv\AppData\Local\Temp\ccCPqek1.s 			page 3


  80:../../../applications/examples/murata-dualstack-example/src/murata-dualstack-example.c ****       murata_init++;
  81:../../../applications/examples/murata-dualstack-example/src/murata-dualstack-example.c ****       if(murata_init == 10)
  82:../../../applications/examples/murata-dualstack-example/src/murata-dualstack-example.c ****         murata_init == 0;
  83:../../../applications/examples/murata-dualstack-example/src/murata-dualstack-example.c ****     }
  84:../../../applications/examples/murata-dualstack-example/src/murata-dualstack-example.c ****     else
  85:../../../applications/examples/murata-dualstack-example/src/murata-dualstack-example.c ****     {
  86:../../../applications/examples/murata-dualstack-example/src/murata-dualstack-example.c ****       murata_init = 1;
  87:../../../applications/examples/murata-dualstack-example/src/murata-dualstack-example.c ****     }
  88:../../../applications/examples/murata-dualstack-example/src/murata-dualstack-example.c ****     //BLOCK TX MUTEX FOR 3s
  89:../../../applications/examples/murata-dualstack-example/src/murata-dualstack-example.c ****     osDelay(3000);
  90:../../../applications/examples/murata-dualstack-example/src/murata-dualstack-example.c ****     osMutexRelease(txMutexId);
  91:../../../applications/examples/murata-dualstack-example/src/murata-dualstack-example.c ****     LoRaWAN_Counter++;
  92:../../../applications/examples/murata-dualstack-example/src/murata-dualstack-example.c ****   }
  93:../../../applications/examples/murata-dualstack-example/src/murata-dualstack-example.c ****   else{
  94:../../../applications/examples/murata-dualstack-example/src/murata-dualstack-example.c ****     printINF("murata not initialized, not sending\r\n");
  95:../../../applications/examples/murata-dualstack-example/src/murata-dualstack-example.c ****   }
  96:../../../applications/examples/murata-dualstack-example/src/murata-dualstack-example.c **** }
  97:../../../applications/examples/murata-dualstack-example/src/murata-dualstack-example.c **** 
  98:../../../applications/examples/murata-dualstack-example/src/murata-dualstack-example.c **** void Dash7_send(void const *argument)
  99:../../../applications/examples/murata-dualstack-example/src/murata-dualstack-example.c **** {
 100:../../../applications/examples/murata-dualstack-example/src/murata-dualstack-example.c ****   if (murata_init)
 101:../../../applications/examples/murata-dualstack-example/src/murata-dualstack-example.c ****   {
 102:../../../applications/examples/murata-dualstack-example/src/murata-dualstack-example.c ****     uint8_t dash7Message[5];
 103:../../../applications/examples/murata-dualstack-example/src/murata-dualstack-example.c ****     uint8_t i = 0;
 104:../../../applications/examples/murata-dualstack-example/src/murata-dualstack-example.c ****     //uint16 counter to uint8 array (little endian)
 105:../../../applications/examples/murata-dualstack-example/src/murata-dualstack-example.c ****     //counter (large) type byte
 106:../../../applications/examples/murata-dualstack-example/src/murata-dualstack-example.c ****     dash7Message[i++] = 0x14;
 107:../../../applications/examples/murata-dualstack-example/src/murata-dualstack-example.c ****     dash7Message[i++] = DASH7_Counter;
 108:../../../applications/examples/murata-dualstack-example/src/murata-dualstack-example.c ****     dash7Message[i++] = DASH7_Counter >> 8;
 109:../../../applications/examples/murata-dualstack-example/src/murata-dualstack-example.c ****     osMutexWait(txMutexId, osWaitForever);
 110:../../../applications/examples/murata-dualstack-example/src/murata-dualstack-example.c ****     if(!Murata_Dash7_Send((uint8_t *)dash7Message, i))
 111:../../../applications/examples/murata-dualstack-example/src/murata-dualstack-example.c ****     {
 112:../../../applications/examples/murata-dualstack-example/src/murata-dualstack-example.c ****       murata_init++;
 113:../../../applications/examples/murata-dualstack-example/src/murata-dualstack-example.c ****       if(murata_init == 10)
 114:../../../applications/examples/murata-dualstack-example/src/murata-dualstack-example.c ****         murata_init == 0;
 115:../../../applications/examples/murata-dualstack-example/src/murata-dualstack-example.c ****     }
 116:../../../applications/examples/murata-dualstack-example/src/murata-dualstack-example.c ****     else
 117:../../../applications/examples/murata-dualstack-example/src/murata-dualstack-example.c ****     {
 118:../../../applications/examples/murata-dualstack-example/src/murata-dualstack-example.c ****       murata_init = 1;
 119:../../../applications/examples/murata-dualstack-example/src/murata-dualstack-example.c ****     }
 120:../../../applications/examples/murata-dualstack-example/src/murata-dualstack-example.c ****     //BLOCK TX MUTEX FOR 0.5s
 121:../../../applications/examples/murata-dualstack-example/src/murata-dualstack-example.c ****     osDelay(500);
 122:../../../applications/examples/murata-dualstack-example/src/murata-dualstack-example.c ****     osMutexRelease(txMutexId);
 123:../../../applications/examples/murata-dualstack-example/src/murata-dualstack-example.c ****     DASH7_Counter++;
 124:../../../applications/examples/murata-dualstack-example/src/murata-dualstack-example.c ****   }
 125:../../../applications/examples/murata-dualstack-example/src/murata-dualstack-example.c ****   else{
 126:../../../applications/examples/murata-dualstack-example/src/murata-dualstack-example.c ****     printINF("murata not initialized, not sending\r\n");
 127:../../../applications/examples/murata-dualstack-example/src/murata-dualstack-example.c ****   }
 128:../../../applications/examples/murata-dualstack-example/src/murata-dualstack-example.c **** }
 129:../../../applications/examples/murata-dualstack-example/src/murata-dualstack-example.c **** 
 130:../../../applications/examples/murata-dualstack-example/src/murata-dualstack-example.c **** void check_modules(void const *argument)
 131:../../../applications/examples/murata-dualstack-example/src/murata-dualstack-example.c **** {
 132:../../../applications/examples/murata-dualstack-example/src/murata-dualstack-example.c ****   printINF("checking the status of the modules\r\n");
 133:../../../applications/examples/murata-dualstack-example/src/murata-dualstack-example.c ****   if (!murata_init)
 134:../../../applications/examples/murata-dualstack-example/src/murata-dualstack-example.c ****   {
 135:../../../applications/examples/murata-dualstack-example/src/murata-dualstack-example.c ****     // LORAWAN
 136:../../../applications/examples/murata-dualstack-example/src/murata-dualstack-example.c ****     murata_init = Murata_Initialize(short_UID);
ARM GAS  C:\Users\tijsv\AppData\Local\Temp\ccCPqek1.s 			page 4


 137:../../../applications/examples/murata-dualstack-example/src/murata-dualstack-example.c ****     Murata_toggleResetPin();
 138:../../../applications/examples/murata-dualstack-example/src/murata-dualstack-example.c ****   }
 139:../../../applications/examples/murata-dualstack-example/src/murata-dualstack-example.c **** }
 140:../../../applications/examples/murata-dualstack-example/src/murata-dualstack-example.c **** 
 141:../../../applications/examples/murata-dualstack-example/src/murata-dualstack-example.c **** void murata_process_rx_response(void const *argument)
 142:../../../applications/examples/murata-dualstack-example/src/murata-dualstack-example.c **** {
 143:../../../applications/examples/murata-dualstack-example/src/murata-dualstack-example.c ****   uint32_t startProcessing;
 144:../../../applications/examples/murata-dualstack-example/src/murata-dualstack-example.c ****   while (1)
 145:../../../applications/examples/murata-dualstack-example/src/murata-dualstack-example.c ****   {
 146:../../../applications/examples/murata-dualstack-example/src/murata-dualstack-example.c ****     // Wait to be notified that the transmission is complete.  Note the first
 147:../../../applications/examples/murata-dualstack-example/src/murata-dualstack-example.c ****     //parameter is pdTRUE, which has the effect of clearing the task's notification
 148:../../../applications/examples/murata-dualstack-example/src/murata-dualstack-example.c ****     //value back to 0, making the notification value act like a binary (rather than
 149:../../../applications/examples/murata-dualstack-example/src/murata-dualstack-example.c ****     //a counting) semaphore.
 150:../../../applications/examples/murata-dualstack-example/src/murata-dualstack-example.c ****     startProcessing = ulTaskNotifyTake(pdTRUE, osWaitForever);
 151:../../../applications/examples/murata-dualstack-example/src/murata-dualstack-example.c ****     if (startProcessing == 1)
 152:../../../applications/examples/murata-dualstack-example/src/murata-dualstack-example.c ****     {
 153:../../../applications/examples/murata-dualstack-example/src/murata-dualstack-example.c ****       // The transmission ended as expected.
 154:../../../applications/examples/murata-dualstack-example/src/murata-dualstack-example.c ****       while(murata_data_ready)
 155:../../../applications/examples/murata-dualstack-example/src/murata-dualstack-example.c ****       {
 156:../../../applications/examples/murata-dualstack-example/src/murata-dualstack-example.c ****         printINF("processing murata fifo\r\n");
 157:../../../applications/examples/murata-dualstack-example/src/murata-dualstack-example.c ****         murata_data_ready = !Murata_process_fifo();
 158:../../../applications/examples/murata-dualstack-example/src/murata-dualstack-example.c ****         osDelay(50);
 159:../../../applications/examples/murata-dualstack-example/src/murata-dualstack-example.c ****       }
 160:../../../applications/examples/murata-dualstack-example/src/murata-dualstack-example.c ****     }
 161:../../../applications/examples/murata-dualstack-example/src/murata-dualstack-example.c ****     else
 162:../../../applications/examples/murata-dualstack-example/src/murata-dualstack-example.c ****     {
 163:../../../applications/examples/murata-dualstack-example/src/murata-dualstack-example.c ****     }
 164:../../../applications/examples/murata-dualstack-example/src/murata-dualstack-example.c ****     osDelay(1);
 165:../../../applications/examples/murata-dualstack-example/src/murata-dualstack-example.c ****   }
 166:../../../applications/examples/murata-dualstack-example/src/murata-dualstack-example.c ****   osThreadTerminate(NULL);
 167:../../../applications/examples/murata-dualstack-example/src/murata-dualstack-example.c **** }
 168:../../../applications/examples/murata-dualstack-example/src/murata-dualstack-example.c **** 
 169:../../../applications/examples/murata-dualstack-example/src/murata-dualstack-example.c **** void Dualstack_ApplicationCallback(void)
 170:../../../applications/examples/murata-dualstack-example/src/murata-dualstack-example.c **** {
  33              		.loc 1 170 1 view -0
  34              		.cfi_startproc
  35              		@ args = 0, pretend = 0, frame = 0
  36              		@ frame_needed = 0, uses_anonymous_args = 0
  37              		@ link register save eliminated.
 171:../../../applications/examples/murata-dualstack-example/src/murata-dualstack-example.c ****   murata_data_ready = 1;
  38              		.loc 1 171 3 view .LVU1
  39              		.loc 1 171 21 is_stmt 0 view .LVU2
  40 0000 014B     		ldr	r3, .L2
  41 0002 0122     		movs	r2, #1
  42 0004 1A70     		strb	r2, [r3]
 172:../../../applications/examples/murata-dualstack-example/src/murata-dualstack-example.c **** }...
  43              		.loc 1 172 1 view .LVU3
  44 0006 7047     		bx	lr
  45              	.L3:
  46              		.align	2
  47              	.L2:
  48 0008 00000000 		.word	.LANCHOR0
  49              		.cfi_endproc
  50              	.LFE137:
  52              		.section	.rodata.LoRaWAN_send.str1.4,"aMS",%progbits,1
  53              		.align	2
  54              	.LC2:
ARM GAS  C:\Users\tijsv\AppData\Local\Temp\ccCPqek1.s 			page 5


  55 0000 6D757261 		.ascii	"murata not initialized, not sending\015\012\000"
  55      7461206E 
  55      6F742069 
  55      6E697469 
  55      616C697A 
  56              		.section	.text.LoRaWAN_send,"ax",%progbits
  57              		.align	1
  58              		.global	LoRaWAN_send
  59              		.syntax unified
  60              		.thumb
  61              		.thumb_func
  62              		.fpu fpv4-sp-d16
  64              	LoRaWAN_send:
  65              	.LVL0:
  66              	.LFB133:
  67:../../../applications/examples/murata-dualstack-example/src/murata-dualstack-example.c **** {
  67              		.loc 1 67 1 is_stmt 1 view -0
  68              		.cfi_startproc
  69              		@ args = 0, pretend = 0, frame = 8
  70              		@ frame_needed = 0, uses_anonymous_args = 0
  67:../../../applications/examples/murata-dualstack-example/src/murata-dualstack-example.c **** {
  71              		.loc 1 67 1 is_stmt 0 view .LVU5
  72 0000 00B5     		push	{lr}
  73              	.LCFI0:
  74              		.cfi_def_cfa_offset 4
  75              		.cfi_offset 14, -4
  76 0002 83B0     		sub	sp, sp, #12
  77              	.LCFI1:
  78              		.cfi_def_cfa_offset 16
  68:../../../applications/examples/murata-dualstack-example/src/murata-dualstack-example.c ****   if (murata_init)
  79              		.loc 1 68 3 is_stmt 1 view .LVU6
  68:../../../applications/examples/murata-dualstack-example/src/murata-dualstack-example.c ****   if (murata_init)
  80              		.loc 1 68 7 is_stmt 0 view .LVU7
  81 0004 194B     		ldr	r3, .L10
  82 0006 1B78     		ldrb	r3, [r3]	@ zero_extendqisi2
  68:../../../applications/examples/murata-dualstack-example/src/murata-dualstack-example.c ****   if (murata_init)
  83              		.loc 1 68 6 view .LVU8
  84 0008 5BB3     		cbz	r3, .L5
  85              	.LBB2:
  70:../../../applications/examples/murata-dualstack-example/src/murata-dualstack-example.c ****     uint8_t loraMessage[5];
  86              		.loc 1 70 5 is_stmt 1 view .LVU9
  71:../../../applications/examples/murata-dualstack-example/src/murata-dualstack-example.c ****     uint8_t i = 0;
  87              		.loc 1 71 5 view .LVU10
  88              	.LVL1:
  74:../../../applications/examples/murata-dualstack-example/src/murata-dualstack-example.c ****     loraMessage[i++] = 0x14;
  89              		.loc 1 74 5 view .LVU11
  74:../../../applications/examples/murata-dualstack-example/src/murata-dualstack-example.c ****     loraMessage[i++] = 0x14;
  90              		.loc 1 74 22 is_stmt 0 view .LVU12
  91 000a 1423     		movs	r3, #20
  92 000c 8DF80030 		strb	r3, [sp]
  75:../../../applications/examples/murata-dualstack-example/src/murata-dualstack-example.c ****     loraMessage[i++] = LoRaWAN_Counter;
  93              		.loc 1 75 5 is_stmt 1 view .LVU13
  75:../../../applications/examples/murata-dualstack-example/src/murata-dualstack-example.c ****     loraMessage[i++] = LoRaWAN_Counter;
  94              		.loc 1 75 22 is_stmt 0 view .LVU14
  95 0010 174B     		ldr	r3, .L10+4
  96 0012 1B88     		ldrh	r3, [r3]
  97              	.LVL2:
ARM GAS  C:\Users\tijsv\AppData\Local\Temp\ccCPqek1.s 			page 6


  75:../../../applications/examples/murata-dualstack-example/src/murata-dualstack-example.c ****     loraMessage[i++] = LoRaWAN_Counter;
  98              		.loc 1 75 22 view .LVU15
  99 0014 8DF80130 		strb	r3, [sp, #1]
  76:../../../applications/examples/murata-dualstack-example/src/murata-dualstack-example.c ****     loraMessage[i++] = LoRaWAN_Counter >> 8;
 100              		.loc 1 76 5 is_stmt 1 view .LVU16
 101              	.LVL3:
  76:../../../applications/examples/murata-dualstack-example/src/murata-dualstack-example.c ****     loraMessage[i++] = LoRaWAN_Counter >> 8;
 102              		.loc 1 76 22 is_stmt 0 view .LVU17
 103 0018 1B0A     		lsrs	r3, r3, #8
 104 001a 8DF80230 		strb	r3, [sp, #2]
  77:../../../applications/examples/murata-dualstack-example/src/murata-dualstack-example.c ****     osMutexWait(txMutexId, osWaitForever);
 105              		.loc 1 77 5 is_stmt 1 view .LVU18
 106 001e 4FF0FF31 		mov	r1, #-1
 107 0022 144B     		ldr	r3, .L10+8
 108 0024 1868     		ldr	r0, [r3]
 109              	.LVL4:
  77:../../../applications/examples/murata-dualstack-example/src/murata-dualstack-example.c ****     osMutexWait(txMutexId, osWaitForever);
 110              		.loc 1 77 5 is_stmt 0 view .LVU19
 111 0026 FFF7FEFF 		bl	osMutexWait
 112              	.LVL5:
  78:../../../applications/examples/murata-dualstack-example/src/murata-dualstack-example.c ****     if(!Murata_LoRaWAN_Send((uint8_t *)loraMessage, i))
 113              		.loc 1 78 5 is_stmt 1 view .LVU20
  78:../../../applications/examples/murata-dualstack-example/src/murata-dualstack-example.c ****     if(!Murata_LoRaWAN_Send((uint8_t *)loraMessage, i))
 114              		.loc 1 78 9 is_stmt 0 view .LVU21
 115 002a 0321     		movs	r1, #3
 116 002c 6846     		mov	r0, sp
 117 002e FFF7FEFF 		bl	Murata_LoRaWAN_Send
 118              	.LVL6:
  78:../../../applications/examples/murata-dualstack-example/src/murata-dualstack-example.c ****     if(!Murata_LoRaWAN_Send((uint8_t *)loraMessage, i))
 119              		.loc 1 78 7 view .LVU22
 120 0032 90B9     		cbnz	r0, .L6
  80:../../../applications/examples/murata-dualstack-example/src/murata-dualstack-example.c ****       murata_init++;
 121              		.loc 1 80 7 is_stmt 1 view .LVU23
  80:../../../applications/examples/murata-dualstack-example/src/murata-dualstack-example.c ****       murata_init++;
 122              		.loc 1 80 18 is_stmt 0 view .LVU24
 123 0034 0D4A     		ldr	r2, .L10
 124 0036 1378     		ldrb	r3, [r2]	@ zero_extendqisi2
 125 0038 0133     		adds	r3, r3, #1
 126 003a 1370     		strb	r3, [r2]
  81:../../../applications/examples/murata-dualstack-example/src/murata-dualstack-example.c ****       if(murata_init == 10)
 127              		.loc 1 81 7 is_stmt 1 view .LVU25
 128              	.L7:
  89:../../../applications/examples/murata-dualstack-example/src/murata-dualstack-example.c ****     osDelay(3000);
 129              		.loc 1 89 5 discriminator 1 view .LVU26
 130 003c 40F6B830 		movw	r0, #3000
 131 0040 FFF7FEFF 		bl	osDelay
 132              	.LVL7:
  90:../../../applications/examples/murata-dualstack-example/src/murata-dualstack-example.c ****     osMutexRelease(txMutexId);
 133              		.loc 1 90 5 discriminator 1 view .LVU27
 134 0044 0B4B     		ldr	r3, .L10+8
 135 0046 1868     		ldr	r0, [r3]
 136 0048 FFF7FEFF 		bl	osMutexRelease
 137              	.LVL8:
  91:../../../applications/examples/murata-dualstack-example/src/murata-dualstack-example.c ****     LoRaWAN_Counter++;
 138              		.loc 1 91 5 discriminator 1 view .LVU28
  91:../../../applications/examples/murata-dualstack-example/src/murata-dualstack-example.c ****     LoRaWAN_Counter++;
 139              		.loc 1 91 20 is_stmt 0 discriminator 1 view .LVU29
ARM GAS  C:\Users\tijsv\AppData\Local\Temp\ccCPqek1.s 			page 7


 140 004c 084A     		ldr	r2, .L10+4
 141 004e 1388     		ldrh	r3, [r2]
 142 0050 0133     		adds	r3, r3, #1
 143 0052 1380     		strh	r3, [r2]	@ movhi
 144              	.LVL9:
 145              	.L4:
  91:../../../applications/examples/murata-dualstack-example/src/murata-dualstack-example.c ****     LoRaWAN_Counter++;
 146              		.loc 1 91 20 discriminator 1 view .LVU30
 147              	.LBE2:
  96:../../../applications/examples/murata-dualstack-example/src/murata-dualstack-example.c **** }
 148              		.loc 1 96 1 view .LVU31
 149 0054 03B0     		add	sp, sp, #12
 150              	.LCFI2:
 151              		.cfi_remember_state
 152              		.cfi_def_cfa_offset 4
 153              		@ sp needed
 154 0056 5DF804FB 		ldr	pc, [sp], #4
 155              	.LVL10:
 156              	.L6:
 157              	.LCFI3:
 158              		.cfi_restore_state
 159              	.LBB3:
  86:../../../applications/examples/murata-dualstack-example/src/murata-dualstack-example.c ****       murata_init = 1;
 160              		.loc 1 86 7 is_stmt 1 view .LVU32
  86:../../../applications/examples/murata-dualstack-example/src/murata-dualstack-example.c ****       murata_init = 1;
 161              		.loc 1 86 19 is_stmt 0 view .LVU33
 162 005a 044B     		ldr	r3, .L10
 163 005c 0122     		movs	r2, #1
 164 005e 1A70     		strb	r2, [r3]
 165 0060 ECE7     		b	.L7
 166              	.LVL11:
 167              	.L5:
  86:../../../applications/examples/murata-dualstack-example/src/murata-dualstack-example.c ****       murata_init = 1;
 168              		.loc 1 86 19 view .LVU34
 169              	.LBE3:
  94:../../../applications/examples/murata-dualstack-example/src/murata-dualstack-example.c ****     printINF("murata not initialized, not sending\r\n");
 170              		.loc 1 94 5 is_stmt 1 view .LVU35
 171 0062 0548     		ldr	r0, .L10+12
 172              	.LVL12:
  94:../../../applications/examples/murata-dualstack-example/src/murata-dualstack-example.c ****     printINF("murata not initialized, not sending\r\n");
 173              		.loc 1 94 5 is_stmt 0 view .LVU36
 174 0064 FFF7FEFF 		bl	printINF
 175              	.LVL13:
  96:../../../applications/examples/murata-dualstack-example/src/murata-dualstack-example.c **** }
 176              		.loc 1 96 1 view .LVU37
 177 0068 F4E7     		b	.L4
 178              	.L11:
 179 006a 00BF     		.align	2
 180              	.L10:
 181 006c 00000000 		.word	.LANCHOR1
 182 0070 00000000 		.word	.LANCHOR2
 183 0074 00000000 		.word	txMutexId
 184 0078 00000000 		.word	.LC2
 185              		.cfi_endproc
 186              	.LFE133:
 188              		.section	.text.Dash7_send,"ax",%progbits
 189              		.align	1
ARM GAS  C:\Users\tijsv\AppData\Local\Temp\ccCPqek1.s 			page 8


 190              		.global	Dash7_send
 191              		.syntax unified
 192              		.thumb
 193              		.thumb_func
 194              		.fpu fpv4-sp-d16
 196              	Dash7_send:
 197              	.LVL14:
 198              	.LFB134:
  99:../../../applications/examples/murata-dualstack-example/src/murata-dualstack-example.c **** {
 199              		.loc 1 99 1 is_stmt 1 view -0
 200              		.cfi_startproc
 201              		@ args = 0, pretend = 0, frame = 8
 202              		@ frame_needed = 0, uses_anonymous_args = 0
  99:../../../applications/examples/murata-dualstack-example/src/murata-dualstack-example.c **** {
 203              		.loc 1 99 1 is_stmt 0 view .LVU39
 204 0000 00B5     		push	{lr}
 205              	.LCFI4:
 206              		.cfi_def_cfa_offset 4
 207              		.cfi_offset 14, -4
 208 0002 83B0     		sub	sp, sp, #12
 209              	.LCFI5:
 210              		.cfi_def_cfa_offset 16
 100:../../../applications/examples/murata-dualstack-example/src/murata-dualstack-example.c ****   if (murata_init)
 211              		.loc 1 100 3 is_stmt 1 view .LVU40
 100:../../../applications/examples/murata-dualstack-example/src/murata-dualstack-example.c ****   if (murata_init)
 212              		.loc 1 100 7 is_stmt 0 view .LVU41
 213 0004 194B     		ldr	r3, .L18
 214 0006 1B78     		ldrb	r3, [r3]	@ zero_extendqisi2
 100:../../../applications/examples/murata-dualstack-example/src/murata-dualstack-example.c ****   if (murata_init)
 215              		.loc 1 100 6 view .LVU42
 216 0008 5BB3     		cbz	r3, .L13
 217              	.LBB4:
 102:../../../applications/examples/murata-dualstack-example/src/murata-dualstack-example.c ****     uint8_t dash7Message[5];
 218              		.loc 1 102 5 is_stmt 1 view .LVU43
 103:../../../applications/examples/murata-dualstack-example/src/murata-dualstack-example.c ****     uint8_t i = 0;
 219              		.loc 1 103 5 view .LVU44
 220              	.LVL15:
 106:../../../applications/examples/murata-dualstack-example/src/murata-dualstack-example.c ****     dash7Message[i++] = 0x14;
 221              		.loc 1 106 5 view .LVU45
 106:../../../applications/examples/murata-dualstack-example/src/murata-dualstack-example.c ****     dash7Message[i++] = 0x14;
 222              		.loc 1 106 23 is_stmt 0 view .LVU46
 223 000a 1423     		movs	r3, #20
 224 000c 8DF80030 		strb	r3, [sp]
 107:../../../applications/examples/murata-dualstack-example/src/murata-dualstack-example.c ****     dash7Message[i++] = DASH7_Counter;
 225              		.loc 1 107 5 is_stmt 1 view .LVU47
 107:../../../applications/examples/murata-dualstack-example/src/murata-dualstack-example.c ****     dash7Message[i++] = DASH7_Counter;
 226              		.loc 1 107 23 is_stmt 0 view .LVU48
 227 0010 174B     		ldr	r3, .L18+4
 228 0012 1B88     		ldrh	r3, [r3]
 229              	.LVL16:
 107:../../../applications/examples/murata-dualstack-example/src/murata-dualstack-example.c ****     dash7Message[i++] = DASH7_Counter;
 230              		.loc 1 107 23 view .LVU49
 231 0014 8DF80130 		strb	r3, [sp, #1]
 108:../../../applications/examples/murata-dualstack-example/src/murata-dualstack-example.c ****     dash7Message[i++] = DASH7_Counter >> 8;
 232              		.loc 1 108 5 is_stmt 1 view .LVU50
 233              	.LVL17:
 108:../../../applications/examples/murata-dualstack-example/src/murata-dualstack-example.c ****     dash7Message[i++] = DASH7_Counter >> 8;
ARM GAS  C:\Users\tijsv\AppData\Local\Temp\ccCPqek1.s 			page 9


 234              		.loc 1 108 23 is_stmt 0 view .LVU51
 235 0018 1B0A     		lsrs	r3, r3, #8
 236 001a 8DF80230 		strb	r3, [sp, #2]
 109:../../../applications/examples/murata-dualstack-example/src/murata-dualstack-example.c ****     osMutexWait(txMutexId, osWaitForever);
 237              		.loc 1 109 5 is_stmt 1 view .LVU52
 238 001e 4FF0FF31 		mov	r1, #-1
 239 0022 144B     		ldr	r3, .L18+8
 240 0024 1868     		ldr	r0, [r3]
 241              	.LVL18:
 109:../../../applications/examples/murata-dualstack-example/src/murata-dualstack-example.c ****     osMutexWait(txMutexId, osWaitForever);
 242              		.loc 1 109 5 is_stmt 0 view .LVU53
 243 0026 FFF7FEFF 		bl	osMutexWait
 244              	.LVL19:
 110:../../../applications/examples/murata-dualstack-example/src/murata-dualstack-example.c ****     if(!Murata_Dash7_Send((uint8_t *)dash7Message, i))
 245              		.loc 1 110 5 is_stmt 1 view .LVU54
 110:../../../applications/examples/murata-dualstack-example/src/murata-dualstack-example.c ****     if(!Murata_Dash7_Send((uint8_t *)dash7Message, i))
 246              		.loc 1 110 9 is_stmt 0 view .LVU55
 247 002a 0321     		movs	r1, #3
 248 002c 6846     		mov	r0, sp
 249 002e FFF7FEFF 		bl	Murata_Dash7_Send
 250              	.LVL20:
 110:../../../applications/examples/murata-dualstack-example/src/murata-dualstack-example.c ****     if(!Murata_Dash7_Send((uint8_t *)dash7Message, i))
 251              		.loc 1 110 7 view .LVU56
 252 0032 90B9     		cbnz	r0, .L14
 112:../../../applications/examples/murata-dualstack-example/src/murata-dualstack-example.c ****       murata_init++;
 253              		.loc 1 112 7 is_stmt 1 view .LVU57
 112:../../../applications/examples/murata-dualstack-example/src/murata-dualstack-example.c ****       murata_init++;
 254              		.loc 1 112 18 is_stmt 0 view .LVU58
 255 0034 0D4A     		ldr	r2, .L18
 256 0036 1378     		ldrb	r3, [r2]	@ zero_extendqisi2
 257 0038 0133     		adds	r3, r3, #1
 258 003a 1370     		strb	r3, [r2]
 113:../../../applications/examples/murata-dualstack-example/src/murata-dualstack-example.c ****       if(murata_init == 10)
 259              		.loc 1 113 7 is_stmt 1 view .LVU59
 260              	.L15:
 121:../../../applications/examples/murata-dualstack-example/src/murata-dualstack-example.c ****     osDelay(500);
 261              		.loc 1 121 5 discriminator 1 view .LVU60
 262 003c 4FF4FA70 		mov	r0, #500
 263 0040 FFF7FEFF 		bl	osDelay
 264              	.LVL21:
 122:../../../applications/examples/murata-dualstack-example/src/murata-dualstack-example.c ****     osMutexRelease(txMutexId);
 265              		.loc 1 122 5 discriminator 1 view .LVU61
 266 0044 0B4B     		ldr	r3, .L18+8
 267 0046 1868     		ldr	r0, [r3]
 268 0048 FFF7FEFF 		bl	osMutexRelease
 269              	.LVL22:
 123:../../../applications/examples/murata-dualstack-example/src/murata-dualstack-example.c ****     DASH7_Counter++;
 270              		.loc 1 123 5 discriminator 1 view .LVU62
 123:../../../applications/examples/murata-dualstack-example/src/murata-dualstack-example.c ****     DASH7_Counter++;
 271              		.loc 1 123 18 is_stmt 0 discriminator 1 view .LVU63
 272 004c 084A     		ldr	r2, .L18+4
 273 004e 1388     		ldrh	r3, [r2]
 274 0050 0133     		adds	r3, r3, #1
 275 0052 1380     		strh	r3, [r2]	@ movhi
 276              	.LVL23:
 277              	.L12:
 123:../../../applications/examples/murata-dualstack-example/src/murata-dualstack-example.c ****     DASH7_Counter++;
ARM GAS  C:\Users\tijsv\AppData\Local\Temp\ccCPqek1.s 			page 10


 278              		.loc 1 123 18 discriminator 1 view .LVU64
 279              	.LBE4:
 128:../../../applications/examples/murata-dualstack-example/src/murata-dualstack-example.c **** }
 280              		.loc 1 128 1 view .LVU65
 281 0054 03B0     		add	sp, sp, #12
 282              	.LCFI6:
 283              		.cfi_remember_state
 284              		.cfi_def_cfa_offset 4
 285              		@ sp needed
 286 0056 5DF804FB 		ldr	pc, [sp], #4
 287              	.LVL24:
 288              	.L14:
 289              	.LCFI7:
 290              		.cfi_restore_state
 291              	.LBB5:
 118:../../../applications/examples/murata-dualstack-example/src/murata-dualstack-example.c ****       murata_init = 1;
 292              		.loc 1 118 7 is_stmt 1 view .LVU66
 118:../../../applications/examples/murata-dualstack-example/src/murata-dualstack-example.c ****       murata_init = 1;
 293              		.loc 1 118 19 is_stmt 0 view .LVU67
 294 005a 044B     		ldr	r3, .L18
 295 005c 0122     		movs	r2, #1
 296 005e 1A70     		strb	r2, [r3]
 297 0060 ECE7     		b	.L15
 298              	.LVL25:
 299              	.L13:
 118:../../../applications/examples/murata-dualstack-example/src/murata-dualstack-example.c ****       murata_init = 1;
 300              		.loc 1 118 19 view .LVU68
 301              	.LBE5:
 126:../../../applications/examples/murata-dualstack-example/src/murata-dualstack-example.c ****     printINF("murata not initialized, not sending\r\n");
 302              		.loc 1 126 5 is_stmt 1 view .LVU69
 303 0062 0548     		ldr	r0, .L18+12
 304              	.LVL26:
 126:../../../applications/examples/murata-dualstack-example/src/murata-dualstack-example.c ****     printINF("murata not initialized, not sending\r\n");
 305              		.loc 1 126 5 is_stmt 0 view .LVU70
 306 0064 FFF7FEFF 		bl	printINF
 307              	.LVL27:
 128:../../../applications/examples/murata-dualstack-example/src/murata-dualstack-example.c **** }
 308              		.loc 1 128 1 view .LVU71
 309 0068 F4E7     		b	.L12
 310              	.L19:
 311 006a 00BF     		.align	2
 312              	.L18:
 313 006c 00000000 		.word	.LANCHOR1
 314 0070 00000000 		.word	.LANCHOR3
 315 0074 00000000 		.word	txMutexId
 316 0078 00000000 		.word	.LC2
 317              		.cfi_endproc
 318              	.LFE134:
 320              		.section	.rodata.check_modules.str1.4,"aMS",%progbits,1
 321              		.align	2
 322              	.LC3:
 323 0000 63686563 		.ascii	"checking the status of the modules\015\012\000"
 323      6B696E67 
 323      20746865 
 323      20737461 
 323      74757320 
 324              		.section	.text.check_modules,"ax",%progbits
ARM GAS  C:\Users\tijsv\AppData\Local\Temp\ccCPqek1.s 			page 11


 325              		.align	1
 326              		.global	check_modules
 327              		.syntax unified
 328              		.thumb
 329              		.thumb_func
 330              		.fpu fpv4-sp-d16
 332              	check_modules:
 333              	.LVL28:
 334              	.LFB135:
 131:../../../applications/examples/murata-dualstack-example/src/murata-dualstack-example.c **** {
 335              		.loc 1 131 1 is_stmt 1 view -0
 336              		.cfi_startproc
 337              		@ args = 0, pretend = 0, frame = 0
 338              		@ frame_needed = 0, uses_anonymous_args = 0
 131:../../../applications/examples/murata-dualstack-example/src/murata-dualstack-example.c **** {
 339              		.loc 1 131 1 is_stmt 0 view .LVU73
 340 0000 08B5     		push	{r3, lr}
 341              	.LCFI8:
 342              		.cfi_def_cfa_offset 8
 343              		.cfi_offset 3, -8
 344              		.cfi_offset 14, -4
 132:../../../applications/examples/murata-dualstack-example/src/murata-dualstack-example.c ****   printINF("checking the status of the modules\r\n");
 345              		.loc 1 132 3 is_stmt 1 view .LVU74
 346 0002 0848     		ldr	r0, .L24
 347              	.LVL29:
 132:../../../applications/examples/murata-dualstack-example/src/murata-dualstack-example.c ****   printINF("checking the status of the modules\r\n");
 348              		.loc 1 132 3 is_stmt 0 view .LVU75
 349 0004 FFF7FEFF 		bl	printINF
 350              	.LVL30:
 133:../../../applications/examples/murata-dualstack-example/src/murata-dualstack-example.c ****   if (!murata_init)
 351              		.loc 1 133 3 is_stmt 1 view .LVU76
 133:../../../applications/examples/murata-dualstack-example/src/murata-dualstack-example.c ****   if (!murata_init)
 352              		.loc 1 133 7 is_stmt 0 view .LVU77
 353 0008 074B     		ldr	r3, .L24+4
 354 000a 1B78     		ldrb	r3, [r3]	@ zero_extendqisi2
 133:../../../applications/examples/murata-dualstack-example/src/murata-dualstack-example.c ****   if (!murata_init)
 355              		.loc 1 133 6 view .LVU78
 356 000c 03B1     		cbz	r3, .L23
 357              	.L20:
 139:../../../applications/examples/murata-dualstack-example/src/murata-dualstack-example.c **** }
 358              		.loc 1 139 1 view .LVU79
 359 000e 08BD     		pop	{r3, pc}
 360              	.L23:
 136:../../../applications/examples/murata-dualstack-example/src/murata-dualstack-example.c ****     murata_init = Murata_Initialize(short_UID);
 361              		.loc 1 136 5 is_stmt 1 view .LVU80
 136:../../../applications/examples/murata-dualstack-example/src/murata-dualstack-example.c ****     murata_init = Murata_Initialize(short_UID);
 362              		.loc 1 136 19 is_stmt 0 view .LVU81
 363 0010 064B     		ldr	r3, .L24+8
 364 0012 D3E90001 		ldrd	r0, [r3]
 365 0016 FFF7FEFF 		bl	Murata_Initialize
 366              	.LVL31:
 136:../../../applications/examples/murata-dualstack-example/src/murata-dualstack-example.c ****     murata_init = Murata_Initialize(short_UID);
 367              		.loc 1 136 17 view .LVU82
 368 001a 034B     		ldr	r3, .L24+4
 369 001c 1870     		strb	r0, [r3]
 137:../../../applications/examples/murata-dualstack-example/src/murata-dualstack-example.c ****     Murata_toggleResetPin();
 370              		.loc 1 137 5 is_stmt 1 view .LVU83
ARM GAS  C:\Users\tijsv\AppData\Local\Temp\ccCPqek1.s 			page 12


 371 001e FFF7FEFF 		bl	Murata_toggleResetPin
 372              	.LVL32:
 139:../../../applications/examples/murata-dualstack-example/src/murata-dualstack-example.c **** }
 373              		.loc 1 139 1 is_stmt 0 view .LVU84
 374 0022 F4E7     		b	.L20
 375              	.L25:
 376              		.align	2
 377              	.L24:
 378 0024 00000000 		.word	.LC3
 379 0028 00000000 		.word	.LANCHOR1
 380 002c 00000000 		.word	short_UID
 381              		.cfi_endproc
 382              	.LFE135:
 384              		.section	.rodata.murata_process_rx_response.str1.4,"aMS",%progbits,1
 385              		.align	2
 386              	.LC4:
 387 0000 70726F63 		.ascii	"processing murata fifo\015\012\000"
 387      65737369 
 387      6E67206D 
 387      75726174 
 387      61206669 
 388              		.section	.text.murata_process_rx_response,"ax",%progbits
 389              		.align	1
 390              		.global	murata_process_rx_response
 391              		.syntax unified
 392              		.thumb
 393              		.thumb_func
 394              		.fpu fpv4-sp-d16
 396              	murata_process_rx_response:
 397              	.LFB136:
 142:../../../applications/examples/murata-dualstack-example/src/murata-dualstack-example.c **** {
 398              		.loc 1 142 1 is_stmt 1 view -0
 399              		.cfi_startproc
 400              		@ args = 0, pretend = 0, frame = 0
 401              		@ frame_needed = 0, uses_anonymous_args = 0
 402              	.LVL33:
 142:../../../applications/examples/murata-dualstack-example/src/murata-dualstack-example.c **** {
 403              		.loc 1 142 1 is_stmt 0 view .LVU86
 404 0000 08B5     		push	{r3, lr}
 405              	.LCFI9:
 406              		.cfi_def_cfa_offset 8
 407              		.cfi_offset 3, -8
 408              		.cfi_offset 14, -4
 409 0002 02E0     		b	.L30
 410              	.LVL34:
 411              	.L28:
 163:../../../applications/examples/murata-dualstack-example/src/murata-dualstack-example.c ****     }
 412              		.loc 1 163 5 is_stmt 1 view .LVU87
 164:../../../applications/examples/murata-dualstack-example/src/murata-dualstack-example.c ****     osDelay(1);
 413              		.loc 1 164 5 view .LVU88
 414 0004 0120     		movs	r0, #1
 415 0006 FFF7FEFF 		bl	osDelay
 416              	.LVL35:
 144:../../../applications/examples/murata-dualstack-example/src/murata-dualstack-example.c ****   while (1)
 417              		.loc 1 144 9 view .LVU89
 418              	.L30:
 143:../../../applications/examples/murata-dualstack-example/src/murata-dualstack-example.c ****   uint32_t startProcessing;
ARM GAS  C:\Users\tijsv\AppData\Local\Temp\ccCPqek1.s 			page 13


 419              		.loc 1 143 3 view .LVU90
 144:../../../applications/examples/murata-dualstack-example/src/murata-dualstack-example.c ****   while (1)
 420              		.loc 1 144 3 view .LVU91
 150:../../../applications/examples/murata-dualstack-example/src/murata-dualstack-example.c ****     startProcessing = ulTaskNotifyTake(pdTRUE, osWaitForever);
 421              		.loc 1 150 5 view .LVU92
 150:../../../applications/examples/murata-dualstack-example/src/murata-dualstack-example.c ****     startProcessing = ulTaskNotifyTake(pdTRUE, osWaitForever);
 422              		.loc 1 150 23 is_stmt 0 view .LVU93
 423 000a 4FF0FF31 		mov	r1, #-1
 424 000e 0120     		movs	r0, #1
 425 0010 FFF7FEFF 		bl	ulTaskNotifyTake
 426              	.LVL36:
 151:../../../applications/examples/murata-dualstack-example/src/murata-dualstack-example.c ****     if (startProcessing == 1)
 427              		.loc 1 151 5 is_stmt 1 view .LVU94
 151:../../../applications/examples/murata-dualstack-example/src/murata-dualstack-example.c ****     if (startProcessing == 1)
 428              		.loc 1 151 8 is_stmt 0 view .LVU95
 429 0014 0128     		cmp	r0, #1
 430 0016 F5D1     		bne	.L28
 431              	.LVL37:
 432              	.L27:
 154:../../../applications/examples/murata-dualstack-example/src/murata-dualstack-example.c ****       while(murata_data_ready)
 433              		.loc 1 154 12 is_stmt 1 view .LVU96
 154:../../../applications/examples/murata-dualstack-example/src/murata-dualstack-example.c ****       while(murata_data_ready)
 434              		.loc 1 154 13 is_stmt 0 view .LVU97
 435 0018 084B     		ldr	r3, .L32
 436 001a 1B78     		ldrb	r3, [r3]	@ zero_extendqisi2
 154:../../../applications/examples/murata-dualstack-example/src/murata-dualstack-example.c ****       while(murata_data_ready)
 437              		.loc 1 154 12 view .LVU98
 438 001c 002B     		cmp	r3, #0
 439 001e F1D0     		beq	.L28
 156:../../../applications/examples/murata-dualstack-example/src/murata-dualstack-example.c ****         printINF("processing murata fifo\r\n");
 440              		.loc 1 156 9 is_stmt 1 view .LVU99
 441 0020 0748     		ldr	r0, .L32+4
 442 0022 FFF7FEFF 		bl	printINF
 443              	.LVL38:
 157:../../../applications/examples/murata-dualstack-example/src/murata-dualstack-example.c ****         murata_data_ready = !Murata_process_fifo();
 444              		.loc 1 157 9 view .LVU100
 157:../../../applications/examples/murata-dualstack-example/src/murata-dualstack-example.c ****         murata_data_ready = !Murata_process_fifo();
 445              		.loc 1 157 30 is_stmt 0 view .LVU101
 446 0026 FFF7FEFF 		bl	Murata_process_fifo
 447              	.LVL39:
 157:../../../applications/examples/murata-dualstack-example/src/murata-dualstack-example.c ****         murata_data_ready = !Murata_process_fifo();
 448              		.loc 1 157 29 view .LVU102
 449 002a B0FA80F0 		clz	r0, r0
 450 002e 4009     		lsrs	r0, r0, #5
 157:../../../applications/examples/murata-dualstack-example/src/murata-dualstack-example.c ****         murata_data_ready = !Murata_process_fifo();
 451              		.loc 1 157 27 view .LVU103
 452 0030 024B     		ldr	r3, .L32
 453 0032 1870     		strb	r0, [r3]
 158:../../../applications/examples/murata-dualstack-example/src/murata-dualstack-example.c ****         osDelay(50);
 454              		.loc 1 158 9 is_stmt 1 view .LVU104
 455 0034 3220     		movs	r0, #50
 456 0036 FFF7FEFF 		bl	osDelay
 457              	.LVL40:
 458 003a EDE7     		b	.L27
 459              	.L33:
 460              		.align	2
 461              	.L32:
ARM GAS  C:\Users\tijsv\AppData\Local\Temp\ccCPqek1.s 			page 14


 462 003c 00000000 		.word	.LANCHOR0
 463 0040 00000000 		.word	.LC4
 464              		.cfi_endproc
 465              	.LFE136:
 467              		.section	.rodata.main.str1.4,"aMS",%progbits,1
 468              		.align	2
 469              	.LC5:
 470 0000 4D757261 		.ascii	"Murata dualstack module init OK\015\012\015\012\000"
 470      74612064 
 470      75616C73 
 470      7461636B 
 470      206D6F64 
 471              		.section	.text.main,"ax",%progbits
 472              		.align	1
 473              		.global	main
 474              		.syntax unified
 475              		.thumb
 476              		.thumb_func
 477              		.fpu fpv4-sp-d16
 479              	main:
 480              	.LFB132:
  16:../../../applications/examples/murata-dualstack-example/src/murata-dualstack-example.c **** {
 481              		.loc 1 16 1 view -0
 482              		.cfi_startproc
 483              		@ Volatile: function does not return.
 484              		@ args = 0, pretend = 0, frame = 40
 485              		@ frame_needed = 0, uses_anonymous_args = 0
 486 0000 00B5     		push	{lr}
 487              	.LCFI10:
 488              		.cfi_def_cfa_offset 4
 489              		.cfi_offset 14, -4
 490 0002 8BB0     		sub	sp, sp, #44
 491              	.LCFI11:
 492              		.cfi_def_cfa_offset 48
  17:../../../applications/examples/murata-dualstack-example/src/murata-dualstack-example.c ****   Initialize_Platform();
 493              		.loc 1 17 3 view .LVU106
 494 0004 FFF7FEFF 		bl	Initialize_Platform
 495              	.LVL41:
  20:../../../applications/examples/murata-dualstack-example/src/murata-dualstack-example.c ****   murata_init = Murata_Initialize(short_UID);
 496              		.loc 1 20 3 view .LVU107
  20:../../../applications/examples/murata-dualstack-example/src/murata-dualstack-example.c ****   murata_init = Murata_Initialize(short_UID);
 497              		.loc 1 20 17 is_stmt 0 view .LVU108
 498 0008 2E4B     		ldr	r3, .L39
 499 000a D3E90001 		ldrd	r0, [r3]
 500 000e FFF7FEFF 		bl	Murata_Initialize
 501              	.LVL42:
  20:../../../applications/examples/murata-dualstack-example/src/murata-dualstack-example.c ****   murata_init = Murata_Initialize(short_UID);
 502              		.loc 1 20 15 view .LVU109
 503 0012 2D4C     		ldr	r4, .L39+4
 504 0014 2070     		strb	r0, [r4]
  21:../../../applications/examples/murata-dualstack-example/src/murata-dualstack-example.c ****   UART_SetApplicationCallback(&Dualstack_ApplicationCallback, (uint8_t)MURATA_CONNECTOR);
 505              		.loc 1 21 3 is_stmt 1 view .LVU110
 506 0016 0321     		movs	r1, #3
 507 0018 2C48     		ldr	r0, .L39+8
 508 001a FFF7FEFF 		bl	UART_SetApplicationCallback
 509              	.LVL43:
  23:../../../applications/examples/murata-dualstack-example/src/murata-dualstack-example.c ****   if (murata_init)
ARM GAS  C:\Users\tijsv\AppData\Local\Temp\ccCPqek1.s 			page 15


 510              		.loc 1 23 3 view .LVU111
  23:../../../applications/examples/murata-dualstack-example/src/murata-dualstack-example.c ****   if (murata_init)
 511              		.loc 1 23 7 is_stmt 0 view .LVU112
 512 001e 2378     		ldrb	r3, [r4]	@ zero_extendqisi2
  23:../../../applications/examples/murata-dualstack-example/src/murata-dualstack-example.c ****   if (murata_init)
 513              		.loc 1 23 6 view .LVU113
 514 0020 002B     		cmp	r3, #0
 515 0022 4BD1     		bne	.L38
 516              	.L35:
  29:../../../applications/examples/murata-dualstack-example/src/murata-dualstack-example.c ****   osMutexDef(txMutex);
 517              		.loc 1 29 3 is_stmt 1 view .LVU114
 518 0024 0024     		movs	r4, #0
 519 0026 0994     		str	r4, [sp, #36]
  30:../../../applications/examples/murata-dualstack-example/src/murata-dualstack-example.c ****   txMutexId = osMutexCreate(osMutex(txMutex));
 520              		.loc 1 30 3 view .LVU115
  30:../../../applications/examples/murata-dualstack-example/src/murata-dualstack-example.c ****   txMutexId = osMutexCreate(osMutex(txMutex));
 521              		.loc 1 30 15 is_stmt 0 view .LVU116
 522 0028 09A8     		add	r0, sp, #36
 523 002a FFF7FEFF 		bl	osMutexCreate
 524              	.LVL44:
  30:../../../applications/examples/murata-dualstack-example/src/murata-dualstack-example.c ****   txMutexId = osMutexCreate(osMutex(txMutex));
 525              		.loc 1 30 13 view .LVU117
 526 002e 284B     		ldr	r3, .L39+12
 527 0030 1860     		str	r0, [r3]
  32:../../../applications/examples/murata-dualstack-example/src/murata-dualstack-example.c ****   osThreadDef(murata_rx_processing, murata_process_rx_response, osPriorityNormal, 0, 512);
 528              		.loc 1 32 3 is_stmt 1 view .LVU118
 529 0032 04AD     		add	r5, sp, #16
 530 0034 274E     		ldr	r6, .L39+16
 531 0036 0FCE     		ldmia	r6!, {r0, r1, r2, r3}
 532 0038 0FC5     		stmia	r5!, {r0, r1, r2, r3}
 533 003a 3368     		ldr	r3, [r6]
 534 003c 2B60     		str	r3, [r5]
  33:../../../applications/examples/murata-dualstack-example/src/murata-dualstack-example.c ****   murata_rx_processing_handle = osThreadCreate(osThread(murata_rx_processing), NULL);
 535              		.loc 1 33 3 view .LVU119
  33:../../../applications/examples/murata-dualstack-example/src/murata-dualstack-example.c ****   murata_rx_processing_handle = osThreadCreate(osThread(murata_rx_processing), NULL);
 536              		.loc 1 33 33 is_stmt 0 view .LVU120
 537 003e 2146     		mov	r1, r4
 538 0040 04A8     		add	r0, sp, #16
 539 0042 FFF7FEFF 		bl	osThreadCreate
 540              	.LVL45:
  33:../../../applications/examples/murata-dualstack-example/src/murata-dualstack-example.c ****   murata_rx_processing_handle = osThreadCreate(osThread(murata_rx_processing), NULL);
 541              		.loc 1 33 31 view .LVU121
 542 0046 244B     		ldr	r3, .L39+20
 543 0048 1860     		str	r0, [r3]
  36:../../../applications/examples/murata-dualstack-example/src/murata-dualstack-example.c ****   Murata_SetProcessingThread(murata_rx_processing_handle);
 544              		.loc 1 36 3 is_stmt 1 view .LVU122
 545 004a FFF7FEFF 		bl	Murata_SetProcessingThread
 546              	.LVL46:
  39:../../../applications/examples/murata-dualstack-example/src/murata-dualstack-example.c ****   IWDG_feed(NULL);
 547              		.loc 1 39 3 view .LVU123
 548 004e 2046     		mov	r0, r4
 549 0050 FFF7FEFF 		bl	IWDG_feed
 550              	.LVL47:
  40:../../../applications/examples/murata-dualstack-example/src/murata-dualstack-example.c ****   osTimerDef(iwdgTim, IWDG_feed);
 551              		.loc 1 40 3 view .LVU124
 552 0054 214B     		ldr	r3, .L39+24
 553 0056 0393     		str	r3, [sp, #12]
ARM GAS  C:\Users\tijsv\AppData\Local\Temp\ccCPqek1.s 			page 16


  41:../../../applications/examples/murata-dualstack-example/src/murata-dualstack-example.c ****   iwdgTimId = osTimerCreate(osTimer(iwdgTim), osTimerPeriodic, NULL);
 554              		.loc 1 41 3 view .LVU125
  41:../../../applications/examples/murata-dualstack-example/src/murata-dualstack-example.c ****   iwdgTimId = osTimerCreate(osTimer(iwdgTim), osTimerPeriodic, NULL);
 555              		.loc 1 41 15 is_stmt 0 view .LVU126
 556 0058 2246     		mov	r2, r4
 557 005a 0121     		movs	r1, #1
 558 005c 03A8     		add	r0, sp, #12
 559 005e FFF7FEFF 		bl	osTimerCreate
 560              	.LVL48:
  41:../../../applications/examples/murata-dualstack-example/src/murata-dualstack-example.c ****   iwdgTimId = osTimerCreate(osTimer(iwdgTim), osTimerPeriodic, NULL);
 561              		.loc 1 41 13 view .LVU127
 562 0062 1F4B     		ldr	r3, .L39+28
 563 0064 1860     		str	r0, [r3]
  42:../../../applications/examples/murata-dualstack-example/src/murata-dualstack-example.c ****   osTimerStart(iwdgTimId, IWDG_INTERVAL * 1000);
 564              		.loc 1 42 3 is_stmt 1 view .LVU128
 565 0066 41F28831 		movw	r1, #5000
 566 006a FFF7FEFF 		bl	osTimerStart
 567              	.LVL49:
  44:../../../applications/examples/murata-dualstack-example/src/murata-dualstack-example.c ****   osTimerDef(loraWANTim, LoRaWAN_send);
 568              		.loc 1 44 3 view .LVU129
 569 006e 1D4B     		ldr	r3, .L39+32
 570 0070 0293     		str	r3, [sp, #8]
  45:../../../applications/examples/murata-dualstack-example/src/murata-dualstack-example.c ****   loraWANTimId = osTimerCreate(osTimer(loraWANTim), osTimerPeriodic, NULL);
 571              		.loc 1 45 3 view .LVU130
  45:../../../applications/examples/murata-dualstack-example/src/murata-dualstack-example.c ****   loraWANTimId = osTimerCreate(osTimer(loraWANTim), osTimerPeriodic, NULL);
 572              		.loc 1 45 18 is_stmt 0 view .LVU131
 573 0072 2246     		mov	r2, r4
 574 0074 0121     		movs	r1, #1
 575 0076 02A8     		add	r0, sp, #8
 576 0078 FFF7FEFF 		bl	osTimerCreate
 577              	.LVL50:
  45:../../../applications/examples/murata-dualstack-example/src/murata-dualstack-example.c ****   loraWANTimId = osTimerCreate(osTimer(loraWANTim), osTimerPeriodic, NULL);
 578              		.loc 1 45 16 view .LVU132
 579 007c 1A4B     		ldr	r3, .L39+36
 580 007e 1860     		str	r0, [r3]
  46:../../../applications/examples/murata-dualstack-example/src/murata-dualstack-example.c ****   osTimerStart(loraWANTimId, LORAWAN_INTERVAL * 1000);
 581              		.loc 1 46 3 is_stmt 1 view .LVU133
 582 0080 4EF66021 		movw	r1, #60000
 583 0084 FFF7FEFF 		bl	osTimerStart
 584              	.LVL51:
  48:../../../applications/examples/murata-dualstack-example/src/murata-dualstack-example.c ****   osTimerDef(dash7Tim, Dash7_send);
 585              		.loc 1 48 3 view .LVU134
 586 0088 184B     		ldr	r3, .L39+40
 587 008a 0193     		str	r3, [sp, #4]
  49:../../../applications/examples/murata-dualstack-example/src/murata-dualstack-example.c ****   dash7TimId = osTimerCreate(osTimer(dash7Tim), osTimerPeriodic, NULL);
 588              		.loc 1 49 3 view .LVU135
  49:../../../applications/examples/murata-dualstack-example/src/murata-dualstack-example.c ****   dash7TimId = osTimerCreate(osTimer(dash7Tim), osTimerPeriodic, NULL);
 589              		.loc 1 49 16 is_stmt 0 view .LVU136
 590 008c 2246     		mov	r2, r4
 591 008e 0121     		movs	r1, #1
 592 0090 01A8     		add	r0, sp, #4
 593 0092 FFF7FEFF 		bl	osTimerCreate
 594              	.LVL52:
  49:../../../applications/examples/murata-dualstack-example/src/murata-dualstack-example.c ****   dash7TimId = osTimerCreate(osTimer(dash7Tim), osTimerPeriodic, NULL);
 595              		.loc 1 49 14 view .LVU137
 596 0096 164B     		ldr	r3, .L39+44
 597 0098 1860     		str	r0, [r3]
ARM GAS  C:\Users\tijsv\AppData\Local\Temp\ccCPqek1.s 			page 17


  52:../../../applications/examples/murata-dualstack-example/src/murata-dualstack-example.c ****   osTimerDef(moduleCheckTim, check_modules);
 598              		.loc 1 52 3 is_stmt 1 view .LVU138
 599 009a 164B     		ldr	r3, .L39+48
 600 009c 0093     		str	r3, [sp]
  53:../../../applications/examples/murata-dualstack-example/src/murata-dualstack-example.c ****   moduleCheckTimId = osTimerCreate(osTimer(moduleCheckTim), osTimerPeriodic, NULL);
 601              		.loc 1 53 3 view .LVU139
  53:../../../applications/examples/murata-dualstack-example/src/murata-dualstack-example.c ****   moduleCheckTimId = osTimerCreate(osTimer(moduleCheckTim), osTimerPeriodic, NULL);
 602              		.loc 1 53 22 is_stmt 0 view .LVU140
 603 009e 2246     		mov	r2, r4
 604 00a0 0121     		movs	r1, #1
 605 00a2 6846     		mov	r0, sp
 606 00a4 FFF7FEFF 		bl	osTimerCreate
 607              	.LVL53:
  53:../../../applications/examples/murata-dualstack-example/src/murata-dualstack-example.c ****   moduleCheckTimId = osTimerCreate(osTimer(moduleCheckTim), osTimerPeriodic, NULL);
 608              		.loc 1 53 20 view .LVU141
 609 00a8 134B     		ldr	r3, .L39+52
 610 00aa 1860     		str	r0, [r3]
  54:../../../applications/examples/murata-dualstack-example/src/murata-dualstack-example.c ****   osTimerStart(moduleCheckTimId, MODULE_CHECK_INTERVAL * 1000);
 611              		.loc 1 54 3 is_stmt 1 view .LVU142
 612 00ac 1349     		ldr	r1, .L39+56
 613 00ae FFF7FEFF 		bl	osTimerStart
 614              	.LVL54:
  57:../../../applications/examples/murata-dualstack-example/src/murata-dualstack-example.c ****    Murata_LoRaWAN_Join();
 615              		.loc 1 57 4 view .LVU143
 616 00b2 FFF7FEFF 		bl	Murata_LoRaWAN_Join
 617              	.LVL55:
  59:../../../applications/examples/murata-dualstack-example/src/murata-dualstack-example.c ****   osKernelStart();
 618              		.loc 1 59 3 view .LVU144
 619 00b6 FFF7FEFF 		bl	osKernelStart
 620              	.LVL56:
 621              	.L36:
  61:../../../applications/examples/murata-dualstack-example/src/murata-dualstack-example.c ****   while (1)
 622              		.loc 1 61 3 discriminator 1 view .LVU145
  63:../../../applications/examples/murata-dualstack-example/src/murata-dualstack-example.c ****   }
 623              		.loc 1 63 3 discriminator 1 view .LVU146
  61:../../../applications/examples/murata-dualstack-example/src/murata-dualstack-example.c ****   while (1)
 624              		.loc 1 61 9 discriminator 1 view .LVU147
 625 00ba FEE7     		b	.L36
 626              	.L38:
  25:../../../applications/examples/murata-dualstack-example/src/murata-dualstack-example.c ****     printINF("Murata dualstack module init OK\r\n\r\n");
 627              		.loc 1 25 5 view .LVU148
 628 00bc 1048     		ldr	r0, .L39+60
 629 00be FFF7FEFF 		bl	printINF
 630              	.LVL57:
 631 00c2 AFE7     		b	.L35
 632              	.L40:
 633              		.align	2
 634              	.L39:
 635 00c4 00000000 		.word	short_UID
 636 00c8 00000000 		.word	.LANCHOR1
 637 00cc 00000000 		.word	Dualstack_ApplicationCallback
 638 00d0 00000000 		.word	txMutexId
 639 00d4 00000000 		.word	.LANCHOR4
 640 00d8 00000000 		.word	murata_rx_processing_handle
 641 00dc 00000000 		.word	IWDG_feed
 642 00e0 00000000 		.word	iwdgTimId
 643 00e4 00000000 		.word	LoRaWAN_send
ARM GAS  C:\Users\tijsv\AppData\Local\Temp\ccCPqek1.s 			page 18


 644 00e8 00000000 		.word	loraWANTimId
 645 00ec 00000000 		.word	Dash7_send
 646 00f0 00000000 		.word	dash7TimId
 647 00f4 00000000 		.word	check_modules
 648 00f8 00000000 		.word	moduleCheckTimId
 649 00fc 80EE3600 		.word	3600000
 650 0100 00000000 		.word	.LC5
 651              		.cfi_endproc
 652              	.LFE132:
 654              		.global	murata_data_ready
 655              		.global	murata_init
 656              		.global	DASH7_Counter
 657              		.global	LoRaWAN_Counter
 658              		.comm	threadToNotify,4,4
 659              		.comm	murata_reset_pin,4,4
 660              		.comm	murata_wakeup_pin,4,4
 661              		.comm	murata_rx_process_mutex_id,4,4
 662              		.comm	txMutexId,4,4
 663              		.comm	moduleCheckTimId,4,4
 664              		.comm	dash7TimId,4,4
 665              		.comm	loraWANTimId,4,4
 666              		.comm	iwdgTimId,4,4
 667              		.comm	murata_rx_processing_handle,4,4
 668              		.comm	defaultTaskHandle,4,4
 669              		.comm	P3_header,44,4
 670              		.comm	P2_header,44,4
 671              		.comm	P1_header,44,4
 672              		.comm	stackversion_patch,1,1
 673              		.comm	stackversion_minor,1,1
 674              		.comm	stackversion_major,1,1
 675              		.comm	appversion_patch,1,1
 676              		.comm	appversion_minor,1,1
 677              		.comm	appversion_major,1,1
 678              		.comm	short_UID,8,8
 679              		.comm	hard_reset,1,1
 680              		.comm	wd_reset,1,1
 681              		.comm	octa_uid,8,8
 682              		.comm	float_union,4,4
 683              		.comm	uint16LittleEndian,2,4
 684              		.comm	int16LittleEndian,2,4
 685              		.comm	uint32LittleEndian,4,4
 686              		.comm	int32LittleEndian,4,4
 687              		.comm	rtosprintHandle,4,4
 688              		.comm	hrtc,36,4
 689              		.comm	FLASH_SPI,100,4
 690              		.comm	P3_SPI,100,4
 691              		.comm	P2_SPI,100,4
 692              		.comm	P1_SPI,100,4
 693              		.comm	P3_I2C,76,4
 694              		.comm	P2_I2C,76,4
 695              		.comm	P1_I2C,76,4
 696              		.comm	common_I2C,76,4
 697              		.comm	P3_UART,120,4
 698              		.comm	P2_UART,120,4
 699              		.comm	P1_UART,120,4
 700              		.comm	FTDI_UART,120,4
 701              		.comm	BLE_UART,120,4
ARM GAS  C:\Users\tijsv\AppData\Local\Temp\ccCPqek1.s 			page 19


 702              		.comm	USB_UART,120,4
 703              		.comm	hiwdg,16,4
 704              		.comm	P3_DIO6,8,4
 705              		.comm	P3_DIO5,8,4
 706              		.comm	P3_DIO4,8,4
 707              		.comm	P3_DIO3,8,4
 708              		.comm	P3_DIO2,8,4
 709              		.comm	P3_DIO1,8,4
 710              		.comm	P2_DIO6,8,4
 711              		.comm	P2_DIO5,8,4
 712              		.comm	P2_DIO4,8,4
 713              		.comm	P2_DIO3,8,4
 714              		.comm	P2_DIO2,8,4
 715              		.comm	P2_DIO1,8,4
 716              		.comm	P1_DIO6,8,4
 717              		.comm	P1_DIO5,8,4
 718              		.comm	P1_DIO4,8,4
 719              		.comm	P1_DIO3,8,4
 720              		.comm	P1_DIO2,8,4
 721              		.comm	P1_DIO1,8,4
 722              		.comm	htim6,64,4
 723              		.comm	htim1,64,4
 724              		.section	.rodata
 725              		.align	2
 726              		.set	.LANCHOR4,. + 0
 727              	.LC6:
 728 0000 00000000 		.word	.LC0
 729 0004 00000000 		.word	murata_process_rx_response
 730 0008 0000     		.short	0
 731 000a 0000     		.space	2
 732 000c 00000000 		.word	0
 733 0010 00020000 		.word	512
 734              		.section	.bss.DASH7_Counter,"aw",%nobits
 735              		.align	1
 736              		.set	.LANCHOR3,. + 0
 739              	DASH7_Counter:
 740 0000 0000     		.space	2
 741              		.section	.bss.LoRaWAN_Counter,"aw",%nobits
 742              		.align	1
 743              		.set	.LANCHOR2,. + 0
 746              	LoRaWAN_Counter:
 747 0000 0000     		.space	2
 748              		.section	.bss.murata_data_ready,"aw",%nobits
 749              		.set	.LANCHOR0,. + 0
 752              	murata_data_ready:
 753 0000 00       		.space	1
 754              		.section	.bss.murata_init,"aw",%nobits
 755              		.set	.LANCHOR1,. + 0
 758              	murata_init:
 759 0000 00       		.space	1
 760              		.text
 761              	.Letext0:
 762              		.file 2 "c:\\program files (x86)\\gnu tools arm embedded\\9 2019-q4-major\\arm-none-eabi\\include\
 763              		.file 3 "c:\\program files (x86)\\gnu tools arm embedded\\9 2019-q4-major\\arm-none-eabi\\include\
 764              		.file 4 "../../../core/ST/CMSIS/Include/core_cm4.h"
 765              		.file 5 "../../../core/ST/CMSIS/Device/ST/STM32L4xx/Include/system_stm32l4xx.h"
 766              		.file 6 "../../../core/ST/CMSIS/Device/ST/STM32L4xx/Include/stm32l496xx.h"
ARM GAS  C:\Users\tijsv\AppData\Local\Temp\ccCPqek1.s 			page 20


 767              		.file 7 "../../../core/ST/STM32L4xx_HAL_Driver/Inc/stm32l4xx_hal_def.h"
 768              		.file 8 "../../../core/ST/STM32L4xx_HAL_Driver/Inc/stm32l4xx_hal_dma.h"
 769              		.file 9 "../../../core/ST/STM32L4xx_HAL_Driver/Inc/stm32l4xx_hal_i2c.h"
 770              		.file 10 "../../../core/ST/STM32L4xx_HAL_Driver/Inc/stm32l4xx_hal_iwdg.h"
 771              		.file 11 "../../../core/ST/STM32L4xx_HAL_Driver/Inc/stm32l4xx_hal_rtc.h"
 772              		.file 12 "../../../core/ST/STM32L4xx_HAL_Driver/Inc/stm32l4xx_hal_spi.h"
 773              		.file 13 "../../../core/ST/STM32L4xx_HAL_Driver/Inc/stm32l4xx_hal_tim.h"
 774              		.file 14 "../../../core/ST/STM32L4xx_HAL_Driver/Inc/stm32l4xx_hal_uart.h"
 775              		.file 15 "../../../core/ST/STM32L4xx_HAL_Driver/Inc/stm32l4xx_hal.h"
 776              		.file 16 "../../../core/ST/Middlewares/Third_Party/FreeRTOS/Source/portable/GCC/ARM_CM4F/portmacro
 777              		.file 17 "../../../core/ST/Middlewares/Third_Party/FreeRTOS/Source/include/task.h"
 778              		.file 18 "../../../core/ST/Middlewares/Third_Party/FreeRTOS/Source/include/timers.h"
 779              		.file 19 "../../../core/ST/Middlewares/Third_Party/FreeRTOS/Source/include/queue.h"
 780              		.file 20 "../../../core/ST/Middlewares/Third_Party/FreeRTOS/Source/include/semphr.h"
 781              		.file 21 "../../../core/ST/Middlewares/Third_Party/FreeRTOS/Source/CMSIS_RTOS/cmsis_os.h"
 782              		.file 22 "../../../core/platform/octa/inc/sysclock.h"
 783              		.file 23 "../../../core/platform/octa/inc/gpio.h"
 784              		.file 24 "../../../core/platform/octa/inc/iwdg.h"
 785              		.file 25 "../../../core/platform/octa/inc/uart.h"
 786              		.file 26 "../../../core/platform/octa/inc/i2c.h"
 787              		.file 27 "../../../core/platform/octa/inc/spi.h"
 788              		.file 28 "../../../core/platform/octa/inc/rtc.h"
 789              		.file 29 "../../../core/platform/octa/inc/rtosincludes.h"
 790              		.file 30 "c:\\program files (x86)\\gnu tools arm embedded\\9 2019-q4-major\\arm-none-eabi\\include
 791              		.file 31 "c:\\program files (x86)\\gnu tools arm embedded\\9 2019-q4-major\\arm-none-eabi\\include
 792              		.file 32 "c:\\program files (x86)\\gnu tools arm embedded\\9 2019-q4-major\\lib\\gcc\\arm-none-eab
 793              		.file 33 "c:\\program files (x86)\\gnu tools arm embedded\\9 2019-q4-major\\arm-none-eabi\\include
 794              		.file 34 "../../../core/platform/common/inc/datatypes.h"
 795              		.file 35 "../../../core/platform/octa/inc/platform.h"
 796              		.file 36 "../../../applications/examples/murata-dualstack-example/inc/murata-dualstack-example.h"
 797              		.file 37 "../../../shields/Murata-dualstack/inc/murata.h"
 798              		.file 38 "../../../core/platform/common/inc/print.h"
ARM GAS  C:\Users\tijsv\AppData\Local\Temp\ccCPqek1.s 			page 21


DEFINED SYMBOLS
                            *ABS*:00000000 murata-dualstack-example.c
C:\Users\tijsv\AppData\Local\Temp\ccCPqek1.s:15     .rodata.str1.4:00000000 $d
C:\Users\tijsv\AppData\Local\Temp\ccCPqek1.s:22     .text.Dualstack_ApplicationCallback:00000000 $t
C:\Users\tijsv\AppData\Local\Temp\ccCPqek1.s:30     .text.Dualstack_ApplicationCallback:00000000 Dualstack_ApplicationCallback
C:\Users\tijsv\AppData\Local\Temp\ccCPqek1.s:48     .text.Dualstack_ApplicationCallback:00000008 $d
C:\Users\tijsv\AppData\Local\Temp\ccCPqek1.s:53     .rodata.LoRaWAN_send.str1.4:00000000 $d
C:\Users\tijsv\AppData\Local\Temp\ccCPqek1.s:57     .text.LoRaWAN_send:00000000 $t
C:\Users\tijsv\AppData\Local\Temp\ccCPqek1.s:64     .text.LoRaWAN_send:00000000 LoRaWAN_send
C:\Users\tijsv\AppData\Local\Temp\ccCPqek1.s:181    .text.LoRaWAN_send:0000006c $d
                            *COM*:00000004 txMutexId
C:\Users\tijsv\AppData\Local\Temp\ccCPqek1.s:189    .text.Dash7_send:00000000 $t
C:\Users\tijsv\AppData\Local\Temp\ccCPqek1.s:196    .text.Dash7_send:00000000 Dash7_send
C:\Users\tijsv\AppData\Local\Temp\ccCPqek1.s:313    .text.Dash7_send:0000006c $d
C:\Users\tijsv\AppData\Local\Temp\ccCPqek1.s:321    .rodata.check_modules.str1.4:00000000 $d
C:\Users\tijsv\AppData\Local\Temp\ccCPqek1.s:325    .text.check_modules:00000000 $t
C:\Users\tijsv\AppData\Local\Temp\ccCPqek1.s:332    .text.check_modules:00000000 check_modules
C:\Users\tijsv\AppData\Local\Temp\ccCPqek1.s:378    .text.check_modules:00000024 $d
                            *COM*:00000008 short_UID
C:\Users\tijsv\AppData\Local\Temp\ccCPqek1.s:385    .rodata.murata_process_rx_response.str1.4:00000000 $d
C:\Users\tijsv\AppData\Local\Temp\ccCPqek1.s:389    .text.murata_process_rx_response:00000000 $t
C:\Users\tijsv\AppData\Local\Temp\ccCPqek1.s:396    .text.murata_process_rx_response:00000000 murata_process_rx_response
C:\Users\tijsv\AppData\Local\Temp\ccCPqek1.s:462    .text.murata_process_rx_response:0000003c $d
C:\Users\tijsv\AppData\Local\Temp\ccCPqek1.s:468    .rodata.main.str1.4:00000000 $d
C:\Users\tijsv\AppData\Local\Temp\ccCPqek1.s:472    .text.main:00000000 $t
C:\Users\tijsv\AppData\Local\Temp\ccCPqek1.s:479    .text.main:00000000 main
C:\Users\tijsv\AppData\Local\Temp\ccCPqek1.s:635    .text.main:000000c4 $d
                            *COM*:00000004 murata_rx_processing_handle
                            *COM*:00000004 iwdgTimId
                            *COM*:00000004 loraWANTimId
                            *COM*:00000004 dash7TimId
                            *COM*:00000004 moduleCheckTimId
C:\Users\tijsv\AppData\Local\Temp\ccCPqek1.s:752    .bss.murata_data_ready:00000000 murata_data_ready
C:\Users\tijsv\AppData\Local\Temp\ccCPqek1.s:758    .bss.murata_init:00000000 murata_init
C:\Users\tijsv\AppData\Local\Temp\ccCPqek1.s:739    .bss.DASH7_Counter:00000000 DASH7_Counter
C:\Users\tijsv\AppData\Local\Temp\ccCPqek1.s:746    .bss.LoRaWAN_Counter:00000000 LoRaWAN_Counter
                            *COM*:00000004 threadToNotify
                            *COM*:00000004 murata_reset_pin
                            *COM*:00000004 murata_wakeup_pin
                            *COM*:00000004 murata_rx_process_mutex_id
                            *COM*:00000004 defaultTaskHandle
                            *COM*:0000002c P3_header
                            *COM*:0000002c P2_header
                            *COM*:0000002c P1_header
                            *COM*:00000001 stackversion_patch
                            *COM*:00000001 stackversion_minor
                            *COM*:00000001 stackversion_major
                            *COM*:00000001 appversion_patch
                            *COM*:00000001 appversion_minor
                            *COM*:00000001 appversion_major
                            *COM*:00000001 hard_reset
                            *COM*:00000001 wd_reset
                            *COM*:00000008 octa_uid
                            *COM*:00000004 float_union
                            *COM*:00000002 uint16LittleEndian
                            *COM*:00000002 int16LittleEndian
                            *COM*:00000004 uint32LittleEndian
ARM GAS  C:\Users\tijsv\AppData\Local\Temp\ccCPqek1.s 			page 22


                            *COM*:00000004 int32LittleEndian
                            *COM*:00000004 rtosprintHandle
                            *COM*:00000024 hrtc
                            *COM*:00000064 FLASH_SPI
                            *COM*:00000064 P3_SPI
                            *COM*:00000064 P2_SPI
                            *COM*:00000064 P1_SPI
                            *COM*:0000004c P3_I2C
                            *COM*:0000004c P2_I2C
                            *COM*:0000004c P1_I2C
                            *COM*:0000004c common_I2C
                            *COM*:00000078 P3_UART
                            *COM*:00000078 P2_UART
                            *COM*:00000078 P1_UART
                            *COM*:00000078 FTDI_UART
                            *COM*:00000078 BLE_UART
                            *COM*:00000078 USB_UART
                            *COM*:00000010 hiwdg
                            *COM*:00000008 P3_DIO6
                            *COM*:00000008 P3_DIO5
                            *COM*:00000008 P3_DIO4
                            *COM*:00000008 P3_DIO3
                            *COM*:00000008 P3_DIO2
                            *COM*:00000008 P3_DIO1
                            *COM*:00000008 P2_DIO6
                            *COM*:00000008 P2_DIO5
                            *COM*:00000008 P2_DIO4
                            *COM*:00000008 P2_DIO3
                            *COM*:00000008 P2_DIO2
                            *COM*:00000008 P2_DIO1
                            *COM*:00000008 P1_DIO6
                            *COM*:00000008 P1_DIO5
                            *COM*:00000008 P1_DIO4
                            *COM*:00000008 P1_DIO3
                            *COM*:00000008 P1_DIO2
                            *COM*:00000008 P1_DIO1
                            *COM*:00000040 htim6
                            *COM*:00000040 htim1
C:\Users\tijsv\AppData\Local\Temp\ccCPqek1.s:725    .rodata:00000000 $d
C:\Users\tijsv\AppData\Local\Temp\ccCPqek1.s:735    .bss.DASH7_Counter:00000000 $d
C:\Users\tijsv\AppData\Local\Temp\ccCPqek1.s:742    .bss.LoRaWAN_Counter:00000000 $d
C:\Users\tijsv\AppData\Local\Temp\ccCPqek1.s:753    .bss.murata_data_ready:00000000 $d
C:\Users\tijsv\AppData\Local\Temp\ccCPqek1.s:759    .bss.murata_init:00000000 $d

UNDEFINED SYMBOLS
osMutexWait
Murata_LoRaWAN_Send
osDelay
osMutexRelease
printINF
Murata_Dash7_Send
Murata_Initialize
Murata_toggleResetPin
ulTaskNotifyTake
Murata_process_fifo
Initialize_Platform
UART_SetApplicationCallback
ARM GAS  C:\Users\tijsv\AppData\Local\Temp\ccCPqek1.s 			page 23


osMutexCreate
osThreadCreate
Murata_SetProcessingThread
IWDG_feed
osTimerCreate
osTimerStart
Murata_LoRaWAN_Join
osKernelStart
