ARM GAS  C:\Users\tomra\AppData\Local\Temp\ccqDVl6h.s 			page 1


   1              		.cpu cortex-m4
   2              		.eabi_attribute 27, 1
   3              		.eabi_attribute 28, 1
   4              		.eabi_attribute 20, 1
   5              		.eabi_attribute 21, 1
   6              		.eabi_attribute 23, 3
   7              		.eabi_attribute 24, 1
   8              		.eabi_attribute 25, 1
   9              		.eabi_attribute 26, 1
  10              		.eabi_attribute 30, 1
  11              		.eabi_attribute 34, 1
  12              		.eabi_attribute 18, 4
  13              		.file	"flash_config.c"
  14              		.text
  15              	.Ltext0:
  16              		.cfi_sections	.debug_frame
  17              		.section	.rodata.update_flash_configuration.str1.4,"aMS",%progbits,1
  18              		.align	2
  19              	.LC0:
  20 0000 466C6173 		.ascii	"Flash open NOK\015\012\000"
  20      68206F70 
  20      656E204E 
  20      4F4B0D0A 
  20      00
  21 0011 000000   		.align	2
  22              	.LC1:
  23 0014 466C6173 		.ascii	"Flash operation NOK: %d\015\012\000"
  23      68206F70 
  23      65726174 
  23      696F6E20 
  23      4E4F4B3A 
  24 002e 0000     		.align	2
  25              	.LC2:
  26 0030 43757272 		.ascii	"Current flash configuration:\015\012\000"
  26      656E7420 
  26      666C6173 
  26      6820636F 
  26      6E666967 
  27 004f 00       		.align	2
  28              	.LC3:
  29 0050 25303278 		.ascii	"%02x\000"
  29      00
  30 0055 000000   		.align	2
  31              	.LC4:
  32 0058 0D00     		.ascii	"\015\000"
  33 005a 0000     		.align	2
  34              	.LC5:
  35 005c 57726974 		.ascii	"Write in progress\015\012\000"
  35      6520696E 
  35      2070726F 
  35      67726573 
  35      730D0A00 
  36              		.align	2
  37              	.LC6:
  38 0070 466C6173 		.ascii	"Flash after erase\015\012\000"
  38      68206166 
  38      74657220 
ARM GAS  C:\Users\tomra\AppData\Local\Temp\ccqDVl6h.s 			page 2


  38      65726173 
  38      650D0A00 
  39              		.align	2
  40              	.LC7:
  41 0084 57726974 		.ascii	"Writing updated configuration to flash:\015\012\000"
  41      696E6720 
  41      75706461 
  41      74656420 
  41      636F6E66 
  42 00ae 0000     		.align	2
  43              	.LC8:
  44 00b0 466C6173 		.ascii	"Flash after new config\015\012\000"
  44      68206166 
  44      74657220 
  44      6E657720 
  44      636F6E66 
  45              		.section	.text.update_flash_configuration,"ax",%progbits
  46              		.align	1
  47              		.global	update_flash_configuration
  48              		.arch armv7e-m
  49              		.syntax unified
  50              		.thumb
  51              		.thumb_func
  52              		.fpu fpv4-sp-d16
  54              	update_flash_configuration:
  55              	.LVL0:
  56              	.LFB123:
  57              		.file 1 "../../../core/platform/common/src/flash_config.c"
   1:../../../core/platform/common/src/flash_config.c **** #include "payloadformat.h"
   2:../../../core/platform/common/src/flash_config.c **** #include "octa-flash.h"
   3:../../../core/platform/common/src/flash_config.c **** #include "datatypes.h"
   4:../../../core/platform/common/src/flash_config.c **** #include "payloadparser.h"
   5:../../../core/platform/common/src/flash_config.c **** #include "flash_config.h"
   6:../../../core/platform/common/src/flash_config.c **** 
   7:../../../core/platform/common/src/flash_config.c **** /*
   8:../../../core/platform/common/src/flash_config.c **** ***********************************
   9:../../../core/platform/common/src/flash_config.c **** * Flash configuration (first page *
  10:../../../core/platform/common/src/flash_config.c **** ***********************************
  11:../../../core/platform/common/src/flash_config.c **** * interval & multiplier
  12:../../../core/platform/common/src/flash_config.c **** * last msg acked
  13:../../../core/platform/common/src/flash_config.c **** * dns id
  14:../../../core/platform/common/src/flash_config.c **** * current flash index (page?)
  15:../../../core/platform/common/src/flash_config.c **** * last known timestamp
  16:../../../core/platform/common/src/flash_config.c **** */
  17:../../../core/platform/common/src/flash_config.c **** uint8_t update_flash_configuration(struct octa_configuration* toFlash)
  18:../../../core/platform/common/src/flash_config.c **** {
  58              		.loc 1 18 1 view -0
  59              		.cfi_startproc
  60              		@ args = 0, pretend = 0, frame = 512
  61              		@ frame_needed = 0, uses_anonymous_args = 0
  62              		.loc 1 18 1 is_stmt 0 view .LVU1
  63 0000 30B5     		push	{r4, r5, lr}
  64              	.LCFI0:
  65              		.cfi_def_cfa_offset 12
  66              		.cfi_offset 4, -12
  67              		.cfi_offset 5, -8
  68              		.cfi_offset 14, -4
ARM GAS  C:\Users\tomra\AppData\Local\Temp\ccqDVl6h.s 			page 3


  69 0002 ADF5017D 		sub	sp, sp, #516
  70              	.LCFI1:
  71              		.cfi_def_cfa_offset 528
  72 0006 0546     		mov	r5, r0
  19:../../../core/platform/common/src/flash_config.c ****   int retval = 0;
  73              		.loc 1 19 3 is_stmt 1 view .LVU2
  74              	.LVL1:
  20:../../../core/platform/common/src/flash_config.c ****   // write to flash as octa payload
  21:../../../core/platform/common/src/flash_config.c ****   uint8_t flashBuffer[OCTA_FLASH_PAGE_SIZE] = {0xff};
  75              		.loc 1 21 3 view .LVU3
  76              		.loc 1 21 11 is_stmt 0 view .LVU4
  77 0008 FF23     		movs	r3, #255
  78 000a 4093     		str	r3, [sp, #256]
  79 000c FC22     		movs	r2, #252
  80 000e 0021     		movs	r1, #0
  81 0010 41A8     		add	r0, sp, #260
  82              	.LVL2:
  83              		.loc 1 21 11 view .LVU5
  84 0012 FFF7FEFF 		bl	memset
  85              	.LVL3:
  22:../../../core/platform/common/src/flash_config.c ****   // read current flash
  23:../../../core/platform/common/src/flash_config.c ****   if(OCTA_FLASH_openConfigSector()!= OCTA_FLASH_OK)
  86              		.loc 1 23 3 is_stmt 1 view .LVU6
  87              		.loc 1 23 6 is_stmt 0 view .LVU7
  88 0016 FFF7FEFF 		bl	OCTA_FLASH_openConfigSector
  89              	.LVL4:
  90              		.loc 1 23 5 view .LVU8
  91 001a 68B9     		cbnz	r0, .L25
  92              	.L2:
  24:../../../core/platform/common/src/flash_config.c ****   {
  25:../../../core/platform/common/src/flash_config.c ****     printERR("Flash open NOK\r\n");
  26:../../../core/platform/common/src/flash_config.c ****   }
  27:../../../core/platform/common/src/flash_config.c **** 
  28:../../../core/platform/common/src/flash_config.c ****   retval = OCTA_FLASH_read(flashBuffer, OCTA_FLASH_PAGE_SIZE);
  93              		.loc 1 28 3 is_stmt 1 view .LVU9
  94              		.loc 1 28 12 is_stmt 0 view .LVU10
  95 001c 4FF48071 		mov	r1, #256
  96 0020 0DEB0100 		add	r0, sp, r1
  97 0024 FFF7FEFF 		bl	OCTA_FLASH_read
  98              	.LVL5:
  29:../../../core/platform/common/src/flash_config.c ****   if(retval != OCTA_FLASH_PAGE_SIZE)
  99              		.loc 1 29 3 is_stmt 1 view .LVU11
 100              		.loc 1 29 5 is_stmt 0 view .LVU12
 101 0028 B0F5807F 		cmp	r0, #256
 102 002c 08D1     		bne	.L26
 103              	.LVL6:
 104              	.L3:
  30:../../../core/platform/common/src/flash_config.c ****   {
  31:../../../core/platform/common/src/flash_config.c ****     printERR("Flash operation NOK: %d\r\n", retval);
  32:../../../core/platform/common/src/flash_config.c ****   }
  33:../../../core/platform/common/src/flash_config.c ****   printDBG("Current flash configuration:\r\n");
 105              		.loc 1 33 3 is_stmt 1 view .LVU13
 106 002e 7D48     		ldr	r0, .L31
 107 0030 FFF7FEFF 		bl	printDBG
 108              	.LVL7:
  34:../../../core/platform/common/src/flash_config.c ****   #if DEBUG
  35:../../../core/platform/common/src/flash_config.c ****     for (uint16_t i = 0; i < CONFIG_BUFFER_SIZE; ++i) {
ARM GAS  C:\Users\tomra\AppData\Local\Temp\ccqDVl6h.s 			page 4


 109              		.loc 1 35 5 view .LVU14
 110              	.LBB2:
 111              		.loc 1 35 10 view .LVU15
 112              		.loc 1 35 19 is_stmt 0 view .LVU16
 113 0034 0024     		movs	r4, #0
 114              		.loc 1 35 5 view .LVU17
 115 0036 0FE0     		b	.L4
 116              	.LVL8:
 117              	.L25:
 118              		.loc 1 35 5 view .LVU18
 119              	.LBE2:
 120              	.LBB4:
  25:../../../core/platform/common/src/flash_config.c ****   }
 121              		.loc 1 25 5 is_stmt 1 view .LVU19
 122 0038 7B48     		ldr	r0, .L31+4
 123 003a FFF7FEFF 		bl	printERR
 124              	.LVL9:
 125 003e EDE7     		b	.L2
 126              	.LVL10:
 127              	.L26:
  25:../../../core/platform/common/src/flash_config.c ****   }
 128              		.loc 1 25 5 is_stmt 0 view .LVU20
 129              	.LBE4:
 130              	.LBB5:
  31:../../../core/platform/common/src/flash_config.c ****   }
 131              		.loc 1 31 5 is_stmt 1 view .LVU21
 132 0040 0146     		mov	r1, r0
 133 0042 7A48     		ldr	r0, .L31+8
 134              	.LVL11:
  31:../../../core/platform/common/src/flash_config.c ****   }
 135              		.loc 1 31 5 is_stmt 0 view .LVU22
 136 0044 FFF7FEFF 		bl	printERR
 137              	.LVL12:
  31:../../../core/platform/common/src/flash_config.c ****   }
 138              		.loc 1 31 5 view .LVU23
 139 0048 F1E7     		b	.L3
 140              	.LVL13:
 141              	.L5:
  31:../../../core/platform/common/src/flash_config.c ****   }
 142              		.loc 1 31 5 view .LVU24
 143              	.LBE5:
 144              	.LBB6:
 145              	.LBB3:
  36:../../../core/platform/common/src/flash_config.c ****       printf("%02x", flashBuffer[i]);
 146              		.loc 1 36 7 is_stmt 1 discriminator 3 view .LVU25
 147 004a 40AB     		add	r3, sp, #256
 148 004c 195D     		ldrb	r1, [r3, r4]	@ zero_extendqisi2
 149 004e 7848     		ldr	r0, .L31+12
 150 0050 FFF7FEFF 		bl	printf
 151              	.LVL14:
 152              	.LBE3:
  35:../../../core/platform/common/src/flash_config.c ****       printf("%02x", flashBuffer[i]);
 153              		.loc 1 35 50 discriminator 3 view .LVU26
 154 0054 0134     		adds	r4, r4, #1
 155              	.LVL15:
  35:../../../core/platform/common/src/flash_config.c ****       printf("%02x", flashBuffer[i]);
 156              		.loc 1 35 50 is_stmt 0 discriminator 3 view .LVU27
ARM GAS  C:\Users\tomra\AppData\Local\Temp\ccqDVl6h.s 			page 5


 157 0056 A4B2     		uxth	r4, r4
 158              	.LVL16:
 159              	.L4:
  35:../../../core/platform/common/src/flash_config.c ****       printf("%02x", flashBuffer[i]);
 160              		.loc 1 35 26 is_stmt 1 discriminator 1 view .LVU28
  35:../../../core/platform/common/src/flash_config.c ****       printf("%02x", flashBuffer[i]);
 161              		.loc 1 35 5 is_stmt 0 discriminator 1 view .LVU29
 162 0058 132C     		cmp	r4, #19
 163 005a F6D9     		bls	.L5
 164              	.LBE6:
  37:../../../core/platform/common/src/flash_config.c ****     }
  38:../../../core/platform/common/src/flash_config.c ****     printf("\r\n");
 165              		.loc 1 38 5 is_stmt 1 view .LVU30
 166 005c 7548     		ldr	r0, .L31+16
 167 005e FFF7FEFF 		bl	puts
 168              	.LVL17:
  39:../../../core/platform/common/src/flash_config.c ****   #endif
  40:../../../core/platform/common/src/flash_config.c **** 
  41:../../../core/platform/common/src/flash_config.c ****   uint16_t index = 0;
 169              		.loc 1 41 3 view .LVU31
  42:../../../core/platform/common/src/flash_config.c ****   // interval & multiplier
  43:../../../core/platform/common/src/flash_config.c ****   flashBuffer[index++] = (uint8_t)TYPE_DOWNLINK_INTERVAL_MULTIPLIER_UPDATE;
 170              		.loc 1 43 3 view .LVU32
 171              		.loc 1 43 24 is_stmt 0 view .LVU33
 172 0062 F623     		movs	r3, #246
 173 0064 8DF80031 		strb	r3, [sp, #256]
  44:../../../core/platform/common/src/flash_config.c ****   flashBuffer[index++] = toFlash->interval;
 174              		.loc 1 44 3 is_stmt 1 view .LVU34
 175              	.LVL18:
 176              		.loc 1 44 33 is_stmt 0 view .LVU35
 177 0068 2B7B     		ldrb	r3, [r5, #12]	@ zero_extendqisi2
 178              		.loc 1 44 24 view .LVU36
 179 006a 8DF80131 		strb	r3, [sp, #257]
  45:../../../core/platform/common/src/flash_config.c ****   flashBuffer[index++] = toFlash->multiplier;
 180              		.loc 1 45 3 is_stmt 1 view .LVU37
 181              	.LVL19:
 182              		.loc 1 45 33 is_stmt 0 view .LVU38
 183 006e 6B7B     		ldrb	r3, [r5, #13]	@ zero_extendqisi2
 184              		.loc 1 45 24 view .LVU39
 185 0070 8DF80231 		strb	r3, [sp, #258]
  46:../../../core/platform/common/src/flash_config.c **** 
  47:../../../core/platform/common/src/flash_config.c ****   // last acked msg
  48:../../../core/platform/common/src/flash_config.c ****   flashBuffer[index++] = (uint8_t)TYPE_DOWNLINK_ACK;
 186              		.loc 1 48 3 is_stmt 1 view .LVU40
 187              	.LVL20:
 188              		.loc 1 48 24 is_stmt 0 view .LVU41
 189 0074 F723     		movs	r3, #247
 190 0076 8DF80331 		strb	r3, [sp, #259]
  49:../../../core/platform/common/src/flash_config.c ****   uint32LittleEndian.integer = toFlash->last_msg_acked;
 191              		.loc 1 49 3 is_stmt 1 view .LVU42
 192              		.loc 1 49 39 is_stmt 0 view .LVU43
 193 007a AB68     		ldr	r3, [r5, #8]
 194              		.loc 1 49 30 view .LVU44
 195 007c 6E4A     		ldr	r2, .L31+20
 196 007e 1360     		str	r3, [r2]
  50:../../../core/platform/common/src/flash_config.c ****   flashBuffer[index++] = uint32LittleEndian.byte[0];
 197              		.loc 1 50 3 is_stmt 1 view .LVU45
ARM GAS  C:\Users\tomra\AppData\Local\Temp\ccqDVl6h.s 			page 6


 198              	.LVL21:
 199              		.loc 1 50 24 is_stmt 0 view .LVU46
 200 0080 8DF80431 		strb	r3, [sp, #260]
  51:../../../core/platform/common/src/flash_config.c ****   flashBuffer[index++] = uint32LittleEndian.byte[1];
 201              		.loc 1 51 3 is_stmt 1 view .LVU47
 202              	.LVL22:
 203              		.loc 1 51 24 is_stmt 0 view .LVU48
 204 0084 C3F30721 		ubfx	r1, r3, #8, #8
 205 0088 8DF80511 		strb	r1, [sp, #261]
  52:../../../core/platform/common/src/flash_config.c ****   flashBuffer[index++] = uint32LittleEndian.byte[2];
 206              		.loc 1 52 3 is_stmt 1 view .LVU49
 207              	.LVL23:
 208              		.loc 1 52 24 is_stmt 0 view .LVU50
 209 008c C3F30741 		ubfx	r1, r3, #16, #8
 210 0090 8DF80611 		strb	r1, [sp, #262]
  53:../../../core/platform/common/src/flash_config.c ****   flashBuffer[index++] = uint32LittleEndian.byte[3];
 211              		.loc 1 53 3 is_stmt 1 view .LVU51
 212              	.LVL24:
 213              		.loc 1 53 24 is_stmt 0 view .LVU52
 214 0094 C3F30763 		ubfx	r3, r3, #24, #8
 215 0098 8DF80731 		strb	r3, [sp, #263]
  54:../../../core/platform/common/src/flash_config.c **** 
  55:../../../core/platform/common/src/flash_config.c ****   // dns id
  56:../../../core/platform/common/src/flash_config.c ****   flashBuffer[index++] = (uint8_t)TYPE_DOWNLINK_DNS_UPDATE;
 216              		.loc 1 56 3 is_stmt 1 view .LVU53
 217              	.LVL25:
 218              		.loc 1 56 24 is_stmt 0 view .LVU54
 219 009c F523     		movs	r3, #245
 220 009e 8DF80831 		strb	r3, [sp, #264]
  57:../../../core/platform/common/src/flash_config.c ****   flashBuffer[index++] = toFlash->dns_id;
 221              		.loc 1 57 3 is_stmt 1 view .LVU55
 222              	.LVL26:
 223              		.loc 1 57 33 is_stmt 0 view .LVU56
 224 00a2 2B79     		ldrb	r3, [r5, #4]	@ zero_extendqisi2
 225              		.loc 1 57 24 view .LVU57
 226 00a4 8DF80931 		strb	r3, [sp, #265]
  58:../../../core/platform/common/src/flash_config.c **** 
  59:../../../core/platform/common/src/flash_config.c ****   // current flash index page
  60:../../../core/platform/common/src/flash_config.c ****   flashBuffer[index++] = (uint8_t)TYPE_CURRENT_FLASH_INDEX;
 227              		.loc 1 60 3 is_stmt 1 view .LVU58
 228              	.LVL27:
 229              		.loc 1 60 24 is_stmt 0 view .LVU59
 230 00a8 2623     		movs	r3, #38
 231 00aa 8DF80A31 		strb	r3, [sp, #266]
  61:../../../core/platform/common/src/flash_config.c ****   uint32LittleEndian.integer = toFlash->flash_index;
 232              		.loc 1 61 3 is_stmt 1 view .LVU60
 233              		.loc 1 61 39 is_stmt 0 view .LVU61
 234 00ae 2B68     		ldr	r3, [r5]
  62:../../../core/platform/common/src/flash_config.c ****   flashBuffer[index++] = uint32LittleEndian.byte[0];
 235              		.loc 1 62 3 is_stmt 1 view .LVU62
 236              	.LVL28:
 237              		.loc 1 62 24 is_stmt 0 view .LVU63
 238 00b0 8DF80B31 		strb	r3, [sp, #267]
  63:../../../core/platform/common/src/flash_config.c ****   flashBuffer[index++] = uint32LittleEndian.byte[1];
 239              		.loc 1 63 3 is_stmt 1 view .LVU64
 240              	.LVL29:
 241              		.loc 1 63 24 is_stmt 0 view .LVU65
ARM GAS  C:\Users\tomra\AppData\Local\Temp\ccqDVl6h.s 			page 7


 242 00b4 C3F30721 		ubfx	r1, r3, #8, #8
 243 00b8 8DF80C11 		strb	r1, [sp, #268]
  64:../../../core/platform/common/src/flash_config.c ****   flashBuffer[index++] = uint32LittleEndian.byte[2];
 244              		.loc 1 64 3 is_stmt 1 view .LVU66
 245              	.LVL30:
 246              		.loc 1 64 24 is_stmt 0 view .LVU67
 247 00bc C3F30741 		ubfx	r1, r3, #16, #8
 248 00c0 8DF80D11 		strb	r1, [sp, #269]
  65:../../../core/platform/common/src/flash_config.c ****   flashBuffer[index++] = uint32LittleEndian.byte[3];
 249              		.loc 1 65 3 is_stmt 1 view .LVU68
 250              	.LVL31:
 251              		.loc 1 65 24 is_stmt 0 view .LVU69
 252 00c4 C3F30763 		ubfx	r3, r3, #24, #8
 253 00c8 8DF80E31 		strb	r3, [sp, #270]
  66:../../../core/platform/common/src/flash_config.c **** 
  67:../../../core/platform/common/src/flash_config.c ****   // last known timestamp
  68:../../../core/platform/common/src/flash_config.c ****   flashBuffer[index++] = (uint8_t)TYPE_LAST_KNOWN_TIMESTAMP;
 254              		.loc 1 68 3 is_stmt 1 view .LVU70
 255              	.LVL32:
 256              		.loc 1 68 24 is_stmt 0 view .LVU71
 257 00cc 3623     		movs	r3, #54
 258 00ce 8DF80F31 		strb	r3, [sp, #271]
  69:../../../core/platform/common/src/flash_config.c ****   uint32LittleEndian.integer = toFlash->last_known_timestamp;
 259              		.loc 1 69 3 is_stmt 1 view .LVU72
 260              		.loc 1 69 39 is_stmt 0 view .LVU73
 261 00d2 2B69     		ldr	r3, [r5, #16]
 262              		.loc 1 69 30 view .LVU74
 263 00d4 1360     		str	r3, [r2]
  70:../../../core/platform/common/src/flash_config.c ****   flashBuffer[index++] = uint32LittleEndian.byte[0];
 264              		.loc 1 70 3 is_stmt 1 view .LVU75
 265              	.LVL33:
 266              		.loc 1 70 24 is_stmt 0 view .LVU76
 267 00d6 8DF81031 		strb	r3, [sp, #272]
  71:../../../core/platform/common/src/flash_config.c ****   flashBuffer[index++] = uint32LittleEndian.byte[1];
 268              		.loc 1 71 3 is_stmt 1 view .LVU77
 269              	.LVL34:
 270              		.loc 1 71 24 is_stmt 0 view .LVU78
 271 00da C3F30722 		ubfx	r2, r3, #8, #8
 272 00de 8DF81121 		strb	r2, [sp, #273]
  72:../../../core/platform/common/src/flash_config.c ****   flashBuffer[index++] = uint32LittleEndian.byte[2];
 273              		.loc 1 72 3 is_stmt 1 view .LVU79
 274              	.LVL35:
 275              		.loc 1 72 24 is_stmt 0 view .LVU80
 276 00e2 C3F30742 		ubfx	r2, r3, #16, #8
 277 00e6 8DF81221 		strb	r2, [sp, #274]
  73:../../../core/platform/common/src/flash_config.c ****   flashBuffer[index++] = uint32LittleEndian.byte[3];
 278              		.loc 1 73 3 is_stmt 1 view .LVU81
 279              	.LVL36:
 280              		.loc 1 73 24 is_stmt 0 view .LVU82
 281 00ea C3F30763 		ubfx	r3, r3, #24, #8
 282 00ee 8DF81331 		strb	r3, [sp, #275]
  74:../../../core/platform/common/src/flash_config.c **** 
  75:../../../core/platform/common/src/flash_config.c ****   retval = OCTA_FLASH_eraseConfigSector();
 283              		.loc 1 75 3 is_stmt 1 view .LVU83
 284              		.loc 1 75 12 is_stmt 0 view .LVU84
 285 00f2 FFF7FEFF 		bl	OCTA_FLASH_eraseConfigSector
 286              	.LVL37:
ARM GAS  C:\Users\tomra\AppData\Local\Temp\ccqDVl6h.s 			page 8


  76:../../../core/platform/common/src/flash_config.c ****   if(retval != OCTA_FLASH_OK)
 287              		.loc 1 76 3 is_stmt 1 view .LVU85
 288              		.loc 1 76 5 is_stmt 0 view .LVU86
 289 00f6 0146     		mov	r1, r0
 290 00f8 30B1     		cbz	r0, .L7
 291              	.LBB7:
  77:../../../core/platform/common/src/flash_config.c ****   {
  78:../../../core/platform/common/src/flash_config.c ****     printERR("Flash operation NOK: %d\r\n", retval);
 292              		.loc 1 78 5 is_stmt 1 view .LVU87
 293 00fa 4C48     		ldr	r0, .L31+8
 294              	.LVL38:
 295              		.loc 1 78 5 is_stmt 0 view .LVU88
 296 00fc FFF7FEFF 		bl	printERR
 297              	.LVL39:
 298              		.loc 1 78 5 view .LVU89
 299 0100 02E0     		b	.L7
 300              	.L8:
 301              	.LBE7:
 302              	.LBB8:
  79:../../../core/platform/common/src/flash_config.c ****   }
  80:../../../core/platform/common/src/flash_config.c ****   while(OCTA_FLASH_isWriteInProgress())
  81:../../../core/platform/common/src/flash_config.c ****   {
  82:../../../core/platform/common/src/flash_config.c ****         printDBG("Write in progress\r\n");
  83:../../../core/platform/common/src/flash_config.c ****         if(osKernelRunning())
  84:../../../core/platform/common/src/flash_config.c ****           osDelay(50);
  85:../../../core/platform/common/src/flash_config.c ****         else
  86:../../../core/platform/common/src/flash_config.c ****           HAL_Delay(50);
 303              		.loc 1 86 11 is_stmt 1 view .LVU90
 304 0102 3220     		movs	r0, #50
 305 0104 FFF7FEFF 		bl	HAL_Delay
 306              	.LVL40:
 307              	.L7:
 308              	.LBE8:
  80:../../../core/platform/common/src/flash_config.c ****   {
 309              		.loc 1 80 8 view .LVU91
  80:../../../core/platform/common/src/flash_config.c ****   {
 310              		.loc 1 80 9 is_stmt 0 view .LVU92
 311 0108 FFF7FEFF 		bl	OCTA_FLASH_isWriteInProgress
 312              	.LVL41:
  80:../../../core/platform/common/src/flash_config.c ****   {
 313              		.loc 1 80 8 view .LVU93
 314 010c 50B1     		cbz	r0, .L27
  82:../../../core/platform/common/src/flash_config.c ****         if(osKernelRunning())
 315              		.loc 1 82 9 is_stmt 1 view .LVU94
 316 010e 4B48     		ldr	r0, .L31+24
 317 0110 FFF7FEFF 		bl	printDBG
 318              	.LVL42:
  83:../../../core/platform/common/src/flash_config.c ****           osDelay(50);
 319              		.loc 1 83 9 view .LVU95
 320              	.LBB10:
  83:../../../core/platform/common/src/flash_config.c ****           osDelay(50);
 321              		.loc 1 83 12 is_stmt 0 view .LVU96
 322 0114 FFF7FEFF 		bl	osKernelRunning
 323              	.LVL43:
  83:../../../core/platform/common/src/flash_config.c ****           osDelay(50);
 324              		.loc 1 83 11 view .LVU97
 325 0118 0028     		cmp	r0, #0
ARM GAS  C:\Users\tomra\AppData\Local\Temp\ccqDVl6h.s 			page 9


 326 011a F2D0     		beq	.L8
 327              	.LBB9:
  84:../../../core/platform/common/src/flash_config.c ****         else
 328              		.loc 1 84 11 is_stmt 1 view .LVU98
 329 011c 3220     		movs	r0, #50
 330 011e FFF7FEFF 		bl	osDelay
 331              	.LVL44:
 332              	.LBE9:
 333 0122 F1E7     		b	.L7
 334              	.L27:
 335              	.LBE10:
  87:../../../core/platform/common/src/flash_config.c ****   }
  88:../../../core/platform/common/src/flash_config.c ****   uint8_t rxbuffer[OCTA_FLASH_PAGE_SIZE] = {0xff};
 336              		.loc 1 88 3 view .LVU99
 337              		.loc 1 88 11 is_stmt 0 view .LVU100
 338 0124 FF23     		movs	r3, #255
 339 0126 0093     		str	r3, [sp]
 340 0128 FC22     		movs	r2, #252
 341 012a 0021     		movs	r1, #0
 342 012c 01A8     		add	r0, sp, #4
 343 012e FFF7FEFF 		bl	memset
 344              	.LVL45:
  89:../../../core/platform/common/src/flash_config.c ****   retval = OCTA_FLASH_read(rxbuffer, OCTA_FLASH_PAGE_SIZE);
 345              		.loc 1 89 3 is_stmt 1 view .LVU101
 346              		.loc 1 89 12 is_stmt 0 view .LVU102
 347 0132 4FF48071 		mov	r1, #256
 348 0136 6846     		mov	r0, sp
 349 0138 FFF7FEFF 		bl	OCTA_FLASH_read
 350              	.LVL46:
  90:../../../core/platform/common/src/flash_config.c ****   if(retval != OCTA_FLASH_PAGE_SIZE)
 351              		.loc 1 90 3 is_stmt 1 view .LVU103
 352              		.loc 1 90 5 is_stmt 0 view .LVU104
 353 013c B0F5807F 		cmp	r0, #256
 354 0140 04D1     		bne	.L28
 355              	.LVL47:
 356              	.L11:
  91:../../../core/platform/common/src/flash_config.c ****   {
  92:../../../core/platform/common/src/flash_config.c ****     printERR("Flash operation NOK: %d\r\n", retval);
  93:../../../core/platform/common/src/flash_config.c ****   }
  94:../../../core/platform/common/src/flash_config.c ****   printDBG("Flash after erase\r\n");
 357              		.loc 1 94 3 is_stmt 1 view .LVU105
 358 0142 3F48     		ldr	r0, .L31+28
 359 0144 FFF7FEFF 		bl	printDBG
 360              	.LVL48:
  95:../../../core/platform/common/src/flash_config.c ****   #if DEBUG
  96:../../../core/platform/common/src/flash_config.c ****     for (uint16_t i = 0; i < CONFIG_BUFFER_SIZE; ++i) {
 361              		.loc 1 96 5 view .LVU106
 362              	.LBB11:
 363              		.loc 1 96 10 view .LVU107
 364              		.loc 1 96 19 is_stmt 0 view .LVU108
 365 0148 0024     		movs	r4, #0
 366              	.LVL49:
 367              		.loc 1 96 5 view .LVU109
 368 014a 0BE0     		b	.L12
 369              	.LVL50:
 370              	.L28:
 371              		.loc 1 96 5 view .LVU110
ARM GAS  C:\Users\tomra\AppData\Local\Temp\ccqDVl6h.s 			page 10


 372              	.LBE11:
 373              	.LBB12:
  92:../../../core/platform/common/src/flash_config.c ****   }
 374              		.loc 1 92 5 is_stmt 1 view .LVU111
 375 014c 0146     		mov	r1, r0
 376 014e 3748     		ldr	r0, .L31+8
 377              	.LVL51:
  92:../../../core/platform/common/src/flash_config.c ****   }
 378              		.loc 1 92 5 is_stmt 0 view .LVU112
 379 0150 FFF7FEFF 		bl	printERR
 380              	.LVL52:
  92:../../../core/platform/common/src/flash_config.c ****   }
 381              		.loc 1 92 5 view .LVU113
 382 0154 F5E7     		b	.L11
 383              	.LVL53:
 384              	.L13:
  92:../../../core/platform/common/src/flash_config.c ****   }
 385              		.loc 1 92 5 view .LVU114
 386              	.LBE12:
 387              	.LBB13:
  97:../../../core/platform/common/src/flash_config.c ****       printf("%02x", rxbuffer[i]);
 388              		.loc 1 97 7 is_stmt 1 discriminator 3 view .LVU115
 389 0156 1DF80410 		ldrb	r1, [sp, r4]	@ zero_extendqisi2
 390 015a 3548     		ldr	r0, .L31+12
 391 015c FFF7FEFF 		bl	printf
 392              	.LVL54:
  96:../../../core/platform/common/src/flash_config.c ****       printf("%02x", rxbuffer[i]);
 393              		.loc 1 96 50 discriminator 3 view .LVU116
 394 0160 0134     		adds	r4, r4, #1
 395              	.LVL55:
  96:../../../core/platform/common/src/flash_config.c ****       printf("%02x", rxbuffer[i]);
 396              		.loc 1 96 50 is_stmt 0 discriminator 3 view .LVU117
 397 0162 A4B2     		uxth	r4, r4
 398              	.LVL56:
 399              	.L12:
  96:../../../core/platform/common/src/flash_config.c ****       printf("%02x", rxbuffer[i]);
 400              		.loc 1 96 26 is_stmt 1 discriminator 1 view .LVU118
  96:../../../core/platform/common/src/flash_config.c ****       printf("%02x", rxbuffer[i]);
 401              		.loc 1 96 5 is_stmt 0 discriminator 1 view .LVU119
 402 0164 132C     		cmp	r4, #19
 403 0166 F6D9     		bls	.L13
 404              	.LBE13:
  98:../../../core/platform/common/src/flash_config.c ****     }
  99:../../../core/platform/common/src/flash_config.c ****     printf("\r\n");
 405              		.loc 1 99 5 is_stmt 1 view .LVU120
 406 0168 3248     		ldr	r0, .L31+16
 407 016a FFF7FEFF 		bl	puts
 408              	.LVL57:
 100:../../../core/platform/common/src/flash_config.c ****   #endif
 101:../../../core/platform/common/src/flash_config.c **** 
 102:../../../core/platform/common/src/flash_config.c ****   printDBG("Writing updated configuration to flash:\r\n");
 409              		.loc 1 102 3 view .LVU121
 410 016e 3548     		ldr	r0, .L31+32
 411 0170 FFF7FEFF 		bl	printDBG
 412              	.LVL58:
 103:../../../core/platform/common/src/flash_config.c ****   #if DEBUG
 104:../../../core/platform/common/src/flash_config.c ****     for (uint16_t i = 0; i < CONFIG_BUFFER_SIZE; ++i) {
ARM GAS  C:\Users\tomra\AppData\Local\Temp\ccqDVl6h.s 			page 11


 413              		.loc 1 104 5 view .LVU122
 414              	.LBB14:
 415              		.loc 1 104 10 view .LVU123
 416              		.loc 1 104 19 is_stmt 0 view .LVU124
 417 0174 0024     		movs	r4, #0
 418              	.LVL59:
 419              		.loc 1 104 5 view .LVU125
 420 0176 06E0     		b	.L14
 421              	.LVL60:
 422              	.L15:
 105:../../../core/platform/common/src/flash_config.c ****       printf("%02x", flashBuffer[i]);
 423              		.loc 1 105 7 is_stmt 1 discriminator 3 view .LVU126
 424 0178 40AB     		add	r3, sp, #256
 425 017a 195D     		ldrb	r1, [r3, r4]	@ zero_extendqisi2
 426 017c 2C48     		ldr	r0, .L31+12
 427 017e FFF7FEFF 		bl	printf
 428              	.LVL61:
 104:../../../core/platform/common/src/flash_config.c ****       printf("%02x", flashBuffer[i]);
 429              		.loc 1 104 50 discriminator 3 view .LVU127
 430 0182 0134     		adds	r4, r4, #1
 431              	.LVL62:
 104:../../../core/platform/common/src/flash_config.c ****       printf("%02x", flashBuffer[i]);
 432              		.loc 1 104 50 is_stmt 0 discriminator 3 view .LVU128
 433 0184 A4B2     		uxth	r4, r4
 434              	.LVL63:
 435              	.L14:
 104:../../../core/platform/common/src/flash_config.c ****       printf("%02x", flashBuffer[i]);
 436              		.loc 1 104 26 is_stmt 1 discriminator 1 view .LVU129
 104:../../../core/platform/common/src/flash_config.c ****       printf("%02x", flashBuffer[i]);
 437              		.loc 1 104 5 is_stmt 0 discriminator 1 view .LVU130
 438 0186 132C     		cmp	r4, #19
 439 0188 F6D9     		bls	.L15
 440              	.LBE14:
 106:../../../core/platform/common/src/flash_config.c ****     }
 107:../../../core/platform/common/src/flash_config.c ****     printf("\r\n");
 441              		.loc 1 107 5 is_stmt 1 view .LVU131
 442 018a 2A48     		ldr	r0, .L31+16
 443 018c FFF7FEFF 		bl	puts
 444              	.LVL64:
 108:../../../core/platform/common/src/flash_config.c ****   #endif
 109:../../../core/platform/common/src/flash_config.c ****   
 110:../../../core/platform/common/src/flash_config.c ****   retval =  OCTA_FLASH_write(flashBuffer, OCTA_FLASH_PAGE_SIZE);
 445              		.loc 1 110 3 view .LVU132
 446              		.loc 1 110 13 is_stmt 0 view .LVU133
 447 0190 4FF48071 		mov	r1, #256
 448 0194 0DEB0100 		add	r0, sp, r1
 449 0198 FFF7FEFF 		bl	OCTA_FLASH_write
 450              	.LVL65:
 111:../../../core/platform/common/src/flash_config.c ****   if(retval != OCTA_FLASH_PAGE_SIZE)
 451              		.loc 1 111 3 is_stmt 1 view .LVU134
 452              		.loc 1 111 5 is_stmt 0 view .LVU135
 453 019c B0F5807F 		cmp	r0, #256
 454 01a0 07D0     		beq	.L17
 455              	.LBB15:
 112:../../../core/platform/common/src/flash_config.c ****   {
 113:../../../core/platform/common/src/flash_config.c ****     printERR("Flash operation NOK: %d\r\n", retval);
 456              		.loc 1 113 5 is_stmt 1 view .LVU136
ARM GAS  C:\Users\tomra\AppData\Local\Temp\ccqDVl6h.s 			page 12


 457 01a2 0146     		mov	r1, r0
 458 01a4 2148     		ldr	r0, .L31+8
 459              	.LVL66:
 460              		.loc 1 113 5 is_stmt 0 view .LVU137
 461 01a6 FFF7FEFF 		bl	printERR
 462              	.LVL67:
 463              		.loc 1 113 5 view .LVU138
 464 01aa 02E0     		b	.L17
 465              	.L18:
 466              	.LBE15:
 467              	.LBB16:
 114:../../../core/platform/common/src/flash_config.c ****   }
 115:../../../core/platform/common/src/flash_config.c ****   while(OCTA_FLASH_isWriteInProgress())
 116:../../../core/platform/common/src/flash_config.c ****   {
 117:../../../core/platform/common/src/flash_config.c ****         printDBG("Write in progress\r\n");
 118:../../../core/platform/common/src/flash_config.c ****         if(osKernelRunning())
 119:../../../core/platform/common/src/flash_config.c ****           osDelay(50);
 120:../../../core/platform/common/src/flash_config.c ****         else
 121:../../../core/platform/common/src/flash_config.c ****           HAL_Delay(50);
 468              		.loc 1 121 11 is_stmt 1 view .LVU139
 469 01ac 3220     		movs	r0, #50
 470 01ae FFF7FEFF 		bl	HAL_Delay
 471              	.LVL68:
 472              	.L17:
 473              	.LBE16:
 115:../../../core/platform/common/src/flash_config.c ****   {
 474              		.loc 1 115 8 view .LVU140
 115:../../../core/platform/common/src/flash_config.c ****   {
 475              		.loc 1 115 9 is_stmt 0 view .LVU141
 476 01b2 FFF7FEFF 		bl	OCTA_FLASH_isWriteInProgress
 477              	.LVL69:
 115:../../../core/platform/common/src/flash_config.c ****   {
 478              		.loc 1 115 8 view .LVU142
 479 01b6 50B1     		cbz	r0, .L29
 117:../../../core/platform/common/src/flash_config.c ****         if(osKernelRunning())
 480              		.loc 1 117 9 is_stmt 1 view .LVU143
 481 01b8 2048     		ldr	r0, .L31+24
 482 01ba FFF7FEFF 		bl	printDBG
 483              	.LVL70:
 118:../../../core/platform/common/src/flash_config.c ****           osDelay(50);
 484              		.loc 1 118 9 view .LVU144
 485              	.LBB18:
 118:../../../core/platform/common/src/flash_config.c ****           osDelay(50);
 486              		.loc 1 118 12 is_stmt 0 view .LVU145
 487 01be FFF7FEFF 		bl	osKernelRunning
 488              	.LVL71:
 118:../../../core/platform/common/src/flash_config.c ****           osDelay(50);
 489              		.loc 1 118 11 view .LVU146
 490 01c2 0028     		cmp	r0, #0
 491 01c4 F2D0     		beq	.L18
 492              	.LBB17:
 119:../../../core/platform/common/src/flash_config.c ****         else
 493              		.loc 1 119 11 is_stmt 1 view .LVU147
 494 01c6 3220     		movs	r0, #50
 495 01c8 FFF7FEFF 		bl	osDelay
 496              	.LVL72:
 497              	.LBE17:
ARM GAS  C:\Users\tomra\AppData\Local\Temp\ccqDVl6h.s 			page 13


 498 01cc F1E7     		b	.L17
 499              	.L29:
 500              	.LBE18:
 122:../../../core/platform/common/src/flash_config.c ****   }
 123:../../../core/platform/common/src/flash_config.c ****   memset(flashBuffer, 0, OCTA_FLASH_PAGE_SIZE);
 501              		.loc 1 123 3 view .LVU148
 502 01ce 4FF48074 		mov	r4, #256
 503              	.LVL73:
 504              		.loc 1 123 3 is_stmt 0 view .LVU149
 505 01d2 2246     		mov	r2, r4
 506 01d4 0021     		movs	r1, #0
 507 01d6 0DEB0400 		add	r0, sp, r4
 508 01da FFF7FEFF 		bl	memset
 509              	.LVL74:
 124:../../../core/platform/common/src/flash_config.c ****   retval = OCTA_FLASH_read(flashBuffer, OCTA_FLASH_PAGE_SIZE);
 510              		.loc 1 124 3 is_stmt 1 view .LVU150
 511              		.loc 1 124 12 is_stmt 0 view .LVU151
 512 01de 2146     		mov	r1, r4
 513 01e0 0DEB0400 		add	r0, sp, r4
 514 01e4 FFF7FEFF 		bl	OCTA_FLASH_read
 515              	.LVL75:
 516 01e8 0546     		mov	r5, r0
 517              	.LVL76:
 125:../../../core/platform/common/src/flash_config.c ****   if(retval != OCTA_FLASH_PAGE_SIZE)
 518              		.loc 1 125 3 is_stmt 1 view .LVU152
 519              		.loc 1 125 5 is_stmt 0 view .LVU153
 520 01ea A042     		cmp	r0, r4
 521 01ec 04D1     		bne	.L30
 522              	.LVL77:
 523              	.L21:
 126:../../../core/platform/common/src/flash_config.c ****   {
 127:../../../core/platform/common/src/flash_config.c ****     printERR("Flash operation NOK: %d\r\n", retval);
 128:../../../core/platform/common/src/flash_config.c ****   }
 129:../../../core/platform/common/src/flash_config.c ****   printDBG("Flash after new config\r\n");
 524              		.loc 1 129 3 is_stmt 1 view .LVU154
 525 01ee 1648     		ldr	r0, .L31+36
 526 01f0 FFF7FEFF 		bl	printDBG
 527              	.LVL78:
 130:../../../core/platform/common/src/flash_config.c ****   #if DEBUG
 131:../../../core/platform/common/src/flash_config.c ****     for (uint16_t i = 0; i < CONFIG_BUFFER_SIZE; ++i) {
 528              		.loc 1 131 5 view .LVU155
 529              	.LBB19:
 530              		.loc 1 131 10 view .LVU156
 531              		.loc 1 131 19 is_stmt 0 view .LVU157
 532 01f4 0024     		movs	r4, #0
 533              		.loc 1 131 5 view .LVU158
 534 01f6 0BE0     		b	.L22
 535              	.LVL79:
 536              	.L30:
 537              		.loc 1 131 5 view .LVU159
 538              	.LBE19:
 539              	.LBB20:
 127:../../../core/platform/common/src/flash_config.c ****   }
 540              		.loc 1 127 5 is_stmt 1 view .LVU160
 541 01f8 0146     		mov	r1, r0
 542 01fa 0C48     		ldr	r0, .L31+8
 543              	.LVL80:
ARM GAS  C:\Users\tomra\AppData\Local\Temp\ccqDVl6h.s 			page 14


 127:../../../core/platform/common/src/flash_config.c ****   }
 544              		.loc 1 127 5 is_stmt 0 view .LVU161
 545 01fc FFF7FEFF 		bl	printERR
 546              	.LVL81:
 547 0200 F5E7     		b	.L21
 548              	.LVL82:
 549              	.L23:
 127:../../../core/platform/common/src/flash_config.c ****   }
 550              		.loc 1 127 5 view .LVU162
 551              	.LBE20:
 552              	.LBB21:
 132:../../../core/platform/common/src/flash_config.c ****       printf("%02x", flashBuffer[i]);
 553              		.loc 1 132 7 is_stmt 1 discriminator 3 view .LVU163
 554 0202 40AB     		add	r3, sp, #256
 555 0204 195D     		ldrb	r1, [r3, r4]	@ zero_extendqisi2
 556 0206 0A48     		ldr	r0, .L31+12
 557 0208 FFF7FEFF 		bl	printf
 558              	.LVL83:
 131:../../../core/platform/common/src/flash_config.c ****       printf("%02x", flashBuffer[i]);
 559              		.loc 1 131 50 discriminator 3 view .LVU164
 560 020c 0134     		adds	r4, r4, #1
 561              	.LVL84:
 131:../../../core/platform/common/src/flash_config.c ****       printf("%02x", flashBuffer[i]);
 562              		.loc 1 131 50 is_stmt 0 discriminator 3 view .LVU165
 563 020e A4B2     		uxth	r4, r4
 564              	.LVL85:
 565              	.L22:
 131:../../../core/platform/common/src/flash_config.c ****       printf("%02x", flashBuffer[i]);
 566              		.loc 1 131 26 is_stmt 1 discriminator 1 view .LVU166
 131:../../../core/platform/common/src/flash_config.c ****       printf("%02x", flashBuffer[i]);
 567              		.loc 1 131 5 is_stmt 0 discriminator 1 view .LVU167
 568 0210 132C     		cmp	r4, #19
 569 0212 F6D9     		bls	.L23
 570              	.LBE21:
 133:../../../core/platform/common/src/flash_config.c ****     }
 134:../../../core/platform/common/src/flash_config.c ****     printf("\r\n");
 571              		.loc 1 134 5 is_stmt 1 view .LVU168
 572 0214 0748     		ldr	r0, .L31+16
 573 0216 FFF7FEFF 		bl	puts
 574              	.LVL86:
 135:../../../core/platform/common/src/flash_config.c ****   #endif
 136:../../../core/platform/common/src/flash_config.c ****   return retval;
 575              		.loc 1 136 3 view .LVU169
 137:../../../core/platform/common/src/flash_config.c **** }...
 576              		.loc 1 137 1 is_stmt 0 view .LVU170
 577 021a E8B2     		uxtb	r0, r5
 578 021c 0DF5017D 		add	sp, sp, #516
 579              	.LCFI2:
 580              		.cfi_def_cfa_offset 12
 581              		@ sp needed
 582 0220 30BD     		pop	{r4, r5, pc}
 583              	.LVL87:
 584              	.L32:
 585              		.loc 1 137 1 view .LVU171
 586 0222 00BF     		.align	2
 587              	.L31:
 588 0224 30000000 		.word	.LC2
ARM GAS  C:\Users\tomra\AppData\Local\Temp\ccqDVl6h.s 			page 15


 589 0228 00000000 		.word	.LC0
 590 022c 14000000 		.word	.LC1
 591 0230 50000000 		.word	.LC3
 592 0234 58000000 		.word	.LC4
 593 0238 00000000 		.word	uint32LittleEndian
 594 023c 5C000000 		.word	.LC5
 595 0240 70000000 		.word	.LC6
 596 0244 84000000 		.word	.LC7
 597 0248 B0000000 		.word	.LC8
 598              		.cfi_endproc
 599              	.LFE123:
 601              		.comm	octa_uid,8,8
 602              		.comm	float_union,4,4
 603              		.comm	uint16LittleEndian,2,4
 604              		.comm	int16LittleEndian,2,4
 605              		.comm	uint32LittleEndian,4,4
 606              		.comm	int32LittleEndian,4,4
 607              		.text
 608              	.Letext0:
 609              		.file 2 "c:\\program files (x86)\\gnu tools arm embedded\\9 2019-q4-major\\arm-none-eabi\\include\
 610              		.file 3 "c:\\program files (x86)\\gnu tools arm embedded\\9 2019-q4-major\\arm-none-eabi\\include\
 611              		.file 4 "../../../core/ST/CMSIS/Include/core_cm4.h"
 612              		.file 5 "../../../core/ST/CMSIS/Device/ST/STM32L4xx/Include/system_stm32l4xx.h"
 613              		.file 6 "../../../core/ST/STM32L4xx_HAL_Driver/Inc/stm32l4xx_hal.h"
 614              		.file 7 "../../../core/platform/common/inc/datatypes.h"
 615              		.file 8 "<built-in>"
 616              		.file 9 "../../../core/drivers/octa-flash/inc/octa-flash.h"
ARM GAS  C:\Users\tomra\AppData\Local\Temp\ccqDVl6h.s 			page 16


DEFINED SYMBOLS
                            *ABS*:00000000 flash_config.c
C:\Users\tomra\AppData\Local\Temp\ccqDVl6h.s:18     .rodata.update_flash_configuration.str1.4:00000000 $d
C:\Users\tomra\AppData\Local\Temp\ccqDVl6h.s:46     .text.update_flash_configuration:00000000 $t
C:\Users\tomra\AppData\Local\Temp\ccqDVl6h.s:54     .text.update_flash_configuration:00000000 update_flash_configuration
C:\Users\tomra\AppData\Local\Temp\ccqDVl6h.s:588    .text.update_flash_configuration:00000224 $d
                            *COM*:00000004 uint32LittleEndian
                            *COM*:00000008 octa_uid
                            *COM*:00000004 float_union
                            *COM*:00000002 uint16LittleEndian
                            *COM*:00000002 int16LittleEndian
                            *COM*:00000004 int32LittleEndian

UNDEFINED SYMBOLS
memset
OCTA_FLASH_openConfigSector
OCTA_FLASH_read
printDBG
printERR
printf
puts
OCTA_FLASH_eraseConfigSector
HAL_Delay
OCTA_FLASH_isWriteInProgress
osKernelRunning
osDelay
OCTA_FLASH_write
